[0.225s] DEBUG:colcon:Command line arguments: ['/usr/bin/colcon', 'build', '--packages-select', 'tutorial_interfaces']
[0.225s] DEBUG:colcon:Parsed command line arguments: Namespace(log_base=None, log_level=None, verb_name='build', build_base='build', install_base='install', merge_install=False, symlink_install=False, test_result_base=None, continue_on_error=False, executor='parallel', parallel_workers=2, event_handlers=None, ignore_user_meta=False, metas=['./colcon.meta'], base_paths=['.'], packages_ignore=None, packages_ignore_regex=None, paths=None, packages_up_to=None, packages_up_to_regex=None, packages_above=None, packages_above_and_dependencies=None, packages_above_depth=None, packages_select_by_dep=None, packages_skip_by_dep=None, packages_skip_up_to=None, packages_select_build_failed=False, packages_skip_build_finished=False, packages_select_test_failures=False, packages_skip_test_passed=False, packages_select=['tutorial_interfaces'], packages_skip=None, packages_select_regex=None, packages_skip_regex=None, packages_start=None, packages_end=None, allow_overriding=[], cmake_args=None, cmake_target=None, cmake_target_skip_unavailable=False, cmake_clean_cache=False, cmake_clean_first=False, cmake_force_configure=False, ament_cmake_args=None, catkin_cmake_args=None, catkin_skip_building_tests=False, verb_parser=<colcon_defaults.argument_parser.defaults.DefaultArgumentsDecorator object at 0x7f4a87ace530>, verb_extension=<colcon_core.verb.build.BuildVerb object at 0x7f4a88271150>, main=<bound method BuildVerb.main of <colcon_core.verb.build.BuildVerb object at 0x7f4a88271150>>)
[0.248s] Level 1:colcon.colcon_core.package_discovery:discover_packages(colcon_meta) check parameters
[0.248s] Level 1:colcon.colcon_core.package_discovery:discover_packages(recursive) check parameters
[0.248s] Level 1:colcon.colcon_core.package_discovery:discover_packages(ignore) check parameters
[0.248s] Level 1:colcon.colcon_core.package_discovery:discover_packages(path) check parameters
[0.248s] Level 1:colcon.colcon_core.package_discovery:discover_packages(colcon_meta) discover
[0.248s] Level 1:colcon.colcon_core.package_discovery:discover_packages(recursive) discover
[0.248s] INFO:colcon.colcon_core.package_discovery:Crawling recursively for packages in '/home/damoon/ROS2_Learning/ros2_ws_2/src/tutorial_interfaces'
[0.248s] Level 1:colcon.colcon_core.package_identification:_identify(.) by extensions ['ignore', 'ignore_ament_install']
[0.248s] Level 1:colcon.colcon_core.package_identification:_identify(.) by extension 'ignore'
[0.248s] Level 1:colcon.colcon_core.package_identification:_identify(.) by extension 'ignore_ament_install'
[0.249s] Level 1:colcon.colcon_core.package_identification:_identify(.) by extensions ['colcon_pkg']
[0.249s] Level 1:colcon.colcon_core.package_identification:_identify(.) by extension 'colcon_pkg'
[0.249s] Level 1:colcon.colcon_core.package_identification:_identify(.) by extensions ['colcon_meta']
[0.249s] Level 1:colcon.colcon_core.package_identification:_identify(.) by extension 'colcon_meta'
[0.249s] Level 1:colcon.colcon_core.package_identification:_identify(.) by extensions ['ros']
[0.249s] Level 1:colcon.colcon_core.package_identification:_identify(.) by extension 'ros'
[0.258s] DEBUG:colcon.colcon_core.package_identification:Package '.' with type 'ros.ament_cmake' and name 'tutorial_interfaces'
[0.258s] Level 1:colcon.colcon_core.package_discovery:discover_packages(recursive) using defaults
[0.258s] Level 1:colcon.colcon_core.package_discovery:discover_packages(ignore) discover
[0.258s] Level 1:colcon.colcon_core.package_discovery:discover_packages(ignore) using defaults
[0.258s] Level 1:colcon.colcon_core.package_discovery:discover_packages(path) discover
[0.258s] Level 1:colcon.colcon_core.package_discovery:discover_packages(path) using defaults
[0.275s] Level 1:colcon.colcon_core.package_discovery:discover_packages(prefix_path) check parameters
[0.275s] Level 1:colcon.colcon_core.package_discovery:discover_packages(prefix_path) discover
[0.277s] DEBUG:colcon.colcon_installed_package_information.package_discovery:Found 5 installed packages in /home/damoon/ROS2_Learning/ros2_ws_2/install
[0.279s] DEBUG:colcon.colcon_installed_package_information.package_discovery:Found 295 installed packages in /opt/ros/iron
[0.280s] Level 1:colcon.colcon_core.package_discovery:discover_packages(prefix_path) using defaults
[0.319s] Level 5:colcon.colcon_core.verb:set package 'tutorial_interfaces' build argument 'cmake_args' from command line to 'None'
[0.319s] Level 5:colcon.colcon_core.verb:set package 'tutorial_interfaces' build argument 'cmake_target' from command line to 'None'
[0.319s] Level 5:colcon.colcon_core.verb:set package 'tutorial_interfaces' build argument 'cmake_target_skip_unavailable' from command line to 'False'
[0.319s] Level 5:colcon.colcon_core.verb:set package 'tutorial_interfaces' build argument 'cmake_clean_cache' from command line to 'False'
[0.319s] Level 5:colcon.colcon_core.verb:set package 'tutorial_interfaces' build argument 'cmake_clean_first' from command line to 'False'
[0.319s] Level 5:colcon.colcon_core.verb:set package 'tutorial_interfaces' build argument 'cmake_force_configure' from command line to 'False'
[0.319s] Level 5:colcon.colcon_core.verb:set package 'tutorial_interfaces' build argument 'ament_cmake_args' from command line to 'None'
[0.319s] Level 5:colcon.colcon_core.verb:set package 'tutorial_interfaces' build argument 'catkin_cmake_args' from command line to 'None'
[0.319s] Level 5:colcon.colcon_core.verb:set package 'tutorial_interfaces' build argument 'catkin_skip_building_tests' from command line to 'False'
[0.319s] DEBUG:colcon.colcon_core.verb:Building package 'tutorial_interfaces' with the following arguments: {'ament_cmake_args': None, 'build_base': '/home/damoon/ROS2_Learning/ros2_ws_2/src/tutorial_interfaces/build/tutorial_interfaces', 'catkin_cmake_args': None, 'catkin_skip_building_tests': False, 'cmake_args': None, 'cmake_clean_cache': False, 'cmake_clean_first': False, 'cmake_force_configure': False, 'cmake_target': None, 'cmake_target_skip_unavailable': False, 'install_base': '/home/damoon/ROS2_Learning/ros2_ws_2/src/tutorial_interfaces/install/tutorial_interfaces', 'merge_install': False, 'path': '/home/damoon/ROS2_Learning/ros2_ws_2/src/tutorial_interfaces', 'symlink_install': False, 'test_result_base': None}
[0.320s] INFO:colcon.colcon_core.executor:Executing jobs using 'parallel' executor
[0.322s] DEBUG:colcon.colcon_parallel_executor.executor.parallel:run_until_complete
[0.322s] INFO:colcon.colcon_ros.task.ament_cmake.build:Building ROS package in '/home/damoon/ROS2_Learning/ros2_ws_2/src/tutorial_interfaces' with build type 'ament_cmake'
[0.322s] INFO:colcon.colcon_cmake.task.cmake.build:Building CMake package in '/home/damoon/ROS2_Learning/ros2_ws_2/src/tutorial_interfaces'
[0.325s] INFO:colcon.colcon_core.plugin_system:Skipping extension 'colcon_core.shell.bat': Not used on non-Windows systems
[0.326s] INFO:colcon.colcon_core.shell:Skip shell extension 'powershell' for command environment: Not usable outside of PowerShell
[0.326s] DEBUG:colcon.colcon_core.shell:Skip shell extension 'dsv' for command environment
[0.333s] DEBUG:colcon.colcon_core.event_handler.log_command:Invoking command in '/home/damoon/ROS2_Learning/ros2_ws_2/src/tutorial_interfaces/build/tutorial_interfaces': CMAKE_PREFIX_PATH=${CMAKE_PREFIX_PATH}:/home/damoon/ROS2_Learning/ros2_ws_2/install/py_srvcli:/home/damoon/ROS2_Learning/ros2_ws_2/install/py_pubsub:/opt/ros/iron /usr/bin/cmake /home/damoon/ROS2_Learning/ros2_ws_2/src/tutorial_interfaces -DCMAKE_INSTALL_PREFIX=/home/damoon/ROS2_Learning/ros2_ws_2/src/tutorial_interfaces/install/tutorial_interfaces
[1.572s] DEBUG:colcon.colcon_core.event_handler.log_command:Invoked command in '/home/damoon/ROS2_Learning/ros2_ws_2/src/tutorial_interfaces/build/tutorial_interfaces' returned '0': CMAKE_PREFIX_PATH=${CMAKE_PREFIX_PATH}:/home/damoon/ROS2_Learning/ros2_ws_2/install/py_srvcli:/home/damoon/ROS2_Learning/ros2_ws_2/install/py_pubsub:/opt/ros/iron /usr/bin/cmake /home/damoon/ROS2_Learning/ros2_ws_2/src/tutorial_interfaces -DCMAKE_INSTALL_PREFIX=/home/damoon/ROS2_Learning/ros2_ws_2/src/tutorial_interfaces/install/tutorial_interfaces
[1.572s] DEBUG:colcon.colcon_core.event_handler.log_command:Invoking command in '/home/damoon/ROS2_Learning/ros2_ws_2/src/tutorial_interfaces/build/tutorial_interfaces': CMAKE_PREFIX_PATH=${CMAKE_PREFIX_PATH}:/home/damoon/ROS2_Learning/ros2_ws_2/install/py_srvcli:/home/damoon/ROS2_Learning/ros2_ws_2/install/py_pubsub:/opt/ros/iron /usr/bin/cmake --build /home/damoon/ROS2_Learning/ros2_ws_2/src/tutorial_interfaces/build/tutorial_interfaces -- -j2 -l2
[6.780s] DEBUG:colcon.colcon_core.event_handler.log_command:Invoked command in '/home/damoon/ROS2_Learning/ros2_ws_2/src/tutorial_interfaces/build/tutorial_interfaces' returned '0': CMAKE_PREFIX_PATH=${CMAKE_PREFIX_PATH}:/home/damoon/ROS2_Learning/ros2_ws_2/install/py_srvcli:/home/damoon/ROS2_Learning/ros2_ws_2/install/py_pubsub:/opt/ros/iron /usr/bin/cmake --build /home/damoon/ROS2_Learning/ros2_ws_2/src/tutorial_interfaces/build/tutorial_interfaces -- -j2 -l2
[6.863s] DEBUG:colcon.colcon_core.event_handler.log_command:Invoking command in '/home/damoon/ROS2_Learning/ros2_ws_2/src/tutorial_interfaces/build/tutorial_interfaces': CMAKE_PREFIX_PATH=${CMAKE_PREFIX_PATH}:/home/damoon/ROS2_Learning/ros2_ws_2/install/py_srvcli:/home/damoon/ROS2_Learning/ros2_ws_2/install/py_pubsub:/opt/ros/iron /usr/bin/cmake --install /home/damoon/ROS2_Learning/ros2_ws_2/src/tutorial_interfaces/build/tutorial_interfaces
[6.924s] Level 1:colcon.colcon_core.environment:create_environment_scripts_only(tutorial_interfaces)
[6.926s] DEBUG:colcon.colcon_core.event_handler.log_command:Invoked command in '/home/damoon/ROS2_Learning/ros2_ws_2/src/tutorial_interfaces/build/tutorial_interfaces' returned '0': CMAKE_PREFIX_PATH=${CMAKE_PREFIX_PATH}:/home/damoon/ROS2_Learning/ros2_ws_2/install/py_srvcli:/home/damoon/ROS2_Learning/ros2_ws_2/install/py_pubsub:/opt/ros/iron /usr/bin/cmake --install /home/damoon/ROS2_Learning/ros2_ws_2/src/tutorial_interfaces/build/tutorial_interfaces
[6.929s] Level 1:colcon.colcon_core.environment:checking '/home/damoon/ROS2_Learning/ros2_ws_2/src/tutorial_interfaces/install/tutorial_interfaces' for CMake module files
[6.930s] Level 1:colcon.colcon_core.environment:checking '/home/damoon/ROS2_Learning/ros2_ws_2/src/tutorial_interfaces/install/tutorial_interfaces' for CMake config files
[6.930s] Level 1:colcon.colcon_core.shell:create_environment_hook('tutorial_interfaces', 'cmake_prefix_path')
[6.931s] INFO:colcon.colcon_core.shell:Creating environment hook '/home/damoon/ROS2_Learning/ros2_ws_2/src/tutorial_interfaces/install/tutorial_interfaces/share/tutorial_interfaces/hook/cmake_prefix_path.ps1'
[6.932s] INFO:colcon.colcon_core.shell:Creating environment descriptor '/home/damoon/ROS2_Learning/ros2_ws_2/src/tutorial_interfaces/install/tutorial_interfaces/share/tutorial_interfaces/hook/cmake_prefix_path.dsv'
[6.932s] INFO:colcon.colcon_core.shell:Creating environment hook '/home/damoon/ROS2_Learning/ros2_ws_2/src/tutorial_interfaces/install/tutorial_interfaces/share/tutorial_interfaces/hook/cmake_prefix_path.sh'
[6.933s] Level 1:colcon.colcon_core.environment:checking '/home/damoon/ROS2_Learning/ros2_ws_2/src/tutorial_interfaces/install/tutorial_interfaces/lib'
[6.933s] Level 1:colcon.colcon_core.shell:create_environment_hook('tutorial_interfaces', 'ld_library_path_lib')
[6.934s] INFO:colcon.colcon_core.shell:Creating environment hook '/home/damoon/ROS2_Learning/ros2_ws_2/src/tutorial_interfaces/install/tutorial_interfaces/share/tutorial_interfaces/hook/ld_library_path_lib.ps1'
[6.934s] INFO:colcon.colcon_core.shell:Creating environment descriptor '/home/damoon/ROS2_Learning/ros2_ws_2/src/tutorial_interfaces/install/tutorial_interfaces/share/tutorial_interfaces/hook/ld_library_path_lib.dsv'
[6.934s] INFO:colcon.colcon_core.shell:Creating environment hook '/home/damoon/ROS2_Learning/ros2_ws_2/src/tutorial_interfaces/install/tutorial_interfaces/share/tutorial_interfaces/hook/ld_library_path_lib.sh'
[6.934s] Level 1:colcon.colcon_core.environment:checking '/home/damoon/ROS2_Learning/ros2_ws_2/src/tutorial_interfaces/install/tutorial_interfaces/bin'
[6.934s] Level 1:colcon.colcon_core.environment:checking '/home/damoon/ROS2_Learning/ros2_ws_2/src/tutorial_interfaces/install/tutorial_interfaces/lib/pkgconfig/tutorial_interfaces.pc'
[6.934s] Level 1:colcon.colcon_core.environment:checking '/home/damoon/ROS2_Learning/ros2_ws_2/src/tutorial_interfaces/install/tutorial_interfaces/lib/python3.10/site-packages'
[6.934s] Level 1:colcon.colcon_core.shell:create_environment_hook('tutorial_interfaces', 'pythonpath')
[6.935s] INFO:colcon.colcon_core.shell:Creating environment hook '/home/damoon/ROS2_Learning/ros2_ws_2/src/tutorial_interfaces/install/tutorial_interfaces/share/tutorial_interfaces/hook/pythonpath.ps1'
[6.935s] INFO:colcon.colcon_core.shell:Creating environment descriptor '/home/damoon/ROS2_Learning/ros2_ws_2/src/tutorial_interfaces/install/tutorial_interfaces/share/tutorial_interfaces/hook/pythonpath.dsv'
[6.936s] INFO:colcon.colcon_core.shell:Creating environment hook '/home/damoon/ROS2_Learning/ros2_ws_2/src/tutorial_interfaces/install/tutorial_interfaces/share/tutorial_interfaces/hook/pythonpath.sh'
[6.936s] Level 1:colcon.colcon_core.environment:checking '/home/damoon/ROS2_Learning/ros2_ws_2/src/tutorial_interfaces/install/tutorial_interfaces/bin'
[6.937s] INFO:colcon.colcon_core.shell:Creating package script '/home/damoon/ROS2_Learning/ros2_ws_2/src/tutorial_interfaces/install/tutorial_interfaces/share/tutorial_interfaces/package.ps1'
[6.937s] INFO:colcon.colcon_core.shell:Creating package descriptor '/home/damoon/ROS2_Learning/ros2_ws_2/src/tutorial_interfaces/install/tutorial_interfaces/share/tutorial_interfaces/package.dsv'
[6.938s] INFO:colcon.colcon_core.shell:Creating package script '/home/damoon/ROS2_Learning/ros2_ws_2/src/tutorial_interfaces/install/tutorial_interfaces/share/tutorial_interfaces/package.sh'
[6.939s] INFO:colcon.colcon_core.shell:Creating package script '/home/damoon/ROS2_Learning/ros2_ws_2/src/tutorial_interfaces/install/tutorial_interfaces/share/tutorial_interfaces/package.bash'
[6.939s] INFO:colcon.colcon_core.shell:Creating package script '/home/damoon/ROS2_Learning/ros2_ws_2/src/tutorial_interfaces/install/tutorial_interfaces/share/tutorial_interfaces/package.zsh'
[6.940s] Level 1:colcon.colcon_core.environment:create_file_with_runtime_dependencies(/home/damoon/ROS2_Learning/ros2_ws_2/src/tutorial_interfaces/install/tutorial_interfaces/share/colcon-core/packages/tutorial_interfaces)
[7.024s] Level 1:colcon.colcon_core.environment:create_environment_scripts_only(tutorial_interfaces)
[7.026s] Level 1:colcon.colcon_core.environment:checking '/home/damoon/ROS2_Learning/ros2_ws_2/src/tutorial_interfaces/install/tutorial_interfaces' for CMake module files
[7.026s] Level 1:colcon.colcon_core.environment:checking '/home/damoon/ROS2_Learning/ros2_ws_2/src/tutorial_interfaces/install/tutorial_interfaces' for CMake config files
[7.026s] Level 1:colcon.colcon_core.shell:create_environment_hook('tutorial_interfaces', 'cmake_prefix_path')
[7.027s] INFO:colcon.colcon_core.shell:Creating environment hook '/home/damoon/ROS2_Learning/ros2_ws_2/src/tutorial_interfaces/install/tutorial_interfaces/share/tutorial_interfaces/hook/cmake_prefix_path.ps1'
[7.028s] INFO:colcon.colcon_core.shell:Creating environment descriptor '/home/damoon/ROS2_Learning/ros2_ws_2/src/tutorial_interfaces/install/tutorial_interfaces/share/tutorial_interfaces/hook/cmake_prefix_path.dsv'
[7.028s] INFO:colcon.colcon_core.shell:Creating environment hook '/home/damoon/ROS2_Learning/ros2_ws_2/src/tutorial_interfaces/install/tutorial_interfaces/share/tutorial_interfaces/hook/cmake_prefix_path.sh'
[7.029s] Level 1:colcon.colcon_core.environment:checking '/home/damoon/ROS2_Learning/ros2_ws_2/src/tutorial_interfaces/install/tutorial_interfaces/lib'
[7.029s] Level 1:colcon.colcon_core.shell:create_environment_hook('tutorial_interfaces', 'ld_library_path_lib')
[7.030s] INFO:colcon.colcon_core.shell:Creating environment hook '/home/damoon/ROS2_Learning/ros2_ws_2/src/tutorial_interfaces/install/tutorial_interfaces/share/tutorial_interfaces/hook/ld_library_path_lib.ps1'
[7.030s] INFO:colcon.colcon_core.shell:Creating environment descriptor '/home/damoon/ROS2_Learning/ros2_ws_2/src/tutorial_interfaces/install/tutorial_interfaces/share/tutorial_interfaces/hook/ld_library_path_lib.dsv'
[7.031s] INFO:colcon.colcon_core.shell:Creating environment hook '/home/damoon/ROS2_Learning/ros2_ws_2/src/tutorial_interfaces/install/tutorial_interfaces/share/tutorial_interfaces/hook/ld_library_path_lib.sh'
[7.031s] Level 1:colcon.colcon_core.environment:checking '/home/damoon/ROS2_Learning/ros2_ws_2/src/tutorial_interfaces/install/tutorial_interfaces/bin'
[7.031s] Level 1:colcon.colcon_core.environment:checking '/home/damoon/ROS2_Learning/ros2_ws_2/src/tutorial_interfaces/install/tutorial_interfaces/lib/pkgconfig/tutorial_interfaces.pc'
[7.031s] Level 1:colcon.colcon_core.environment:checking '/home/damoon/ROS2_Learning/ros2_ws_2/src/tutorial_interfaces/install/tutorial_interfaces/lib/python3.10/site-packages'
[7.031s] Level 1:colcon.colcon_core.shell:create_environment_hook('tutorial_interfaces', 'pythonpath')
[7.032s] INFO:colcon.colcon_core.shell:Creating environment hook '/home/damoon/ROS2_Learning/ros2_ws_2/src/tutorial_interfaces/install/tutorial_interfaces/share/tutorial_interfaces/hook/pythonpath.ps1'
[7.033s] INFO:colcon.colcon_core.shell:Creating environment descriptor '/home/damoon/ROS2_Learning/ros2_ws_2/src/tutorial_interfaces/install/tutorial_interfaces/share/tutorial_interfaces/hook/pythonpath.dsv'
[7.033s] INFO:colcon.colcon_core.shell:Creating environment hook '/home/damoon/ROS2_Learning/ros2_ws_2/src/tutorial_interfaces/install/tutorial_interfaces/share/tutorial_interfaces/hook/pythonpath.sh'
[7.033s] Level 1:colcon.colcon_core.environment:checking '/home/damoon/ROS2_Learning/ros2_ws_2/src/tutorial_interfaces/install/tutorial_interfaces/bin'
[7.034s] INFO:colcon.colcon_core.shell:Creating package script '/home/damoon/ROS2_Learning/ros2_ws_2/src/tutorial_interfaces/install/tutorial_interfaces/share/tutorial_interfaces/package.ps1'
[7.035s] INFO:colcon.colcon_core.shell:Creating package descriptor '/home/damoon/ROS2_Learning/ros2_ws_2/src/tutorial_interfaces/install/tutorial_interfaces/share/tutorial_interfaces/package.dsv'
[7.035s] INFO:colcon.colcon_core.shell:Creating package script '/home/damoon/ROS2_Learning/ros2_ws_2/src/tutorial_interfaces/install/tutorial_interfaces/share/tutorial_interfaces/package.sh'
[7.036s] INFO:colcon.colcon_core.shell:Creating package script '/home/damoon/ROS2_Learning/ros2_ws_2/src/tutorial_interfaces/install/tutorial_interfaces/share/tutorial_interfaces/package.bash'
[7.036s] INFO:colcon.colcon_core.shell:Creating package script '/home/damoon/ROS2_Learning/ros2_ws_2/src/tutorial_interfaces/install/tutorial_interfaces/share/tutorial_interfaces/package.zsh'
[7.036s] Level 1:colcon.colcon_core.environment:create_file_with_runtime_dependencies(/home/damoon/ROS2_Learning/ros2_ws_2/src/tutorial_interfaces/install/tutorial_interfaces/share/colcon-core/packages/tutorial_interfaces)
[7.037s] DEBUG:colcon.colcon_parallel_executor.executor.parallel:closing loop
[7.037s] DEBUG:colcon.colcon_parallel_executor.executor.parallel:loop closed
[7.037s] DEBUG:colcon.colcon_parallel_executor.executor.parallel:run_until_complete finished with '0'
[7.038s] DEBUG:colcon.colcon_core.event_reactor:joining thread
[7.042s] INFO:colcon.colcon_core.plugin_system:Skipping extension 'colcon_notification.desktop_notification.terminal_notifier': Not used on non-Darwin systems
[7.042s] INFO:colcon.colcon_core.plugin_system:Skipping extension 'colcon_notification.desktop_notification.win32': Not used on non-Windows systems
[7.042s] INFO:colcon.colcon_notification.desktop_notification:Sending desktop notification using 'notify2'
[7.053s] DEBUG:colcon.colcon_core.event_reactor:joined thread
[7.054s] INFO:colcon.colcon_core.shell:Creating prefix script '/home/damoon/ROS2_Learning/ros2_ws_2/src/tutorial_interfaces/install/local_setup.ps1'
[7.055s] INFO:colcon.colcon_core.shell:Creating prefix util module '/home/damoon/ROS2_Learning/ros2_ws_2/src/tutorial_interfaces/install/_local_setup_util_ps1.py'
[7.057s] INFO:colcon.colcon_core.shell:Creating prefix chain script '/home/damoon/ROS2_Learning/ros2_ws_2/src/tutorial_interfaces/install/setup.ps1'
[7.058s] INFO:colcon.colcon_core.shell:Creating prefix script '/home/damoon/ROS2_Learning/ros2_ws_2/src/tutorial_interfaces/install/local_setup.sh'
[7.058s] INFO:colcon.colcon_core.shell:Creating prefix util module '/home/damoon/ROS2_Learning/ros2_ws_2/src/tutorial_interfaces/install/_local_setup_util_sh.py'
[7.059s] INFO:colcon.colcon_core.shell:Creating prefix chain script '/home/damoon/ROS2_Learning/ros2_ws_2/src/tutorial_interfaces/install/setup.sh'
[7.061s] INFO:colcon.colcon_core.shell:Creating prefix script '/home/damoon/ROS2_Learning/ros2_ws_2/src/tutorial_interfaces/install/local_setup.bash'
[7.061s] INFO:colcon.colcon_core.shell:Creating prefix chain script '/home/damoon/ROS2_Learning/ros2_ws_2/src/tutorial_interfaces/install/setup.bash'
[7.062s] INFO:colcon.colcon_core.shell:Creating prefix script '/home/damoon/ROS2_Learning/ros2_ws_2/src/tutorial_interfaces/install/local_setup.zsh'
[7.063s] INFO:colcon.colcon_core.shell:Creating prefix chain script '/home/damoon/ROS2_Learning/ros2_ws_2/src/tutorial_interfaces/install/setup.zsh'
