[0.437s] Invoking command in '/home/damoon/ROS2_Learning/ros2_ws_2/src/py_pubsub': CMAKE_PREFIX_PATH=/home/damoon/ROS2_Learning/ros2_ws_2/install/tutorial_interfaces:/home/damoon/ROS2_Learning/ros2_ws_2/install/cpp_pubsub:/home/damoon/ROS2_Learning/ros2_ws_2/install/turtlesim:/home/damoon/ROS2_Learning/ros2_ws_2/install/my_package PYTHONPATH=/home/damoon/ROS2_Learning/ros2_ws_2/build/py_pubsub/prefix_override:/home/damoon/ROS2_Learning/ros2_ws_2/install/py_pubsub/lib/python3.10/site-packages:/home/damoon/ROS2_Learning/ros2_ws_2/install/tutorial_interfaces/lib/python3.10/site-packages:/home/damoon/ROS2_Learning/ros2_ws_2/install/py_srvcli/lib/python3.10/site-packages:/home/damoon/ROS2_Learning/ros2_ws_2/install/py_pubsub/lib/python3.10/site-packages:/home/damoon/ROS2_Learning/ros2_ws_2/install/turtlesim/lib/python3.10/site-packages:/opt/ros/iron/lib/python3.10/site-packages /usr/bin/python3 setup.py egg_info --egg-base ../../build/py_pubsub build --build-base /home/damoon/ROS2_Learning/ros2_ws_2/build/py_pubsub/build install --record /home/damoon/ROS2_Learning/ros2_ws_2/build/py_pubsub/install.log --single-version-externally-managed
[0.611s] running egg_info
[0.612s] writing ../../build/py_pubsub/py_pubsub.egg-info/PKG-INFO
[0.614s] writing dependency_links to ../../build/py_pubsub/py_pubsub.egg-info/dependency_links.txt
[0.614s] writing entry points to ../../build/py_pubsub/py_pubsub.egg-info/entry_points.txt
[0.614s] writing requirements to ../../build/py_pubsub/py_pubsub.egg-info/requires.txt
[0.614s] writing top-level names to ../../build/py_pubsub/py_pubsub.egg-info/top_level.txt
[0.615s] reading manifest file '../../build/py_pubsub/py_pubsub.egg-info/SOURCES.txt'
[0.615s] writing manifest file '../../build/py_pubsub/py_pubsub.egg-info/SOURCES.txt'
[0.616s] running build
[0.616s] running build_py
[0.617s] running install
[0.617s] /usr/lib/python3/dist-packages/setuptools/command/install.py:34: SetuptoolsDeprecationWarning: setup.py install is deprecated. Use build and pip and other standards-based tools.
[0.617s]   warnings.warn(
[0.617s] running install_lib
[0.618s] running install_data
[0.619s] running install_egg_info
[0.620s] removing '/home/damoon/ROS2_Learning/ros2_ws_2/install/py_pubsub/lib/python3.10/site-packages/py_pubsub-0.0.0-py3.10.egg-info' (and everything under it)
[0.620s] Copying ../../build/py_pubsub/py_pubsub.egg-info to /home/damoon/ROS2_Learning/ros2_ws_2/install/py_pubsub/lib/python3.10/site-packages/py_pubsub-0.0.0-py3.10.egg-info
[0.621s] running install_scripts
[0.636s] Installing listener script to /home/damoon/ROS2_Learning/ros2_ws_2/install/py_pubsub/lib/py_pubsub
[0.636s] Installing talker script to /home/damoon/ROS2_Learning/ros2_ws_2/install/py_pubsub/lib/py_pubsub
[0.636s] writing list of installed files to '/home/damoon/ROS2_Learning/ros2_ws_2/build/py_pubsub/install.log'
[0.653s] Invoked command in '/home/damoon/ROS2_Learning/ros2_ws_2/src/py_pubsub' returned '0': CMAKE_PREFIX_PATH=/home/damoon/ROS2_Learning/ros2_ws_2/install/tutorial_interfaces:/home/damoon/ROS2_Learning/ros2_ws_2/install/cpp_pubsub:/home/damoon/ROS2_Learning/ros2_ws_2/install/turtlesim:/home/damoon/ROS2_Learning/ros2_ws_2/install/my_package PYTHONPATH=/home/damoon/ROS2_Learning/ros2_ws_2/build/py_pubsub/prefix_override:/home/damoon/ROS2_Learning/ros2_ws_2/install/py_pubsub/lib/python3.10/site-packages:/home/damoon/ROS2_Learning/ros2_ws_2/install/tutorial_interfaces/lib/python3.10/site-packages:/home/damoon/ROS2_Learning/ros2_ws_2/install/py_srvcli/lib/python3.10/site-packages:/home/damoon/ROS2_Learning/ros2_ws_2/install/py_pubsub/lib/python3.10/site-packages:/home/damoon/ROS2_Learning/ros2_ws_2/install/turtlesim/lib/python3.10/site-packages:/opt/ros/iron/lib/python3.10/site-packages /usr/bin/python3 setup.py egg_info --egg-base ../../build/py_pubsub build --build-base /home/damoon/ROS2_Learning/ros2_ws_2/build/py_pubsub/build install --record /home/damoon/ROS2_Learning/ros2_ws_2/build/py_pubsub/install.log --single-version-externally-managed
