[0.010s] Invoking command in '/home/damoon/ROS2_Learning/ros2_ws_2/build/cpp_pubsub': CMAKE_PREFIX_PATH=${CMAKE_PREFIX_PATH}:/opt/ros/iron /usr/bin/cmake /home/damoon/ROS2_Learning/ros2_ws_2/src/cpp_pubsub -DCMAKE_INSTALL_PREFIX=/home/damoon/ROS2_Learning/ros2_ws_2/install/cpp_pubsub
[0.025s] -- Found ament_cmake: 2.0.2 (/opt/ros/iron/share/ament_cmake/cmake)
[0.134s] -- Found rclcpp: 21.0.1 (/opt/ros/iron/share/rclcpp/cmake)
[0.187s] -- Found rosidl_generator_c: 4.0.0 (/opt/ros/iron/share/rosidl_generator_c/cmake)
[0.201s] -- Found rosidl_generator_cpp: 4.0.0 (/opt/ros/iron/share/rosidl_generator_cpp/cmake)
[0.223s] -- Using all available rosidl_typesupport_c: rosidl_typesupport_fastrtps_c;rosidl_typesupport_introspection_c
[0.248s] -- Using all available rosidl_typesupport_cpp: rosidl_typesupport_fastrtps_cpp;rosidl_typesupport_introspection_cpp
[0.422s] -- Found rmw_implementation_cmake: 7.1.0 (/opt/ros/iron/share/rmw_implementation_cmake/cmake)
[0.426s] -- Found rmw_fastrtps_cpp: 7.1.1 (/opt/ros/iron/share/rmw_fastrtps_cpp/cmake)
[0.524s] -- Found OpenSSL: /usr/lib/x86_64-linux-gnu/libcrypto.so (found version "3.0.2")  
[0.545s] -- Found FastRTPS: /opt/ros/iron/include  
[0.579s] -- Using RMW implementation 'rmw_fastrtps_cpp' as default
[0.746s] -- Found std_msgs: 5.0.0 (/opt/ros/iron/share/std_msgs/cmake)
[0.781s] -- Found ament_lint_auto: 0.14.1 (/opt/ros/iron/share/ament_lint_auto/cmake)
[0.840s] -- Added test 'cppcheck' to perform static code analysis on C / C++ code
[0.841s] -- Configured cppcheck include dirs: 
[0.841s] -- Configured cppcheck exclude dirs and/or files: 
[0.842s] -- Added test 'lint_cmake' to check CMake code style
[0.844s] -- Added test 'uncrustify' to check C / C++ code style
[0.844s] -- Configured uncrustify additional arguments: 
[0.845s] -- Added test 'xmllint' to check XML markup files
[0.846s] -- Configuring done
[0.857s] -- Generating done
[0.858s] -- Build files have been written to: /home/damoon/ROS2_Learning/ros2_ws_2/build/cpp_pubsub
[0.865s] Invoked command in '/home/damoon/ROS2_Learning/ros2_ws_2/build/cpp_pubsub' returned '0': CMAKE_PREFIX_PATH=${CMAKE_PREFIX_PATH}:/opt/ros/iron /usr/bin/cmake /home/damoon/ROS2_Learning/ros2_ws_2/src/cpp_pubsub -DCMAKE_INSTALL_PREFIX=/home/damoon/ROS2_Learning/ros2_ws_2/install/cpp_pubsub
[0.867s] Invoking command in '/home/damoon/ROS2_Learning/ros2_ws_2/build/cpp_pubsub': CMAKE_PREFIX_PATH=${CMAKE_PREFIX_PATH}:/opt/ros/iron /usr/bin/cmake --build /home/damoon/ROS2_Learning/ros2_ws_2/build/cpp_pubsub -- -j2 -l2
[0.902s] [ 25%] [32mBuilding CXX object CMakeFiles/talker.dir/src/publisher_member_function.cpp.o[0m
[0.903s] [ 50%] [32mBuilding CXX object CMakeFiles/listener.dir/src/subscriber_member_function.cpp.o[0m
[9.242s] [ 75%] [32m[1mLinking CXX executable talker[0m
[9.623s] [ 75%] Built target talker
[11.410s] [100%] [32m[1mLinking CXX executable listener[0m
[11.680s] [100%] Built target listener
[11.751s] Invoked command in '/home/damoon/ROS2_Learning/ros2_ws_2/build/cpp_pubsub' returned '0': CMAKE_PREFIX_PATH=${CMAKE_PREFIX_PATH}:/opt/ros/iron /usr/bin/cmake --build /home/damoon/ROS2_Learning/ros2_ws_2/build/cpp_pubsub -- -j2 -l2
[11.824s] Invoking command in '/home/damoon/ROS2_Learning/ros2_ws_2/build/cpp_pubsub': CMAKE_PREFIX_PATH=${CMAKE_PREFIX_PATH}:/opt/ros/iron /usr/bin/cmake --install /home/damoon/ROS2_Learning/ros2_ws_2/build/cpp_pubsub
[11.832s] -- Install configuration: ""
[11.833s] -- Installing: /home/damoon/ROS2_Learning/ros2_ws_2/install/cpp_pubsub/lib/cpp_pubsub/talker
[11.834s] -- Set runtime path of "/home/damoon/ROS2_Learning/ros2_ws_2/install/cpp_pubsub/lib/cpp_pubsub/talker" to ""
[11.834s] -- Installing: /home/damoon/ROS2_Learning/ros2_ws_2/install/cpp_pubsub/lib/cpp_pubsub/listener
[11.839s] -- Set runtime path of "/home/damoon/ROS2_Learning/ros2_ws_2/install/cpp_pubsub/lib/cpp_pubsub/listener" to ""
[11.839s] -- Installing: /home/damoon/ROS2_Learning/ros2_ws_2/install/cpp_pubsub/share/ament_index/resource_index/package_run_dependencies/cpp_pubsub
[11.839s] -- Installing: /home/damoon/ROS2_Learning/ros2_ws_2/install/cpp_pubsub/share/ament_index/resource_index/parent_prefix_path/cpp_pubsub
[11.841s] -- Installing: /home/damoon/ROS2_Learning/ros2_ws_2/install/cpp_pubsub/share/cpp_pubsub/environment/ament_prefix_path.sh
[11.841s] -- Installing: /home/damoon/ROS2_Learning/ros2_ws_2/install/cpp_pubsub/share/cpp_pubsub/environment/ament_prefix_path.dsv
[11.841s] -- Installing: /home/damoon/ROS2_Learning/ros2_ws_2/install/cpp_pubsub/share/cpp_pubsub/environment/path.sh
[11.841s] -- Installing: /home/damoon/ROS2_Learning/ros2_ws_2/install/cpp_pubsub/share/cpp_pubsub/environment/path.dsv
[11.842s] -- Installing: /home/damoon/ROS2_Learning/ros2_ws_2/install/cpp_pubsub/share/cpp_pubsub/local_setup.bash
[11.842s] -- Installing: /home/damoon/ROS2_Learning/ros2_ws_2/install/cpp_pubsub/share/cpp_pubsub/local_setup.sh
[11.842s] -- Installing: /home/damoon/ROS2_Learning/ros2_ws_2/install/cpp_pubsub/share/cpp_pubsub/local_setup.zsh
[11.842s] -- Installing: /home/damoon/ROS2_Learning/ros2_ws_2/install/cpp_pubsub/share/cpp_pubsub/local_setup.dsv
[11.843s] -- Installing: /home/damoon/ROS2_Learning/ros2_ws_2/install/cpp_pubsub/share/cpp_pubsub/package.dsv
[11.843s] -- Installing: /home/damoon/ROS2_Learning/ros2_ws_2/install/cpp_pubsub/share/ament_index/resource_index/packages/cpp_pubsub
[11.843s] -- Installing: /home/damoon/ROS2_Learning/ros2_ws_2/install/cpp_pubsub/share/cpp_pubsub/cmake/cpp_pubsubConfig.cmake
[11.843s] -- Installing: /home/damoon/ROS2_Learning/ros2_ws_2/install/cpp_pubsub/share/cpp_pubsub/cmake/cpp_pubsubConfig-version.cmake
[11.844s] -- Installing: /home/damoon/ROS2_Learning/ros2_ws_2/install/cpp_pubsub/share/cpp_pubsub/package.xml
[11.860s] Invoked command in '/home/damoon/ROS2_Learning/ros2_ws_2/build/cpp_pubsub' returned '0': CMAKE_PREFIX_PATH=${CMAKE_PREFIX_PATH}:/opt/ros/iron /usr/bin/cmake --install /home/damoon/ROS2_Learning/ros2_ws_2/build/cpp_pubsub
