[0.481s] Invoking command in '/home/damoon/ROS2_Learning/ros2_ws/src/examples/rclpy/services/minimal_client': PYTHONPATH=/home/damoon/ROS2_Learning/ros2_ws/build/examples_rclpy_minimal_client/prefix_override:/home/damoon/ROS2_Learning/ros2_ws/install/examples_rclpy_minimal_client/lib/python3.10/site-packages:${PYTHONPATH} /usr/bin/python3 setup.py egg_info --egg-base ../../../../../build/examples_rclpy_minimal_client build --build-base /home/damoon/ROS2_Learning/ros2_ws/build/examples_rclpy_minimal_client/build install --record /home/damoon/ROS2_Learning/ros2_ws/build/examples_rclpy_minimal_client/install.log --single-version-externally-managed
[0.669s] running egg_info
[0.669s] creating ../../../../../build/examples_rclpy_minimal_client/examples_rclpy_minimal_client.egg-info
[0.669s] writing ../../../../../build/examples_rclpy_minimal_client/examples_rclpy_minimal_client.egg-info/PKG-INFO
[0.670s] writing dependency_links to ../../../../../build/examples_rclpy_minimal_client/examples_rclpy_minimal_client.egg-info/dependency_links.txt
[0.670s] writing entry points to ../../../../../build/examples_rclpy_minimal_client/examples_rclpy_minimal_client.egg-info/entry_points.txt
[0.670s] writing requirements to ../../../../../build/examples_rclpy_minimal_client/examples_rclpy_minimal_client.egg-info/requires.txt
[0.670s] writing top-level names to ../../../../../build/examples_rclpy_minimal_client/examples_rclpy_minimal_client.egg-info/top_level.txt
[0.671s] writing manifest file '../../../../../build/examples_rclpy_minimal_client/examples_rclpy_minimal_client.egg-info/SOURCES.txt'
[0.673s] reading manifest file '../../../../../build/examples_rclpy_minimal_client/examples_rclpy_minimal_client.egg-info/SOURCES.txt'
[0.674s] writing manifest file '../../../../../build/examples_rclpy_minimal_client/examples_rclpy_minimal_client.egg-info/SOURCES.txt'
[0.674s] running build
[0.674s] running build_py
[0.674s] creating /home/damoon/ROS2_Learning/ros2_ws/build/examples_rclpy_minimal_client/build
[0.674s] creating /home/damoon/ROS2_Learning/ros2_ws/build/examples_rclpy_minimal_client/build/lib
[0.675s] creating /home/damoon/ROS2_Learning/ros2_ws/build/examples_rclpy_minimal_client/build/lib/examples_rclpy_minimal_client
[0.675s] copying examples_rclpy_minimal_client/client.py -> /home/damoon/ROS2_Learning/ros2_ws/build/examples_rclpy_minimal_client/build/lib/examples_rclpy_minimal_client
[0.675s] copying examples_rclpy_minimal_client/client_async_member_function.py -> /home/damoon/ROS2_Learning/ros2_ws/build/examples_rclpy_minimal_client/build/lib/examples_rclpy_minimal_client
[0.675s] copying examples_rclpy_minimal_client/client_async_callback.py -> /home/damoon/ROS2_Learning/ros2_ws/build/examples_rclpy_minimal_client/build/lib/examples_rclpy_minimal_client
[0.676s] copying examples_rclpy_minimal_client/client_async.py -> /home/damoon/ROS2_Learning/ros2_ws/build/examples_rclpy_minimal_client/build/lib/examples_rclpy_minimal_client
[0.676s] copying examples_rclpy_minimal_client/__init__.py -> /home/damoon/ROS2_Learning/ros2_ws/build/examples_rclpy_minimal_client/build/lib/examples_rclpy_minimal_client
[0.676s] running install
[0.677s] /usr/lib/python3/dist-packages/setuptools/command/install.py:34: SetuptoolsDeprecationWarning: setup.py install is deprecated. Use build and pip and other standards-based tools.
[0.677s]   warnings.warn(
[0.677s] running install_lib
[0.678s] creating /home/damoon/ROS2_Learning/ros2_ws/install/examples_rclpy_minimal_client/lib/python3.10/site-packages/examples_rclpy_minimal_client
[0.678s] copying /home/damoon/ROS2_Learning/ros2_ws/build/examples_rclpy_minimal_client/build/lib/examples_rclpy_minimal_client/client.py -> /home/damoon/ROS2_Learning/ros2_ws/install/examples_rclpy_minimal_client/lib/python3.10/site-packages/examples_rclpy_minimal_client
[0.679s] copying /home/damoon/ROS2_Learning/ros2_ws/build/examples_rclpy_minimal_client/build/lib/examples_rclpy_minimal_client/client_async_member_function.py -> /home/damoon/ROS2_Learning/ros2_ws/install/examples_rclpy_minimal_client/lib/python3.10/site-packages/examples_rclpy_minimal_client
[0.679s] copying /home/damoon/ROS2_Learning/ros2_ws/build/examples_rclpy_minimal_client/build/lib/examples_rclpy_minimal_client/client_async_callback.py -> /home/damoon/ROS2_Learning/ros2_ws/install/examples_rclpy_minimal_client/lib/python3.10/site-packages/examples_rclpy_minimal_client
[0.679s] copying /home/damoon/ROS2_Learning/ros2_ws/build/examples_rclpy_minimal_client/build/lib/examples_rclpy_minimal_client/client_async.py -> /home/damoon/ROS2_Learning/ros2_ws/install/examples_rclpy_minimal_client/lib/python3.10/site-packages/examples_rclpy_minimal_client
[0.680s] copying /home/damoon/ROS2_Learning/ros2_ws/build/examples_rclpy_minimal_client/build/lib/examples_rclpy_minimal_client/__init__.py -> /home/damoon/ROS2_Learning/ros2_ws/install/examples_rclpy_minimal_client/lib/python3.10/site-packages/examples_rclpy_minimal_client
[0.680s] byte-compiling /home/damoon/ROS2_Learning/ros2_ws/install/examples_rclpy_minimal_client/lib/python3.10/site-packages/examples_rclpy_minimal_client/client.py to client.cpython-310.pyc
[0.681s] byte-compiling /home/damoon/ROS2_Learning/ros2_ws/install/examples_rclpy_minimal_client/lib/python3.10/site-packages/examples_rclpy_minimal_client/client_async_member_function.py to client_async_member_function.cpython-310.pyc
[0.681s] byte-compiling /home/damoon/ROS2_Learning/ros2_ws/install/examples_rclpy_minimal_client/lib/python3.10/site-packages/examples_rclpy_minimal_client/client_async_callback.py to client_async_callback.cpython-310.pyc
[0.682s] byte-compiling /home/damoon/ROS2_Learning/ros2_ws/install/examples_rclpy_minimal_client/lib/python3.10/site-packages/examples_rclpy_minimal_client/client_async.py to client_async.cpython-310.pyc
[0.682s] byte-compiling /home/damoon/ROS2_Learning/ros2_ws/install/examples_rclpy_minimal_client/lib/python3.10/site-packages/examples_rclpy_minimal_client/__init__.py to __init__.cpython-310.pyc
[0.682s] running install_data
[0.683s] creating /home/damoon/ROS2_Learning/ros2_ws/install/examples_rclpy_minimal_client/share/ament_index
[0.683s] creating /home/damoon/ROS2_Learning/ros2_ws/install/examples_rclpy_minimal_client/share/ament_index/resource_index
[0.683s] creating /home/damoon/ROS2_Learning/ros2_ws/install/examples_rclpy_minimal_client/share/ament_index/resource_index/packages
[0.683s] copying resource/examples_rclpy_minimal_client -> /home/damoon/ROS2_Learning/ros2_ws/install/examples_rclpy_minimal_client/share/ament_index/resource_index/packages
[0.684s] copying package.xml -> /home/damoon/ROS2_Learning/ros2_ws/install/examples_rclpy_minimal_client/share/examples_rclpy_minimal_client
[0.684s] running install_egg_info
[0.685s] Copying ../../../../../build/examples_rclpy_minimal_client/examples_rclpy_minimal_client.egg-info to /home/damoon/ROS2_Learning/ros2_ws/install/examples_rclpy_minimal_client/lib/python3.10/site-packages/examples_rclpy_minimal_client-0.18.0-py3.10.egg-info
[0.686s] running install_scripts
[0.702s] Installing client script to /home/damoon/ROS2_Learning/ros2_ws/install/examples_rclpy_minimal_client/lib/examples_rclpy_minimal_client
[0.702s] Installing client_async script to /home/damoon/ROS2_Learning/ros2_ws/install/examples_rclpy_minimal_client/lib/examples_rclpy_minimal_client
[0.702s] Installing client_async_callback script to /home/damoon/ROS2_Learning/ros2_ws/install/examples_rclpy_minimal_client/lib/examples_rclpy_minimal_client
[0.702s] Installing client_async_member_function script to /home/damoon/ROS2_Learning/ros2_ws/install/examples_rclpy_minimal_client/lib/examples_rclpy_minimal_client
[0.702s] writing list of installed files to '/home/damoon/ROS2_Learning/ros2_ws/build/examples_rclpy_minimal_client/install.log'
[0.725s] Invoked command in '/home/damoon/ROS2_Learning/ros2_ws/src/examples/rclpy/services/minimal_client' returned '0': PYTHONPATH=/home/damoon/ROS2_Learning/ros2_ws/build/examples_rclpy_minimal_client/prefix_override:/home/damoon/ROS2_Learning/ros2_ws/install/examples_rclpy_minimal_client/lib/python3.10/site-packages:${PYTHONPATH} /usr/bin/python3 setup.py egg_info --egg-base ../../../../../build/examples_rclpy_minimal_client build --build-base /home/damoon/ROS2_Learning/ros2_ws/build/examples_rclpy_minimal_client/build install --record /home/damoon/ROS2_Learning/ros2_ws/build/examples_rclpy_minimal_client/install.log --single-version-externally-managed
