[0.470s] Invoking command in '/home/damoon/ROS2_Learning/ros2_ws_2/src/py_pubsub': PYTHONPATH=/home/damoon/ROS2_Learning/ros2_ws_2/build/py_pubsub/prefix_override:/home/damoon/ROS2_Learning/ros2_ws_2/install/py_pubsub/lib/python3.10/site-packages:${PYTHONPATH} /usr/bin/python3 setup.py egg_info --egg-base ../../build/py_pubsub build --build-base /home/damoon/ROS2_Learning/ros2_ws_2/build/py_pubsub/build install --record /home/damoon/ROS2_Learning/ros2_ws_2/build/py_pubsub/install.log --single-version-externally-managed
[0.642s] running egg_info
[0.642s] writing ../../build/py_pubsub/py_pubsub.egg-info/PKG-INFO
[0.643s] writing dependency_links to ../../build/py_pubsub/py_pubsub.egg-info/dependency_links.txt
[0.643s] writing entry points to ../../build/py_pubsub/py_pubsub.egg-info/entry_points.txt
[0.643s] writing requirements to ../../build/py_pubsub/py_pubsub.egg-info/requires.txt
[0.644s] writing top-level names to ../../build/py_pubsub/py_pubsub.egg-info/top_level.txt
[0.645s] reading manifest file '../../build/py_pubsub/py_pubsub.egg-info/SOURCES.txt'
[0.646s] writing manifest file '../../build/py_pubsub/py_pubsub.egg-info/SOURCES.txt'
[0.646s] running build
[0.646s] running build_py
[0.647s] copying py_pubsub/publisher_member_function.py -> /home/damoon/ROS2_Learning/ros2_ws_2/build/py_pubsub/build/lib/py_pubsub
[0.647s] copying py_pubsub/subscriber_member_function.py -> /home/damoon/ROS2_Learning/ros2_ws_2/build/py_pubsub/build/lib/py_pubsub
[0.647s] running install
[0.647s] /usr/lib/python3/dist-packages/setuptools/command/install.py:34: SetuptoolsDeprecationWarning: setup.py install is deprecated. Use build and pip and other standards-based tools.
[0.647s]   warnings.warn(
[0.647s] running install_lib
[0.648s] copying /home/damoon/ROS2_Learning/ros2_ws_2/build/py_pubsub/build/lib/py_pubsub/publisher_member_function.py -> /home/damoon/ROS2_Learning/ros2_ws_2/install/py_pubsub/lib/python3.10/site-packages/py_pubsub
[0.648s] copying /home/damoon/ROS2_Learning/ros2_ws_2/build/py_pubsub/build/lib/py_pubsub/subscriber_member_function.py -> /home/damoon/ROS2_Learning/ros2_ws_2/install/py_pubsub/lib/python3.10/site-packages/py_pubsub
[0.649s] byte-compiling /home/damoon/ROS2_Learning/ros2_ws_2/install/py_pubsub/lib/python3.10/site-packages/py_pubsub/publisher_member_function.py to publisher_member_function.cpython-310.pyc
[0.649s] byte-compiling /home/damoon/ROS2_Learning/ros2_ws_2/install/py_pubsub/lib/python3.10/site-packages/py_pubsub/subscriber_member_function.py to subscriber_member_function.cpython-310.pyc
[0.650s] running install_data
[0.650s] copying package.xml -> /home/damoon/ROS2_Learning/ros2_ws_2/install/py_pubsub/share/py_pubsub
[0.650s] running install_egg_info
[0.652s] removing '/home/damoon/ROS2_Learning/ros2_ws_2/install/py_pubsub/lib/python3.10/site-packages/py_pubsub-0.0.0-py3.10.egg-info' (and everything under it)
[0.652s] Copying ../../build/py_pubsub/py_pubsub.egg-info to /home/damoon/ROS2_Learning/ros2_ws_2/install/py_pubsub/lib/python3.10/site-packages/py_pubsub-0.0.0-py3.10.egg-info
[0.652s] running install_scripts
[0.667s] Installing listener script to /home/damoon/ROS2_Learning/ros2_ws_2/install/py_pubsub/lib/py_pubsub
[0.667s] Installing talker script to /home/damoon/ROS2_Learning/ros2_ws_2/install/py_pubsub/lib/py_pubsub
[0.668s] writing list of installed files to '/home/damoon/ROS2_Learning/ros2_ws_2/build/py_pubsub/install.log'
[0.688s] Invoked command in '/home/damoon/ROS2_Learning/ros2_ws_2/src/py_pubsub' returned '0': PYTHONPATH=/home/damoon/ROS2_Learning/ros2_ws_2/build/py_pubsub/prefix_override:/home/damoon/ROS2_Learning/ros2_ws_2/install/py_pubsub/lib/python3.10/site-packages:${PYTHONPATH} /usr/bin/python3 setup.py egg_info --egg-base ../../build/py_pubsub build --build-base /home/damoon/ROS2_Learning/ros2_ws_2/build/py_pubsub/build install --record /home/damoon/ROS2_Learning/ros2_ws_2/build/py_pubsub/install.log --single-version-externally-managed
