[0.458s] Invoking command in '/home/damoon/ROS2_Learning/ros2_ws/src/examples/rclpy/actions/minimal_action_client': PYTHONPATH=/home/damoon/ROS2_Learning/ros2_ws/build/examples_rclpy_minimal_action_client/prefix_override:/home/damoon/ROS2_Learning/ros2_ws/install/examples_rclpy_minimal_action_client/lib/python3.10/site-packages:${PYTHONPATH} /usr/bin/python3 setup.py egg_info --egg-base ../../../../../build/examples_rclpy_minimal_action_client build --build-base /home/damoon/ROS2_Learning/ros2_ws/build/examples_rclpy_minimal_action_client/build install --record /home/damoon/ROS2_Learning/ros2_ws/build/examples_rclpy_minimal_action_client/install.log --single-version-externally-managed
[0.650s] running egg_info
[0.651s] creating ../../../../../build/examples_rclpy_minimal_action_client/examples_rclpy_minimal_action_client.egg-info
[0.651s] writing ../../../../../build/examples_rclpy_minimal_action_client/examples_rclpy_minimal_action_client.egg-info/PKG-INFO
[0.652s] writing dependency_links to ../../../../../build/examples_rclpy_minimal_action_client/examples_rclpy_minimal_action_client.egg-info/dependency_links.txt
[0.652s] writing entry points to ../../../../../build/examples_rclpy_minimal_action_client/examples_rclpy_minimal_action_client.egg-info/entry_points.txt
[0.652s] writing requirements to ../../../../../build/examples_rclpy_minimal_action_client/examples_rclpy_minimal_action_client.egg-info/requires.txt
[0.652s] writing top-level names to ../../../../../build/examples_rclpy_minimal_action_client/examples_rclpy_minimal_action_client.egg-info/top_level.txt
[0.652s] writing manifest file '../../../../../build/examples_rclpy_minimal_action_client/examples_rclpy_minimal_action_client.egg-info/SOURCES.txt'
[0.656s] reading manifest file '../../../../../build/examples_rclpy_minimal_action_client/examples_rclpy_minimal_action_client.egg-info/SOURCES.txt'
[0.657s] writing manifest file '../../../../../build/examples_rclpy_minimal_action_client/examples_rclpy_minimal_action_client.egg-info/SOURCES.txt'
[0.657s] running build
[0.657s] running build_py
[0.658s] creating /home/damoon/ROS2_Learning/ros2_ws/build/examples_rclpy_minimal_action_client/build
[0.658s] creating /home/damoon/ROS2_Learning/ros2_ws/build/examples_rclpy_minimal_action_client/build/lib
[0.658s] creating /home/damoon/ROS2_Learning/ros2_ws/build/examples_rclpy_minimal_action_client/build/lib/examples_rclpy_minimal_action_client
[0.658s] copying examples_rclpy_minimal_action_client/client_not_composable.py -> /home/damoon/ROS2_Learning/ros2_ws/build/examples_rclpy_minimal_action_client/build/lib/examples_rclpy_minimal_action_client
[0.658s] copying examples_rclpy_minimal_action_client/client.py -> /home/damoon/ROS2_Learning/ros2_ws/build/examples_rclpy_minimal_action_client/build/lib/examples_rclpy_minimal_action_client
[0.659s] copying examples_rclpy_minimal_action_client/client_cancel.py -> /home/damoon/ROS2_Learning/ros2_ws/build/examples_rclpy_minimal_action_client/build/lib/examples_rclpy_minimal_action_client
[0.659s] copying examples_rclpy_minimal_action_client/client_asyncio.py -> /home/damoon/ROS2_Learning/ros2_ws/build/examples_rclpy_minimal_action_client/build/lib/examples_rclpy_minimal_action_client
[0.659s] copying examples_rclpy_minimal_action_client/__init__.py -> /home/damoon/ROS2_Learning/ros2_ws/build/examples_rclpy_minimal_action_client/build/lib/examples_rclpy_minimal_action_client
[0.660s] running install
[0.660s] /usr/lib/python3/dist-packages/setuptools/command/install.py:34: SetuptoolsDeprecationWarning: setup.py install is deprecated. Use build and pip and other standards-based tools.
[0.660s]   warnings.warn(
[0.660s] running install_lib
[0.661s] creating /home/damoon/ROS2_Learning/ros2_ws/install/examples_rclpy_minimal_action_client/lib/python3.10/site-packages/examples_rclpy_minimal_action_client
[0.662s] copying /home/damoon/ROS2_Learning/ros2_ws/build/examples_rclpy_minimal_action_client/build/lib/examples_rclpy_minimal_action_client/client_not_composable.py -> /home/damoon/ROS2_Learning/ros2_ws/install/examples_rclpy_minimal_action_client/lib/python3.10/site-packages/examples_rclpy_minimal_action_client
[0.662s] copying /home/damoon/ROS2_Learning/ros2_ws/build/examples_rclpy_minimal_action_client/build/lib/examples_rclpy_minimal_action_client/client.py -> /home/damoon/ROS2_Learning/ros2_ws/install/examples_rclpy_minimal_action_client/lib/python3.10/site-packages/examples_rclpy_minimal_action_client
[0.662s] copying /home/damoon/ROS2_Learning/ros2_ws/build/examples_rclpy_minimal_action_client/build/lib/examples_rclpy_minimal_action_client/client_cancel.py -> /home/damoon/ROS2_Learning/ros2_ws/install/examples_rclpy_minimal_action_client/lib/python3.10/site-packages/examples_rclpy_minimal_action_client
[0.662s] copying /home/damoon/ROS2_Learning/ros2_ws/build/examples_rclpy_minimal_action_client/build/lib/examples_rclpy_minimal_action_client/client_asyncio.py -> /home/damoon/ROS2_Learning/ros2_ws/install/examples_rclpy_minimal_action_client/lib/python3.10/site-packages/examples_rclpy_minimal_action_client
[0.662s] copying /home/damoon/ROS2_Learning/ros2_ws/build/examples_rclpy_minimal_action_client/build/lib/examples_rclpy_minimal_action_client/__init__.py -> /home/damoon/ROS2_Learning/ros2_ws/install/examples_rclpy_minimal_action_client/lib/python3.10/site-packages/examples_rclpy_minimal_action_client
[0.663s] byte-compiling /home/damoon/ROS2_Learning/ros2_ws/install/examples_rclpy_minimal_action_client/lib/python3.10/site-packages/examples_rclpy_minimal_action_client/client_not_composable.py to client_not_composable.cpython-310.pyc
[0.663s] byte-compiling /home/damoon/ROS2_Learning/ros2_ws/install/examples_rclpy_minimal_action_client/lib/python3.10/site-packages/examples_rclpy_minimal_action_client/client.py to client.cpython-310.pyc
[0.664s] byte-compiling /home/damoon/ROS2_Learning/ros2_ws/install/examples_rclpy_minimal_action_client/lib/python3.10/site-packages/examples_rclpy_minimal_action_client/client_cancel.py to client_cancel.cpython-310.pyc
[0.664s] byte-compiling /home/damoon/ROS2_Learning/ros2_ws/install/examples_rclpy_minimal_action_client/lib/python3.10/site-packages/examples_rclpy_minimal_action_client/client_asyncio.py to client_asyncio.cpython-310.pyc
[0.665s] byte-compiling /home/damoon/ROS2_Learning/ros2_ws/install/examples_rclpy_minimal_action_client/lib/python3.10/site-packages/examples_rclpy_minimal_action_client/__init__.py to __init__.cpython-310.pyc
[0.665s] running install_data
[0.666s] creating /home/damoon/ROS2_Learning/ros2_ws/install/examples_rclpy_minimal_action_client/share/ament_index
[0.666s] creating /home/damoon/ROS2_Learning/ros2_ws/install/examples_rclpy_minimal_action_client/share/ament_index/resource_index
[0.666s] creating /home/damoon/ROS2_Learning/ros2_ws/install/examples_rclpy_minimal_action_client/share/ament_index/resource_index/packages
[0.666s] copying resource/examples_rclpy_minimal_action_client -> /home/damoon/ROS2_Learning/ros2_ws/install/examples_rclpy_minimal_action_client/share/ament_index/resource_index/packages
[0.666s] copying package.xml -> /home/damoon/ROS2_Learning/ros2_ws/install/examples_rclpy_minimal_action_client/share/examples_rclpy_minimal_action_client
[0.667s] running install_egg_info
[0.668s] Copying ../../../../../build/examples_rclpy_minimal_action_client/examples_rclpy_minimal_action_client.egg-info to /home/damoon/ROS2_Learning/ros2_ws/install/examples_rclpy_minimal_action_client/lib/python3.10/site-packages/examples_rclpy_minimal_action_client-0.18.0-py3.10.egg-info
[0.669s] running install_scripts
[0.686s] Installing client script to /home/damoon/ROS2_Learning/ros2_ws/install/examples_rclpy_minimal_action_client/lib/examples_rclpy_minimal_action_client
[0.687s] Installing client_asyncio script to /home/damoon/ROS2_Learning/ros2_ws/install/examples_rclpy_minimal_action_client/lib/examples_rclpy_minimal_action_client
[0.687s] Installing client_cancel script to /home/damoon/ROS2_Learning/ros2_ws/install/examples_rclpy_minimal_action_client/lib/examples_rclpy_minimal_action_client
[0.687s] Installing client_not_composable script to /home/damoon/ROS2_Learning/ros2_ws/install/examples_rclpy_minimal_action_client/lib/examples_rclpy_minimal_action_client
[0.688s] writing list of installed files to '/home/damoon/ROS2_Learning/ros2_ws/build/examples_rclpy_minimal_action_client/install.log'
[0.713s] Invoked command in '/home/damoon/ROS2_Learning/ros2_ws/src/examples/rclpy/actions/minimal_action_client' returned '0': PYTHONPATH=/home/damoon/ROS2_Learning/ros2_ws/build/examples_rclpy_minimal_action_client/prefix_override:/home/damoon/ROS2_Learning/ros2_ws/install/examples_rclpy_minimal_action_client/lib/python3.10/site-packages:${PYTHONPATH} /usr/bin/python3 setup.py egg_info --egg-base ../../../../../build/examples_rclpy_minimal_action_client build --build-base /home/damoon/ROS2_Learning/ros2_ws/build/examples_rclpy_minimal_action_client/build install --record /home/damoon/ROS2_Learning/ros2_ws/build/examples_rclpy_minimal_action_client/install.log --single-version-externally-managed
