[0.010s] Invoking command in '/home/damoon/ROS2_Learning/ros2_ws_2/src/tutorial_interfaces/build/tutorial_interfaces': /usr/bin/cmake /home/damoon/ROS2_Learning/ros2_ws_2/src/tutorial_interfaces -DCMAKE_INSTALL_PREFIX=/home/damoon/ROS2_Learning/ros2_ws_2/src/tutorial_interfaces/install/tutorial_interfaces
[0.022s] -- Found ament_cmake: 2.0.3 (/opt/ros/iron/share/ament_cmake/cmake)
[0.127s] -- Found geometry_msgs: 5.0.0 (/opt/ros/iron/share/geometry_msgs/cmake)
[0.149s] -- Found rosidl_generator_c: 4.0.0 (/opt/ros/iron/share/rosidl_generator_c/cmake)
[0.157s] -- Found rosidl_generator_cpp: 4.0.0 (/opt/ros/iron/share/rosidl_generator_cpp/cmake)
[0.168s] -- Using all available rosidl_typesupport_c: rosidl_typesupport_fastrtps_c;rosidl_typesupport_introspection_c
[0.181s] -- Using all available rosidl_typesupport_cpp: rosidl_typesupport_fastrtps_cpp;rosidl_typesupport_introspection_cpp
[0.269s] -- Found rosidl_default_generators: 1.5.0 (/opt/ros/iron/share/rosidl_default_generators/cmake)
[0.275s] -- Found rosidl_adapter: 4.0.0 (/opt/ros/iron/share/rosidl_adapter/cmake)
[0.450s] Error parsing '/home/damoon/ROS2_Learning/ros2_ws_2/src/tutorial_interfaces/package.xml':
[0.482s] Traceback (most recent call last):
[0.482s]   File "/usr/lib/python3/dist-packages/catkin_pkg/package.py", line 610, in parse_package_string
[0.482s]     root = dom.parseString(data)
[0.482s]   File "/usr/lib/python3.10/xml/dom/minidom.py", line 1998, in parseString
[0.482s]     return expatbuilder.parseString(string)
[0.482s]   File "/usr/lib/python3.10/xml/dom/expatbuilder.py", line 925, in parseString
[0.482s]     return builder.parseString(string)
[0.482s]   File "/usr/lib/python3.10/xml/dom/expatbuilder.py", line 223, in parseString
[0.482s]     parser.Parse(string, True)
[0.482s] xml.parsers.expat.ExpatError: mismatched tag: line 13, column 46
[0.482s] 
[0.482s] During handling of the above exception, another exception occurred:
[0.482s] 
[0.482s] Traceback (most recent call last):
[0.482s]   File "/opt/ros/iron/share/ament_cmake_core/cmake/core/package_xml_2_cmake.py", line 150, in <module>
[0.482s]     main()
[0.482s]   File "/opt/ros/iron/share/ament_cmake_core/cmake/core/package_xml_2_cmake.py", line 53, in main
[0.482s]     raise e
[0.482s]   File "/opt/ros/iron/share/ament_cmake_core/cmake/core/package_xml_2_cmake.py", line 49, in main
[0.483s]     package = parse_package_string(
[0.483s]   File "/usr/lib/python3/dist-packages/catkin_pkg/package.py", line 612, in parse_package_string
[0.483s]     raise InvalidPackage('The manifest contains invalid XML:\n%s' % ex, filename)
[0.483s] catkin_pkg.package.InvalidPackage: Error(s) in package '/home/damoon/ROS2_Learning/ros2_ws_2/src/tutorial_interfaces/package.xml':
[0.483s] The manifest contains invalid XML:
[0.483s] mismatched tag: line 13, column 46
[0.492s] [31mCMake Error at /opt/ros/iron/share/ament_cmake_core/cmake/core/ament_package_xml.cmake:95 (message):
[0.492s]   execute_process(/usr/bin/python3.10
[0.493s]   /opt/ros/iron/share/ament_cmake_core/cmake/core/package_xml_2_cmake.py
[0.493s]   /home/damoon/ROS2_Learning/ros2_ws_2/src/tutorial_interfaces/package.xml
[0.493s]   /home/damoon/ROS2_Learning/ros2_ws_2/src/tutorial_interfaces/build/tutorial_interfaces/ament_cmake_core/package.cmake)
[0.493s]   returned error code 1
[0.493s] Call Stack (most recent call first):
[0.493s]   /opt/ros/iron/share/ament_cmake_core/cmake/core/ament_package_xml.cmake:49 (_ament_package_xml)
[0.493s]   /opt/ros/iron/share/rosidl_cmake/cmake/rosidl_generate_interfaces.cmake:256 (ament_package_xml)
[0.493s]   CMakeLists.txt:13 (rosidl_generate_interfaces)
[0.493s] 
[0.493s] [0m
[0.493s] -- Configuring incomplete, errors occurred!
[0.493s] See also "/home/damoon/ROS2_Learning/ros2_ws_2/src/tutorial_interfaces/build/tutorial_interfaces/CMakeFiles/CMakeOutput.log".
[0.498s] Invoked command in '/home/damoon/ROS2_Learning/ros2_ws_2/src/tutorial_interfaces/build/tutorial_interfaces' returned '1': /usr/bin/cmake /home/damoon/ROS2_Learning/ros2_ws_2/src/tutorial_interfaces -DCMAKE_INSTALL_PREFIX=/home/damoon/ROS2_Learning/ros2_ws_2/src/tutorial_interfaces/install/tutorial_interfaces
