[0.011s] Invoking command in '/home/damoon/ROS2_Learning/ros2_ws_2/build/turtlesim': CMAKE_PREFIX_PATH=/opt/ros/iron /usr/bin/cmake /home/damoon/ROS2_Learning/ros2_ws_2/src/ros_tutorials/turtlesim -DCMAKE_INSTALL_PREFIX=/home/damoon/ROS2_Learning/ros2_ws_2/install/turtlesim
[0.101s] -- The C compiler identification is GNU 11.3.0
[0.166s] -- The CXX compiler identification is GNU 11.3.0
[0.173s] -- Detecting C compiler ABI info
[0.224s] -- Detecting C compiler ABI info - done
[0.229s] -- Check for working C compiler: /usr/bin/cc - skipped
[0.230s] -- Detecting C compile features
[0.230s] -- Detecting C compile features - done
[0.233s] -- Detecting CXX compiler ABI info
[0.287s] -- Detecting CXX compiler ABI info - done
[0.293s] -- Check for working CXX compiler: /usr/bin/c++ - skipped
[0.294s] -- Detecting CXX compile features
[0.294s] -- Detecting CXX compile features - done
[0.298s] -- Found ament_cmake: 2.0.2 (/opt/ros/iron/share/ament_cmake/cmake)
[0.417s] -- Found Python3: /usr/bin/python3.10 (found version "3.10.6") found components: Interpreter 
[0.487s] -- Found ament_index_cpp: 1.5.2 (/opt/ros/iron/share/ament_index_cpp/cmake)
[0.490s] -- Found geometry_msgs: 5.0.0 (/opt/ros/iron/share/geometry_msgs/cmake)
[0.525s] -- Found rosidl_generator_c: 4.0.0 (/opt/ros/iron/share/rosidl_generator_c/cmake)
[0.537s] -- Found rosidl_generator_cpp: 4.0.0 (/opt/ros/iron/share/rosidl_generator_cpp/cmake)
[0.554s] -- Using all available rosidl_typesupport_c: rosidl_typesupport_fastrtps_c;rosidl_typesupport_introspection_c
[0.572s] -- Using all available rosidl_typesupport_cpp: rosidl_typesupport_fastrtps_cpp;rosidl_typesupport_introspection_cpp
[0.691s] -- Found rclcpp: 21.0.1 (/opt/ros/iron/share/rclcpp/cmake)
[0.833s] -- Found rmw_implementation_cmake: 7.1.0 (/opt/ros/iron/share/rmw_implementation_cmake/cmake)
[0.836s] -- Found rmw_fastrtps_cpp: 7.1.1 (/opt/ros/iron/share/rmw_fastrtps_cpp/cmake)
[0.918s] -- Found OpenSSL: /usr/lib/x86_64-linux-gnu/libcrypto.so (found version "3.0.2")  
[0.938s] -- Found FastRTPS: /opt/ros/iron/include  
[0.973s] -- Using RMW implementation 'rmw_fastrtps_cpp' as default
[1.133s] -- Found rclcpp_action: 21.0.1 (/opt/ros/iron/share/rclcpp_action/cmake)
[1.256s] -- Found rosidl_default_generators: 1.5.0 (/opt/ros/iron/share/rosidl_default_generators/cmake)
[1.270s] -- Found rosidl_adapter: 4.0.0 (/opt/ros/iron/share/rosidl_adapter/cmake)
[1.277s] -- Found std_srvs: 5.0.0 (/opt/ros/iron/share/std_srvs/cmake)
[1.594s] -- Found ament_cmake_ros: 0.11.2 (/opt/ros/iron/share/ament_cmake_ros/cmake)
[1.827s] -- Using all available rosidl_typesupport_c: rosidl_typesupport_fastrtps_c;rosidl_typesupport_introspection_c
[1.916s] -- Using all available rosidl_typesupport_cpp: rosidl_typesupport_fastrtps_cpp;rosidl_typesupport_introspection_cpp
[1.933s] -- Found PythonInterp: /usr/bin/python3 (found suitable version "3.10.6", minimum required is "3.6") 
[1.935s] -- Found python_cmake_module: 0.10.2 (/opt/ros/iron/share/python_cmake_module/cmake)
[1.955s] -- Found PythonLibs: /usr/lib/x86_64-linux-gnu/libpython3.10.so (found suitable version "3.10.6", minimum required is "3.5") 
[1.955s] -- Using PYTHON_EXECUTABLE: /usr/bin/python3
[1.955s] -- Using PYTHON_INCLUDE_DIRS: /usr/include/python3.10
[1.955s] -- Using PYTHON_LIBRARIES: /usr/lib/x86_64-linux-gnu/libpython3.10.so
[1.969s] -- Found PythonExtra: .so  
[2.015s] -- Configuring done
[2.074s] -- Generating done
[2.077s] -- Build files have been written to: /home/damoon/ROS2_Learning/ros2_ws_2/build/turtlesim
[2.085s] Invoked command in '/home/damoon/ROS2_Learning/ros2_ws_2/build/turtlesim' returned '0': CMAKE_PREFIX_PATH=/opt/ros/iron /usr/bin/cmake /home/damoon/ROS2_Learning/ros2_ws_2/src/ros_tutorials/turtlesim -DCMAKE_INSTALL_PREFIX=/home/damoon/ROS2_Learning/ros2_ws_2/install/turtlesim
[2.087s] Invoking command in '/home/damoon/ROS2_Learning/ros2_ws_2/build/turtlesim': CMAKE_PREFIX_PATH=/opt/ros/iron /usr/bin/cmake --build /home/damoon/ROS2_Learning/ros2_ws_2/build/turtlesim -- -j2 -l2
[2.123s] [  0%] [34m[1mGenerating type hashes for ROS interfaces[0m
[2.128s] [  0%] Built target ament_cmake_python_copy_turtlesim
[2.357s] running egg_info
[2.358s] creating turtlesim.egg-info
[2.358s] writing turtlesim.egg-info/PKG-INFO
[2.359s] writing dependency_links to turtlesim.egg-info/dependency_links.txt
[2.359s] writing top-level names to turtlesim.egg-info/top_level.txt
[2.359s] writing manifest file 'turtlesim.egg-info/SOURCES.txt'
[2.363s] reading manifest file 'turtlesim.egg-info/SOURCES.txt'
[2.364s] writing manifest file 'turtlesim.egg-info/SOURCES.txt'
[2.390s] [  0%] Built target ament_cmake_python_build_turtlesim_egg
[2.398s] [  0%] Built target turtlesim__rosidl_generator_type_description
[2.405s] [  1%] [34m[1mGenerating C code for ROS interfaces[0m
[2.412s] [  2%] [34m[1mGenerating C++ code for ROS interfaces[0m
[3.384s] [  2%] Built target turtlesim__cpp
[3.659s] [  4%] [32mBuilding C object CMakeFiles/turtlesim__rosidl_generator_c.dir/rosidl_generator_c/turtlesim/action/detail/rotate_absolute__description.c.o[0m
[3.660s] [  4%] [32mBuilding C object CMakeFiles/turtlesim__rosidl_generator_c.dir/rosidl_generator_c/turtlesim/action/detail/rotate_absolute__functions.c.o[0m
[3.738s] [  5%] [32mBuilding C object CMakeFiles/turtlesim__rosidl_generator_c.dir/rosidl_generator_c/turtlesim/action/detail/rotate_absolute__type_support.c.o[0m
[3.768s] [  6%] [32mBuilding C object CMakeFiles/turtlesim__rosidl_generator_c.dir/rosidl_generator_c/turtlesim/msg/detail/color__description.c.o[0m
[3.789s] [  7%] [32mBuilding C object CMakeFiles/turtlesim__rosidl_generator_c.dir/rosidl_generator_c/turtlesim/msg/detail/color__functions.c.o[0m
[3.795s] [  7%] [32mBuilding C object CMakeFiles/turtlesim__rosidl_generator_c.dir/rosidl_generator_c/turtlesim/msg/detail/color__type_support.c.o[0m
[3.816s] [  8%] [32mBuilding C object CMakeFiles/turtlesim__rosidl_generator_c.dir/rosidl_generator_c/turtlesim/msg/detail/pose__description.c.o[0m
[3.824s] [  9%] [32mBuilding C object CMakeFiles/turtlesim__rosidl_generator_c.dir/rosidl_generator_c/turtlesim/msg/detail/pose__functions.c.o[0m
[3.844s] [ 10%] [32mBuilding C object CMakeFiles/turtlesim__rosidl_generator_c.dir/rosidl_generator_c/turtlesim/msg/detail/pose__type_support.c.o[0m
[3.860s] [ 11%] [32mBuilding C object CMakeFiles/turtlesim__rosidl_generator_c.dir/rosidl_generator_c/turtlesim/srv/detail/kill__description.c.o[0m
[3.867s] [ 12%] [32mBuilding C object CMakeFiles/turtlesim__rosidl_generator_c.dir/rosidl_generator_c/turtlesim/srv/detail/kill__functions.c.o[0m
[3.894s] [ 13%] [32mBuilding C object CMakeFiles/turtlesim__rosidl_generator_c.dir/rosidl_generator_c/turtlesim/srv/detail/kill__type_support.c.o[0m
[3.919s] [ 13%] [32mBuilding C object CMakeFiles/turtlesim__rosidl_generator_c.dir/rosidl_generator_c/turtlesim/srv/detail/set_pen__description.c.o[0m
[3.922s] [ 14%] [32mBuilding C object CMakeFiles/turtlesim__rosidl_generator_c.dir/rosidl_generator_c/turtlesim/srv/detail/set_pen__functions.c.o[0m
[3.953s] [ 15%] [32mBuilding C object CMakeFiles/turtlesim__rosidl_generator_c.dir/rosidl_generator_c/turtlesim/srv/detail/set_pen__type_support.c.o[0m
[3.972s] [ 16%] [32mBuilding C object CMakeFiles/turtlesim__rosidl_generator_c.dir/rosidl_generator_c/turtlesim/srv/detail/spawn__description.c.o[0m
[3.981s] [ 17%] [32mBuilding C object CMakeFiles/turtlesim__rosidl_generator_c.dir/rosidl_generator_c/turtlesim/srv/detail/spawn__functions.c.o[0m
[4.007s] [ 18%] [32mBuilding C object CMakeFiles/turtlesim__rosidl_generator_c.dir/rosidl_generator_c/turtlesim/srv/detail/spawn__type_support.c.o[0m
[4.034s] [ 20%] [32mBuilding C object CMakeFiles/turtlesim__rosidl_generator_c.dir/rosidl_generator_c/turtlesim/srv/detail/teleport_absolute__functions.c.o[0m
[4.034s] [ 20%] [32mBuilding C object CMakeFiles/turtlesim__rosidl_generator_c.dir/rosidl_generator_c/turtlesim/srv/detail/teleport_absolute__description.c.o[0m
[4.069s] [ 20%] [32mBuilding C object CMakeFiles/turtlesim__rosidl_generator_c.dir/rosidl_generator_c/turtlesim/srv/detail/teleport_absolute__type_support.c.o[0m
[4.086s] [ 21%] [32mBuilding C object CMakeFiles/turtlesim__rosidl_generator_c.dir/rosidl_generator_c/turtlesim/srv/detail/teleport_relative__description.c.o[0m
[4.097s] [ 22%] [32mBuilding C object CMakeFiles/turtlesim__rosidl_generator_c.dir/rosidl_generator_c/turtlesim/srv/detail/teleport_relative__functions.c.o[0m
[4.122s] [ 23%] [32mBuilding C object CMakeFiles/turtlesim__rosidl_generator_c.dir/rosidl_generator_c/turtlesim/srv/detail/teleport_relative__type_support.c.o[0m
[4.150s] [ 24%] [32m[1mLinking C shared library libturtlesim__rosidl_generator_c.so[0m
[4.181s] [ 24%] Built target turtlesim__rosidl_generator_c
[4.188s] [ 26%] [34m[1mGenerating C++ type support dispatch for ROS interfaces[0m
[4.189s] [ 26%] [34m[1mGenerating C type support for eProsima Fast-RTPS[0m
[4.666s] [ 27%] [32mBuilding CXX object CMakeFiles/turtlesim__rosidl_typesupport_cpp.dir/rosidl_typesupport_cpp/turtlesim/action/rotate_absolute__type_support.cpp.o[0m
[4.992s] [ 28%] [32mBuilding CXX object CMakeFiles/turtlesim__rosidl_typesupport_fastrtps_c.dir/rosidl_typesupport_fastrtps_c/turtlesim/action/detail/rotate_absolute__type_support_c.cpp.o[0m
[5.293s] [ 28%] [32mBuilding CXX object CMakeFiles/turtlesim__rosidl_typesupport_cpp.dir/rosidl_typesupport_cpp/turtlesim/msg/color__type_support.cpp.o[0m
[5.307s] [ 29%] [32mBuilding CXX object CMakeFiles/turtlesim__rosidl_typesupport_fastrtps_c.dir/rosidl_typesupport_fastrtps_c/turtlesim/msg/detail/color__type_support_c.cpp.o[0m
[5.540s] [ 30%] [32mBuilding CXX object CMakeFiles/turtlesim__rosidl_typesupport_fastrtps_c.dir/rosidl_typesupport_fastrtps_c/turtlesim/msg/detail/pose__type_support_c.cpp.o[0m
[5.550s] [ 31%] [32mBuilding CXX object CMakeFiles/turtlesim__rosidl_typesupport_cpp.dir/rosidl_typesupport_cpp/turtlesim/msg/pose__type_support.cpp.o[0m
[5.770s] [ 32%] [32mBuilding CXX object CMakeFiles/turtlesim__rosidl_typesupport_fastrtps_c.dir/rosidl_typesupport_fastrtps_c/turtlesim/srv/detail/kill__type_support_c.cpp.o[0m
[5.811s] [ 33%] [32mBuilding CXX object CMakeFiles/turtlesim__rosidl_typesupport_cpp.dir/rosidl_typesupport_cpp/turtlesim/srv/kill__type_support.cpp.o[0m
[6.025s] [ 34%] [32mBuilding CXX object CMakeFiles/turtlesim__rosidl_typesupport_fastrtps_c.dir/rosidl_typesupport_fastrtps_c/turtlesim/srv/detail/set_pen__type_support_c.cpp.o[0m
[6.137s] [ 35%] [32mBuilding CXX object CMakeFiles/turtlesim__rosidl_typesupport_cpp.dir/rosidl_typesupport_cpp/turtlesim/srv/set_pen__type_support.cpp.o[0m
[6.281s] [ 35%] [32mBuilding CXX object CMakeFiles/turtlesim__rosidl_typesupport_fastrtps_c.dir/rosidl_typesupport_fastrtps_c/turtlesim/srv/detail/spawn__type_support_c.cpp.o[0m
[6.465s] [ 36%] [32mBuilding CXX object CMakeFiles/turtlesim__rosidl_typesupport_cpp.dir/rosidl_typesupport_cpp/turtlesim/srv/spawn__type_support.cpp.o[0m
[6.537s] [ 37%] [32mBuilding CXX object CMakeFiles/turtlesim__rosidl_typesupport_fastrtps_c.dir/rosidl_typesupport_fastrtps_c/turtlesim/srv/detail/teleport_absolute__type_support_c.cpp.o[0m
[6.788s] [ 38%] [32mBuilding CXX object CMakeFiles/turtlesim__rosidl_typesupport_fastrtps_c.dir/rosidl_typesupport_fastrtps_c/turtlesim/srv/detail/teleport_relative__type_support_c.cpp.o[0m
[6.813s] [ 39%] [32mBuilding CXX object CMakeFiles/turtlesim__rosidl_typesupport_cpp.dir/rosidl_typesupport_cpp/turtlesim/srv/teleport_absolute__type_support.cpp.o[0m
[7.041s] [ 40%] [32m[1mLinking CXX shared library libturtlesim__rosidl_typesupport_fastrtps_c.so[0m
[7.099s] [ 40%] Built target turtlesim__rosidl_typesupport_fastrtps_c
[7.106s] [ 41%] [34m[1mGenerating C++ type support for eProsima Fast-RTPS[0m
[7.140s] [ 42%] [32mBuilding CXX object CMakeFiles/turtlesim__rosidl_typesupport_cpp.dir/rosidl_typesupport_cpp/turtlesim/srv/teleport_relative__type_support.cpp.o[0m
[7.462s] [ 42%] [32m[1mLinking CXX shared library libturtlesim__rosidl_typesupport_cpp.so[0m
[7.534s] [ 42%] Built target turtlesim__rosidl_typesupport_cpp
[7.541s] [ 43%] [34m[1mGenerating C introspection for ROS interfaces[0m
[7.966s] [ 43%] [32mBuilding CXX object CMakeFiles/turtlesim__rosidl_typesupport_fastrtps_cpp.dir/rosidl_typesupport_fastrtps_cpp/turtlesim/action/detail/dds_fastrtps/rotate_absolute__type_support.cpp.o[0m
[8.281s] [ 44%] [32mBuilding C object CMakeFiles/turtlesim__rosidl_typesupport_introspection_c.dir/rosidl_typesupport_introspection_c/turtlesim/action/detail/rotate_absolute__type_support.c.o[0m
[8.334s] [ 45%] [32mBuilding C object CMakeFiles/turtlesim__rosidl_typesupport_introspection_c.dir/rosidl_typesupport_introspection_c/turtlesim/msg/detail/color__type_support.c.o[0m
[8.359s] [ 46%] [32mBuilding C object CMakeFiles/turtlesim__rosidl_typesupport_introspection_c.dir/rosidl_typesupport_introspection_c/turtlesim/msg/detail/pose__type_support.c.o[0m
[8.385s] [ 47%] [32mBuilding C object CMakeFiles/turtlesim__rosidl_typesupport_introspection_c.dir/rosidl_typesupport_introspection_c/turtlesim/srv/detail/kill__type_support.c.o[0m
[8.419s] [ 48%] [32mBuilding C object CMakeFiles/turtlesim__rosidl_typesupport_introspection_c.dir/rosidl_typesupport_introspection_c/turtlesim/srv/detail/set_pen__type_support.c.o[0m
[8.452s] [ 48%] [32mBuilding C object CMakeFiles/turtlesim__rosidl_typesupport_introspection_c.dir/rosidl_typesupport_introspection_c/turtlesim/srv/detail/spawn__type_support.c.o[0m
[8.486s] [ 49%] [32mBuilding C object CMakeFiles/turtlesim__rosidl_typesupport_introspection_c.dir/rosidl_typesupport_introspection_c/turtlesim/srv/detail/teleport_absolute__type_support.c.o[0m
[8.520s] [ 50%] [32mBuilding C object CMakeFiles/turtlesim__rosidl_typesupport_introspection_c.dir/rosidl_typesupport_introspection_c/turtlesim/srv/detail/teleport_relative__type_support.c.o[0m
[8.553s] [ 51%] [32m[1mLinking C shared library libturtlesim__rosidl_typesupport_introspection_c.so[0m
[8.579s] [ 51%] Built target turtlesim__rosidl_typesupport_introspection_c
[8.586s] [ 52%] [34m[1mGenerating C type support dispatch for ROS interfaces[0m
[8.675s] [ 53%] [32mBuilding CXX object CMakeFiles/turtlesim__rosidl_typesupport_fastrtps_cpp.dir/rosidl_typesupport_fastrtps_cpp/turtlesim/msg/detail/dds_fastrtps/color__type_support.cpp.o[0m
[9.029s] [ 54%] [32mBuilding CXX object CMakeFiles/turtlesim__rosidl_typesupport_fastrtps_cpp.dir/rosidl_typesupport_fastrtps_cpp/turtlesim/msg/detail/dds_fastrtps/pose__type_support.cpp.o[0m
[9.063s] [ 55%] [32mBuilding CXX object CMakeFiles/turtlesim__rosidl_typesupport_c.dir/rosidl_typesupport_c/turtlesim/action/rotate_absolute__type_support.cpp.o[0m
[9.104s] [ 56%] [32mBuilding CXX object CMakeFiles/turtlesim__rosidl_typesupport_c.dir/rosidl_typesupport_c/turtlesim/msg/color__type_support.cpp.o[0m
[9.133s] [ 57%] [32mBuilding CXX object CMakeFiles/turtlesim__rosidl_typesupport_c.dir/rosidl_typesupport_c/turtlesim/msg/pose__type_support.cpp.o[0m
[9.164s] [ 58%] [32mBuilding CXX object CMakeFiles/turtlesim__rosidl_typesupport_c.dir/rosidl_typesupport_c/turtlesim/srv/kill__type_support.cpp.o[0m
[9.195s] [ 59%] [32mBuilding CXX object CMakeFiles/turtlesim__rosidl_typesupport_c.dir/rosidl_typesupport_c/turtlesim/srv/set_pen__type_support.cpp.o[0m
[9.228s] [ 59%] [32mBuilding CXX object CMakeFiles/turtlesim__rosidl_typesupport_c.dir/rosidl_typesupport_c/turtlesim/srv/spawn__type_support.cpp.o[0m
[9.260s] [ 60%] [32mBuilding CXX object CMakeFiles/turtlesim__rosidl_typesupport_c.dir/rosidl_typesupport_c/turtlesim/srv/teleport_absolute__type_support.cpp.o[0m
[9.293s] [ 61%] [32mBuilding CXX object CMakeFiles/turtlesim__rosidl_typesupport_c.dir/rosidl_typesupport_c/turtlesim/srv/teleport_relative__type_support.cpp.o[0m
[9.326s] [ 62%] [32m[1mLinking CXX shared library libturtlesim__rosidl_typesupport_c.so[0m
[9.358s] [ 62%] Built target turtlesim__rosidl_typesupport_c
[9.365s] [ 63%] [34m[1mGenerating C++ introspection for ROS interfaces[0m
[9.397s] [ 64%] [32mBuilding CXX object CMakeFiles/turtlesim__rosidl_typesupport_fastrtps_cpp.dir/rosidl_typesupport_fastrtps_cpp/turtlesim/srv/detail/dds_fastrtps/kill__type_support.cpp.o[0m
[9.846s] [ 65%] [32mBuilding CXX object CMakeFiles/turtlesim__rosidl_typesupport_fastrtps_cpp.dir/rosidl_typesupport_fastrtps_cpp/turtlesim/srv/detail/dds_fastrtps/set_pen__type_support.cpp.o[0m
[10.046s] [ 65%] [32mBuilding CXX object CMakeFiles/turtlesim__rosidl_typesupport_introspection_cpp.dir/rosidl_typesupport_introspection_cpp/turtlesim/action/detail/rotate_absolute__type_support.cpp.o[0m
[10.301s] [ 66%] [32mBuilding CXX object CMakeFiles/turtlesim__rosidl_typesupport_fastrtps_cpp.dir/rosidl_typesupport_fastrtps_cpp/turtlesim/srv/detail/dds_fastrtps/spawn__type_support.cpp.o[0m
[10.799s] [ 67%] [32mBuilding CXX object CMakeFiles/turtlesim__rosidl_typesupport_introspection_cpp.dir/rosidl_typesupport_introspection_cpp/turtlesim/msg/detail/color__type_support.cpp.o[0m
[10.944s] [ 68%] [32mBuilding CXX object CMakeFiles/turtlesim__rosidl_typesupport_fastrtps_cpp.dir/rosidl_typesupport_fastrtps_cpp/turtlesim/srv/detail/dds_fastrtps/teleport_absolute__type_support.cpp.o[0m
[11.078s] [ 69%] [32mBuilding CXX object CMakeFiles/turtlesim__rosidl_typesupport_introspection_cpp.dir/rosidl_typesupport_introspection_cpp/turtlesim/msg/detail/pose__type_support.cpp.o[0m
[11.331s] [ 70%] [32mBuilding CXX object CMakeFiles/turtlesim__rosidl_typesupport_introspection_cpp.dir/rosidl_typesupport_introspection_cpp/turtlesim/srv/detail/kill__type_support.cpp.o[0m
[11.411s] [ 71%] [32mBuilding CXX object CMakeFiles/turtlesim__rosidl_typesupport_fastrtps_cpp.dir/rosidl_typesupport_fastrtps_cpp/turtlesim/srv/detail/dds_fastrtps/teleport_relative__type_support.cpp.o[0m
[11.709s] [ 72%] [32mBuilding CXX object CMakeFiles/turtlesim__rosidl_typesupport_introspection_cpp.dir/rosidl_typesupport_introspection_cpp/turtlesim/srv/detail/set_pen__type_support.cpp.o[0m
[11.908s] [ 72%] [32m[1mLinking CXX shared library libturtlesim__rosidl_typesupport_fastrtps_cpp.so[0m
[11.984s] [ 72%] Built target turtlesim__rosidl_typesupport_fastrtps_cpp
[11.992s] [ 73%] [34m[1mGenerating include/turtlesim/moc_turtle_frame.cpp[0m
[12.063s] [ 74%] [32mBuilding CXX object CMakeFiles/turtlesim__rosidl_typesupport_introspection_cpp.dir/rosidl_typesupport_introspection_cpp/turtlesim/srv/detail/spawn__type_support.cpp.o[0m
[12.072s] [ 75%] [32mBuilding CXX object CMakeFiles/turtlesim_node.dir/src/turtlesim.cpp.o[0m
[12.441s] [ 76%] [32mBuilding CXX object CMakeFiles/turtlesim__rosidl_typesupport_introspection_cpp.dir/rosidl_typesupport_introspection_cpp/turtlesim/srv/detail/teleport_absolute__type_support.cpp.o[0m
[12.830s] [ 76%] [32mBuilding CXX object CMakeFiles/turtlesim__rosidl_typesupport_introspection_cpp.dir/rosidl_typesupport_introspection_cpp/turtlesim/srv/detail/teleport_relative__type_support.cpp.o[0m
[13.216s] [ 77%] [32m[1mLinking CXX shared library libturtlesim__rosidl_typesupport_introspection_cpp.so[0m
[13.293s] [ 77%] Built target turtlesim__rosidl_typesupport_introspection_cpp
[13.310s] [ 78%] [32mBuilding CXX object CMakeFiles/turtle_teleop_key.dir/tutorials/teleop_turtle_key.cpp.o[0m
[18.425s] [ 79%] [32mBuilding CXX object CMakeFiles/turtlesim_node.dir/src/turtle.cpp.o[0m
[20.291s] [ 80%] [32m[1mLinking CXX executable turtle_teleop_key[0m
[20.616s] [ 80%] Built target turtle_teleop_key
[20.623s] [ 81%] [32mBuilding CXX object CMakeFiles/turtlesim_node.dir/src/turtle_frame.cpp.o[0m
[37.243s] [ 81%] [32mBuilding CXX object CMakeFiles/draw_square.dir/tutorials/draw_square.cpp.o[0m
[38.403s] [ 82%] [32mBuilding CXX object CMakeFiles/turtlesim_node.dir/include/turtlesim/moc_turtle_frame.cpp.o[0m
[43.029s] [ 83%] [32m[1mLinking CXX executable turtlesim_node[0m
[44.441s] [ 84%] [32m[1mLinking CXX executable draw_square[0m
[44.829s] [ 84%] Built target draw_square
[45.311s] [ 84%] Built target turtlesim_node
[45.328s] [ 85%] [32mBuilding CXX object CMakeFiles/mimic.dir/tutorials/mimic.cpp.o[0m
[50.871s] [ 86%] [32m[1mLinking CXX executable mimic[0m
[51.142s] [ 86%] Built target mimic
[51.159s] [ 86%] Built target turtlesim
[51.174s] [ 86%] [34m[1mGenerating Python code for ROS interfaces[0m
[53.018s] [ 86%] Built target turtlesim__py
[53.034s] [ 87%] [32mBuilding C object CMakeFiles/turtlesim__rosidl_generator_py.dir/rosidl_generator_py/turtlesim/action/_rotate_absolute_s.c.o[0m
[53.223s] [ 88%] [32mBuilding C object CMakeFiles/turtlesim__rosidl_generator_py.dir/rosidl_generator_py/turtlesim/msg/_color_s.c.o[0m
[53.302s] [ 88%] [32mBuilding C object CMakeFiles/turtlesim__rosidl_generator_py.dir/rosidl_generator_py/turtlesim/msg/_pose_s.c.o[0m
[53.380s] [ 89%] [32mBuilding C object CMakeFiles/turtlesim__rosidl_generator_py.dir/rosidl_generator_py/turtlesim/srv/_kill_s.c.o[0m
[53.471s] [ 90%] [32mBuilding C object CMakeFiles/turtlesim__rosidl_generator_py.dir/rosidl_generator_py/turtlesim/srv/_set_pen_s.c.o[0m
[53.563s] [ 91%] [32mBuilding C object CMakeFiles/turtlesim__rosidl_generator_py.dir/rosidl_generator_py/turtlesim/srv/_spawn_s.c.o[0m
[53.656s] [ 92%] [32mBuilding C object CMakeFiles/turtlesim__rosidl_generator_py.dir/rosidl_generator_py/turtlesim/srv/_teleport_absolute_s.c.o[0m
[53.744s] [ 93%] [32mBuilding C object CMakeFiles/turtlesim__rosidl_generator_py.dir/rosidl_generator_py/turtlesim/srv/_teleport_relative_s.c.o[0m
[53.831s] [ 94%] [32m[1mLinking C shared library rosidl_generator_py/turtlesim/libturtlesim__rosidl_generator_py.so[0m
[53.865s] [ 94%] Built target turtlesim__rosidl_generator_py
[53.880s] [ 95%] [32mBuilding C object CMakeFiles/turtlesim__rosidl_typesupport_fastrtps_c__pyext.dir/rosidl_generator_py/turtlesim/_turtlesim_s.ep.rosidl_typesupport_fastrtps_c.c.o[0m
[54.013s] [ 96%] [32m[1mLinking C shared library rosidl_generator_py/turtlesim/turtlesim_s__rosidl_typesupport_fastrtps_c.cpython-310-x86_64-linux-gnu.so[0m
[54.044s] [ 96%] Built target turtlesim__rosidl_typesupport_fastrtps_c__pyext
[54.058s] [ 97%] [32mBuilding C object CMakeFiles/turtlesim__rosidl_typesupport_introspection_c__pyext.dir/rosidl_generator_py/turtlesim/_turtlesim_s.ep.rosidl_typesupport_introspection_c.c.o[0m
[54.193s] [ 98%] [32m[1mLinking C shared library rosidl_generator_py/turtlesim/turtlesim_s__rosidl_typesupport_introspection_c.cpython-310-x86_64-linux-gnu.so[0m
[54.227s] [ 98%] Built target turtlesim__rosidl_typesupport_introspection_c__pyext
[54.242s] [ 99%] [32mBuilding C object CMakeFiles/turtlesim__rosidl_typesupport_c__pyext.dir/rosidl_generator_py/turtlesim/_turtlesim_s.ep.rosidl_typesupport_c.c.o[0m
[54.377s] [100%] [32m[1mLinking C shared library rosidl_generator_py/turtlesim/turtlesim_s__rosidl_typesupport_c.cpython-310-x86_64-linux-gnu.so[0m
[54.409s] [100%] Built target turtlesim__rosidl_typesupport_c__pyext
[54.490s] Invoked command in '/home/damoon/ROS2_Learning/ros2_ws_2/build/turtlesim' returned '0': CMAKE_PREFIX_PATH=/opt/ros/iron /usr/bin/cmake --build /home/damoon/ROS2_Learning/ros2_ws_2/build/turtlesim -- -j2 -l2
[54.712s] Invoking command in '/home/damoon/ROS2_Learning/ros2_ws_2/build/turtlesim': CMAKE_PREFIX_PATH=/opt/ros/iron /usr/bin/cmake --install /home/damoon/ROS2_Learning/ros2_ws_2/build/turtlesim
[54.722s] -- Install configuration: ""
[54.723s] -- Installing: /home/damoon/ROS2_Learning/ros2_ws_2/install/turtlesim/share/ament_index/resource_index/rosidl_interfaces/turtlesim
[54.723s] -- Installing: /home/damoon/ROS2_Learning/ros2_ws_2/install/turtlesim/share/turtlesim/action/RotateAbsolute.json
[54.724s] -- Installing: /home/damoon/ROS2_Learning/ros2_ws_2/install/turtlesim/share/turtlesim/msg/Color.json
[54.724s] -- Installing: /home/damoon/ROS2_Learning/ros2_ws_2/install/turtlesim/share/turtlesim/msg/Pose.json
[54.724s] -- Installing: /home/damoon/ROS2_Learning/ros2_ws_2/install/turtlesim/share/turtlesim/srv/Kill.json
[54.724s] -- Installing: /home/damoon/ROS2_Learning/ros2_ws_2/install/turtlesim/share/turtlesim/srv/SetPen.json
[54.725s] -- Installing: /home/damoon/ROS2_Learning/ros2_ws_2/install/turtlesim/share/turtlesim/srv/Spawn.json
[54.725s] -- Installing: /home/damoon/ROS2_Learning/ros2_ws_2/install/turtlesim/share/turtlesim/srv/TeleportAbsolute.json
[54.725s] -- Installing: /home/damoon/ROS2_Learning/ros2_ws_2/install/turtlesim/share/turtlesim/srv/TeleportRelative.json
[54.725s] -- Installing: /home/damoon/ROS2_Learning/ros2_ws_2/install/turtlesim/include/turtlesim/turtlesim
[54.725s] -- Installing: /home/damoon/ROS2_Learning/ros2_ws_2/install/turtlesim/include/turtlesim/turtlesim/action
[54.725s] -- Installing: /home/damoon/ROS2_Learning/ros2_ws_2/install/turtlesim/include/turtlesim/turtlesim/action/rotate_absolute.h
[54.726s] -- Installing: /home/damoon/ROS2_Learning/ros2_ws_2/install/turtlesim/include/turtlesim/turtlesim/action/detail
[54.726s] -- Installing: /home/damoon/ROS2_Learning/ros2_ws_2/install/turtlesim/include/turtlesim/turtlesim/action/detail/rotate_absolute__type_support.c
[54.726s] -- Installing: /home/damoon/ROS2_Learning/ros2_ws_2/install/turtlesim/include/turtlesim/turtlesim/action/detail/rotate_absolute__functions.h
[54.726s] -- Installing: /home/damoon/ROS2_Learning/ros2_ws_2/install/turtlesim/include/turtlesim/turtlesim/action/detail/rotate_absolute__struct.h
[54.726s] -- Installing: /home/damoon/ROS2_Learning/ros2_ws_2/install/turtlesim/include/turtlesim/turtlesim/action/detail/rotate_absolute__functions.c
[54.726s] -- Installing: /home/damoon/ROS2_Learning/ros2_ws_2/install/turtlesim/include/turtlesim/turtlesim/action/detail/rotate_absolute__type_support.h
[54.727s] -- Installing: /home/damoon/ROS2_Learning/ros2_ws_2/install/turtlesim/include/turtlesim/turtlesim/action/detail/rotate_absolute__description.c
[54.727s] -- Installing: /home/damoon/ROS2_Learning/ros2_ws_2/install/turtlesim/include/turtlesim/turtlesim/msg
[54.727s] -- Installing: /home/damoon/ROS2_Learning/ros2_ws_2/install/turtlesim/include/turtlesim/turtlesim/msg/color.h
[54.727s] -- Installing: /home/damoon/ROS2_Learning/ros2_ws_2/install/turtlesim/include/turtlesim/turtlesim/msg/detail
[54.727s] -- Installing: /home/damoon/ROS2_Learning/ros2_ws_2/install/turtlesim/include/turtlesim/turtlesim/msg/detail/pose__type_support.h
[54.727s] -- Installing: /home/damoon/ROS2_Learning/ros2_ws_2/install/turtlesim/include/turtlesim/turtlesim/msg/detail/color__struct.h
[54.727s] -- Installing: /home/damoon/ROS2_Learning/ros2_ws_2/install/turtlesim/include/turtlesim/turtlesim/msg/detail/color__type_support.c
[54.728s] -- Installing: /home/damoon/ROS2_Learning/ros2_ws_2/install/turtlesim/include/turtlesim/turtlesim/msg/detail/color__description.c
[54.728s] -- Installing: /home/damoon/ROS2_Learning/ros2_ws_2/install/turtlesim/include/turtlesim/turtlesim/msg/detail/color__functions.h
[54.728s] -- Installing: /home/damoon/ROS2_Learning/ros2_ws_2/install/turtlesim/include/turtlesim/turtlesim/msg/detail/pose__type_support.c
[54.728s] -- Installing: /home/damoon/ROS2_Learning/ros2_ws_2/install/turtlesim/include/turtlesim/turtlesim/msg/detail/pose__functions.h
[54.728s] -- Installing: /home/damoon/ROS2_Learning/ros2_ws_2/install/turtlesim/include/turtlesim/turtlesim/msg/detail/pose__functions.c
[54.728s] -- Installing: /home/damoon/ROS2_Learning/ros2_ws_2/install/turtlesim/include/turtlesim/turtlesim/msg/detail/pose__struct.h
[54.728s] -- Installing: /home/damoon/ROS2_Learning/ros2_ws_2/install/turtlesim/include/turtlesim/turtlesim/msg/detail/color__type_support.h
[54.728s] -- Installing: /home/damoon/ROS2_Learning/ros2_ws_2/install/turtlesim/include/turtlesim/turtlesim/msg/detail/pose__description.c
[54.729s] -- Installing: /home/damoon/ROS2_Learning/ros2_ws_2/install/turtlesim/include/turtlesim/turtlesim/msg/detail/color__functions.c
[54.729s] -- Installing: /home/damoon/ROS2_Learning/ros2_ws_2/install/turtlesim/include/turtlesim/turtlesim/msg/pose.h
[54.729s] -- Installing: /home/damoon/ROS2_Learning/ros2_ws_2/install/turtlesim/include/turtlesim/turtlesim/msg/rosidl_generator_c__visibility_control.h
[54.729s] -- Installing: /home/damoon/ROS2_Learning/ros2_ws_2/install/turtlesim/include/turtlesim/turtlesim/srv
[54.729s] -- Installing: /home/damoon/ROS2_Learning/ros2_ws_2/install/turtlesim/include/turtlesim/turtlesim/srv/teleport_relative.h
[54.729s] -- Installing: /home/damoon/ROS2_Learning/ros2_ws_2/install/turtlesim/include/turtlesim/turtlesim/srv/kill.h
[54.729s] -- Installing: /home/damoon/ROS2_Learning/ros2_ws_2/install/turtlesim/include/turtlesim/turtlesim/srv/detail
[54.730s] -- Installing: /home/damoon/ROS2_Learning/ros2_ws_2/install/turtlesim/include/turtlesim/turtlesim/srv/detail/set_pen__description.c
[54.730s] -- Installing: /home/damoon/ROS2_Learning/ros2_ws_2/install/turtlesim/include/turtlesim/turtlesim/srv/detail/teleport_relative__functions.c
[54.730s] -- Installing: /home/damoon/ROS2_Learning/ros2_ws_2/install/turtlesim/include/turtlesim/turtlesim/srv/detail/spawn__type_support.h
[54.730s] -- Installing: /home/damoon/ROS2_Learning/ros2_ws_2/install/turtlesim/include/turtlesim/turtlesim/srv/detail/teleport_absolute__struct.h
[54.730s] -- Installing: /home/damoon/ROS2_Learning/ros2_ws_2/install/turtlesim/include/turtlesim/turtlesim/srv/detail/teleport_absolute__functions.h
[54.730s] -- Installing: /home/damoon/ROS2_Learning/ros2_ws_2/install/turtlesim/include/turtlesim/turtlesim/srv/detail/teleport_relative__struct.h
[54.731s] -- Installing: /home/damoon/ROS2_Learning/ros2_ws_2/install/turtlesim/include/turtlesim/turtlesim/srv/detail/kill__struct.h
[54.731s] -- Installing: /home/damoon/ROS2_Learning/ros2_ws_2/install/turtlesim/include/turtlesim/turtlesim/srv/detail/spawn__type_support.c
[54.731s] -- Installing: /home/damoon/ROS2_Learning/ros2_ws_2/install/turtlesim/include/turtlesim/turtlesim/srv/detail/teleport_relative__description.c
[54.731s] -- Installing: /home/damoon/ROS2_Learning/ros2_ws_2/install/turtlesim/include/turtlesim/turtlesim/srv/detail/teleport_absolute__type_support.c
[54.731s] -- Installing: /home/damoon/ROS2_Learning/ros2_ws_2/install/turtlesim/include/turtlesim/turtlesim/srv/detail/teleport_absolute__functions.c
[54.732s] -- Installing: /home/damoon/ROS2_Learning/ros2_ws_2/install/turtlesim/include/turtlesim/turtlesim/srv/detail/set_pen__type_support.h
[54.732s] -- Installing: /home/damoon/ROS2_Learning/ros2_ws_2/install/turtlesim/include/turtlesim/turtlesim/srv/detail/teleport_absolute__type_support.h
[54.732s] -- Installing: /home/damoon/ROS2_Learning/ros2_ws_2/install/turtlesim/include/turtlesim/turtlesim/srv/detail/teleport_absolute__description.c
[54.732s] -- Installing: /home/damoon/ROS2_Learning/ros2_ws_2/install/turtlesim/include/turtlesim/turtlesim/srv/detail/kill__functions.c
[54.732s] -- Installing: /home/damoon/ROS2_Learning/ros2_ws_2/install/turtlesim/include/turtlesim/turtlesim/srv/detail/spawn__functions.h
[54.732s] -- Installing: /home/damoon/ROS2_Learning/ros2_ws_2/install/turtlesim/include/turtlesim/turtlesim/srv/detail/set_pen__functions.c
[54.733s] -- Installing: /home/damoon/ROS2_Learning/ros2_ws_2/install/turtlesim/include/turtlesim/turtlesim/srv/detail/set_pen__type_support.c
[54.733s] -- Installing: /home/damoon/ROS2_Learning/ros2_ws_2/install/turtlesim/include/turtlesim/turtlesim/srv/detail/teleport_relative__type_support.h
[54.733s] -- Installing: /home/damoon/ROS2_Learning/ros2_ws_2/install/turtlesim/include/turtlesim/turtlesim/srv/detail/teleport_relative__functions.h
[54.733s] -- Installing: /home/damoon/ROS2_Learning/ros2_ws_2/install/turtlesim/include/turtlesim/turtlesim/srv/detail/kill__functions.h
[54.733s] -- Installing: /home/damoon/ROS2_Learning/ros2_ws_2/install/turtlesim/include/turtlesim/turtlesim/srv/detail/set_pen__struct.h
[54.733s] -- Installing: /home/damoon/ROS2_Learning/ros2_ws_2/install/turtlesim/include/turtlesim/turtlesim/srv/detail/kill__type_support.h
[54.733s] -- Installing: /home/damoon/ROS2_Learning/ros2_ws_2/install/turtlesim/include/turtlesim/turtlesim/srv/detail/kill__description.c
[54.734s] -- Installing: /home/damoon/ROS2_Learning/ros2_ws_2/install/turtlesim/include/turtlesim/turtlesim/srv/detail/teleport_relative__type_support.c
[54.734s] -- Installing: /home/damoon/ROS2_Learning/ros2_ws_2/install/turtlesim/include/turtlesim/turtlesim/srv/detail/set_pen__functions.h
[54.734s] -- Installing: /home/damoon/ROS2_Learning/ros2_ws_2/install/turtlesim/include/turtlesim/turtlesim/srv/detail/spawn__functions.c
[54.734s] -- Installing: /home/damoon/ROS2_Learning/ros2_ws_2/install/turtlesim/include/turtlesim/turtlesim/srv/detail/spawn__struct.h
[54.734s] -- Installing: /home/damoon/ROS2_Learning/ros2_ws_2/install/turtlesim/include/turtlesim/turtlesim/srv/detail/spawn__description.c
[54.735s] -- Installing: /home/damoon/ROS2_Learning/ros2_ws_2/install/turtlesim/include/turtlesim/turtlesim/srv/detail/kill__type_support.c
[54.735s] -- Installing: /home/damoon/ROS2_Learning/ros2_ws_2/install/turtlesim/include/turtlesim/turtlesim/srv/set_pen.h
[54.735s] -- Installing: /home/damoon/ROS2_Learning/ros2_ws_2/install/turtlesim/include/turtlesim/turtlesim/srv/spawn.h
[54.735s] -- Installing: /home/damoon/ROS2_Learning/ros2_ws_2/install/turtlesim/include/turtlesim/turtlesim/srv/teleport_absolute.h
[54.736s] -- Installing: /home/damoon/ROS2_Learning/ros2_ws_2/install/turtlesim/share/turtlesim/environment/library_path.sh
[54.736s] -- Installing: /home/damoon/ROS2_Learning/ros2_ws_2/install/turtlesim/share/turtlesim/environment/library_path.dsv
[54.736s] -- Installing: /home/damoon/ROS2_Learning/ros2_ws_2/install/turtlesim/lib/libturtlesim__rosidl_generator_c.so
[54.737s] -- Set runtime path of "/home/damoon/ROS2_Learning/ros2_ws_2/install/turtlesim/lib/libturtlesim__rosidl_generator_c.so" to ""
[54.737s] -- Up-to-date: /home/damoon/ROS2_Learning/ros2_ws_2/install/turtlesim/include/turtlesim/turtlesim
[54.737s] -- Up-to-date: /home/damoon/ROS2_Learning/ros2_ws_2/install/turtlesim/include/turtlesim/turtlesim/action
[54.737s] -- Up-to-date: /home/damoon/ROS2_Learning/ros2_ws_2/install/turtlesim/include/turtlesim/turtlesim/action/detail
[54.737s] -- Installing: /home/damoon/ROS2_Learning/ros2_ws_2/install/turtlesim/include/turtlesim/turtlesim/action/detail/rotate_absolute__rosidl_typesupport_fastrtps_c.h
[54.737s] -- Up-to-date: /home/damoon/ROS2_Learning/ros2_ws_2/install/turtlesim/include/turtlesim/turtlesim/msg
[54.738s] -- Installing: /home/damoon/ROS2_Learning/ros2_ws_2/install/turtlesim/include/turtlesim/turtlesim/msg/rosidl_typesupport_fastrtps_c__visibility_control.h
[54.738s] -- Up-to-date: /home/damoon/ROS2_Learning/ros2_ws_2/install/turtlesim/include/turtlesim/turtlesim/msg/detail
[54.738s] -- Installing: /home/damoon/ROS2_Learning/ros2_ws_2/install/turtlesim/include/turtlesim/turtlesim/msg/detail/pose__rosidl_typesupport_fastrtps_c.h
[54.738s] -- Installing: /home/damoon/ROS2_Learning/ros2_ws_2/install/turtlesim/include/turtlesim/turtlesim/msg/detail/color__rosidl_typesupport_fastrtps_c.h
[54.738s] -- Up-to-date: /home/damoon/ROS2_Learning/ros2_ws_2/install/turtlesim/include/turtlesim/turtlesim/srv
[54.739s] -- Up-to-date: /home/damoon/ROS2_Learning/ros2_ws_2/install/turtlesim/include/turtlesim/turtlesim/srv/detail
[54.739s] -- Installing: /home/damoon/ROS2_Learning/ros2_ws_2/install/turtlesim/include/turtlesim/turtlesim/srv/detail/set_pen__rosidl_typesupport_fastrtps_c.h
[54.739s] -- Installing: /home/damoon/ROS2_Learning/ros2_ws_2/install/turtlesim/include/turtlesim/turtlesim/srv/detail/teleport_absolute__rosidl_typesupport_fastrtps_c.h
[54.739s] -- Installing: /home/damoon/ROS2_Learning/ros2_ws_2/install/turtlesim/include/turtlesim/turtlesim/srv/detail/teleport_relative__rosidl_typesupport_fastrtps_c.h
[54.739s] -- Installing: /home/damoon/ROS2_Learning/ros2_ws_2/install/turtlesim/include/turtlesim/turtlesim/srv/detail/spawn__rosidl_typesupport_fastrtps_c.h
[54.739s] -- Installing: /home/damoon/ROS2_Learning/ros2_ws_2/install/turtlesim/include/turtlesim/turtlesim/srv/detail/kill__rosidl_typesupport_fastrtps_c.h
[54.739s] -- Installing: /home/damoon/ROS2_Learning/ros2_ws_2/install/turtlesim/lib/libturtlesim__rosidl_typesupport_fastrtps_c.so
[54.740s] -- Set runtime path of "/home/damoon/ROS2_Learning/ros2_ws_2/install/turtlesim/lib/libturtlesim__rosidl_typesupport_fastrtps_c.so" to ""
[54.740s] -- Up-to-date: /home/damoon/ROS2_Learning/ros2_ws_2/install/turtlesim/include/turtlesim/turtlesim
[54.740s] -- Up-to-date: /home/damoon/ROS2_Learning/ros2_ws_2/install/turtlesim/include/turtlesim/turtlesim/action
[54.740s] -- Installing: /home/damoon/ROS2_Learning/ros2_ws_2/install/turtlesim/include/turtlesim/turtlesim/action/rotate_absolute.hpp
[54.740s] -- Up-to-date: /home/damoon/ROS2_Learning/ros2_ws_2/install/turtlesim/include/turtlesim/turtlesim/action/detail
[54.740s] -- Installing: /home/damoon/ROS2_Learning/ros2_ws_2/install/turtlesim/include/turtlesim/turtlesim/action/detail/rotate_absolute__traits.hpp
[54.740s] -- Installing: /home/damoon/ROS2_Learning/ros2_ws_2/install/turtlesim/include/turtlesim/turtlesim/action/detail/rotate_absolute__builder.hpp
[54.741s] -- Installing: /home/damoon/ROS2_Learning/ros2_ws_2/install/turtlesim/include/turtlesim/turtlesim/action/detail/rotate_absolute__struct.hpp
[54.741s] -- Up-to-date: /home/damoon/ROS2_Learning/ros2_ws_2/install/turtlesim/include/turtlesim/turtlesim/msg
[54.741s] -- Installing: /home/damoon/ROS2_Learning/ros2_ws_2/install/turtlesim/include/turtlesim/turtlesim/msg/color.hpp
[54.741s] -- Up-to-date: /home/damoon/ROS2_Learning/ros2_ws_2/install/turtlesim/include/turtlesim/turtlesim/msg/detail
[54.741s] -- Installing: /home/damoon/ROS2_Learning/ros2_ws_2/install/turtlesim/include/turtlesim/turtlesim/msg/detail/color__struct.hpp
[54.741s] -- Installing: /home/damoon/ROS2_Learning/ros2_ws_2/install/turtlesim/include/turtlesim/turtlesim/msg/detail/color__traits.hpp
[54.741s] -- Installing: /home/damoon/ROS2_Learning/ros2_ws_2/install/turtlesim/include/turtlesim/turtlesim/msg/detail/pose__traits.hpp
[54.741s] -- Installing: /home/damoon/ROS2_Learning/ros2_ws_2/install/turtlesim/include/turtlesim/turtlesim/msg/detail/color__builder.hpp
[54.741s] -- Installing: /home/damoon/ROS2_Learning/ros2_ws_2/install/turtlesim/include/turtlesim/turtlesim/msg/detail/pose__struct.hpp
[54.741s] -- Installing: /home/damoon/ROS2_Learning/ros2_ws_2/install/turtlesim/include/turtlesim/turtlesim/msg/detail/pose__builder.hpp
[54.742s] -- Installing: /home/damoon/ROS2_Learning/ros2_ws_2/install/turtlesim/include/turtlesim/turtlesim/msg/pose.hpp
[54.742s] -- Up-to-date: /home/damoon/ROS2_Learning/ros2_ws_2/install/turtlesim/include/turtlesim/turtlesim/srv
[54.742s] -- Installing: /home/damoon/ROS2_Learning/ros2_ws_2/install/turtlesim/include/turtlesim/turtlesim/srv/teleport_absolute.hpp
[54.742s] -- Installing: /home/damoon/ROS2_Learning/ros2_ws_2/install/turtlesim/include/turtlesim/turtlesim/srv/spawn.hpp
[54.742s] -- Installing: /home/damoon/ROS2_Learning/ros2_ws_2/install/turtlesim/include/turtlesim/turtlesim/srv/set_pen.hpp
[54.742s] -- Installing: /home/damoon/ROS2_Learning/ros2_ws_2/install/turtlesim/include/turtlesim/turtlesim/srv/teleport_relative.hpp
[54.742s] -- Up-to-date: /home/damoon/ROS2_Learning/ros2_ws_2/install/turtlesim/include/turtlesim/turtlesim/srv/detail
[54.742s] -- Installing: /home/damoon/ROS2_Learning/ros2_ws_2/install/turtlesim/include/turtlesim/turtlesim/srv/detail/spawn__builder.hpp
[54.743s] -- Installing: /home/damoon/ROS2_Learning/ros2_ws_2/install/turtlesim/include/turtlesim/turtlesim/srv/detail/set_pen__struct.hpp
[54.743s] -- Installing: /home/damoon/ROS2_Learning/ros2_ws_2/install/turtlesim/include/turtlesim/turtlesim/srv/detail/spawn__struct.hpp
[54.743s] -- Installing: /home/damoon/ROS2_Learning/ros2_ws_2/install/turtlesim/include/turtlesim/turtlesim/srv/detail/kill__struct.hpp
[54.743s] -- Installing: /home/damoon/ROS2_Learning/ros2_ws_2/install/turtlesim/include/turtlesim/turtlesim/srv/detail/set_pen__traits.hpp
[54.744s] -- Installing: /home/damoon/ROS2_Learning/ros2_ws_2/install/turtlesim/include/turtlesim/turtlesim/srv/detail/teleport_absolute__builder.hpp
[54.744s] -- Installing: /home/damoon/ROS2_Learning/ros2_ws_2/install/turtlesim/include/turtlesim/turtlesim/srv/detail/teleport_relative__struct.hpp
[54.744s] -- Installing: /home/damoon/ROS2_Learning/ros2_ws_2/install/turtlesim/include/turtlesim/turtlesim/srv/detail/kill__traits.hpp
[54.744s] -- Installing: /home/damoon/ROS2_Learning/ros2_ws_2/install/turtlesim/include/turtlesim/turtlesim/srv/detail/teleport_relative__builder.hpp
[54.744s] -- Installing: /home/damoon/ROS2_Learning/ros2_ws_2/install/turtlesim/include/turtlesim/turtlesim/srv/detail/kill__builder.hpp
[54.744s] -- Installing: /home/damoon/ROS2_Learning/ros2_ws_2/install/turtlesim/include/turtlesim/turtlesim/srv/detail/spawn__traits.hpp
[54.745s] -- Installing: /home/damoon/ROS2_Learning/ros2_ws_2/install/turtlesim/include/turtlesim/turtlesim/srv/detail/set_pen__builder.hpp
[54.745s] -- Installing: /home/damoon/ROS2_Learning/ros2_ws_2/install/turtlesim/include/turtlesim/turtlesim/srv/detail/teleport_absolute__traits.hpp
[54.745s] -- Installing: /home/damoon/ROS2_Learning/ros2_ws_2/install/turtlesim/include/turtlesim/turtlesim/srv/detail/teleport_absolute__struct.hpp
[54.745s] -- Installing: /home/damoon/ROS2_Learning/ros2_ws_2/install/turtlesim/include/turtlesim/turtlesim/srv/detail/teleport_relative__traits.hpp
[54.745s] -- Installing: /home/damoon/ROS2_Learning/ros2_ws_2/install/turtlesim/include/turtlesim/turtlesim/srv/kill.hpp
[54.746s] -- Up-to-date: /home/damoon/ROS2_Learning/ros2_ws_2/install/turtlesim/include/turtlesim/turtlesim
[54.746s] -- Up-to-date: /home/damoon/ROS2_Learning/ros2_ws_2/install/turtlesim/include/turtlesim/turtlesim/action
[54.746s] -- Up-to-date: /home/damoon/ROS2_Learning/ros2_ws_2/install/turtlesim/include/turtlesim/turtlesim/action/detail
[54.746s] -- Installing: /home/damoon/ROS2_Learning/ros2_ws_2/install/turtlesim/include/turtlesim/turtlesim/action/detail/dds_fastrtps
[54.746s] -- Installing: /home/damoon/ROS2_Learning/ros2_ws_2/install/turtlesim/include/turtlesim/turtlesim/action/detail/rotate_absolute__rosidl_typesupport_fastrtps_cpp.hpp
[54.747s] -- Up-to-date: /home/damoon/ROS2_Learning/ros2_ws_2/install/turtlesim/include/turtlesim/turtlesim/msg
[54.747s] -- Up-to-date: /home/damoon/ROS2_Learning/ros2_ws_2/install/turtlesim/include/turtlesim/turtlesim/msg/detail
[54.747s] -- Installing: /home/damoon/ROS2_Learning/ros2_ws_2/install/turtlesim/include/turtlesim/turtlesim/msg/detail/dds_fastrtps
[54.747s] -- Installing: /home/damoon/ROS2_Learning/ros2_ws_2/install/turtlesim/include/turtlesim/turtlesim/msg/detail/color__rosidl_typesupport_fastrtps_cpp.hpp
[54.747s] -- Installing: /home/damoon/ROS2_Learning/ros2_ws_2/install/turtlesim/include/turtlesim/turtlesim/msg/detail/pose__rosidl_typesupport_fastrtps_cpp.hpp
[54.747s] -- Installing: /home/damoon/ROS2_Learning/ros2_ws_2/install/turtlesim/include/turtlesim/turtlesim/msg/rosidl_typesupport_fastrtps_cpp__visibility_control.h
[54.748s] -- Up-to-date: /home/damoon/ROS2_Learning/ros2_ws_2/install/turtlesim/include/turtlesim/turtlesim/srv
[54.748s] -- Up-to-date: /home/damoon/ROS2_Learning/ros2_ws_2/install/turtlesim/include/turtlesim/turtlesim/srv/detail
[54.748s] -- Installing: /home/damoon/ROS2_Learning/ros2_ws_2/install/turtlesim/include/turtlesim/turtlesim/srv/detail/dds_fastrtps
[54.748s] -- Installing: /home/damoon/ROS2_Learning/ros2_ws_2/install/turtlesim/include/turtlesim/turtlesim/srv/detail/kill__rosidl_typesupport_fastrtps_cpp.hpp
[54.748s] -- Installing: /home/damoon/ROS2_Learning/ros2_ws_2/install/turtlesim/include/turtlesim/turtlesim/srv/detail/spawn__rosidl_typesupport_fastrtps_cpp.hpp
[54.748s] -- Installing: /home/damoon/ROS2_Learning/ros2_ws_2/install/turtlesim/include/turtlesim/turtlesim/srv/detail/set_pen__rosidl_typesupport_fastrtps_cpp.hpp
[54.749s] -- Installing: /home/damoon/ROS2_Learning/ros2_ws_2/install/turtlesim/include/turtlesim/turtlesim/srv/detail/teleport_absolute__rosidl_typesupport_fastrtps_cpp.hpp
[54.749s] -- Installing: /home/damoon/ROS2_Learning/ros2_ws_2/install/turtlesim/include/turtlesim/turtlesim/srv/detail/teleport_relative__rosidl_typesupport_fastrtps_cpp.hpp
[54.749s] -- Installing: /home/damoon/ROS2_Learning/ros2_ws_2/install/turtlesim/lib/libturtlesim__rosidl_typesupport_fastrtps_cpp.so
[54.751s] -- Set runtime path of "/home/damoon/ROS2_Learning/ros2_ws_2/install/turtlesim/lib/libturtlesim__rosidl_typesupport_fastrtps_cpp.so" to ""
[54.751s] -- Up-to-date: /home/damoon/ROS2_Learning/ros2_ws_2/install/turtlesim/include/turtlesim/turtlesim
[54.751s] -- Up-to-date: /home/damoon/ROS2_Learning/ros2_ws_2/install/turtlesim/include/turtlesim/turtlesim/action
[54.751s] -- Up-to-date: /home/damoon/ROS2_Learning/ros2_ws_2/install/turtlesim/include/turtlesim/turtlesim/action/detail
[54.751s] -- Installing: /home/damoon/ROS2_Learning/ros2_ws_2/install/turtlesim/include/turtlesim/turtlesim/action/detail/rotate_absolute__type_support.c
[54.752s] -- Installing: /home/damoon/ROS2_Learning/ros2_ws_2/install/turtlesim/include/turtlesim/turtlesim/action/detail/rotate_absolute__rosidl_typesupport_introspection_c.h
[54.752s] -- Up-to-date: /home/damoon/ROS2_Learning/ros2_ws_2/install/turtlesim/include/turtlesim/turtlesim/msg
[54.752s] -- Installing: /home/damoon/ROS2_Learning/ros2_ws_2/install/turtlesim/include/turtlesim/turtlesim/msg/rosidl_typesupport_introspection_c__visibility_control.h
[54.752s] -- Up-to-date: /home/damoon/ROS2_Learning/ros2_ws_2/install/turtlesim/include/turtlesim/turtlesim/msg/detail
[54.752s] -- Installing: /home/damoon/ROS2_Learning/ros2_ws_2/install/turtlesim/include/turtlesim/turtlesim/msg/detail/color__rosidl_typesupport_introspection_c.h
[54.752s] -- Installing: /home/damoon/ROS2_Learning/ros2_ws_2/install/turtlesim/include/turtlesim/turtlesim/msg/detail/color__type_support.c
[54.753s] -- Installing: /home/damoon/ROS2_Learning/ros2_ws_2/install/turtlesim/include/turtlesim/turtlesim/msg/detail/pose__type_support.c
[54.753s] -- Installing: /home/damoon/ROS2_Learning/ros2_ws_2/install/turtlesim/include/turtlesim/turtlesim/msg/detail/pose__rosidl_typesupport_introspection_c.h
[54.753s] -- Up-to-date: /home/damoon/ROS2_Learning/ros2_ws_2/install/turtlesim/include/turtlesim/turtlesim/srv
[54.753s] -- Up-to-date: /home/damoon/ROS2_Learning/ros2_ws_2/install/turtlesim/include/turtlesim/turtlesim/srv/detail
[54.753s] -- Installing: /home/damoon/ROS2_Learning/ros2_ws_2/install/turtlesim/include/turtlesim/turtlesim/srv/detail/spawn__rosidl_typesupport_introspection_c.h
[54.753s] -- Installing: /home/damoon/ROS2_Learning/ros2_ws_2/install/turtlesim/include/turtlesim/turtlesim/srv/detail/spawn__type_support.c
[54.754s] -- Installing: /home/damoon/ROS2_Learning/ros2_ws_2/install/turtlesim/include/turtlesim/turtlesim/srv/detail/teleport_absolute__type_support.c
[54.754s] -- Installing: /home/damoon/ROS2_Learning/ros2_ws_2/install/turtlesim/include/turtlesim/turtlesim/srv/detail/set_pen__rosidl_typesupport_introspection_c.h
[54.754s] -- Installing: /home/damoon/ROS2_Learning/ros2_ws_2/install/turtlesim/include/turtlesim/turtlesim/srv/detail/teleport_relative__rosidl_typesupport_introspection_c.h
[54.754s] -- Installing: /home/damoon/ROS2_Learning/ros2_ws_2/install/turtlesim/include/turtlesim/turtlesim/srv/detail/set_pen__type_support.c
[54.755s] -- Installing: /home/damoon/ROS2_Learning/ros2_ws_2/install/turtlesim/include/turtlesim/turtlesim/srv/detail/teleport_absolute__rosidl_typesupport_introspection_c.h
[54.755s] -- Installing: /home/damoon/ROS2_Learning/ros2_ws_2/install/turtlesim/include/turtlesim/turtlesim/srv/detail/teleport_relative__type_support.c
[54.755s] -- Installing: /home/damoon/ROS2_Learning/ros2_ws_2/install/turtlesim/include/turtlesim/turtlesim/srv/detail/kill__rosidl_typesupport_introspection_c.h
[54.755s] -- Installing: /home/damoon/ROS2_Learning/ros2_ws_2/install/turtlesim/include/turtlesim/turtlesim/srv/detail/kill__type_support.c
[54.756s] -- Installing: /home/damoon/ROS2_Learning/ros2_ws_2/install/turtlesim/lib/libturtlesim__rosidl_typesupport_introspection_c.so
[54.756s] -- Set runtime path of "/home/damoon/ROS2_Learning/ros2_ws_2/install/turtlesim/lib/libturtlesim__rosidl_typesupport_introspection_c.so" to ""
[54.756s] -- Installing: /home/damoon/ROS2_Learning/ros2_ws_2/install/turtlesim/lib/libturtlesim__rosidl_typesupport_c.so
[54.757s] -- Set runtime path of "/home/damoon/ROS2_Learning/ros2_ws_2/install/turtlesim/lib/libturtlesim__rosidl_typesupport_c.so" to ""
[54.757s] -- Up-to-date: /home/damoon/ROS2_Learning/ros2_ws_2/install/turtlesim/include/turtlesim/turtlesim
[54.757s] -- Up-to-date: /home/damoon/ROS2_Learning/ros2_ws_2/install/turtlesim/include/turtlesim/turtlesim/action
[54.757s] -- Up-to-date: /home/damoon/ROS2_Learning/ros2_ws_2/install/turtlesim/include/turtlesim/turtlesim/action/detail
[54.757s] -- Installing: /home/damoon/ROS2_Learning/ros2_ws_2/install/turtlesim/include/turtlesim/turtlesim/action/detail/rotate_absolute__rosidl_typesupport_introspection_cpp.hpp
[54.757s] -- Installing: /home/damoon/ROS2_Learning/ros2_ws_2/install/turtlesim/include/turtlesim/turtlesim/action/detail/rotate_absolute__type_support.cpp
[54.758s] -- Up-to-date: /home/damoon/ROS2_Learning/ros2_ws_2/install/turtlesim/include/turtlesim/turtlesim/msg
[54.758s] -- Up-to-date: /home/damoon/ROS2_Learning/ros2_ws_2/install/turtlesim/include/turtlesim/turtlesim/msg/detail
[54.758s] -- Installing: /home/damoon/ROS2_Learning/ros2_ws_2/install/turtlesim/include/turtlesim/turtlesim/msg/detail/color__rosidl_typesupport_introspection_cpp.hpp
[54.758s] -- Installing: /home/damoon/ROS2_Learning/ros2_ws_2/install/turtlesim/include/turtlesim/turtlesim/msg/detail/color__type_support.cpp
[54.758s] -- Installing: /home/damoon/ROS2_Learning/ros2_ws_2/install/turtlesim/include/turtlesim/turtlesim/msg/detail/pose__rosidl_typesupport_introspection_cpp.hpp
[54.758s] -- Installing: /home/damoon/ROS2_Learning/ros2_ws_2/install/turtlesim/include/turtlesim/turtlesim/msg/detail/pose__type_support.cpp
[54.759s] -- Up-to-date: /home/damoon/ROS2_Learning/ros2_ws_2/install/turtlesim/include/turtlesim/turtlesim/srv
[54.759s] -- Up-to-date: /home/damoon/ROS2_Learning/ros2_ws_2/install/turtlesim/include/turtlesim/turtlesim/srv/detail
[54.759s] -- Installing: /home/damoon/ROS2_Learning/ros2_ws_2/install/turtlesim/include/turtlesim/turtlesim/srv/detail/teleport_absolute__type_support.cpp
[54.759s] -- Installing: /home/damoon/ROS2_Learning/ros2_ws_2/install/turtlesim/include/turtlesim/turtlesim/srv/detail/set_pen__rosidl_typesupport_introspection_cpp.hpp
[54.759s] -- Installing: /home/damoon/ROS2_Learning/ros2_ws_2/install/turtlesim/include/turtlesim/turtlesim/srv/detail/kill__type_support.cpp
[54.760s] -- Installing: /home/damoon/ROS2_Learning/ros2_ws_2/install/turtlesim/include/turtlesim/turtlesim/srv/detail/spawn__type_support.cpp
[54.760s] -- Installing: /home/damoon/ROS2_Learning/ros2_ws_2/install/turtlesim/include/turtlesim/turtlesim/srv/detail/spawn__rosidl_typesupport_introspection_cpp.hpp
[54.760s] -- Installing: /home/damoon/ROS2_Learning/ros2_ws_2/install/turtlesim/include/turtlesim/turtlesim/srv/detail/kill__rosidl_typesupport_introspection_cpp.hpp
[54.760s] -- Installing: /home/damoon/ROS2_Learning/ros2_ws_2/install/turtlesim/include/turtlesim/turtlesim/srv/detail/teleport_absolute__rosidl_typesupport_introspection_cpp.hpp
[54.760s] -- Installing: /home/damoon/ROS2_Learning/ros2_ws_2/install/turtlesim/include/turtlesim/turtlesim/srv/detail/teleport_relative__type_support.cpp
[54.761s] -- Installing: /home/damoon/ROS2_Learning/ros2_ws_2/install/turtlesim/include/turtlesim/turtlesim/srv/detail/teleport_relative__rosidl_typesupport_introspection_cpp.hpp
[54.761s] -- Installing: /home/damoon/ROS2_Learning/ros2_ws_2/install/turtlesim/include/turtlesim/turtlesim/srv/detail/set_pen__type_support.cpp
[54.761s] -- Installing: /home/damoon/ROS2_Learning/ros2_ws_2/install/turtlesim/lib/libturtlesim__rosidl_typesupport_introspection_cpp.so
[54.763s] -- Set runtime path of "/home/damoon/ROS2_Learning/ros2_ws_2/install/turtlesim/lib/libturtlesim__rosidl_typesupport_introspection_cpp.so" to ""
[54.763s] -- Installing: /home/damoon/ROS2_Learning/ros2_ws_2/install/turtlesim/lib/libturtlesim__rosidl_typesupport_cpp.so
[54.764s] -- Set runtime path of "/home/damoon/ROS2_Learning/ros2_ws_2/install/turtlesim/lib/libturtlesim__rosidl_typesupport_cpp.so" to ""
[54.764s] -- Installing: /home/damoon/ROS2_Learning/ros2_ws_2/install/turtlesim/share/turtlesim/environment/pythonpath.sh
[54.764s] -- Installing: /home/damoon/ROS2_Learning/ros2_ws_2/install/turtlesim/share/turtlesim/environment/pythonpath.dsv
[54.764s] -- Installing: /home/damoon/ROS2_Learning/ros2_ws_2/install/turtlesim/lib/python3.10/site-packages/turtlesim-1.6.1-py3.10.egg-info
[54.764s] -- Installing: /home/damoon/ROS2_Learning/ros2_ws_2/install/turtlesim/lib/python3.10/site-packages/turtlesim-1.6.1-py3.10.egg-info/top_level.txt
[54.765s] -- Installing: /home/damoon/ROS2_Learning/ros2_ws_2/install/turtlesim/lib/python3.10/site-packages/turtlesim-1.6.1-py3.10.egg-info/PKG-INFO
[54.765s] -- Installing: /home/damoon/ROS2_Learning/ros2_ws_2/install/turtlesim/lib/python3.10/site-packages/turtlesim-1.6.1-py3.10.egg-info/dependency_links.txt
[54.765s] -- Installing: /home/damoon/ROS2_Learning/ros2_ws_2/install/turtlesim/lib/python3.10/site-packages/turtlesim-1.6.1-py3.10.egg-info/SOURCES.txt
[54.765s] -- Installing: /home/damoon/ROS2_Learning/ros2_ws_2/install/turtlesim/lib/python3.10/site-packages/turtlesim
[54.765s] -- Installing: /home/damoon/ROS2_Learning/ros2_ws_2/install/turtlesim/lib/python3.10/site-packages/turtlesim/_turtlesim_s.ep.rosidl_typesupport_fastrtps_c.c
[54.765s] -- Installing: /home/damoon/ROS2_Learning/ros2_ws_2/install/turtlesim/lib/python3.10/site-packages/turtlesim/turtlesim_s__rosidl_typesupport_c.cpython-310-x86_64-linux-gnu.so
[54.766s] -- Installing: /home/damoon/ROS2_Learning/ros2_ws_2/install/turtlesim/lib/python3.10/site-packages/turtlesim/libturtlesim__rosidl_generator_py.so
[54.766s] -- Installing: /home/damoon/ROS2_Learning/ros2_ws_2/install/turtlesim/lib/python3.10/site-packages/turtlesim/_turtlesim_s.ep.rosidl_typesupport_introspection_c.c
[54.766s] -- Installing: /home/damoon/ROS2_Learning/ros2_ws_2/install/turtlesim/lib/python3.10/site-packages/turtlesim/action
[54.766s] -- Installing: /home/damoon/ROS2_Learning/ros2_ws_2/install/turtlesim/lib/python3.10/site-packages/turtlesim/action/_rotate_absolute.py
[54.766s] -- Installing: /home/damoon/ROS2_Learning/ros2_ws_2/install/turtlesim/lib/python3.10/site-packages/turtlesim/action/_rotate_absolute_s.c
[54.766s] -- Installing: /home/damoon/ROS2_Learning/ros2_ws_2/install/turtlesim/lib/python3.10/site-packages/turtlesim/action/__init__.py
[54.766s] -- Installing: /home/damoon/ROS2_Learning/ros2_ws_2/install/turtlesim/lib/python3.10/site-packages/turtlesim/_turtlesim_s.ep.rosidl_typesupport_c.c
[54.767s] -- Installing: /home/damoon/ROS2_Learning/ros2_ws_2/install/turtlesim/lib/python3.10/site-packages/turtlesim/turtlesim_s__rosidl_typesupport_introspection_c.cpython-310-x86_64-linux-gnu.so
[54.767s] -- Installing: /home/damoon/ROS2_Learning/ros2_ws_2/install/turtlesim/lib/python3.10/site-packages/turtlesim/msg
[54.767s] -- Installing: /home/damoon/ROS2_Learning/ros2_ws_2/install/turtlesim/lib/python3.10/site-packages/turtlesim/msg/_color.py
[54.767s] -- Installing: /home/damoon/ROS2_Learning/ros2_ws_2/install/turtlesim/lib/python3.10/site-packages/turtlesim/msg/_color_s.c
[54.767s] -- Installing: /home/damoon/ROS2_Learning/ros2_ws_2/install/turtlesim/lib/python3.10/site-packages/turtlesim/msg/_pose.py
[54.767s] -- Installing: /home/damoon/ROS2_Learning/ros2_ws_2/install/turtlesim/lib/python3.10/site-packages/turtlesim/msg/_pose_s.c
[54.767s] -- Installing: /home/damoon/ROS2_Learning/ros2_ws_2/install/turtlesim/lib/python3.10/site-packages/turtlesim/msg/__init__.py
[54.767s] -- Installing: /home/damoon/ROS2_Learning/ros2_ws_2/install/turtlesim/lib/python3.10/site-packages/turtlesim/__init__.py
[54.767s] -- Installing: /home/damoon/ROS2_Learning/ros2_ws_2/install/turtlesim/lib/python3.10/site-packages/turtlesim/turtlesim_s__rosidl_typesupport_fastrtps_c.cpython-310-x86_64-linux-gnu.so
[54.768s] -- Installing: /home/damoon/ROS2_Learning/ros2_ws_2/install/turtlesim/lib/python3.10/site-packages/turtlesim/srv
[54.768s] -- Installing: /home/damoon/ROS2_Learning/ros2_ws_2/install/turtlesim/lib/python3.10/site-packages/turtlesim/srv/_set_pen.py
[54.768s] -- Installing: /home/damoon/ROS2_Learning/ros2_ws_2/install/turtlesim/lib/python3.10/site-packages/turtlesim/srv/_spawn.py
[54.768s] -- Installing: /home/damoon/ROS2_Learning/ros2_ws_2/install/turtlesim/lib/python3.10/site-packages/turtlesim/srv/_teleport_absolute.py
[54.768s] -- Installing: /home/damoon/ROS2_Learning/ros2_ws_2/install/turtlesim/lib/python3.10/site-packages/turtlesim/srv/_kill.py
[54.768s] -- Installing: /home/damoon/ROS2_Learning/ros2_ws_2/install/turtlesim/lib/python3.10/site-packages/turtlesim/srv/_kill_s.c
[54.768s] -- Installing: /home/damoon/ROS2_Learning/ros2_ws_2/install/turtlesim/lib/python3.10/site-packages/turtlesim/srv/_teleport_relative_s.c
[54.768s] -- Installing: /home/damoon/ROS2_Learning/ros2_ws_2/install/turtlesim/lib/python3.10/site-packages/turtlesim/srv/__init__.py
[54.768s] -- Installing: /home/damoon/ROS2_Learning/ros2_ws_2/install/turtlesim/lib/python3.10/site-packages/turtlesim/srv/_spawn_s.c
[54.768s] -- Installing: /home/damoon/ROS2_Learning/ros2_ws_2/install/turtlesim/lib/python3.10/site-packages/turtlesim/srv/_teleport_relative.py
[54.769s] -- Installing: /home/damoon/ROS2_Learning/ros2_ws_2/install/turtlesim/lib/python3.10/site-packages/turtlesim/srv/_teleport_absolute_s.c
[54.769s] -- Installing: /home/damoon/ROS2_Learning/ros2_ws_2/install/turtlesim/lib/python3.10/site-packages/turtlesim/srv/_set_pen_s.c
[54.808s] Listing '/home/damoon/ROS2_Learning/ros2_ws_2/install/turtlesim/lib/python3.10/site-packages/turtlesim'...
[54.808s] Compiling '/home/damoon/ROS2_Learning/ros2_ws_2/install/turtlesim/lib/python3.10/site-packages/turtlesim/__init__.py'...
[54.808s] Listing '/home/damoon/ROS2_Learning/ros2_ws_2/install/turtlesim/lib/python3.10/site-packages/turtlesim/action'...
[54.808s] Compiling '/home/damoon/ROS2_Learning/ros2_ws_2/install/turtlesim/lib/python3.10/site-packages/turtlesim/action/__init__.py'...
[54.808s] Compiling '/home/damoon/ROS2_Learning/ros2_ws_2/install/turtlesim/lib/python3.10/site-packages/turtlesim/action/_rotate_absolute.py'...
[54.808s] Listing '/home/damoon/ROS2_Learning/ros2_ws_2/install/turtlesim/lib/python3.10/site-packages/turtlesim/msg'...
[54.808s] Compiling '/home/damoon/ROS2_Learning/ros2_ws_2/install/turtlesim/lib/python3.10/site-packages/turtlesim/msg/__init__.py'...
[54.808s] Compiling '/home/damoon/ROS2_Learning/ros2_ws_2/install/turtlesim/lib/python3.10/site-packages/turtlesim/msg/_color.py'...
[54.808s] Compiling '/home/damoon/ROS2_Learning/ros2_ws_2/install/turtlesim/lib/python3.10/site-packages/turtlesim/msg/_pose.py'...
[54.808s] Listing '/home/damoon/ROS2_Learning/ros2_ws_2/install/turtlesim/lib/python3.10/site-packages/turtlesim/srv'...
[54.808s] Compiling '/home/damoon/ROS2_Learning/ros2_ws_2/install/turtlesim/lib/python3.10/site-packages/turtlesim/srv/__init__.py'...
[54.808s] Compiling '/home/damoon/ROS2_Learning/ros2_ws_2/install/turtlesim/lib/python3.10/site-packages/turtlesim/srv/_kill.py'...
[54.808s] Compiling '/home/damoon/ROS2_Learning/ros2_ws_2/install/turtlesim/lib/python3.10/site-packages/turtlesim/srv/_set_pen.py'...
[54.808s] Compiling '/home/damoon/ROS2_Learning/ros2_ws_2/install/turtlesim/lib/python3.10/site-packages/turtlesim/srv/_spawn.py'...
[54.808s] Compiling '/home/damoon/ROS2_Learning/ros2_ws_2/install/turtlesim/lib/python3.10/site-packages/turtlesim/srv/_teleport_absolute.py'...
[54.808s] Compiling '/home/damoon/ROS2_Learning/ros2_ws_2/install/turtlesim/lib/python3.10/site-packages/turtlesim/srv/_teleport_relative.py'...
[54.811s] -- Installing: /home/damoon/ROS2_Learning/ros2_ws_2/install/turtlesim/lib/python3.10/site-packages/turtlesim/turtlesim_s__rosidl_typesupport_fastrtps_c.cpython-310-x86_64-linux-gnu.so
[54.811s] -- Set runtime path of "/home/damoon/ROS2_Learning/ros2_ws_2/install/turtlesim/lib/python3.10/site-packages/turtlesim/turtlesim_s__rosidl_typesupport_fastrtps_c.cpython-310-x86_64-linux-gnu.so" to ""
[54.812s] -- Installing: /home/damoon/ROS2_Learning/ros2_ws_2/install/turtlesim/lib/python3.10/site-packages/turtlesim/turtlesim_s__rosidl_typesupport_introspection_c.cpython-310-x86_64-linux-gnu.so
[54.812s] -- Set runtime path of "/home/damoon/ROS2_Learning/ros2_ws_2/install/turtlesim/lib/python3.10/site-packages/turtlesim/turtlesim_s__rosidl_typesupport_introspection_c.cpython-310-x86_64-linux-gnu.so" to ""
[54.812s] -- Installing: /home/damoon/ROS2_Learning/ros2_ws_2/install/turtlesim/lib/python3.10/site-packages/turtlesim/turtlesim_s__rosidl_typesupport_c.cpython-310-x86_64-linux-gnu.so
[54.812s] -- Set runtime path of "/home/damoon/ROS2_Learning/ros2_ws_2/install/turtlesim/lib/python3.10/site-packages/turtlesim/turtlesim_s__rosidl_typesupport_c.cpython-310-x86_64-linux-gnu.so" to ""
[54.812s] -- Installing: /home/damoon/ROS2_Learning/ros2_ws_2/install/turtlesim/lib/libturtlesim__rosidl_generator_py.so
[54.813s] -- Set runtime path of "/home/damoon/ROS2_Learning/ros2_ws_2/install/turtlesim/lib/libturtlesim__rosidl_generator_py.so" to ""
[54.813s] -- Installing: /home/damoon/ROS2_Learning/ros2_ws_2/install/turtlesim/share/turtlesim/action/RotateAbsolute.idl
[54.813s] -- Installing: /home/damoon/ROS2_Learning/ros2_ws_2/install/turtlesim/share/turtlesim/msg/Color.idl
[54.813s] -- Installing: /home/damoon/ROS2_Learning/ros2_ws_2/install/turtlesim/share/turtlesim/msg/Pose.idl
[54.813s] -- Installing: /home/damoon/ROS2_Learning/ros2_ws_2/install/turtlesim/share/turtlesim/srv/Kill.idl
[54.813s] -- Installing: /home/damoon/ROS2_Learning/ros2_ws_2/install/turtlesim/share/turtlesim/srv/SetPen.idl
[54.813s] -- Installing: /home/damoon/ROS2_Learning/ros2_ws_2/install/turtlesim/share/turtlesim/srv/Spawn.idl
[54.813s] -- Installing: /home/damoon/ROS2_Learning/ros2_ws_2/install/turtlesim/share/turtlesim/srv/TeleportAbsolute.idl
[54.813s] -- Installing: /home/damoon/ROS2_Learning/ros2_ws_2/install/turtlesim/share/turtlesim/srv/TeleportRelative.idl
[54.813s] -- Installing: /home/damoon/ROS2_Learning/ros2_ws_2/install/turtlesim/share/turtlesim/action/RotateAbsolute.action
[54.814s] -- Installing: /home/damoon/ROS2_Learning/ros2_ws_2/install/turtlesim/share/turtlesim/msg/Color.msg
[54.814s] -- Installing: /home/damoon/ROS2_Learning/ros2_ws_2/install/turtlesim/share/turtlesim/msg/Pose.msg
[54.814s] -- Installing: /home/damoon/ROS2_Learning/ros2_ws_2/install/turtlesim/share/turtlesim/srv/Kill.srv
[54.814s] -- Installing: /home/damoon/ROS2_Learning/ros2_ws_2/install/turtlesim/share/turtlesim/srv/Kill_Request.msg
[54.814s] -- Installing: /home/damoon/ROS2_Learning/ros2_ws_2/install/turtlesim/share/turtlesim/srv/Kill_Response.msg
[54.815s] -- Installing: /home/damoon/ROS2_Learning/ros2_ws_2/install/turtlesim/share/turtlesim/srv/SetPen.srv
[54.815s] -- Installing: /home/damoon/ROS2_Learning/ros2_ws_2/install/turtlesim/share/turtlesim/srv/SetPen_Request.msg
[54.815s] -- Installing: /home/damoon/ROS2_Learning/ros2_ws_2/install/turtlesim/share/turtlesim/srv/SetPen_Response.msg
[54.815s] -- Installing: /home/damoon/ROS2_Learning/ros2_ws_2/install/turtlesim/share/turtlesim/srv/Spawn.srv
[54.815s] -- Installing: /home/damoon/ROS2_Learning/ros2_ws_2/install/turtlesim/share/turtlesim/srv/Spawn_Request.msg
[54.816s] -- Installing: /home/damoon/ROS2_Learning/ros2_ws_2/install/turtlesim/share/turtlesim/srv/Spawn_Response.msg
[54.816s] -- Installing: /home/damoon/ROS2_Learning/ros2_ws_2/install/turtlesim/share/turtlesim/srv/TeleportAbsolute.srv
[54.816s] -- Installing: /home/damoon/ROS2_Learning/ros2_ws_2/install/turtlesim/share/turtlesim/srv/TeleportAbsolute_Request.msg
[54.816s] -- Installing: /home/damoon/ROS2_Learning/ros2_ws_2/install/turtlesim/share/turtlesim/srv/TeleportAbsolute_Response.msg
[54.816s] -- Installing: /home/damoon/ROS2_Learning/ros2_ws_2/install/turtlesim/share/turtlesim/srv/TeleportRelative.srv
[54.817s] -- Installing: /home/damoon/ROS2_Learning/ros2_ws_2/install/turtlesim/share/turtlesim/srv/TeleportRelative_Request.msg
[54.817s] -- Installing: /home/damoon/ROS2_Learning/ros2_ws_2/install/turtlesim/share/turtlesim/srv/TeleportRelative_Response.msg
[54.817s] -- Installing: /home/damoon/ROS2_Learning/ros2_ws_2/install/turtlesim/lib/turtlesim/turtlesim_node
[54.826s] -- Set runtime path of "/home/damoon/ROS2_Learning/ros2_ws_2/install/turtlesim/lib/turtlesim/turtlesim_node" to ""
[54.826s] -- Installing: /home/damoon/ROS2_Learning/ros2_ws_2/install/turtlesim/lib/turtlesim/turtle_teleop_key
[54.830s] -- Set runtime path of "/home/damoon/ROS2_Learning/ros2_ws_2/install/turtlesim/lib/turtlesim/turtle_teleop_key" to ""
[54.830s] -- Installing: /home/damoon/ROS2_Learning/ros2_ws_2/install/turtlesim/lib/turtlesim/draw_square
[54.834s] -- Set runtime path of "/home/damoon/ROS2_Learning/ros2_ws_2/install/turtlesim/lib/turtlesim/draw_square" to ""
[54.834s] -- Installing: /home/damoon/ROS2_Learning/ros2_ws_2/install/turtlesim/lib/turtlesim/mimic
[54.837s] -- Set runtime path of "/home/damoon/ROS2_Learning/ros2_ws_2/install/turtlesim/lib/turtlesim/mimic" to ""
[54.837s] -- Installing: /home/damoon/ROS2_Learning/ros2_ws_2/install/turtlesim/share/turtlesim/images
[54.837s] -- Installing: /home/damoon/ROS2_Learning/ros2_ws_2/install/turtlesim/share/turtlesim/images/ardent.png
[54.838s] -- Installing: /home/damoon/ROS2_Learning/ros2_ws_2/install/turtlesim/share/turtlesim/images/dashing.png
[54.838s] -- Installing: /home/damoon/ROS2_Learning/ros2_ws_2/install/turtlesim/share/turtlesim/images/bouncy.png
[54.838s] -- Installing: /home/damoon/ROS2_Learning/ros2_ws_2/install/turtlesim/share/turtlesim/images/rolling.png
[54.838s] -- Installing: /home/damoon/ROS2_Learning/ros2_ws_2/install/turtlesim/share/turtlesim/images/humble.png
[54.838s] -- Installing: /home/damoon/ROS2_Learning/ros2_ws_2/install/turtlesim/share/turtlesim/images/eloquent.png
[54.838s] -- Installing: /home/damoon/ROS2_Learning/ros2_ws_2/install/turtlesim/share/turtlesim/images/crystal.png
[54.839s] -- Installing: /home/damoon/ROS2_Learning/ros2_ws_2/install/turtlesim/share/turtlesim/images/foxy.png
[54.839s] -- Installing: /home/damoon/ROS2_Learning/ros2_ws_2/install/turtlesim/share/turtlesim/images/galactic.png
[54.839s] -- Installing: /home/damoon/ROS2_Learning/ros2_ws_2/install/turtlesim/share/turtlesim/images/iron.png
[54.839s] -- Installing: /home/damoon/ROS2_Learning/ros2_ws_2/install/turtlesim/share/turtlesim/launch
[54.839s] -- Installing: /home/damoon/ROS2_Learning/ros2_ws_2/install/turtlesim/share/turtlesim/launch/multisim.launch.py
[54.840s] -- Installing: /home/damoon/ROS2_Learning/ros2_ws_2/install/turtlesim/share/ament_index/resource_index/package_run_dependencies/turtlesim
[54.840s] -- Installing: /home/damoon/ROS2_Learning/ros2_ws_2/install/turtlesim/share/ament_index/resource_index/parent_prefix_path/turtlesim
[54.840s] -- Installing: /home/damoon/ROS2_Learning/ros2_ws_2/install/turtlesim/share/turtlesim/environment/ament_prefix_path.sh
[54.841s] -- Installing: /home/damoon/ROS2_Learning/ros2_ws_2/install/turtlesim/share/turtlesim/environment/ament_prefix_path.dsv
[54.841s] -- Installing: /home/damoon/ROS2_Learning/ros2_ws_2/install/turtlesim/share/turtlesim/environment/path.sh
[54.841s] -- Installing: /home/damoon/ROS2_Learning/ros2_ws_2/install/turtlesim/share/turtlesim/environment/path.dsv
[54.841s] -- Installing: /home/damoon/ROS2_Learning/ros2_ws_2/install/turtlesim/share/turtlesim/local_setup.bash
[54.841s] -- Installing: /home/damoon/ROS2_Learning/ros2_ws_2/install/turtlesim/share/turtlesim/local_setup.sh
[54.842s] -- Installing: /home/damoon/ROS2_Learning/ros2_ws_2/install/turtlesim/share/turtlesim/local_setup.zsh
[54.842s] -- Installing: /home/damoon/ROS2_Learning/ros2_ws_2/install/turtlesim/share/turtlesim/local_setup.dsv
[54.842s] -- Installing: /home/damoon/ROS2_Learning/ros2_ws_2/install/turtlesim/share/turtlesim/package.dsv
[54.842s] -- Installing: /home/damoon/ROS2_Learning/ros2_ws_2/install/turtlesim/share/ament_index/resource_index/packages/turtlesim
[54.843s] -- Installing: /home/damoon/ROS2_Learning/ros2_ws_2/install/turtlesim/share/turtlesim/cmake/export_turtlesim__rosidl_generator_cExport.cmake
[54.843s] -- Installing: /home/damoon/ROS2_Learning/ros2_ws_2/install/turtlesim/share/turtlesim/cmake/export_turtlesim__rosidl_generator_cExport-noconfig.cmake
[54.843s] -- Installing: /home/damoon/ROS2_Learning/ros2_ws_2/install/turtlesim/share/turtlesim/cmake/export_turtlesim__rosidl_typesupport_fastrtps_cExport.cmake
[54.843s] -- Installing: /home/damoon/ROS2_Learning/ros2_ws_2/install/turtlesim/share/turtlesim/cmake/export_turtlesim__rosidl_typesupport_fastrtps_cExport-noconfig.cmake
[54.844s] -- Installing: /home/damoon/ROS2_Learning/ros2_ws_2/install/turtlesim/share/turtlesim/cmake/export_turtlesim__rosidl_generator_cppExport.cmake
[54.844s] -- Installing: /home/damoon/ROS2_Learning/ros2_ws_2/install/turtlesim/share/turtlesim/cmake/export_turtlesim__rosidl_typesupport_fastrtps_cppExport.cmake
[54.844s] -- Installing: /home/damoon/ROS2_Learning/ros2_ws_2/install/turtlesim/share/turtlesim/cmake/export_turtlesim__rosidl_typesupport_fastrtps_cppExport-noconfig.cmake
[54.844s] -- Installing: /home/damoon/ROS2_Learning/ros2_ws_2/install/turtlesim/share/turtlesim/cmake/turtlesim__rosidl_typesupport_introspection_cExport.cmake
[54.844s] -- Installing: /home/damoon/ROS2_Learning/ros2_ws_2/install/turtlesim/share/turtlesim/cmake/turtlesim__rosidl_typesupport_introspection_cExport-noconfig.cmake
[54.845s] -- Installing: /home/damoon/ROS2_Learning/ros2_ws_2/install/turtlesim/share/turtlesim/cmake/turtlesim__rosidl_typesupport_cExport.cmake
[54.845s] -- Installing: /home/damoon/ROS2_Learning/ros2_ws_2/install/turtlesim/share/turtlesim/cmake/turtlesim__rosidl_typesupport_cExport-noconfig.cmake
[54.845s] -- Installing: /home/damoon/ROS2_Learning/ros2_ws_2/install/turtlesim/share/turtlesim/cmake/turtlesim__rosidl_typesupport_introspection_cppExport.cmake
[54.845s] -- Installing: /home/damoon/ROS2_Learning/ros2_ws_2/install/turtlesim/share/turtlesim/cmake/turtlesim__rosidl_typesupport_introspection_cppExport-noconfig.cmake
[54.845s] -- Installing: /home/damoon/ROS2_Learning/ros2_ws_2/install/turtlesim/share/turtlesim/cmake/turtlesim__rosidl_typesupport_cppExport.cmake
[54.846s] -- Installing: /home/damoon/ROS2_Learning/ros2_ws_2/install/turtlesim/share/turtlesim/cmake/turtlesim__rosidl_typesupport_cppExport-noconfig.cmake
[54.846s] -- Installing: /home/damoon/ROS2_Learning/ros2_ws_2/install/turtlesim/share/turtlesim/cmake/export_turtlesim__rosidl_generator_pyExport.cmake
[54.846s] -- Installing: /home/damoon/ROS2_Learning/ros2_ws_2/install/turtlesim/share/turtlesim/cmake/export_turtlesim__rosidl_generator_pyExport-noconfig.cmake
[54.846s] -- Installing: /home/damoon/ROS2_Learning/ros2_ws_2/install/turtlesim/share/turtlesim/cmake/rosidl_cmake-extras.cmake
[54.847s] -- Installing: /home/damoon/ROS2_Learning/ros2_ws_2/install/turtlesim/share/turtlesim/cmake/ament_cmake_export_dependencies-extras.cmake
[54.847s] -- Installing: /home/damoon/ROS2_Learning/ros2_ws_2/install/turtlesim/share/turtlesim/cmake/ament_cmake_export_include_directories-extras.cmake
[54.847s] -- Installing: /home/damoon/ROS2_Learning/ros2_ws_2/install/turtlesim/share/turtlesim/cmake/ament_cmake_export_libraries-extras.cmake
[54.848s] -- Installing: /home/damoon/ROS2_Learning/ros2_ws_2/install/turtlesim/share/turtlesim/cmake/ament_cmake_export_targets-extras.cmake
[54.848s] -- Installing: /home/damoon/ROS2_Learning/ros2_ws_2/install/turtlesim/share/turtlesim/cmake/rosidl_cmake_export_typesupport_targets-extras.cmake
[54.848s] -- Installing: /home/damoon/ROS2_Learning/ros2_ws_2/install/turtlesim/share/turtlesim/cmake/rosidl_cmake_export_typesupport_libraries-extras.cmake
[54.848s] -- Installing: /home/damoon/ROS2_Learning/ros2_ws_2/install/turtlesim/share/turtlesim/cmake/turtlesimConfig.cmake
[54.849s] -- Installing: /home/damoon/ROS2_Learning/ros2_ws_2/install/turtlesim/share/turtlesim/cmake/turtlesimConfig-version.cmake
[54.849s] -- Installing: /home/damoon/ROS2_Learning/ros2_ws_2/install/turtlesim/share/turtlesim/package.xml
[54.865s] Invoked command in '/home/damoon/ROS2_Learning/ros2_ws_2/build/turtlesim' returned '0': CMAKE_PREFIX_PATH=/opt/ros/iron /usr/bin/cmake --install /home/damoon/ROS2_Learning/ros2_ws_2/build/turtlesim
