[0.010s] Invoking command in '/home/damoon/ROS2_Learning/ros2_ws/build/examples_rclcpp_cbg_executor': CMAKE_PREFIX_PATH=/opt/ros/iron /usr/bin/cmake /home/damoon/ROS2_Learning/ros2_ws/src/examples/rclcpp/executors/cbg_executor -DCMAKE_INSTALL_PREFIX=/home/damoon/ROS2_Learning/ros2_ws/install/examples_rclcpp_cbg_executor
[0.175s] -- The C compiler identification is GNU 11.3.0
[0.276s] -- The CXX compiler identification is GNU 11.3.0
[0.287s] -- Detecting C compiler ABI info
[0.352s] -- Detecting C compiler ABI info - done
[0.356s] -- Check for working C compiler: /usr/bin/cc - skipped
[0.356s] -- Detecting C compile features
[0.357s] -- Detecting C compile features - done
[0.361s] -- Detecting CXX compiler ABI info
[0.432s] -- Detecting CXX compiler ABI info - done
[0.434s] -- Check for working CXX compiler: /usr/bin/c++ - skipped
[0.435s] -- Detecting CXX compile features
[0.436s] -- Detecting CXX compile features - done
[0.447s] -- Found ament_cmake: 2.0.2 (/opt/ros/iron/share/ament_cmake/cmake)
[0.572s] -- Found Python3: /usr/bin/python3.10 (found version "3.10.6") found components: Interpreter 
[0.665s] -- Found rclcpp: 21.0.1 (/opt/ros/iron/share/rclcpp/cmake)
[0.720s] -- Found rosidl_generator_c: 4.0.0 (/opt/ros/iron/share/rosidl_generator_c/cmake)
[0.734s] -- Found rosidl_generator_cpp: 4.0.0 (/opt/ros/iron/share/rosidl_generator_cpp/cmake)
[0.758s] -- Using all available rosidl_typesupport_c: rosidl_typesupport_fastrtps_c;rosidl_typesupport_introspection_c
[0.781s] -- Using all available rosidl_typesupport_cpp: rosidl_typesupport_fastrtps_cpp;rosidl_typesupport_introspection_cpp
[0.953s] -- Found rmw_implementation_cmake: 7.1.0 (/opt/ros/iron/share/rmw_implementation_cmake/cmake)
[0.956s] -- Found rmw_fastrtps_cpp: 7.1.1 (/opt/ros/iron/share/rmw_fastrtps_cpp/cmake)
[1.065s] -- Found OpenSSL: /usr/lib/x86_64-linux-gnu/libcrypto.so (found version "3.0.2")  
[1.087s] -- Found FastRTPS: /opt/ros/iron/include  
[1.122s] -- Using RMW implementation 'rmw_fastrtps_cpp' as default
[1.300s] -- Found std_msgs: 5.0.0 (/opt/ros/iron/share/std_msgs/cmake)
[1.338s] -- Found ament_lint_auto: 0.14.1 (/opt/ros/iron/share/ament_lint_auto/cmake)
[1.411s] -- Added test 'copyright' to check source files copyright and LICENSE
[1.413s] -- Added test 'cppcheck' to perform static code analysis on C / C++ code
[1.413s] -- Configured cppcheck include dirs: /home/damoon/ROS2_Learning/ros2_ws/src/examples/rclcpp/executors/cbg_executor/include
[1.413s] -- Configured cppcheck exclude dirs and/or files: 
[1.414s] -- Added test 'cpplint' to check C / C++ code against the Google style
[1.414s] -- Configured cpplint exclude dirs and/or files: 
[1.416s] -- Added test 'lint_cmake' to check CMake code style
[1.417s] -- Added test 'uncrustify' to check C / C++ code style
[1.417s] -- Configured uncrustify additional arguments: 
[1.418s] -- Added test 'xmllint' to check XML markup files
[1.421s] -- Configuring done
[1.436s] -- Generating done
[1.437s] -- Build files have been written to: /home/damoon/ROS2_Learning/ros2_ws/build/examples_rclcpp_cbg_executor
[1.444s] Invoked command in '/home/damoon/ROS2_Learning/ros2_ws/build/examples_rclcpp_cbg_executor' returned '0': CMAKE_PREFIX_PATH=/opt/ros/iron /usr/bin/cmake /home/damoon/ROS2_Learning/ros2_ws/src/examples/rclcpp/executors/cbg_executor -DCMAKE_INSTALL_PREFIX=/home/damoon/ROS2_Learning/ros2_ws/install/examples_rclcpp_cbg_executor
[1.446s] Invoking command in '/home/damoon/ROS2_Learning/ros2_ws/build/examples_rclcpp_cbg_executor': CMAKE_PREFIX_PATH=/opt/ros/iron /usr/bin/cmake --build /home/damoon/ROS2_Learning/ros2_ws/build/examples_rclcpp_cbg_executor -- -j2 -l2
[1.491s] [ 10%] [32mBuilding CXX object CMakeFiles/ping.dir/src/ping.cpp.o[0m
[1.520s] [ 20%] [32mBuilding CXX object CMakeFiles/pong.dir/src/pong.cpp.o[0m
[11.378s] [ 30%] [32mBuilding CXX object CMakeFiles/pong.dir/src/examples_rclcpp_cbg_executor/pong_node.cpp.o[0m
[11.502s] [ 40%] [32mBuilding CXX object CMakeFiles/ping.dir/src/examples_rclcpp_cbg_executor/ping_node.cpp.o[0m
[21.291s] [ 50%] [32m[1mLinking CXX executable ping[0m
[21.786s] [ 60%] [32m[1mLinking CXX executable pong[0m
[22.149s] [ 60%] Built target ping
[22.257s] [ 70%] [32mBuilding CXX object CMakeFiles/ping_pong.dir/src/ping_pong.cpp.o[0m
[22.477s] [ 70%] Built target pong
[22.522s] [ 80%] [32mBuilding CXX object CMakeFiles/ping_pong.dir/src/examples_rclcpp_cbg_executor/ping_node.cpp.o[0m
[36.526s] [ 90%] [32mBuilding CXX object CMakeFiles/ping_pong.dir/src/examples_rclcpp_cbg_executor/pong_node.cpp.o[0m
[43.526s] [100%] [32m[1mLinking CXX executable ping_pong[0m
[44.385s] [100%] Built target ping_pong
[44.448s] Invoked command in '/home/damoon/ROS2_Learning/ros2_ws/build/examples_rclcpp_cbg_executor' returned '0': CMAKE_PREFIX_PATH=/opt/ros/iron /usr/bin/cmake --build /home/damoon/ROS2_Learning/ros2_ws/build/examples_rclcpp_cbg_executor -- -j2 -l2
[44.502s] Invoking command in '/home/damoon/ROS2_Learning/ros2_ws/build/examples_rclcpp_cbg_executor': CMAKE_PREFIX_PATH=/opt/ros/iron /usr/bin/cmake --install /home/damoon/ROS2_Learning/ros2_ws/build/examples_rclcpp_cbg_executor
[44.507s] -- Install configuration: ""
[44.507s] -- Installing: /home/damoon/ROS2_Learning/ros2_ws/install/examples_rclcpp_cbg_executor/lib/examples_rclcpp_cbg_executor/ping
[44.522s] -- Set runtime path of "/home/damoon/ROS2_Learning/ros2_ws/install/examples_rclcpp_cbg_executor/lib/examples_rclcpp_cbg_executor/ping" to ""
[44.522s] -- Installing: /home/damoon/ROS2_Learning/ros2_ws/install/examples_rclcpp_cbg_executor/lib/examples_rclcpp_cbg_executor/pong
[44.532s] -- Set runtime path of "/home/damoon/ROS2_Learning/ros2_ws/install/examples_rclcpp_cbg_executor/lib/examples_rclcpp_cbg_executor/pong" to ""
[44.532s] -- Installing: /home/damoon/ROS2_Learning/ros2_ws/install/examples_rclcpp_cbg_executor/lib/examples_rclcpp_cbg_executor/ping_pong
[44.535s] -- Set runtime path of "/home/damoon/ROS2_Learning/ros2_ws/install/examples_rclcpp_cbg_executor/lib/examples_rclcpp_cbg_executor/ping_pong" to ""
[44.536s] -- Installing: /home/damoon/ROS2_Learning/ros2_ws/install/examples_rclcpp_cbg_executor/include
[44.536s] -- Installing: /home/damoon/ROS2_Learning/ros2_ws/install/examples_rclcpp_cbg_executor/include/examples_rclcpp_cbg_executor
[44.536s] -- Installing: /home/damoon/ROS2_Learning/ros2_ws/install/examples_rclcpp_cbg_executor/include/examples_rclcpp_cbg_executor/ping_node.hpp
[44.536s] -- Installing: /home/damoon/ROS2_Learning/ros2_ws/install/examples_rclcpp_cbg_executor/include/examples_rclcpp_cbg_executor/pong_node.hpp
[44.536s] -- Installing: /home/damoon/ROS2_Learning/ros2_ws/install/examples_rclcpp_cbg_executor/share/ament_index/resource_index/package_run_dependencies/examples_rclcpp_cbg_executor
[44.537s] -- Installing: /home/damoon/ROS2_Learning/ros2_ws/install/examples_rclcpp_cbg_executor/share/ament_index/resource_index/parent_prefix_path/examples_rclcpp_cbg_executor
[44.537s] -- Installing: /home/damoon/ROS2_Learning/ros2_ws/install/examples_rclcpp_cbg_executor/share/examples_rclcpp_cbg_executor/environment/ament_prefix_path.sh
[44.538s] -- Installing: /home/damoon/ROS2_Learning/ros2_ws/install/examples_rclcpp_cbg_executor/share/examples_rclcpp_cbg_executor/environment/ament_prefix_path.dsv
[44.538s] -- Installing: /home/damoon/ROS2_Learning/ros2_ws/install/examples_rclcpp_cbg_executor/share/examples_rclcpp_cbg_executor/environment/path.sh
[44.538s] -- Installing: /home/damoon/ROS2_Learning/ros2_ws/install/examples_rclcpp_cbg_executor/share/examples_rclcpp_cbg_executor/environment/path.dsv
[44.538s] -- Installing: /home/damoon/ROS2_Learning/ros2_ws/install/examples_rclcpp_cbg_executor/share/examples_rclcpp_cbg_executor/local_setup.bash
[44.538s] -- Installing: /home/damoon/ROS2_Learning/ros2_ws/install/examples_rclcpp_cbg_executor/share/examples_rclcpp_cbg_executor/local_setup.sh
[44.539s] -- Installing: /home/damoon/ROS2_Learning/ros2_ws/install/examples_rclcpp_cbg_executor/share/examples_rclcpp_cbg_executor/local_setup.zsh
[44.539s] -- Installing: /home/damoon/ROS2_Learning/ros2_ws/install/examples_rclcpp_cbg_executor/share/examples_rclcpp_cbg_executor/local_setup.dsv
[44.539s] -- Installing: /home/damoon/ROS2_Learning/ros2_ws/install/examples_rclcpp_cbg_executor/share/examples_rclcpp_cbg_executor/package.dsv
[44.539s] -- Installing: /home/damoon/ROS2_Learning/ros2_ws/install/examples_rclcpp_cbg_executor/share/ament_index/resource_index/packages/examples_rclcpp_cbg_executor
[44.540s] -- Installing: /home/damoon/ROS2_Learning/ros2_ws/install/examples_rclcpp_cbg_executor/share/examples_rclcpp_cbg_executor/cmake/ament_cmake_export_dependencies-extras.cmake
[44.540s] -- Installing: /home/damoon/ROS2_Learning/ros2_ws/install/examples_rclcpp_cbg_executor/share/examples_rclcpp_cbg_executor/cmake/examples_rclcpp_cbg_executorConfig.cmake
[44.540s] -- Installing: /home/damoon/ROS2_Learning/ros2_ws/install/examples_rclcpp_cbg_executor/share/examples_rclcpp_cbg_executor/cmake/examples_rclcpp_cbg_executorConfig-version.cmake
[44.541s] -- Installing: /home/damoon/ROS2_Learning/ros2_ws/install/examples_rclcpp_cbg_executor/share/examples_rclcpp_cbg_executor/package.xml
[44.544s] Invoked command in '/home/damoon/ROS2_Learning/ros2_ws/build/examples_rclcpp_cbg_executor' returned '0': CMAKE_PREFIX_PATH=/opt/ros/iron /usr/bin/cmake --install /home/damoon/ROS2_Learning/ros2_ws/build/examples_rclcpp_cbg_executor
