[0.443s] Invoking command in '/home/damoon/ROS2_Learning/ros2_ws_2/src/py_pubsub': PYTHONPATH=/home/damoon/ROS2_Learning/ros2_ws_2/build/py_pubsub/prefix_override:/home/damoon/ROS2_Learning/ros2_ws_2/install/py_pubsub/lib/python3.10/site-packages:${PYTHONPATH} /usr/bin/python3 setup.py egg_info --egg-base ../../build/py_pubsub build --build-base /home/damoon/ROS2_Learning/ros2_ws_2/build/py_pubsub/build install --record /home/damoon/ROS2_Learning/ros2_ws_2/build/py_pubsub/install.log --single-version-externally-managed
[0.620s] running egg_info
[0.620s] writing ../../build/py_pubsub/py_pubsub.egg-info/PKG-INFO
[0.621s] writing dependency_links to ../../build/py_pubsub/py_pubsub.egg-info/dependency_links.txt
[0.621s] writing entry points to ../../build/py_pubsub/py_pubsub.egg-info/entry_points.txt
[0.621s] writing requirements to ../../build/py_pubsub/py_pubsub.egg-info/requires.txt
[0.622s] writing top-level names to ../../build/py_pubsub/py_pubsub.egg-info/top_level.txt
[0.623s] reading manifest file '../../build/py_pubsub/py_pubsub.egg-info/SOURCES.txt'
[0.624s] writing manifest file '../../build/py_pubsub/py_pubsub.egg-info/SOURCES.txt'
[0.624s] running build
[0.624s] running build_py
[0.624s] running install
[0.624s] /usr/lib/python3/dist-packages/setuptools/command/install.py:34: SetuptoolsDeprecationWarning: setup.py install is deprecated. Use build and pip and other standards-based tools.
[0.624s]   warnings.warn(
[0.624s] running install_lib
[0.625s] running install_data
[0.626s] running install_egg_info
[0.627s] removing '/home/damoon/ROS2_Learning/ros2_ws_2/install/py_pubsub/lib/python3.10/site-packages/py_pubsub-0.0.0-py3.10.egg-info' (and everything under it)
[0.627s] Copying ../../build/py_pubsub/py_pubsub.egg-info to /home/damoon/ROS2_Learning/ros2_ws_2/install/py_pubsub/lib/python3.10/site-packages/py_pubsub-0.0.0-py3.10.egg-info
[0.627s] running install_scripts
[0.642s] Installing listener script to /home/damoon/ROS2_Learning/ros2_ws_2/install/py_pubsub/lib/py_pubsub
[0.643s] Installing talker script to /home/damoon/ROS2_Learning/ros2_ws_2/install/py_pubsub/lib/py_pubsub
[0.643s] writing list of installed files to '/home/damoon/ROS2_Learning/ros2_ws_2/build/py_pubsub/install.log'
[0.666s] Invoked command in '/home/damoon/ROS2_Learning/ros2_ws_2/src/py_pubsub' returned '0': PYTHONPATH=/home/damoon/ROS2_Learning/ros2_ws_2/build/py_pubsub/prefix_override:/home/damoon/ROS2_Learning/ros2_ws_2/install/py_pubsub/lib/python3.10/site-packages:${PYTHONPATH} /usr/bin/python3 setup.py egg_info --egg-base ../../build/py_pubsub build --build-base /home/damoon/ROS2_Learning/ros2_ws_2/build/py_pubsub/build install --record /home/damoon/ROS2_Learning/ros2_ws_2/build/py_pubsub/install.log --single-version-externally-managed
