[0.003s] Invoking command in '/home/damoon/ROS2_Learning/ros2_ws/build/examples_rclcpp_minimal_timer': CMAKE_PREFIX_PATH=/opt/ros/iron /usr/bin/cmake /home/damoon/ROS2_Learning/ros2_ws/src/examples/rclcpp/timers/minimal_timer -DCMAKE_INSTALL_PREFIX=/home/damoon/ROS2_Learning/ros2_ws/install/examples_rclcpp_minimal_timer
[0.049s] -- The C compiler identification is GNU 11.3.0
[0.088s] -- The CXX compiler identification is GNU 11.3.0
[0.093s] -- Detecting C compiler ABI info
[0.152s] -- Detecting C compiler ABI info - done
[0.157s] -- Check for working C compiler: /usr/bin/cc - skipped
[0.158s] -- Detecting C compile features
[0.158s] -- Detecting C compile features - done
[0.161s] -- Detecting CXX compiler ABI info
[0.276s] -- Detecting CXX compiler ABI info - done
[0.279s] -- Check for working CXX compiler: /usr/bin/c++ - skipped
[0.279s] -- Detecting CXX compile features
[0.279s] -- Detecting CXX compile features - done
[0.282s] -- Found ament_cmake: 2.0.2 (/opt/ros/iron/share/ament_cmake/cmake)
[0.437s] -- Found Python3: /usr/bin/python3.10 (found version "3.10.6") found components: Interpreter 
[0.519s] -- Found rclcpp: 21.0.1 (/opt/ros/iron/share/rclcpp/cmake)
[0.554s] -- Found rosidl_generator_c: 4.0.0 (/opt/ros/iron/share/rosidl_generator_c/cmake)
[0.563s] -- Found rosidl_generator_cpp: 4.0.0 (/opt/ros/iron/share/rosidl_generator_cpp/cmake)
[0.577s] -- Using all available rosidl_typesupport_c: rosidl_typesupport_fastrtps_c;rosidl_typesupport_introspection_c
[0.593s] -- Using all available rosidl_typesupport_cpp: rosidl_typesupport_fastrtps_cpp;rosidl_typesupport_introspection_cpp
[0.748s] -- Found rmw_implementation_cmake: 7.1.0 (/opt/ros/iron/share/rmw_implementation_cmake/cmake)
[0.750s] -- Found rmw_fastrtps_cpp: 7.1.1 (/opt/ros/iron/share/rmw_fastrtps_cpp/cmake)
[0.833s] -- Found OpenSSL: /usr/lib/x86_64-linux-gnu/libcrypto.so (found version "3.0.2")  
[0.853s] -- Found FastRTPS: /opt/ros/iron/include  
[0.888s] -- Using RMW implementation 'rmw_fastrtps_cpp' as default
[1.067s] -- Found ament_lint_auto: 0.14.1 (/opt/ros/iron/share/ament_lint_auto/cmake)
[1.123s] -- Added test 'copyright' to check source files copyright and LICENSE
[1.124s] -- Added test 'cppcheck' to perform static code analysis on C / C++ code
[1.124s] -- Configured cppcheck include dirs: 
[1.125s] -- Configured cppcheck exclude dirs and/or files: 
[1.125s] -- Added test 'cpplint' to check C / C++ code against the Google style
[1.125s] -- Configured cpplint exclude dirs and/or files: 
[1.126s] -- Added test 'lint_cmake' to check CMake code style
[1.126s] -- Added test 'uncrustify' to check C / C++ code style
[1.127s] -- Configured uncrustify additional arguments: 
[1.127s] -- Added test 'xmllint' to check XML markup files
[1.128s] -- Configuring done
[1.138s] -- Generating done
[1.140s] -- Build files have been written to: /home/damoon/ROS2_Learning/ros2_ws/build/examples_rclcpp_minimal_timer
[1.147s] Invoked command in '/home/damoon/ROS2_Learning/ros2_ws/build/examples_rclcpp_minimal_timer' returned '0': CMAKE_PREFIX_PATH=/opt/ros/iron /usr/bin/cmake /home/damoon/ROS2_Learning/ros2_ws/src/examples/rclcpp/timers/minimal_timer -DCMAKE_INSTALL_PREFIX=/home/damoon/ROS2_Learning/ros2_ws/install/examples_rclcpp_minimal_timer
[1.147s] Invoking command in '/home/damoon/ROS2_Learning/ros2_ws/build/examples_rclcpp_minimal_timer': CMAKE_PREFIX_PATH=/opt/ros/iron /usr/bin/cmake --build /home/damoon/ROS2_Learning/ros2_ws/build/examples_rclcpp_minimal_timer -- -j2 -l2
[1.184s] [ 25%] [32mBuilding CXX object CMakeFiles/timer_lambda.dir/lambda.cpp.o[0m
[4.425s] [ 50%] [32m[1mLinking CXX executable timer_lambda[0m
[4.522s] [ 50%] Built target timer_lambda
[4.535s] [ 75%] [32mBuilding CXX object CMakeFiles/timer_member_function.dir/member_function.cpp.o[0m
[7.867s] [100%] [32m[1mLinking CXX executable timer_member_function[0m
[7.984s] [100%] Built target timer_member_function
[7.993s] Invoked command in '/home/damoon/ROS2_Learning/ros2_ws/build/examples_rclcpp_minimal_timer' returned '0': CMAKE_PREFIX_PATH=/opt/ros/iron /usr/bin/cmake --build /home/damoon/ROS2_Learning/ros2_ws/build/examples_rclcpp_minimal_timer -- -j2 -l2
[8.013s] Invoking command in '/home/damoon/ROS2_Learning/ros2_ws/build/examples_rclcpp_minimal_timer': CMAKE_PREFIX_PATH=/opt/ros/iron /usr/bin/cmake --install /home/damoon/ROS2_Learning/ros2_ws/build/examples_rclcpp_minimal_timer
[8.019s] -- Install configuration: ""
[8.019s] -- Installing: /home/damoon/ROS2_Learning/ros2_ws/install/examples_rclcpp_minimal_timer/lib/examples_rclcpp_minimal_timer/timer_lambda
[8.020s] -- Set runtime path of "/home/damoon/ROS2_Learning/ros2_ws/install/examples_rclcpp_minimal_timer/lib/examples_rclcpp_minimal_timer/timer_lambda" to ""
[8.020s] -- Installing: /home/damoon/ROS2_Learning/ros2_ws/install/examples_rclcpp_minimal_timer/lib/examples_rclcpp_minimal_timer/timer_member_function
[8.021s] -- Set runtime path of "/home/damoon/ROS2_Learning/ros2_ws/install/examples_rclcpp_minimal_timer/lib/examples_rclcpp_minimal_timer/timer_member_function" to ""
[8.021s] -- Installing: /home/damoon/ROS2_Learning/ros2_ws/install/examples_rclcpp_minimal_timer/share/ament_index/resource_index/package_run_dependencies/examples_rclcpp_minimal_timer
[8.021s] -- Installing: /home/damoon/ROS2_Learning/ros2_ws/install/examples_rclcpp_minimal_timer/share/ament_index/resource_index/parent_prefix_path/examples_rclcpp_minimal_timer
[8.021s] -- Installing: /home/damoon/ROS2_Learning/ros2_ws/install/examples_rclcpp_minimal_timer/share/examples_rclcpp_minimal_timer/environment/ament_prefix_path.sh
[8.022s] -- Installing: /home/damoon/ROS2_Learning/ros2_ws/install/examples_rclcpp_minimal_timer/share/examples_rclcpp_minimal_timer/environment/ament_prefix_path.dsv
[8.022s] -- Installing: /home/damoon/ROS2_Learning/ros2_ws/install/examples_rclcpp_minimal_timer/share/examples_rclcpp_minimal_timer/environment/path.sh
[8.022s] -- Installing: /home/damoon/ROS2_Learning/ros2_ws/install/examples_rclcpp_minimal_timer/share/examples_rclcpp_minimal_timer/environment/path.dsv
[8.023s] -- Installing: /home/damoon/ROS2_Learning/ros2_ws/install/examples_rclcpp_minimal_timer/share/examples_rclcpp_minimal_timer/local_setup.bash
[8.023s] -- Installing: /home/damoon/ROS2_Learning/ros2_ws/install/examples_rclcpp_minimal_timer/share/examples_rclcpp_minimal_timer/local_setup.sh
[8.023s] -- Installing: /home/damoon/ROS2_Learning/ros2_ws/install/examples_rclcpp_minimal_timer/share/examples_rclcpp_minimal_timer/local_setup.zsh
[8.024s] -- Installing: /home/damoon/ROS2_Learning/ros2_ws/install/examples_rclcpp_minimal_timer/share/examples_rclcpp_minimal_timer/local_setup.dsv
[8.024s] -- Installing: /home/damoon/ROS2_Learning/ros2_ws/install/examples_rclcpp_minimal_timer/share/examples_rclcpp_minimal_timer/package.dsv
[8.024s] -- Installing: /home/damoon/ROS2_Learning/ros2_ws/install/examples_rclcpp_minimal_timer/share/ament_index/resource_index/packages/examples_rclcpp_minimal_timer
[8.025s] -- Installing: /home/damoon/ROS2_Learning/ros2_ws/install/examples_rclcpp_minimal_timer/share/examples_rclcpp_minimal_timer/cmake/examples_rclcpp_minimal_timerConfig.cmake
[8.025s] -- Installing: /home/damoon/ROS2_Learning/ros2_ws/install/examples_rclcpp_minimal_timer/share/examples_rclcpp_minimal_timer/cmake/examples_rclcpp_minimal_timerConfig-version.cmake
[8.025s] -- Installing: /home/damoon/ROS2_Learning/ros2_ws/install/examples_rclcpp_minimal_timer/share/examples_rclcpp_minimal_timer/package.xml
[8.029s] Invoked command in '/home/damoon/ROS2_Learning/ros2_ws/build/examples_rclcpp_minimal_timer' returned '0': CMAKE_PREFIX_PATH=/opt/ros/iron /usr/bin/cmake --install /home/damoon/ROS2_Learning/ros2_ws/build/examples_rclcpp_minimal_timer
