[0.460s] Invoking command in '/home/damoon/ROS2_Learning/ros2_ws_2/src/py_srvcli': PYTHONPATH=/home/damoon/ROS2_Learning/ros2_ws_2/build/py_srvcli/prefix_override:/home/damoon/ROS2_Learning/ros2_ws_2/install/py_srvcli/lib/python3.10/site-packages:${PYTHONPATH} /usr/bin/python3 setup.py egg_info --egg-base ../../build/py_srvcli build --build-base /home/damoon/ROS2_Learning/ros2_ws_2/build/py_srvcli/build install --record /home/damoon/ROS2_Learning/ros2_ws_2/build/py_srvcli/install.log --single-version-externally-managed
[0.637s] running egg_info
[0.639s] writing ../../build/py_srvcli/py_srvcli.egg-info/PKG-INFO
[0.639s] writing dependency_links to ../../build/py_srvcli/py_srvcli.egg-info/dependency_links.txt
[0.639s] writing entry points to ../../build/py_srvcli/py_srvcli.egg-info/entry_points.txt
[0.639s] writing requirements to ../../build/py_srvcli/py_srvcli.egg-info/requires.txt
[0.639s] writing top-level names to ../../build/py_srvcli/py_srvcli.egg-info/top_level.txt
[0.640s] reading manifest file '../../build/py_srvcli/py_srvcli.egg-info/SOURCES.txt'
[0.641s] writing manifest file '../../build/py_srvcli/py_srvcli.egg-info/SOURCES.txt'
[0.641s] running build
[0.641s] running build_py
[0.641s] copying py_srvcli/client_member_function.py -> /home/damoon/ROS2_Learning/ros2_ws_2/build/py_srvcli/build/lib/py_srvcli
[0.641s] running install
[0.642s] /usr/lib/python3/dist-packages/setuptools/command/install.py:34: SetuptoolsDeprecationWarning: setup.py install is deprecated. Use build and pip and other standards-based tools.
[0.642s]   warnings.warn(
[0.642s] running install_lib
[0.642s] copying /home/damoon/ROS2_Learning/ros2_ws_2/build/py_srvcli/build/lib/py_srvcli/client_member_function.py -> /home/damoon/ROS2_Learning/ros2_ws_2/install/py_srvcli/lib/python3.10/site-packages/py_srvcli
[0.643s] byte-compiling /home/damoon/ROS2_Learning/ros2_ws_2/install/py_srvcli/lib/python3.10/site-packages/py_srvcli/client_member_function.py to client_member_function.cpython-310.pyc
[0.643s] running install_data
[0.644s]   File "/home/damoon/ROS2_Learning/ros2_ws_2/install/py_srvcli/lib/python3.10/site-packages/py_srvcli/client_member_function.py", line 25
[0.644s]     rclpy.init():
[0.644s]                 ^
[0.644s] SyntaxError: invalid syntax
[0.644s] 
[0.644s] running install_egg_info
[0.645s] removing '/home/damoon/ROS2_Learning/ros2_ws_2/install/py_srvcli/lib/python3.10/site-packages/py_srvcli-0.0.0-py3.10.egg-info' (and everything under it)
[0.645s] Copying ../../build/py_srvcli/py_srvcli.egg-info to /home/damoon/ROS2_Learning/ros2_ws_2/install/py_srvcli/lib/python3.10/site-packages/py_srvcli-0.0.0-py3.10.egg-info
[0.646s] running install_scripts
[0.666s] Installing client script to /home/damoon/ROS2_Learning/ros2_ws_2/install/py_srvcli/lib/py_srvcli
[0.666s] Installing service script to /home/damoon/ROS2_Learning/ros2_ws_2/install/py_srvcli/lib/py_srvcli
[0.667s] writing list of installed files to '/home/damoon/ROS2_Learning/ros2_ws_2/build/py_srvcli/install.log'
[0.691s] Invoked command in '/home/damoon/ROS2_Learning/ros2_ws_2/src/py_srvcli' returned '0': PYTHONPATH=/home/damoon/ROS2_Learning/ros2_ws_2/build/py_srvcli/prefix_override:/home/damoon/ROS2_Learning/ros2_ws_2/install/py_srvcli/lib/python3.10/site-packages:${PYTHONPATH} /usr/bin/python3 setup.py egg_info --egg-base ../../build/py_srvcli build --build-base /home/damoon/ROS2_Learning/ros2_ws_2/build/py_srvcli/build install --record /home/damoon/ROS2_Learning/ros2_ws_2/build/py_srvcli/install.log --single-version-externally-managed
