-- The C compiler identification is GNU 11.3.0
-- The CXX compiler identification is GNU 11.3.0
-- Detecting C compiler ABI info
-- Detecting C compiler ABI info - done
-- Check for working C compiler: /usr/bin/cc - skipped
-- Detecting C compile features
-- Detecting C compile features - done
-- Detecting CXX compiler ABI info
-- Detecting CXX compiler ABI info - done
-- Check for working CXX compiler: /usr/bin/c++ - skipped
-- Detecting CXX compile features
-- Detecting CXX compile features - done
-- Found ament_cmake: 2.0.2 (/opt/ros/iron/share/ament_cmake/cmake)
-- Found Python3: /usr/bin/python3.10 (found version "3.10.6") found components: Interpreter 
[31mCMake Error at CMakeLists.txt:10 (find_package):
  By not providing "Findrclcp.cmake" in CMAKE_MODULE_PATH this project has
  asked CMake to find a package configuration file provided by "rclcp", but
  CMake did not find one.

  Could not find a package configuration file provided by "rclcp" with any of
  the following names:

    rclcpConfig.cmake
    rclcp-config.cmake

  Add the installation prefix of "rclcp" to CMAKE_PREFIX_PATH or set
  "rclcp_DIR" to a directory containing one of the above files.  If "rclcp"
  provides a separate development package or SDK, be sure it has been
  installed.

[0m
-- Configuring incomplete, errors occurred!
See also "/home/damoon/ROS2_Learning/ros2_ws_2/build/cpp_pubsub/CMakeFiles/CMakeOutput.log".
