[0.013s] Invoking command in '/home/damoon/ROS2_Learning/ros2_ws_2/build/cpp_pubsub': CMAKE_PREFIX_PATH=${CMAKE_PREFIX_PATH}:/opt/ros/iron /usr/bin/cmake /home/damoon/ROS2_Learning/ros2_ws_2/src/cpp_pubsub -DCMAKE_INSTALL_PREFIX=/home/damoon/ROS2_Learning/ros2_ws_2/install/cpp_pubsub
[0.080s] -- The C compiler identification is GNU 11.3.0
[0.132s] -- The CXX compiler identification is GNU 11.3.0
[0.141s] -- Detecting C compiler ABI info
[0.193s] -- Detecting C compiler ABI info - done
[0.201s] -- Check for working C compiler: /usr/bin/cc - skipped
[0.201s] -- Detecting C compile features
[0.201s] -- Detecting C compile features - done
[0.204s] -- Detecting CXX compiler ABI info
[0.265s] -- Detecting CXX compiler ABI info - done
[0.271s] -- Check for working CXX compiler: /usr/bin/c++ - skipped
[0.272s] -- Detecting CXX compile features
[0.272s] -- Detecting CXX compile features - done
[0.277s] -- Found ament_cmake: 2.0.2 (/opt/ros/iron/share/ament_cmake/cmake)
[0.407s] -- Found Python3: /usr/bin/python3.10 (found version "3.10.6") found components: Interpreter 
[0.493s] [31mCMake Error at CMakeLists.txt:10 (find_package):
[0.493s]   By not providing "Findrclcp.cmake" in CMAKE_MODULE_PATH this project has
[0.493s]   asked CMake to find a package configuration file provided by "rclcp", but
[0.493s]   CMake did not find one.
[0.493s] 
[0.493s]   Could not find a package configuration file provided by "rclcp" with any of
[0.494s]   the following names:
[0.494s] 
[0.494s]     rclcpConfig.cmake
[0.494s]     rclcp-config.cmake
[0.494s] 
[0.494s]   Add the installation prefix of "rclcp" to CMAKE_PREFIX_PATH or set
[0.494s]   "rclcp_DIR" to a directory containing one of the above files.  If "rclcp"
[0.494s]   provides a separate development package or SDK, be sure it has been
[0.494s]   installed.
[0.494s] 
[0.494s] [0m
[0.494s] -- Configuring incomplete, errors occurred!
[0.494s] See also "/home/damoon/ROS2_Learning/ros2_ws_2/build/cpp_pubsub/CMakeFiles/CMakeOutput.log".
[0.498s] Invoked command in '/home/damoon/ROS2_Learning/ros2_ws_2/build/cpp_pubsub' returned '1': CMAKE_PREFIX_PATH=${CMAKE_PREFIX_PATH}:/opt/ros/iron /usr/bin/cmake /home/damoon/ROS2_Learning/ros2_ws_2/src/cpp_pubsub -DCMAKE_INSTALL_PREFIX=/home/damoon/ROS2_Learning/ros2_ws_2/install/cpp_pubsub
