[0.006s] Invoking command in '/home/damoon/ROS2_Learning/ros2_ws/build/examples_rclcpp_minimal_service': CMAKE_PREFIX_PATH=/opt/ros/iron /usr/bin/cmake /home/damoon/ROS2_Learning/ros2_ws/src/examples/rclcpp/services/minimal_service -DCMAKE_INSTALL_PREFIX=/home/damoon/ROS2_Learning/ros2_ws/install/examples_rclcpp_minimal_service
[0.065s] -- The C compiler identification is GNU 11.3.0
[0.116s] -- The CXX compiler identification is GNU 11.3.0
[0.121s] -- Detecting C compiler ABI info
[0.182s] -- Detecting C compiler ABI info - done
[0.183s] -- Check for working C compiler: /usr/bin/cc - skipped
[0.183s] -- Detecting C compile features
[0.184s] -- Detecting C compile features - done
[0.186s] -- Detecting CXX compiler ABI info
[0.262s] -- Detecting CXX compiler ABI info - done
[0.268s] -- Check for working CXX compiler: /usr/bin/c++ - skipped
[0.268s] -- Detecting CXX compile features
[0.269s] -- Detecting CXX compile features - done
[0.273s] -- Found ament_cmake: 2.0.2 (/opt/ros/iron/share/ament_cmake/cmake)
[0.417s] -- Found Python3: /usr/bin/python3.10 (found version "3.10.6") found components: Interpreter 
[0.494s] -- Found example_interfaces: 0.10.2 (/opt/ros/iron/share/example_interfaces/cmake)
[0.530s] -- Found rosidl_generator_c: 4.0.0 (/opt/ros/iron/share/rosidl_generator_c/cmake)
[0.545s] -- Found rosidl_generator_cpp: 4.0.0 (/opt/ros/iron/share/rosidl_generator_cpp/cmake)
[0.560s] -- Using all available rosidl_typesupport_c: rosidl_typesupport_fastrtps_c;rosidl_typesupport_introspection_c
[0.581s] -- Using all available rosidl_typesupport_cpp: rosidl_typesupport_fastrtps_cpp;rosidl_typesupport_introspection_cpp
[0.809s] -- Found rclcpp: 21.0.1 (/opt/ros/iron/share/rclcpp/cmake)
[0.900s] -- Found rmw_implementation_cmake: 7.1.0 (/opt/ros/iron/share/rmw_implementation_cmake/cmake)
[0.901s] -- Found rmw_fastrtps_cpp: 7.1.1 (/opt/ros/iron/share/rmw_fastrtps_cpp/cmake)
[0.981s] -- Found OpenSSL: /usr/lib/x86_64-linux-gnu/libcrypto.so (found version "3.0.2")  
[1.001s] -- Found FastRTPS: /opt/ros/iron/include  
[1.035s] -- Using RMW implementation 'rmw_fastrtps_cpp' as default
[1.216s] -- Found ament_lint_auto: 0.14.1 (/opt/ros/iron/share/ament_lint_auto/cmake)
[1.272s] -- Added test 'copyright' to check source files copyright and LICENSE
[1.273s] -- Added test 'cppcheck' to perform static code analysis on C / C++ code
[1.273s] -- Configured cppcheck include dirs: 
[1.273s] -- Configured cppcheck exclude dirs and/or files: 
[1.273s] -- Added test 'cpplint' to check C / C++ code against the Google style
[1.274s] -- Configured cpplint exclude dirs and/or files: 
[1.274s] -- Added test 'lint_cmake' to check CMake code style
[1.275s] -- Added test 'uncrustify' to check C / C++ code style
[1.275s] -- Configured uncrustify additional arguments: 
[1.275s] -- Added test 'xmllint' to check XML markup files
[1.276s] -- Configuring done
[1.285s] -- Generating done
[1.288s] -- Build files have been written to: /home/damoon/ROS2_Learning/ros2_ws/build/examples_rclcpp_minimal_service
[1.296s] Invoked command in '/home/damoon/ROS2_Learning/ros2_ws/build/examples_rclcpp_minimal_service' returned '0': CMAKE_PREFIX_PATH=/opt/ros/iron /usr/bin/cmake /home/damoon/ROS2_Learning/ros2_ws/src/examples/rclcpp/services/minimal_service -DCMAKE_INSTALL_PREFIX=/home/damoon/ROS2_Learning/ros2_ws/install/examples_rclcpp_minimal_service
[1.297s] Invoking command in '/home/damoon/ROS2_Learning/ros2_ws/build/examples_rclcpp_minimal_service': CMAKE_PREFIX_PATH=/opt/ros/iron /usr/bin/cmake --build /home/damoon/ROS2_Learning/ros2_ws/build/examples_rclcpp_minimal_service -- -j2 -l2
[1.330s] [ 50%] [32mBuilding CXX object CMakeFiles/service_main.dir/main.cpp.o[0m
[4.888s] [100%] [32m[1mLinking CXX executable service_main[0m
[5.025s] [100%] Built target service_main
[5.036s] Invoked command in '/home/damoon/ROS2_Learning/ros2_ws/build/examples_rclcpp_minimal_service' returned '0': CMAKE_PREFIX_PATH=/opt/ros/iron /usr/bin/cmake --build /home/damoon/ROS2_Learning/ros2_ws/build/examples_rclcpp_minimal_service -- -j2 -l2
[5.059s] Invoking command in '/home/damoon/ROS2_Learning/ros2_ws/build/examples_rclcpp_minimal_service': CMAKE_PREFIX_PATH=/opt/ros/iron /usr/bin/cmake --install /home/damoon/ROS2_Learning/ros2_ws/build/examples_rclcpp_minimal_service
[5.065s] -- Install configuration: ""
[5.065s] -- Installing: /home/damoon/ROS2_Learning/ros2_ws/install/examples_rclcpp_minimal_service/lib/examples_rclcpp_minimal_service/service_main
[5.065s] -- Set runtime path of "/home/damoon/ROS2_Learning/ros2_ws/install/examples_rclcpp_minimal_service/lib/examples_rclcpp_minimal_service/service_main" to ""
[5.065s] -- Installing: /home/damoon/ROS2_Learning/ros2_ws/install/examples_rclcpp_minimal_service/share/ament_index/resource_index/package_run_dependencies/examples_rclcpp_minimal_service
[5.065s] -- Installing: /home/damoon/ROS2_Learning/ros2_ws/install/examples_rclcpp_minimal_service/share/ament_index/resource_index/parent_prefix_path/examples_rclcpp_minimal_service
[5.065s] -- Installing: /home/damoon/ROS2_Learning/ros2_ws/install/examples_rclcpp_minimal_service/share/examples_rclcpp_minimal_service/environment/ament_prefix_path.sh
[5.065s] -- Installing: /home/damoon/ROS2_Learning/ros2_ws/install/examples_rclcpp_minimal_service/share/examples_rclcpp_minimal_service/environment/ament_prefix_path.dsv
[5.066s] -- Installing: /home/damoon/ROS2_Learning/ros2_ws/install/examples_rclcpp_minimal_service/share/examples_rclcpp_minimal_service/environment/path.sh
[5.066s] -- Installing: /home/damoon/ROS2_Learning/ros2_ws/install/examples_rclcpp_minimal_service/share/examples_rclcpp_minimal_service/environment/path.dsv
[5.066s] -- Installing: /home/damoon/ROS2_Learning/ros2_ws/install/examples_rclcpp_minimal_service/share/examples_rclcpp_minimal_service/local_setup.bash
[5.066s] -- Installing: /home/damoon/ROS2_Learning/ros2_ws/install/examples_rclcpp_minimal_service/share/examples_rclcpp_minimal_service/local_setup.sh
[5.067s] -- Installing: /home/damoon/ROS2_Learning/ros2_ws/install/examples_rclcpp_minimal_service/share/examples_rclcpp_minimal_service/local_setup.zsh
[5.067s] -- Installing: /home/damoon/ROS2_Learning/ros2_ws/install/examples_rclcpp_minimal_service/share/examples_rclcpp_minimal_service/local_setup.dsv
[5.067s] -- Installing: /home/damoon/ROS2_Learning/ros2_ws/install/examples_rclcpp_minimal_service/share/examples_rclcpp_minimal_service/package.dsv
[5.067s] -- Installing: /home/damoon/ROS2_Learning/ros2_ws/install/examples_rclcpp_minimal_service/share/ament_index/resource_index/packages/examples_rclcpp_minimal_service
[5.067s] -- Installing: /home/damoon/ROS2_Learning/ros2_ws/install/examples_rclcpp_minimal_service/share/examples_rclcpp_minimal_service/cmake/examples_rclcpp_minimal_serviceConfig.cmake
[5.067s] -- Installing: /home/damoon/ROS2_Learning/ros2_ws/install/examples_rclcpp_minimal_service/share/examples_rclcpp_minimal_service/cmake/examples_rclcpp_minimal_serviceConfig-version.cmake
[5.067s] -- Installing: /home/damoon/ROS2_Learning/ros2_ws/install/examples_rclcpp_minimal_service/share/examples_rclcpp_minimal_service/package.xml
[5.070s] Invoked command in '/home/damoon/ROS2_Learning/ros2_ws/build/examples_rclcpp_minimal_service' returned '0': CMAKE_PREFIX_PATH=/opt/ros/iron /usr/bin/cmake --install /home/damoon/ROS2_Learning/ros2_ws/build/examples_rclcpp_minimal_service
