[0.496s] Invoking command in '/home/damoon/ROS2_Learning/ros2_ws_2/src/py_srvcli': AMENT_PREFIX_PATH=/home/damoon/ROS2_Learning/ros2_ws_2/install/tutorial_interfaces:${AMENT_PREFIX_PATH} CMAKE_PREFIX_PATH=/home/damoon/ROS2_Learning/ros2_ws_2/install/tutorial_interfaces LD_LIBRARY_PATH=/home/damoon/ROS2_Learning/ros2_ws_2/install/tutorial_interfaces/lib:${LD_LIBRARY_PATH} PYTHONPATH=/home/damoon/ROS2_Learning/ros2_ws_2/build/py_srvcli/prefix_override:/home/damoon/ROS2_Learning/ros2_ws_2/install/py_srvcli/lib/python3.10/site-packages:/home/damoon/ROS2_Learning/ros2_ws_2/install/tutorial_interfaces/lib/python3.10/site-packages:${PYTHONPATH} /usr/bin/python3 setup.py egg_info --egg-base ../../build/py_srvcli build --build-base /home/damoon/ROS2_Learning/ros2_ws_2/build/py_srvcli/build install --record /home/damoon/ROS2_Learning/ros2_ws_2/build/py_srvcli/install.log --single-version-externally-managed
[0.672s] running egg_info
[0.673s] writing ../../build/py_srvcli/py_srvcli.egg-info/PKG-INFO
[0.674s] writing dependency_links to ../../build/py_srvcli/py_srvcli.egg-info/dependency_links.txt
[0.674s] writing entry points to ../../build/py_srvcli/py_srvcli.egg-info/entry_points.txt
[0.674s] writing requirements to ../../build/py_srvcli/py_srvcli.egg-info/requires.txt
[0.674s] writing top-level names to ../../build/py_srvcli/py_srvcli.egg-info/top_level.txt
[0.676s] reading manifest file '../../build/py_srvcli/py_srvcli.egg-info/SOURCES.txt'
[0.677s] writing manifest file '../../build/py_srvcli/py_srvcli.egg-info/SOURCES.txt'
[0.677s] running build
[0.677s] running build_py
[0.678s] copying py_srvcli/client_member_function.py -> /home/damoon/ROS2_Learning/ros2_ws_2/build/py_srvcli/build/lib/py_srvcli
[0.678s] copying py_srvcli/service_member_function.py -> /home/damoon/ROS2_Learning/ros2_ws_2/build/py_srvcli/build/lib/py_srvcli
[0.678s] running install
[0.678s] /usr/lib/python3/dist-packages/setuptools/command/install.py:34: SetuptoolsDeprecationWarning: setup.py install is deprecated. Use build and pip and other standards-based tools.
[0.678s]   warnings.warn(
[0.679s] running install_lib
[0.679s] copying /home/damoon/ROS2_Learning/ros2_ws_2/build/py_srvcli/build/lib/py_srvcli/client_member_function.py -> /home/damoon/ROS2_Learning/ros2_ws_2/install/py_srvcli/lib/python3.10/site-packages/py_srvcli
[0.679s] copying /home/damoon/ROS2_Learning/ros2_ws_2/build/py_srvcli/build/lib/py_srvcli/service_member_function.py -> /home/damoon/ROS2_Learning/ros2_ws_2/install/py_srvcli/lib/python3.10/site-packages/py_srvcli
[0.680s] byte-compiling /home/damoon/ROS2_Learning/ros2_ws_2/install/py_srvcli/lib/python3.10/site-packages/py_srvcli/client_member_function.py to client_member_function.cpython-310.pyc
[0.681s]   File "/home/damoon/ROS2_Learning/ros2_ws_2/install/py_srvcli/lib/python3.10/site-packages/py_srvcli/client_member_function.py", line 30
[0.681s]     minimal_client.get_logger().info(
[0.681s]                                     ^
[0.681s] byte-compiling /home/damoon/ROS2_Learning/ros2_ws_2/install/py_srvcli/lib/python3.10/site-packages/py_srvcli/service_member_function.py to service_member_function.cpython-310.pyc
[0.681s] SyntaxError: '(' was never closed
[0.681s] 
[0.681s] running install_data
[0.682s] copying package.xml -> /home/damoon/ROS2_Learning/ros2_ws_2/install/py_srvcli/share/py_srvcli
[0.682s] running install_egg_info
[0.683s] removing '/home/damoon/ROS2_Learning/ros2_ws_2/install/py_srvcli/lib/python3.10/site-packages/py_srvcli-0.0.0-py3.10.egg-info' (and everything under it)
[0.683s] Copying ../../build/py_srvcli/py_srvcli.egg-info to /home/damoon/ROS2_Learning/ros2_ws_2/install/py_srvcli/lib/python3.10/site-packages/py_srvcli-0.0.0-py3.10.egg-info
[0.684s] running install_scripts
[0.699s] Installing client script to /home/damoon/ROS2_Learning/ros2_ws_2/install/py_srvcli/lib/py_srvcli
[0.699s] Installing service script to /home/damoon/ROS2_Learning/ros2_ws_2/install/py_srvcli/lib/py_srvcli
[0.700s] writing list of installed files to '/home/damoon/ROS2_Learning/ros2_ws_2/build/py_srvcli/install.log'
[0.716s] Invoked command in '/home/damoon/ROS2_Learning/ros2_ws_2/src/py_srvcli' returned '0': AMENT_PREFIX_PATH=/home/damoon/ROS2_Learning/ros2_ws_2/install/tutorial_interfaces:${AMENT_PREFIX_PATH} CMAKE_PREFIX_PATH=/home/damoon/ROS2_Learning/ros2_ws_2/install/tutorial_interfaces LD_LIBRARY_PATH=/home/damoon/ROS2_Learning/ros2_ws_2/install/tutorial_interfaces/lib:${LD_LIBRARY_PATH} PYTHONPATH=/home/damoon/ROS2_Learning/ros2_ws_2/build/py_srvcli/prefix_override:/home/damoon/ROS2_Learning/ros2_ws_2/install/py_srvcli/lib/python3.10/site-packages:/home/damoon/ROS2_Learning/ros2_ws_2/install/tutorial_interfaces/lib/python3.10/site-packages:${PYTHONPATH} /usr/bin/python3 setup.py egg_info --egg-base ../../build/py_srvcli build --build-base /home/damoon/ROS2_Learning/ros2_ws_2/build/py_srvcli/build install --record /home/damoon/ROS2_Learning/ros2_ws_2/build/py_srvcli/install.log --single-version-externally-managed
