[0.014s] Invoking command in '/home/damoon/ROS2_Learning/ros2_ws_2/build/turtlesim': CMAKE_PREFIX_PATH=${CMAKE_PREFIX_PATH}:/opt/ros/iron /usr/bin/cmake --build /home/damoon/ROS2_Learning/ros2_ws_2/build/turtlesim -- -j2 -l2
[0.077s] [  0%] Built target turtlesim__rosidl_generator_type_description
[0.086s] [  0%] Built target ament_cmake_python_copy_turtlesim
[0.095s] [  1%] Built target turtlesim__cpp
[0.101s] [35m[1mConsolidate compiler generated dependencies of target turtlesim__rosidl_generator_c[0m
[0.116s] [ 24%] Built target turtlesim__rosidl_generator_c
[0.129s] [35m[1mConsolidate compiler generated dependencies of target turtlesim__rosidl_typesupport_cpp[0m
[0.143s] [ 32%] Built target turtlesim__rosidl_typesupport_cpp
[0.163s] [35m[1mConsolidate compiler generated dependencies of target turtlesim__rosidl_typesupport_fastrtps_c[0m
[0.177s] [ 41%] Built target turtlesim__rosidl_typesupport_fastrtps_c
[0.190s] [35m[1mConsolidate compiler generated dependencies of target turtlesim__rosidl_typesupport_fastrtps_cpp[0m
[0.205s] [ 49%] Built target turtlesim__rosidl_typesupport_fastrtps_cpp
[0.216s] [35m[1mConsolidate compiler generated dependencies of target turtlesim__rosidl_typesupport_introspection_c[0m
[0.226s] [ 58%] Built target turtlesim__rosidl_typesupport_introspection_c
[0.238s] [35m[1mConsolidate compiler generated dependencies of target turtlesim__rosidl_typesupport_c[0m
[0.248s] [ 67%] Built target turtlesim__rosidl_typesupport_c
[0.260s] [35m[1mConsolidate compiler generated dependencies of target turtlesim__rosidl_typesupport_introspection_cpp[0m
[0.274s] [ 75%] Built target turtlesim__rosidl_typesupport_introspection_cpp
[0.285s] [35m[1mConsolidate compiler generated dependencies of target turtlesim_node[0m
[0.289s] running egg_info
[0.289s] writing turtlesim.egg-info/PKG-INFO
[0.290s] writing dependency_links to turtlesim.egg-info/dependency_links.txt
[0.290s] writing top-level names to turtlesim.egg-info/top_level.txt
[0.292s] reading manifest file 'turtlesim.egg-info/SOURCES.txt'
[0.293s] writing manifest file 'turtlesim.egg-info/SOURCES.txt'
[0.308s] [ 76%] [32mBuilding CXX object CMakeFiles/turtlesim_node.dir/src/turtle_frame.cpp.o[0m
[0.310s] [ 76%] Built target ament_cmake_python_build_turtlesim_egg
[0.320s] [35m[1mConsolidate compiler generated dependencies of target turtle_teleop_key[0m
[0.336s] [ 78%] Built target turtle_teleop_key
[0.344s] [35m[1mConsolidate compiler generated dependencies of target draw_square[0m
[0.357s] [ 79%] Built target draw_square
[0.365s] [35m[1mConsolidate compiler generated dependencies of target mimic[0m
[0.378s] [ 81%] Built target mimic
[0.390s] [ 81%] Built target turtlesim
[0.404s] [ 81%] Built target turtlesim__py
[0.412s] [35m[1mConsolidate compiler generated dependencies of target turtlesim__rosidl_generator_py[0m
[0.427s] [ 89%] Built target turtlesim__rosidl_generator_py
[0.434s] [35m[1mConsolidate compiler generated dependencies of target turtlesim__rosidl_typesupport_fastrtps_c__pyext[0m
[0.444s] [ 91%] Built target turtlesim__rosidl_typesupport_fastrtps_c__pyext
[0.451s] [35m[1mConsolidate compiler generated dependencies of target turtlesim__rosidl_typesupport_introspection_c__pyext[0m
[0.461s] [ 93%] Built target turtlesim__rosidl_typesupport_introspection_c__pyext
[0.467s] [35m[1mConsolidate compiler generated dependencies of target turtlesim__rosidl_typesupport_c__pyext[0m
[0.476s] [ 95%] Built target turtlesim__rosidl_typesupport_c__pyext
[8.606s] [ 96%] [32m[1mLinking CXX executable turtlesim_node[0m
[10.729s] [100%] Built target turtlesim_node
[10.741s] Invoked command in '/home/damoon/ROS2_Learning/ros2_ws_2/build/turtlesim' returned '0': CMAKE_PREFIX_PATH=${CMAKE_PREFIX_PATH}:/opt/ros/iron /usr/bin/cmake --build /home/damoon/ROS2_Learning/ros2_ws_2/build/turtlesim -- -j2 -l2
[10.911s] Invoking command in '/home/damoon/ROS2_Learning/ros2_ws_2/build/turtlesim': CMAKE_PREFIX_PATH=${CMAKE_PREFIX_PATH}:/opt/ros/iron /usr/bin/cmake --install /home/damoon/ROS2_Learning/ros2_ws_2/build/turtlesim
[10.918s] -- Install configuration: ""
[10.919s] -- Up-to-date: /home/damoon/ROS2_Learning/ros2_ws_2/install/turtlesim/share/ament_index/resource_index/rosidl_interfaces/turtlesim
[10.920s] -- Up-to-date: /home/damoon/ROS2_Learning/ros2_ws_2/install/turtlesim/share/turtlesim/action/RotateAbsolute.json
[10.920s] -- Up-to-date: /home/damoon/ROS2_Learning/ros2_ws_2/install/turtlesim/share/turtlesim/msg/Color.json
[10.921s] -- Up-to-date: /home/damoon/ROS2_Learning/ros2_ws_2/install/turtlesim/share/turtlesim/msg/Pose.json
[10.921s] -- Up-to-date: /home/damoon/ROS2_Learning/ros2_ws_2/install/turtlesim/share/turtlesim/srv/Kill.json
[10.923s] -- Up-to-date: /home/damoon/ROS2_Learning/ros2_ws_2/install/turtlesim/share/turtlesim/srv/SetPen.json
[10.923s] -- Up-to-date: /home/damoon/ROS2_Learning/ros2_ws_2/install/turtlesim/share/turtlesim/srv/Spawn.json
[10.923s] -- Up-to-date: /home/damoon/ROS2_Learning/ros2_ws_2/install/turtlesim/share/turtlesim/srv/TeleportAbsolute.json
[10.923s] -- Up-to-date: /home/damoon/ROS2_Learning/ros2_ws_2/install/turtlesim/share/turtlesim/srv/TeleportRelative.json
[10.923s] -- Up-to-date: /home/damoon/ROS2_Learning/ros2_ws_2/install/turtlesim/include/turtlesim/turtlesim
[10.923s] -- Up-to-date: /home/damoon/ROS2_Learning/ros2_ws_2/install/turtlesim/include/turtlesim/turtlesim/action
[10.923s] -- Up-to-date: /home/damoon/ROS2_Learning/ros2_ws_2/install/turtlesim/include/turtlesim/turtlesim/action/rotate_absolute.h
[10.923s] -- Up-to-date: /home/damoon/ROS2_Learning/ros2_ws_2/install/turtlesim/include/turtlesim/turtlesim/action/detail
[10.923s] -- Installing: /home/damoon/ROS2_Learning/ros2_ws_2/install/turtlesim/include/turtlesim/turtlesim/action/detail/rotate_absolute__type_support.c
[10.923s] -- Up-to-date: /home/damoon/ROS2_Learning/ros2_ws_2/install/turtlesim/include/turtlesim/turtlesim/action/detail/rotate_absolute__functions.h
[10.923s] -- Up-to-date: /home/damoon/ROS2_Learning/ros2_ws_2/install/turtlesim/include/turtlesim/turtlesim/action/detail/rotate_absolute__struct.h
[10.923s] -- Up-to-date: /home/damoon/ROS2_Learning/ros2_ws_2/install/turtlesim/include/turtlesim/turtlesim/action/detail/rotate_absolute__functions.c
[10.923s] -- Up-to-date: /home/damoon/ROS2_Learning/ros2_ws_2/install/turtlesim/include/turtlesim/turtlesim/action/detail/rotate_absolute__type_support.h
[10.924s] -- Up-to-date: /home/damoon/ROS2_Learning/ros2_ws_2/install/turtlesim/include/turtlesim/turtlesim/action/detail/rotate_absolute__description.c
[10.924s] -- Up-to-date: /home/damoon/ROS2_Learning/ros2_ws_2/install/turtlesim/include/turtlesim/turtlesim/msg
[10.924s] -- Up-to-date: /home/damoon/ROS2_Learning/ros2_ws_2/install/turtlesim/include/turtlesim/turtlesim/msg/color.h
[10.924s] -- Up-to-date: /home/damoon/ROS2_Learning/ros2_ws_2/install/turtlesim/include/turtlesim/turtlesim/msg/detail
[10.924s] -- Up-to-date: /home/damoon/ROS2_Learning/ros2_ws_2/install/turtlesim/include/turtlesim/turtlesim/msg/detail/pose__type_support.h
[10.924s] -- Up-to-date: /home/damoon/ROS2_Learning/ros2_ws_2/install/turtlesim/include/turtlesim/turtlesim/msg/detail/color__struct.h
[10.924s] -- Installing: /home/damoon/ROS2_Learning/ros2_ws_2/install/turtlesim/include/turtlesim/turtlesim/msg/detail/color__type_support.c
[10.924s] -- Up-to-date: /home/damoon/ROS2_Learning/ros2_ws_2/install/turtlesim/include/turtlesim/turtlesim/msg/detail/color__description.c
[10.924s] -- Up-to-date: /home/damoon/ROS2_Learning/ros2_ws_2/install/turtlesim/include/turtlesim/turtlesim/msg/detail/color__functions.h
[10.924s] -- Installing: /home/damoon/ROS2_Learning/ros2_ws_2/install/turtlesim/include/turtlesim/turtlesim/msg/detail/pose__type_support.c
[10.925s] -- Up-to-date: /home/damoon/ROS2_Learning/ros2_ws_2/install/turtlesim/include/turtlesim/turtlesim/msg/detail/pose__functions.h
[10.925s] -- Up-to-date: /home/damoon/ROS2_Learning/ros2_ws_2/install/turtlesim/include/turtlesim/turtlesim/msg/detail/pose__functions.c
[10.925s] -- Up-to-date: /home/damoon/ROS2_Learning/ros2_ws_2/install/turtlesim/include/turtlesim/turtlesim/msg/detail/pose__struct.h
[10.925s] -- Up-to-date: /home/damoon/ROS2_Learning/ros2_ws_2/install/turtlesim/include/turtlesim/turtlesim/msg/detail/color__type_support.h
[10.925s] -- Up-to-date: /home/damoon/ROS2_Learning/ros2_ws_2/install/turtlesim/include/turtlesim/turtlesim/msg/detail/pose__description.c
[10.925s] -- Up-to-date: /home/damoon/ROS2_Learning/ros2_ws_2/install/turtlesim/include/turtlesim/turtlesim/msg/detail/color__functions.c
[10.925s] -- Up-to-date: /home/damoon/ROS2_Learning/ros2_ws_2/install/turtlesim/include/turtlesim/turtlesim/msg/pose.h
[10.925s] -- Up-to-date: /home/damoon/ROS2_Learning/ros2_ws_2/install/turtlesim/include/turtlesim/turtlesim/msg/rosidl_generator_c__visibility_control.h
[10.925s] -- Up-to-date: /home/damoon/ROS2_Learning/ros2_ws_2/install/turtlesim/include/turtlesim/turtlesim/srv
[10.925s] -- Up-to-date: /home/damoon/ROS2_Learning/ros2_ws_2/install/turtlesim/include/turtlesim/turtlesim/srv/teleport_relative.h
[10.925s] -- Up-to-date: /home/damoon/ROS2_Learning/ros2_ws_2/install/turtlesim/include/turtlesim/turtlesim/srv/kill.h
[10.925s] -- Up-to-date: /home/damoon/ROS2_Learning/ros2_ws_2/install/turtlesim/include/turtlesim/turtlesim/srv/detail
[10.925s] -- Up-to-date: /home/damoon/ROS2_Learning/ros2_ws_2/install/turtlesim/include/turtlesim/turtlesim/srv/detail/set_pen__description.c
[10.925s] -- Up-to-date: /home/damoon/ROS2_Learning/ros2_ws_2/install/turtlesim/include/turtlesim/turtlesim/srv/detail/teleport_relative__functions.c
[10.926s] -- Up-to-date: /home/damoon/ROS2_Learning/ros2_ws_2/install/turtlesim/include/turtlesim/turtlesim/srv/detail/spawn__type_support.h
[10.926s] -- Up-to-date: /home/damoon/ROS2_Learning/ros2_ws_2/install/turtlesim/include/turtlesim/turtlesim/srv/detail/teleport_absolute__struct.h
[10.926s] -- Up-to-date: /home/damoon/ROS2_Learning/ros2_ws_2/install/turtlesim/include/turtlesim/turtlesim/srv/detail/teleport_absolute__functions.h
[10.926s] -- Up-to-date: /home/damoon/ROS2_Learning/ros2_ws_2/install/turtlesim/include/turtlesim/turtlesim/srv/detail/teleport_relative__struct.h
[10.926s] -- Up-to-date: /home/damoon/ROS2_Learning/ros2_ws_2/install/turtlesim/include/turtlesim/turtlesim/srv/detail/kill__struct.h
[10.926s] -- Installing: /home/damoon/ROS2_Learning/ros2_ws_2/install/turtlesim/include/turtlesim/turtlesim/srv/detail/spawn__type_support.c
[10.926s] -- Up-to-date: /home/damoon/ROS2_Learning/ros2_ws_2/install/turtlesim/include/turtlesim/turtlesim/srv/detail/teleport_relative__description.c
[10.926s] -- Installing: /home/damoon/ROS2_Learning/ros2_ws_2/install/turtlesim/include/turtlesim/turtlesim/srv/detail/teleport_absolute__type_support.c
[10.926s] -- Up-to-date: /home/damoon/ROS2_Learning/ros2_ws_2/install/turtlesim/include/turtlesim/turtlesim/srv/detail/teleport_absolute__functions.c
[10.926s] -- Up-to-date: /home/damoon/ROS2_Learning/ros2_ws_2/install/turtlesim/include/turtlesim/turtlesim/srv/detail/set_pen__type_support.h
[10.926s] -- Up-to-date: /home/damoon/ROS2_Learning/ros2_ws_2/install/turtlesim/include/turtlesim/turtlesim/srv/detail/teleport_absolute__type_support.h
[10.927s] -- Up-to-date: /home/damoon/ROS2_Learning/ros2_ws_2/install/turtlesim/include/turtlesim/turtlesim/srv/detail/teleport_absolute__description.c
[10.927s] -- Up-to-date: /home/damoon/ROS2_Learning/ros2_ws_2/install/turtlesim/include/turtlesim/turtlesim/srv/detail/kill__functions.c
[10.927s] -- Up-to-date: /home/damoon/ROS2_Learning/ros2_ws_2/install/turtlesim/include/turtlesim/turtlesim/srv/detail/spawn__functions.h
[10.927s] -- Up-to-date: /home/damoon/ROS2_Learning/ros2_ws_2/install/turtlesim/include/turtlesim/turtlesim/srv/detail/set_pen__functions.c
[10.927s] -- Installing: /home/damoon/ROS2_Learning/ros2_ws_2/install/turtlesim/include/turtlesim/turtlesim/srv/detail/set_pen__type_support.c
[10.927s] -- Up-to-date: /home/damoon/ROS2_Learning/ros2_ws_2/install/turtlesim/include/turtlesim/turtlesim/srv/detail/teleport_relative__type_support.h
[10.927s] -- Up-to-date: /home/damoon/ROS2_Learning/ros2_ws_2/install/turtlesim/include/turtlesim/turtlesim/srv/detail/teleport_relative__functions.h
[10.927s] -- Up-to-date: /home/damoon/ROS2_Learning/ros2_ws_2/install/turtlesim/include/turtlesim/turtlesim/srv/detail/kill__functions.h
[10.927s] -- Up-to-date: /home/damoon/ROS2_Learning/ros2_ws_2/install/turtlesim/include/turtlesim/turtlesim/srv/detail/set_pen__struct.h
[10.927s] -- Up-to-date: /home/damoon/ROS2_Learning/ros2_ws_2/install/turtlesim/include/turtlesim/turtlesim/srv/detail/kill__type_support.h
[10.927s] -- Up-to-date: /home/damoon/ROS2_Learning/ros2_ws_2/install/turtlesim/include/turtlesim/turtlesim/srv/detail/kill__description.c
[10.927s] -- Installing: /home/damoon/ROS2_Learning/ros2_ws_2/install/turtlesim/include/turtlesim/turtlesim/srv/detail/teleport_relative__type_support.c
[10.928s] -- Up-to-date: /home/damoon/ROS2_Learning/ros2_ws_2/install/turtlesim/include/turtlesim/turtlesim/srv/detail/set_pen__functions.h
[10.928s] -- Up-to-date: /home/damoon/ROS2_Learning/ros2_ws_2/install/turtlesim/include/turtlesim/turtlesim/srv/detail/spawn__functions.c
[10.928s] -- Up-to-date: /home/damoon/ROS2_Learning/ros2_ws_2/install/turtlesim/include/turtlesim/turtlesim/srv/detail/spawn__struct.h
[10.928s] -- Up-to-date: /home/damoon/ROS2_Learning/ros2_ws_2/install/turtlesim/include/turtlesim/turtlesim/srv/detail/spawn__description.c
[10.928s] -- Installing: /home/damoon/ROS2_Learning/ros2_ws_2/install/turtlesim/include/turtlesim/turtlesim/srv/detail/kill__type_support.c
[10.928s] -- Up-to-date: /home/damoon/ROS2_Learning/ros2_ws_2/install/turtlesim/include/turtlesim/turtlesim/srv/set_pen.h
[10.928s] -- Up-to-date: /home/damoon/ROS2_Learning/ros2_ws_2/install/turtlesim/include/turtlesim/turtlesim/srv/spawn.h
[10.928s] -- Up-to-date: /home/damoon/ROS2_Learning/ros2_ws_2/install/turtlesim/include/turtlesim/turtlesim/srv/teleport_absolute.h
[10.928s] -- Up-to-date: /home/damoon/ROS2_Learning/ros2_ws_2/install/turtlesim/share/turtlesim/environment/library_path.sh
[10.928s] -- Up-to-date: /home/damoon/ROS2_Learning/ros2_ws_2/install/turtlesim/share/turtlesim/environment/library_path.dsv
[10.928s] -- Up-to-date: /home/damoon/ROS2_Learning/ros2_ws_2/install/turtlesim/lib/libturtlesim__rosidl_generator_c.so
[10.928s] -- Up-to-date: /home/damoon/ROS2_Learning/ros2_ws_2/install/turtlesim/include/turtlesim/turtlesim
[10.928s] -- Up-to-date: /home/damoon/ROS2_Learning/ros2_ws_2/install/turtlesim/include/turtlesim/turtlesim/action
[10.929s] -- Up-to-date: /home/damoon/ROS2_Learning/ros2_ws_2/install/turtlesim/include/turtlesim/turtlesim/action/detail
[10.929s] -- Up-to-date: /home/damoon/ROS2_Learning/ros2_ws_2/install/turtlesim/include/turtlesim/turtlesim/action/detail/rotate_absolute__rosidl_typesupport_fastrtps_c.h
[10.929s] -- Up-to-date: /home/damoon/ROS2_Learning/ros2_ws_2/install/turtlesim/include/turtlesim/turtlesim/msg
[10.929s] -- Up-to-date: /home/damoon/ROS2_Learning/ros2_ws_2/install/turtlesim/include/turtlesim/turtlesim/msg/rosidl_typesupport_fastrtps_c__visibility_control.h
[10.929s] -- Up-to-date: /home/damoon/ROS2_Learning/ros2_ws_2/install/turtlesim/include/turtlesim/turtlesim/msg/detail
[10.929s] -- Up-to-date: /home/damoon/ROS2_Learning/ros2_ws_2/install/turtlesim/include/turtlesim/turtlesim/msg/detail/pose__rosidl_typesupport_fastrtps_c.h
[10.929s] -- Up-to-date: /home/damoon/ROS2_Learning/ros2_ws_2/install/turtlesim/include/turtlesim/turtlesim/msg/detail/color__rosidl_typesupport_fastrtps_c.h
[10.929s] -- Up-to-date: /home/damoon/ROS2_Learning/ros2_ws_2/install/turtlesim/include/turtlesim/turtlesim/srv
[10.929s] -- Up-to-date: /home/damoon/ROS2_Learning/ros2_ws_2/install/turtlesim/include/turtlesim/turtlesim/srv/detail
[10.929s] -- Up-to-date: /home/damoon/ROS2_Learning/ros2_ws_2/install/turtlesim/include/turtlesim/turtlesim/srv/detail/set_pen__rosidl_typesupport_fastrtps_c.h
[10.930s] -- Up-to-date: /home/damoon/ROS2_Learning/ros2_ws_2/install/turtlesim/include/turtlesim/turtlesim/srv/detail/teleport_absolute__rosidl_typesupport_fastrtps_c.h
[10.930s] -- Up-to-date: /home/damoon/ROS2_Learning/ros2_ws_2/install/turtlesim/include/turtlesim/turtlesim/srv/detail/teleport_relative__rosidl_typesupport_fastrtps_c.h
[10.930s] -- Up-to-date: /home/damoon/ROS2_Learning/ros2_ws_2/install/turtlesim/include/turtlesim/turtlesim/srv/detail/spawn__rosidl_typesupport_fastrtps_c.h
[10.930s] -- Up-to-date: /home/damoon/ROS2_Learning/ros2_ws_2/install/turtlesim/include/turtlesim/turtlesim/srv/detail/kill__rosidl_typesupport_fastrtps_c.h
[10.930s] -- Up-to-date: /home/damoon/ROS2_Learning/ros2_ws_2/install/turtlesim/lib/libturtlesim__rosidl_typesupport_fastrtps_c.so
[10.930s] -- Up-to-date: /home/damoon/ROS2_Learning/ros2_ws_2/install/turtlesim/include/turtlesim/turtlesim
[10.930s] -- Up-to-date: /home/damoon/ROS2_Learning/ros2_ws_2/install/turtlesim/include/turtlesim/turtlesim/action
[10.930s] -- Up-to-date: /home/damoon/ROS2_Learning/ros2_ws_2/install/turtlesim/include/turtlesim/turtlesim/action/rotate_absolute.hpp
[10.930s] -- Up-to-date: /home/damoon/ROS2_Learning/ros2_ws_2/install/turtlesim/include/turtlesim/turtlesim/action/detail
[10.930s] -- Up-to-date: /home/damoon/ROS2_Learning/ros2_ws_2/install/turtlesim/include/turtlesim/turtlesim/action/detail/rotate_absolute__traits.hpp
[10.931s] -- Up-to-date: /home/damoon/ROS2_Learning/ros2_ws_2/install/turtlesim/include/turtlesim/turtlesim/action/detail/rotate_absolute__builder.hpp
[10.931s] -- Up-to-date: /home/damoon/ROS2_Learning/ros2_ws_2/install/turtlesim/include/turtlesim/turtlesim/action/detail/rotate_absolute__struct.hpp
[10.931s] -- Up-to-date: /home/damoon/ROS2_Learning/ros2_ws_2/install/turtlesim/include/turtlesim/turtlesim/msg
[10.931s] -- Up-to-date: /home/damoon/ROS2_Learning/ros2_ws_2/install/turtlesim/include/turtlesim/turtlesim/msg/color.hpp
[10.931s] -- Up-to-date: /home/damoon/ROS2_Learning/ros2_ws_2/install/turtlesim/include/turtlesim/turtlesim/msg/detail
[10.931s] -- Up-to-date: /home/damoon/ROS2_Learning/ros2_ws_2/install/turtlesim/include/turtlesim/turtlesim/msg/detail/color__struct.hpp
[10.931s] -- Up-to-date: /home/damoon/ROS2_Learning/ros2_ws_2/install/turtlesim/include/turtlesim/turtlesim/msg/detail/color__traits.hpp
[10.931s] -- Up-to-date: /home/damoon/ROS2_Learning/ros2_ws_2/install/turtlesim/include/turtlesim/turtlesim/msg/detail/pose__traits.hpp
[10.932s] -- Up-to-date: /home/damoon/ROS2_Learning/ros2_ws_2/install/turtlesim/include/turtlesim/turtlesim/msg/detail/color__builder.hpp
[10.932s] -- Up-to-date: /home/damoon/ROS2_Learning/ros2_ws_2/install/turtlesim/include/turtlesim/turtlesim/msg/detail/pose__struct.hpp
[10.932s] -- Up-to-date: /home/damoon/ROS2_Learning/ros2_ws_2/install/turtlesim/include/turtlesim/turtlesim/msg/detail/pose__builder.hpp
[10.932s] -- Up-to-date: /home/damoon/ROS2_Learning/ros2_ws_2/install/turtlesim/include/turtlesim/turtlesim/msg/pose.hpp
[10.932s] -- Up-to-date: /home/damoon/ROS2_Learning/ros2_ws_2/install/turtlesim/include/turtlesim/turtlesim/srv
[10.932s] -- Up-to-date: /home/damoon/ROS2_Learning/ros2_ws_2/install/turtlesim/include/turtlesim/turtlesim/srv/teleport_absolute.hpp
[10.932s] -- Up-to-date: /home/damoon/ROS2_Learning/ros2_ws_2/install/turtlesim/include/turtlesim/turtlesim/srv/spawn.hpp
[10.932s] -- Up-to-date: /home/damoon/ROS2_Learning/ros2_ws_2/install/turtlesim/include/turtlesim/turtlesim/srv/set_pen.hpp
[10.932s] -- Up-to-date: /home/damoon/ROS2_Learning/ros2_ws_2/install/turtlesim/include/turtlesim/turtlesim/srv/teleport_relative.hpp
[10.933s] -- Up-to-date: /home/damoon/ROS2_Learning/ros2_ws_2/install/turtlesim/include/turtlesim/turtlesim/srv/detail
[10.933s] -- Up-to-date: /home/damoon/ROS2_Learning/ros2_ws_2/install/turtlesim/include/turtlesim/turtlesim/srv/detail/spawn__builder.hpp
[10.933s] -- Up-to-date: /home/damoon/ROS2_Learning/ros2_ws_2/install/turtlesim/include/turtlesim/turtlesim/srv/detail/set_pen__struct.hpp
[10.933s] -- Up-to-date: /home/damoon/ROS2_Learning/ros2_ws_2/install/turtlesim/include/turtlesim/turtlesim/srv/detail/spawn__struct.hpp
[10.933s] -- Up-to-date: /home/damoon/ROS2_Learning/ros2_ws_2/install/turtlesim/include/turtlesim/turtlesim/srv/detail/kill__struct.hpp
[10.933s] -- Up-to-date: /home/damoon/ROS2_Learning/ros2_ws_2/install/turtlesim/include/turtlesim/turtlesim/srv/detail/set_pen__traits.hpp
[10.933s] -- Up-to-date: /home/damoon/ROS2_Learning/ros2_ws_2/install/turtlesim/include/turtlesim/turtlesim/srv/detail/teleport_absolute__builder.hpp
[10.933s] -- Up-to-date: /home/damoon/ROS2_Learning/ros2_ws_2/install/turtlesim/include/turtlesim/turtlesim/srv/detail/teleport_relative__struct.hpp
[10.933s] -- Up-to-date: /home/damoon/ROS2_Learning/ros2_ws_2/install/turtlesim/include/turtlesim/turtlesim/srv/detail/kill__traits.hpp
[10.933s] -- Up-to-date: /home/damoon/ROS2_Learning/ros2_ws_2/install/turtlesim/include/turtlesim/turtlesim/srv/detail/teleport_relative__builder.hpp
[10.933s] -- Up-to-date: /home/damoon/ROS2_Learning/ros2_ws_2/install/turtlesim/include/turtlesim/turtlesim/srv/detail/kill__builder.hpp
[10.933s] -- Up-to-date: /home/damoon/ROS2_Learning/ros2_ws_2/install/turtlesim/include/turtlesim/turtlesim/srv/detail/spawn__traits.hpp
[10.933s] -- Up-to-date: /home/damoon/ROS2_Learning/ros2_ws_2/install/turtlesim/include/turtlesim/turtlesim/srv/detail/set_pen__builder.hpp
[10.933s] -- Up-to-date: /home/damoon/ROS2_Learning/ros2_ws_2/install/turtlesim/include/turtlesim/turtlesim/srv/detail/teleport_absolute__traits.hpp
[10.933s] -- Up-to-date: /home/damoon/ROS2_Learning/ros2_ws_2/install/turtlesim/include/turtlesim/turtlesim/srv/detail/teleport_absolute__struct.hpp
[10.933s] -- Up-to-date: /home/damoon/ROS2_Learning/ros2_ws_2/install/turtlesim/include/turtlesim/turtlesim/srv/detail/teleport_relative__traits.hpp
[10.933s] -- Up-to-date: /home/damoon/ROS2_Learning/ros2_ws_2/install/turtlesim/include/turtlesim/turtlesim/srv/kill.hpp
[10.934s] -- Up-to-date: /home/damoon/ROS2_Learning/ros2_ws_2/install/turtlesim/include/turtlesim/turtlesim
[10.934s] -- Up-to-date: /home/damoon/ROS2_Learning/ros2_ws_2/install/turtlesim/include/turtlesim/turtlesim/action
[10.934s] -- Up-to-date: /home/damoon/ROS2_Learning/ros2_ws_2/install/turtlesim/include/turtlesim/turtlesim/action/detail
[10.934s] -- Up-to-date: /home/damoon/ROS2_Learning/ros2_ws_2/install/turtlesim/include/turtlesim/turtlesim/action/detail/dds_fastrtps
[10.934s] -- Up-to-date: /home/damoon/ROS2_Learning/ros2_ws_2/install/turtlesim/include/turtlesim/turtlesim/action/detail/rotate_absolute__rosidl_typesupport_fastrtps_cpp.hpp
[10.934s] -- Up-to-date: /home/damoon/ROS2_Learning/ros2_ws_2/install/turtlesim/include/turtlesim/turtlesim/msg
[10.934s] -- Up-to-date: /home/damoon/ROS2_Learning/ros2_ws_2/install/turtlesim/include/turtlesim/turtlesim/msg/detail
[10.934s] -- Up-to-date: /home/damoon/ROS2_Learning/ros2_ws_2/install/turtlesim/include/turtlesim/turtlesim/msg/detail/dds_fastrtps
[10.934s] -- Up-to-date: /home/damoon/ROS2_Learning/ros2_ws_2/install/turtlesim/include/turtlesim/turtlesim/msg/detail/color__rosidl_typesupport_fastrtps_cpp.hpp
[10.934s] -- Up-to-date: /home/damoon/ROS2_Learning/ros2_ws_2/install/turtlesim/include/turtlesim/turtlesim/msg/detail/pose__rosidl_typesupport_fastrtps_cpp.hpp
[10.934s] -- Up-to-date: /home/damoon/ROS2_Learning/ros2_ws_2/install/turtlesim/include/turtlesim/turtlesim/msg/rosidl_typesupport_fastrtps_cpp__visibility_control.h
[10.934s] -- Up-to-date: /home/damoon/ROS2_Learning/ros2_ws_2/install/turtlesim/include/turtlesim/turtlesim/srv
[10.934s] -- Up-to-date: /home/damoon/ROS2_Learning/ros2_ws_2/install/turtlesim/include/turtlesim/turtlesim/srv/detail
[10.934s] -- Up-to-date: /home/damoon/ROS2_Learning/ros2_ws_2/install/turtlesim/include/turtlesim/turtlesim/srv/detail/dds_fastrtps
[10.935s] -- Up-to-date: /home/damoon/ROS2_Learning/ros2_ws_2/install/turtlesim/include/turtlesim/turtlesim/srv/detail/kill__rosidl_typesupport_fastrtps_cpp.hpp
[10.935s] -- Up-to-date: /home/damoon/ROS2_Learning/ros2_ws_2/install/turtlesim/include/turtlesim/turtlesim/srv/detail/spawn__rosidl_typesupport_fastrtps_cpp.hpp
[10.935s] -- Up-to-date: /home/damoon/ROS2_Learning/ros2_ws_2/install/turtlesim/include/turtlesim/turtlesim/srv/detail/set_pen__rosidl_typesupport_fastrtps_cpp.hpp
[10.935s] -- Up-to-date: /home/damoon/ROS2_Learning/ros2_ws_2/install/turtlesim/include/turtlesim/turtlesim/srv/detail/teleport_absolute__rosidl_typesupport_fastrtps_cpp.hpp
[10.935s] -- Up-to-date: /home/damoon/ROS2_Learning/ros2_ws_2/install/turtlesim/include/turtlesim/turtlesim/srv/detail/teleport_relative__rosidl_typesupport_fastrtps_cpp.hpp
[10.935s] -- Up-to-date: /home/damoon/ROS2_Learning/ros2_ws_2/install/turtlesim/lib/libturtlesim__rosidl_typesupport_fastrtps_cpp.so
[10.935s] -- Up-to-date: /home/damoon/ROS2_Learning/ros2_ws_2/install/turtlesim/include/turtlesim/turtlesim
[10.935s] -- Up-to-date: /home/damoon/ROS2_Learning/ros2_ws_2/install/turtlesim/include/turtlesim/turtlesim/action
[10.935s] -- Up-to-date: /home/damoon/ROS2_Learning/ros2_ws_2/install/turtlesim/include/turtlesim/turtlesim/action/detail
[10.935s] -- Installing: /home/damoon/ROS2_Learning/ros2_ws_2/install/turtlesim/include/turtlesim/turtlesim/action/detail/rotate_absolute__type_support.c
[10.935s] -- Up-to-date: /home/damoon/ROS2_Learning/ros2_ws_2/install/turtlesim/include/turtlesim/turtlesim/action/detail/rotate_absolute__rosidl_typesupport_introspection_c.h
[10.935s] -- Up-to-date: /home/damoon/ROS2_Learning/ros2_ws_2/install/turtlesim/include/turtlesim/turtlesim/msg
[10.935s] -- Up-to-date: /home/damoon/ROS2_Learning/ros2_ws_2/install/turtlesim/include/turtlesim/turtlesim/msg/rosidl_typesupport_introspection_c__visibility_control.h
[10.936s] -- Up-to-date: /home/damoon/ROS2_Learning/ros2_ws_2/install/turtlesim/include/turtlesim/turtlesim/msg/detail
[10.936s] -- Up-to-date: /home/damoon/ROS2_Learning/ros2_ws_2/install/turtlesim/include/turtlesim/turtlesim/msg/detail/color__rosidl_typesupport_introspection_c.h
[10.936s] -- Installing: /home/damoon/ROS2_Learning/ros2_ws_2/install/turtlesim/include/turtlesim/turtlesim/msg/detail/color__type_support.c
[10.936s] -- Installing: /home/damoon/ROS2_Learning/ros2_ws_2/install/turtlesim/include/turtlesim/turtlesim/msg/detail/pose__type_support.c
[10.936s] -- Up-to-date: /home/damoon/ROS2_Learning/ros2_ws_2/install/turtlesim/include/turtlesim/turtlesim/msg/detail/pose__rosidl_typesupport_introspection_c.h
[10.936s] -- Up-to-date: /home/damoon/ROS2_Learning/ros2_ws_2/install/turtlesim/include/turtlesim/turtlesim/srv
[10.936s] -- Up-to-date: /home/damoon/ROS2_Learning/ros2_ws_2/install/turtlesim/include/turtlesim/turtlesim/srv/detail
[10.936s] -- Up-to-date: /home/damoon/ROS2_Learning/ros2_ws_2/install/turtlesim/include/turtlesim/turtlesim/srv/detail/spawn__rosidl_typesupport_introspection_c.h
[10.936s] -- Installing: /home/damoon/ROS2_Learning/ros2_ws_2/install/turtlesim/include/turtlesim/turtlesim/srv/detail/spawn__type_support.c
[10.936s] -- Installing: /home/damoon/ROS2_Learning/ros2_ws_2/install/turtlesim/include/turtlesim/turtlesim/srv/detail/teleport_absolute__type_support.c
[10.937s] -- Up-to-date: /home/damoon/ROS2_Learning/ros2_ws_2/install/turtlesim/include/turtlesim/turtlesim/srv/detail/set_pen__rosidl_typesupport_introspection_c.h
[10.937s] -- Up-to-date: /home/damoon/ROS2_Learning/ros2_ws_2/install/turtlesim/include/turtlesim/turtlesim/srv/detail/teleport_relative__rosidl_typesupport_introspection_c.h
[10.937s] -- Installing: /home/damoon/ROS2_Learning/ros2_ws_2/install/turtlesim/include/turtlesim/turtlesim/srv/detail/set_pen__type_support.c
[10.938s] -- Up-to-date: /home/damoon/ROS2_Learning/ros2_ws_2/install/turtlesim/include/turtlesim/turtlesim/srv/detail/teleport_absolute__rosidl_typesupport_introspection_c.h
[10.938s] -- Installing: /home/damoon/ROS2_Learning/ros2_ws_2/install/turtlesim/include/turtlesim/turtlesim/srv/detail/teleport_relative__type_support.c
[10.938s] -- Up-to-date: /home/damoon/ROS2_Learning/ros2_ws_2/install/turtlesim/include/turtlesim/turtlesim/srv/detail/kill__rosidl_typesupport_introspection_c.h
[10.938s] -- Installing: /home/damoon/ROS2_Learning/ros2_ws_2/install/turtlesim/include/turtlesim/turtlesim/srv/detail/kill__type_support.c
[10.939s] -- Up-to-date: /home/damoon/ROS2_Learning/ros2_ws_2/install/turtlesim/lib/libturtlesim__rosidl_typesupport_introspection_c.so
[10.939s] -- Up-to-date: /home/damoon/ROS2_Learning/ros2_ws_2/install/turtlesim/lib/libturtlesim__rosidl_typesupport_c.so
[10.939s] -- Up-to-date: /home/damoon/ROS2_Learning/ros2_ws_2/install/turtlesim/include/turtlesim/turtlesim
[10.940s] -- Up-to-date: /home/damoon/ROS2_Learning/ros2_ws_2/install/turtlesim/include/turtlesim/turtlesim/action
[10.940s] -- Up-to-date: /home/damoon/ROS2_Learning/ros2_ws_2/install/turtlesim/include/turtlesim/turtlesim/action/detail
[10.940s] -- Up-to-date: /home/damoon/ROS2_Learning/ros2_ws_2/install/turtlesim/include/turtlesim/turtlesim/action/detail/rotate_absolute__rosidl_typesupport_introspection_cpp.hpp
[10.940s] -- Up-to-date: /home/damoon/ROS2_Learning/ros2_ws_2/install/turtlesim/include/turtlesim/turtlesim/action/detail/rotate_absolute__type_support.cpp
[10.940s] -- Up-to-date: /home/damoon/ROS2_Learning/ros2_ws_2/install/turtlesim/include/turtlesim/turtlesim/msg
[10.940s] -- Up-to-date: /home/damoon/ROS2_Learning/ros2_ws_2/install/turtlesim/include/turtlesim/turtlesim/msg/detail
[10.940s] -- Up-to-date: /home/damoon/ROS2_Learning/ros2_ws_2/install/turtlesim/include/turtlesim/turtlesim/msg/detail/color__rosidl_typesupport_introspection_cpp.hpp
[10.941s] -- Up-to-date: /home/damoon/ROS2_Learning/ros2_ws_2/install/turtlesim/include/turtlesim/turtlesim/msg/detail/color__type_support.cpp
[10.941s] -- Up-to-date: /home/damoon/ROS2_Learning/ros2_ws_2/install/turtlesim/include/turtlesim/turtlesim/msg/detail/pose__rosidl_typesupport_introspection_cpp.hpp
[10.941s] -- Up-to-date: /home/damoon/ROS2_Learning/ros2_ws_2/install/turtlesim/include/turtlesim/turtlesim/msg/detail/pose__type_support.cpp
[10.941s] -- Up-to-date: /home/damoon/ROS2_Learning/ros2_ws_2/install/turtlesim/include/turtlesim/turtlesim/srv
[10.941s] -- Up-to-date: /home/damoon/ROS2_Learning/ros2_ws_2/install/turtlesim/include/turtlesim/turtlesim/srv/detail
[10.941s] -- Up-to-date: /home/damoon/ROS2_Learning/ros2_ws_2/install/turtlesim/include/turtlesim/turtlesim/srv/detail/teleport_absolute__type_support.cpp
[10.941s] -- Up-to-date: /home/damoon/ROS2_Learning/ros2_ws_2/install/turtlesim/include/turtlesim/turtlesim/srv/detail/set_pen__rosidl_typesupport_introspection_cpp.hpp
[10.941s] -- Up-to-date: /home/damoon/ROS2_Learning/ros2_ws_2/install/turtlesim/include/turtlesim/turtlesim/srv/detail/kill__type_support.cpp
[10.941s] -- Up-to-date: /home/damoon/ROS2_Learning/ros2_ws_2/install/turtlesim/include/turtlesim/turtlesim/srv/detail/spawn__type_support.cpp
[10.941s] -- Up-to-date: /home/damoon/ROS2_Learning/ros2_ws_2/install/turtlesim/include/turtlesim/turtlesim/srv/detail/spawn__rosidl_typesupport_introspection_cpp.hpp
[10.941s] -- Up-to-date: /home/damoon/ROS2_Learning/ros2_ws_2/install/turtlesim/include/turtlesim/turtlesim/srv/detail/kill__rosidl_typesupport_introspection_cpp.hpp
[10.941s] -- Up-to-date: /home/damoon/ROS2_Learning/ros2_ws_2/install/turtlesim/include/turtlesim/turtlesim/srv/detail/teleport_absolute__rosidl_typesupport_introspection_cpp.hpp
[10.941s] -- Up-to-date: /home/damoon/ROS2_Learning/ros2_ws_2/install/turtlesim/include/turtlesim/turtlesim/srv/detail/teleport_relative__type_support.cpp
[10.942s] -- Up-to-date: /home/damoon/ROS2_Learning/ros2_ws_2/install/turtlesim/include/turtlesim/turtlesim/srv/detail/teleport_relative__rosidl_typesupport_introspection_cpp.hpp
[10.942s] -- Up-to-date: /home/damoon/ROS2_Learning/ros2_ws_2/install/turtlesim/include/turtlesim/turtlesim/srv/detail/set_pen__type_support.cpp
[10.942s] -- Up-to-date: /home/damoon/ROS2_Learning/ros2_ws_2/install/turtlesim/lib/libturtlesim__rosidl_typesupport_introspection_cpp.so
[10.942s] -- Up-to-date: /home/damoon/ROS2_Learning/ros2_ws_2/install/turtlesim/lib/libturtlesim__rosidl_typesupport_cpp.so
[10.942s] -- Up-to-date: /home/damoon/ROS2_Learning/ros2_ws_2/install/turtlesim/share/turtlesim/environment/pythonpath.sh
[10.942s] -- Up-to-date: /home/damoon/ROS2_Learning/ros2_ws_2/install/turtlesim/share/turtlesim/environment/pythonpath.dsv
[10.942s] -- Up-to-date: /home/damoon/ROS2_Learning/ros2_ws_2/install/turtlesim/lib/python3.10/site-packages/turtlesim-1.6.1-py3.10.egg-info
[10.943s] -- Installing: /home/damoon/ROS2_Learning/ros2_ws_2/install/turtlesim/lib/python3.10/site-packages/turtlesim-1.6.1-py3.10.egg-info/top_level.txt
[10.943s] -- Installing: /home/damoon/ROS2_Learning/ros2_ws_2/install/turtlesim/lib/python3.10/site-packages/turtlesim-1.6.1-py3.10.egg-info/PKG-INFO
[10.943s] -- Installing: /home/damoon/ROS2_Learning/ros2_ws_2/install/turtlesim/lib/python3.10/site-packages/turtlesim-1.6.1-py3.10.egg-info/dependency_links.txt
[10.943s] -- Installing: /home/damoon/ROS2_Learning/ros2_ws_2/install/turtlesim/lib/python3.10/site-packages/turtlesim-1.6.1-py3.10.egg-info/SOURCES.txt
[10.943s] -- Up-to-date: /home/damoon/ROS2_Learning/ros2_ws_2/install/turtlesim/lib/python3.10/site-packages/turtlesim
[10.944s] -- Up-to-date: /home/damoon/ROS2_Learning/ros2_ws_2/install/turtlesim/lib/python3.10/site-packages/turtlesim/_turtlesim_s.ep.rosidl_typesupport_fastrtps_c.c
[10.944s] -- Up-to-date: /home/damoon/ROS2_Learning/ros2_ws_2/install/turtlesim/lib/python3.10/site-packages/turtlesim/turtlesim_s__rosidl_typesupport_c.cpython-310-x86_64-linux-gnu.so
[10.944s] -- Up-to-date: /home/damoon/ROS2_Learning/ros2_ws_2/install/turtlesim/lib/python3.10/site-packages/turtlesim/libturtlesim__rosidl_generator_py.so
[10.944s] -- Up-to-date: /home/damoon/ROS2_Learning/ros2_ws_2/install/turtlesim/lib/python3.10/site-packages/turtlesim/_turtlesim_s.ep.rosidl_typesupport_introspection_c.c
[10.944s] -- Up-to-date: /home/damoon/ROS2_Learning/ros2_ws_2/install/turtlesim/lib/python3.10/site-packages/turtlesim/action
[10.944s] -- Up-to-date: /home/damoon/ROS2_Learning/ros2_ws_2/install/turtlesim/lib/python3.10/site-packages/turtlesim/action/_rotate_absolute.py
[10.944s] -- Up-to-date: /home/damoon/ROS2_Learning/ros2_ws_2/install/turtlesim/lib/python3.10/site-packages/turtlesim/action/_rotate_absolute_s.c
[10.945s] -- Up-to-date: /home/damoon/ROS2_Learning/ros2_ws_2/install/turtlesim/lib/python3.10/site-packages/turtlesim/action/__init__.py
[10.945s] -- Up-to-date: /home/damoon/ROS2_Learning/ros2_ws_2/install/turtlesim/lib/python3.10/site-packages/turtlesim/_turtlesim_s.ep.rosidl_typesupport_c.c
[10.945s] -- Up-to-date: /home/damoon/ROS2_Learning/ros2_ws_2/install/turtlesim/lib/python3.10/site-packages/turtlesim/turtlesim_s__rosidl_typesupport_introspection_c.cpython-310-x86_64-linux-gnu.so
[10.945s] -- Up-to-date: /home/damoon/ROS2_Learning/ros2_ws_2/install/turtlesim/lib/python3.10/site-packages/turtlesim/msg
[10.945s] -- Up-to-date: /home/damoon/ROS2_Learning/ros2_ws_2/install/turtlesim/lib/python3.10/site-packages/turtlesim/msg/_color.py
[10.945s] -- Up-to-date: /home/damoon/ROS2_Learning/ros2_ws_2/install/turtlesim/lib/python3.10/site-packages/turtlesim/msg/_color_s.c
[10.945s] -- Up-to-date: /home/damoon/ROS2_Learning/ros2_ws_2/install/turtlesim/lib/python3.10/site-packages/turtlesim/msg/_pose.py
[10.945s] -- Up-to-date: /home/damoon/ROS2_Learning/ros2_ws_2/install/turtlesim/lib/python3.10/site-packages/turtlesim/msg/_pose_s.c
[10.945s] -- Up-to-date: /home/damoon/ROS2_Learning/ros2_ws_2/install/turtlesim/lib/python3.10/site-packages/turtlesim/msg/__init__.py
[10.945s] -- Up-to-date: /home/damoon/ROS2_Learning/ros2_ws_2/install/turtlesim/lib/python3.10/site-packages/turtlesim/__init__.py
[10.945s] -- Up-to-date: /home/damoon/ROS2_Learning/ros2_ws_2/install/turtlesim/lib/python3.10/site-packages/turtlesim/turtlesim_s__rosidl_typesupport_fastrtps_c.cpython-310-x86_64-linux-gnu.so
[10.945s] -- Up-to-date: /home/damoon/ROS2_Learning/ros2_ws_2/install/turtlesim/lib/python3.10/site-packages/turtlesim/srv
[10.945s] -- Up-to-date: /home/damoon/ROS2_Learning/ros2_ws_2/install/turtlesim/lib/python3.10/site-packages/turtlesim/srv/_set_pen.py
[10.945s] -- Up-to-date: /home/damoon/ROS2_Learning/ros2_ws_2/install/turtlesim/lib/python3.10/site-packages/turtlesim/srv/_spawn.py
[10.945s] -- Up-to-date: /home/damoon/ROS2_Learning/ros2_ws_2/install/turtlesim/lib/python3.10/site-packages/turtlesim/srv/_teleport_absolute.py
[10.946s] -- Up-to-date: /home/damoon/ROS2_Learning/ros2_ws_2/install/turtlesim/lib/python3.10/site-packages/turtlesim/srv/_kill.py
[10.946s] -- Up-to-date: /home/damoon/ROS2_Learning/ros2_ws_2/install/turtlesim/lib/python3.10/site-packages/turtlesim/srv/_kill_s.c
[10.946s] -- Up-to-date: /home/damoon/ROS2_Learning/ros2_ws_2/install/turtlesim/lib/python3.10/site-packages/turtlesim/srv/_teleport_relative_s.c
[10.946s] -- Up-to-date: /home/damoon/ROS2_Learning/ros2_ws_2/install/turtlesim/lib/python3.10/site-packages/turtlesim/srv/__init__.py
[10.946s] -- Up-to-date: /home/damoon/ROS2_Learning/ros2_ws_2/install/turtlesim/lib/python3.10/site-packages/turtlesim/srv/_spawn_s.c
[10.946s] -- Up-to-date: /home/damoon/ROS2_Learning/ros2_ws_2/install/turtlesim/lib/python3.10/site-packages/turtlesim/srv/_teleport_relative.py
[10.946s] -- Up-to-date: /home/damoon/ROS2_Learning/ros2_ws_2/install/turtlesim/lib/python3.10/site-packages/turtlesim/srv/_teleport_absolute_s.c
[10.946s] -- Up-to-date: /home/damoon/ROS2_Learning/ros2_ws_2/install/turtlesim/lib/python3.10/site-packages/turtlesim/srv/_set_pen_s.c
[10.981s] Listing '/home/damoon/ROS2_Learning/ros2_ws_2/install/turtlesim/lib/python3.10/site-packages/turtlesim'...
[10.981s] Listing '/home/damoon/ROS2_Learning/ros2_ws_2/install/turtlesim/lib/python3.10/site-packages/turtlesim/action'...
[10.981s] Listing '/home/damoon/ROS2_Learning/ros2_ws_2/install/turtlesim/lib/python3.10/site-packages/turtlesim/msg'...
[10.981s] Listing '/home/damoon/ROS2_Learning/ros2_ws_2/install/turtlesim/lib/python3.10/site-packages/turtlesim/srv'...
[10.985s] -- Up-to-date: /home/damoon/ROS2_Learning/ros2_ws_2/install/turtlesim/lib/python3.10/site-packages/turtlesim/turtlesim_s__rosidl_typesupport_fastrtps_c.cpython-310-x86_64-linux-gnu.so
[10.985s] -- Up-to-date: /home/damoon/ROS2_Learning/ros2_ws_2/install/turtlesim/lib/python3.10/site-packages/turtlesim/turtlesim_s__rosidl_typesupport_introspection_c.cpython-310-x86_64-linux-gnu.so
[10.986s] -- Up-to-date: /home/damoon/ROS2_Learning/ros2_ws_2/install/turtlesim/lib/python3.10/site-packages/turtlesim/turtlesim_s__rosidl_typesupport_c.cpython-310-x86_64-linux-gnu.so
[10.986s] -- Up-to-date: /home/damoon/ROS2_Learning/ros2_ws_2/install/turtlesim/lib/libturtlesim__rosidl_generator_py.so
[10.987s] -- Up-to-date: /home/damoon/ROS2_Learning/ros2_ws_2/install/turtlesim/share/turtlesim/action/RotateAbsolute.idl
[10.987s] -- Up-to-date: /home/damoon/ROS2_Learning/ros2_ws_2/install/turtlesim/share/turtlesim/msg/Color.idl
[10.987s] -- Up-to-date: /home/damoon/ROS2_Learning/ros2_ws_2/install/turtlesim/share/turtlesim/msg/Pose.idl
[10.987s] -- Up-to-date: /home/damoon/ROS2_Learning/ros2_ws_2/install/turtlesim/share/turtlesim/srv/Kill.idl
[10.987s] -- Up-to-date: /home/damoon/ROS2_Learning/ros2_ws_2/install/turtlesim/share/turtlesim/srv/SetPen.idl
[10.987s] -- Up-to-date: /home/damoon/ROS2_Learning/ros2_ws_2/install/turtlesim/share/turtlesim/srv/Spawn.idl
[10.987s] -- Up-to-date: /home/damoon/ROS2_Learning/ros2_ws_2/install/turtlesim/share/turtlesim/srv/TeleportAbsolute.idl
[10.987s] -- Up-to-date: /home/damoon/ROS2_Learning/ros2_ws_2/install/turtlesim/share/turtlesim/srv/TeleportRelative.idl
[10.987s] -- Up-to-date: /home/damoon/ROS2_Learning/ros2_ws_2/install/turtlesim/share/turtlesim/action/RotateAbsolute.action
[10.987s] -- Up-to-date: /home/damoon/ROS2_Learning/ros2_ws_2/install/turtlesim/share/turtlesim/msg/Color.msg
[10.987s] -- Up-to-date: /home/damoon/ROS2_Learning/ros2_ws_2/install/turtlesim/share/turtlesim/msg/Pose.msg
[10.988s] -- Up-to-date: /home/damoon/ROS2_Learning/ros2_ws_2/install/turtlesim/share/turtlesim/srv/Kill.srv
[10.988s] -- Up-to-date: /home/damoon/ROS2_Learning/ros2_ws_2/install/turtlesim/share/turtlesim/srv/Kill_Request.msg
[10.988s] -- Up-to-date: /home/damoon/ROS2_Learning/ros2_ws_2/install/turtlesim/share/turtlesim/srv/Kill_Response.msg
[10.988s] -- Up-to-date: /home/damoon/ROS2_Learning/ros2_ws_2/install/turtlesim/share/turtlesim/srv/SetPen.srv
[10.988s] -- Up-to-date: /home/damoon/ROS2_Learning/ros2_ws_2/install/turtlesim/share/turtlesim/srv/SetPen_Request.msg
[10.988s] -- Up-to-date: /home/damoon/ROS2_Learning/ros2_ws_2/install/turtlesim/share/turtlesim/srv/SetPen_Response.msg
[10.988s] -- Up-to-date: /home/damoon/ROS2_Learning/ros2_ws_2/install/turtlesim/share/turtlesim/srv/Spawn.srv
[10.988s] -- Up-to-date: /home/damoon/ROS2_Learning/ros2_ws_2/install/turtlesim/share/turtlesim/srv/Spawn_Request.msg
[10.988s] -- Up-to-date: /home/damoon/ROS2_Learning/ros2_ws_2/install/turtlesim/share/turtlesim/srv/Spawn_Response.msg
[10.988s] -- Up-to-date: /home/damoon/ROS2_Learning/ros2_ws_2/install/turtlesim/share/turtlesim/srv/TeleportAbsolute.srv
[10.988s] -- Up-to-date: /home/damoon/ROS2_Learning/ros2_ws_2/install/turtlesim/share/turtlesim/srv/TeleportAbsolute_Request.msg
[10.988s] -- Up-to-date: /home/damoon/ROS2_Learning/ros2_ws_2/install/turtlesim/share/turtlesim/srv/TeleportAbsolute_Response.msg
[10.989s] -- Up-to-date: /home/damoon/ROS2_Learning/ros2_ws_2/install/turtlesim/share/turtlesim/srv/TeleportRelative.srv
[10.989s] -- Up-to-date: /home/damoon/ROS2_Learning/ros2_ws_2/install/turtlesim/share/turtlesim/srv/TeleportRelative_Request.msg
[10.989s] -- Up-to-date: /home/damoon/ROS2_Learning/ros2_ws_2/install/turtlesim/share/turtlesim/srv/TeleportRelative_Response.msg
[10.989s] -- Installing: /home/damoon/ROS2_Learning/ros2_ws_2/install/turtlesim/lib/turtlesim/turtlesim_node
[10.998s] -- Set runtime path of "/home/damoon/ROS2_Learning/ros2_ws_2/install/turtlesim/lib/turtlesim/turtlesim_node" to ""
[10.999s] -- Up-to-date: /home/damoon/ROS2_Learning/ros2_ws_2/install/turtlesim/lib/turtlesim/turtle_teleop_key
[11.000s] -- Up-to-date: /home/damoon/ROS2_Learning/ros2_ws_2/install/turtlesim/lib/turtlesim/draw_square
[11.000s] -- Up-to-date: /home/damoon/ROS2_Learning/ros2_ws_2/install/turtlesim/lib/turtlesim/mimic
[11.000s] -- Up-to-date: /home/damoon/ROS2_Learning/ros2_ws_2/install/turtlesim/share/turtlesim/images
[11.001s] -- Up-to-date: /home/damoon/ROS2_Learning/ros2_ws_2/install/turtlesim/share/turtlesim/images/ardent.png
[11.001s] -- Up-to-date: /home/damoon/ROS2_Learning/ros2_ws_2/install/turtlesim/share/turtlesim/images/dashing.png
[11.001s] -- Up-to-date: /home/damoon/ROS2_Learning/ros2_ws_2/install/turtlesim/share/turtlesim/images/bouncy.png
[11.001s] -- Up-to-date: /home/damoon/ROS2_Learning/ros2_ws_2/install/turtlesim/share/turtlesim/images/rolling.png
[11.001s] -- Up-to-date: /home/damoon/ROS2_Learning/ros2_ws_2/install/turtlesim/share/turtlesim/images/humble.png
[11.001s] -- Up-to-date: /home/damoon/ROS2_Learning/ros2_ws_2/install/turtlesim/share/turtlesim/images/eloquent.png
[11.001s] -- Up-to-date: /home/damoon/ROS2_Learning/ros2_ws_2/install/turtlesim/share/turtlesim/images/crystal.png
[11.001s] -- Up-to-date: /home/damoon/ROS2_Learning/ros2_ws_2/install/turtlesim/share/turtlesim/images/foxy.png
[11.001s] -- Up-to-date: /home/damoon/ROS2_Learning/ros2_ws_2/install/turtlesim/share/turtlesim/images/galactic.png
[11.001s] -- Up-to-date: /home/damoon/ROS2_Learning/ros2_ws_2/install/turtlesim/share/turtlesim/images/iron.png
[11.001s] -- Up-to-date: /home/damoon/ROS2_Learning/ros2_ws_2/install/turtlesim/share/turtlesim/launch
[11.001s] -- Up-to-date: /home/damoon/ROS2_Learning/ros2_ws_2/install/turtlesim/share/turtlesim/launch/multisim.launch.py
[11.001s] -- Up-to-date: /home/damoon/ROS2_Learning/ros2_ws_2/install/turtlesim/share/ament_index/resource_index/package_run_dependencies/turtlesim
[11.002s] -- Up-to-date: /home/damoon/ROS2_Learning/ros2_ws_2/install/turtlesim/share/ament_index/resource_index/parent_prefix_path/turtlesim
[11.002s] -- Up-to-date: /home/damoon/ROS2_Learning/ros2_ws_2/install/turtlesim/share/turtlesim/environment/ament_prefix_path.sh
[11.003s] -- Up-to-date: /home/damoon/ROS2_Learning/ros2_ws_2/install/turtlesim/share/turtlesim/environment/ament_prefix_path.dsv
[11.003s] -- Up-to-date: /home/damoon/ROS2_Learning/ros2_ws_2/install/turtlesim/share/turtlesim/environment/path.sh
[11.003s] -- Up-to-date: /home/damoon/ROS2_Learning/ros2_ws_2/install/turtlesim/share/turtlesim/environment/path.dsv
[11.003s] -- Up-to-date: /home/damoon/ROS2_Learning/ros2_ws_2/install/turtlesim/share/turtlesim/local_setup.bash
[11.003s] -- Up-to-date: /home/damoon/ROS2_Learning/ros2_ws_2/install/turtlesim/share/turtlesim/local_setup.sh
[11.003s] -- Up-to-date: /home/damoon/ROS2_Learning/ros2_ws_2/install/turtlesim/share/turtlesim/local_setup.zsh
[11.003s] -- Up-to-date: /home/damoon/ROS2_Learning/ros2_ws_2/install/turtlesim/share/turtlesim/local_setup.dsv
[11.003s] -- Installing: /home/damoon/ROS2_Learning/ros2_ws_2/install/turtlesim/share/turtlesim/package.dsv
[11.003s] -- Up-to-date: /home/damoon/ROS2_Learning/ros2_ws_2/install/turtlesim/share/ament_index/resource_index/packages/turtlesim
[11.004s] -- Up-to-date: /home/damoon/ROS2_Learning/ros2_ws_2/install/turtlesim/share/turtlesim/cmake/export_turtlesim__rosidl_generator_cExport.cmake
[11.004s] -- Up-to-date: /home/damoon/ROS2_Learning/ros2_ws_2/install/turtlesim/share/turtlesim/cmake/export_turtlesim__rosidl_generator_cExport-noconfig.cmake
[11.004s] -- Up-to-date: /home/damoon/ROS2_Learning/ros2_ws_2/install/turtlesim/share/turtlesim/cmake/export_turtlesim__rosidl_typesupport_fastrtps_cExport.cmake
[11.005s] -- Up-to-date: /home/damoon/ROS2_Learning/ros2_ws_2/install/turtlesim/share/turtlesim/cmake/export_turtlesim__rosidl_typesupport_fastrtps_cExport-noconfig.cmake
[11.005s] -- Up-to-date: /home/damoon/ROS2_Learning/ros2_ws_2/install/turtlesim/share/turtlesim/cmake/export_turtlesim__rosidl_generator_cppExport.cmake
[11.005s] -- Up-to-date: /home/damoon/ROS2_Learning/ros2_ws_2/install/turtlesim/share/turtlesim/cmake/export_turtlesim__rosidl_typesupport_fastrtps_cppExport.cmake
[11.006s] -- Up-to-date: /home/damoon/ROS2_Learning/ros2_ws_2/install/turtlesim/share/turtlesim/cmake/export_turtlesim__rosidl_typesupport_fastrtps_cppExport-noconfig.cmake
[11.006s] -- Up-to-date: /home/damoon/ROS2_Learning/ros2_ws_2/install/turtlesim/share/turtlesim/cmake/turtlesim__rosidl_typesupport_introspection_cExport.cmake
[11.006s] -- Up-to-date: /home/damoon/ROS2_Learning/ros2_ws_2/install/turtlesim/share/turtlesim/cmake/turtlesim__rosidl_typesupport_introspection_cExport-noconfig.cmake
[11.006s] -- Up-to-date: /home/damoon/ROS2_Learning/ros2_ws_2/install/turtlesim/share/turtlesim/cmake/turtlesim__rosidl_typesupport_cExport.cmake
[11.006s] -- Up-to-date: /home/damoon/ROS2_Learning/ros2_ws_2/install/turtlesim/share/turtlesim/cmake/turtlesim__rosidl_typesupport_cExport-noconfig.cmake
[11.007s] -- Up-to-date: /home/damoon/ROS2_Learning/ros2_ws_2/install/turtlesim/share/turtlesim/cmake/turtlesim__rosidl_typesupport_introspection_cppExport.cmake
[11.007s] -- Up-to-date: /home/damoon/ROS2_Learning/ros2_ws_2/install/turtlesim/share/turtlesim/cmake/turtlesim__rosidl_typesupport_introspection_cppExport-noconfig.cmake
[11.007s] -- Up-to-date: /home/damoon/ROS2_Learning/ros2_ws_2/install/turtlesim/share/turtlesim/cmake/turtlesim__rosidl_typesupport_cppExport.cmake
[11.007s] -- Up-to-date: /home/damoon/ROS2_Learning/ros2_ws_2/install/turtlesim/share/turtlesim/cmake/turtlesim__rosidl_typesupport_cppExport-noconfig.cmake
[11.008s] -- Up-to-date: /home/damoon/ROS2_Learning/ros2_ws_2/install/turtlesim/share/turtlesim/cmake/export_turtlesim__rosidl_generator_pyExport.cmake
[11.008s] -- Up-to-date: /home/damoon/ROS2_Learning/ros2_ws_2/install/turtlesim/share/turtlesim/cmake/export_turtlesim__rosidl_generator_pyExport-noconfig.cmake
[11.008s] -- Up-to-date: /home/damoon/ROS2_Learning/ros2_ws_2/install/turtlesim/share/turtlesim/cmake/rosidl_cmake-extras.cmake
[11.008s] -- Up-to-date: /home/damoon/ROS2_Learning/ros2_ws_2/install/turtlesim/share/turtlesim/cmake/ament_cmake_export_dependencies-extras.cmake
[11.009s] -- Up-to-date: /home/damoon/ROS2_Learning/ros2_ws_2/install/turtlesim/share/turtlesim/cmake/ament_cmake_export_include_directories-extras.cmake
[11.009s] -- Up-to-date: /home/damoon/ROS2_Learning/ros2_ws_2/install/turtlesim/share/turtlesim/cmake/ament_cmake_export_libraries-extras.cmake
[11.009s] -- Up-to-date: /home/damoon/ROS2_Learning/ros2_ws_2/install/turtlesim/share/turtlesim/cmake/ament_cmake_export_targets-extras.cmake
[11.009s] -- Up-to-date: /home/damoon/ROS2_Learning/ros2_ws_2/install/turtlesim/share/turtlesim/cmake/rosidl_cmake_export_typesupport_targets-extras.cmake
[11.009s] -- Up-to-date: /home/damoon/ROS2_Learning/ros2_ws_2/install/turtlesim/share/turtlesim/cmake/rosidl_cmake_export_typesupport_libraries-extras.cmake
[11.009s] -- Up-to-date: /home/damoon/ROS2_Learning/ros2_ws_2/install/turtlesim/share/turtlesim/cmake/turtlesimConfig.cmake
[11.010s] -- Up-to-date: /home/damoon/ROS2_Learning/ros2_ws_2/install/turtlesim/share/turtlesim/cmake/turtlesimConfig-version.cmake
[11.010s] -- Up-to-date: /home/damoon/ROS2_Learning/ros2_ws_2/install/turtlesim/share/turtlesim/package.xml
[11.012s] Invoked command in '/home/damoon/ROS2_Learning/ros2_ws_2/build/turtlesim' returned '0': CMAKE_PREFIX_PATH=${CMAKE_PREFIX_PATH}:/opt/ros/iron /usr/bin/cmake --install /home/damoon/ROS2_Learning/ros2_ws_2/build/turtlesim
