[0.016s] Invoking command in '/home/damoon/ROS2_Learning/ros2_ws_2/build/cpp_pubsub': CMAKE_PREFIX_PATH=${CMAKE_PREFIX_PATH}:/home/damoon/ROS2_Learning/ros2_ws_2/install/py_srvcli:/home/damoon/ROS2_Learning/ros2_ws_2/install/py_pubsub:/opt/ros/iron /usr/bin/cmake --build /home/damoon/ROS2_Learning/ros2_ws_2/build/cpp_pubsub -- -j2 -l2
[0.066s] [35m[1mConsolidate compiler generated dependencies of target talker[0m
[0.066s] [35m[1mConsolidate compiler generated dependencies of target listener[0m
[0.094s] [ 50%] [32mBuilding CXX object CMakeFiles/listener.dir/src/subscriber_member_function.cpp.o[0m
[0.094s] [ 50%] [32mBuilding CXX object CMakeFiles/talker.dir/src/publisher_member_function.cpp.o[0m
[2.994s] [01m[K/home/damoon/ROS2_Learning/ros2_ws_2/src/cpp_pubsub/src/subscriber_member_function.cpp:34:50:[m[K [01;31m[Kerror: [m[K‘[01m[Kmsg[m[K’ in namespace ‘[01m[Ktutorial_interfaces[m[K’ does not name a type
[2.996s]    34 |   void topic_callback(const tutorial_interfaces::[01;31m[Kmsg[m[K:Num & msg) const
[2.996s]       |                                                  [01;31m[K^~~[m[K
[2.997s] In file included from [01m[K/home/damoon/ROS2_Learning/ros2_ws_2/install/tutorial_interfaces/include/tutorial_interfaces/tutorial_interfaces/msg/num.hpp:7[m[K,
[2.997s]                  from [01m[K/home/damoon/ROS2_Learning/ros2_ws_2/src/cpp_pubsub/src/subscriber_member_function.cpp:19[m[K:
[2.997s] [01m[K/home/damoon/ROS2_Learning/ros2_ws_2/install/tutorial_interfaces/include/tutorial_interfaces/tutorial_interfaces/msg/detail/num__struct.hpp:27:11:[m[K [01;36m[Knote: [m[K‘[01m[Ktutorial_interfaces::msg[m[K’ declared here
[2.997s]    27 | namespace [01;36m[Kmsg[m[K
[2.997s]       |           [01;36m[K^~~[m[K
[2.997s] [01m[K/home/damoon/ROS2_Learning/ros2_ws_2/src/cpp_pubsub/src/subscriber_member_function.cpp:34:53:[m[K [01;31m[Kerror: [m[Kexpected ‘[01m[K,[m[K’ or ‘[01m[K...[m[K’ before ‘[01m[K:[m[K’ token
[2.997s]    34 |   void topic_callback(const tutorial_interfaces::msg[01;31m[K:[m[KNum & msg) const
[2.997s]       |                                                     [01;31m[K^[m[K
[2.998s] [01m[K/home/damoon/ROS2_Learning/ros2_ws_2/src/cpp_pubsub/src/subscriber_member_function.cpp:38:52:[m[K [01;31m[Kerror: [m[Ktemplate argument 1 is invalid
[2.998s]    38 |   rclcpp::Subscription<tutorial_interfaces::msg:Num[01;31m[K>[m[K::SharedPtr subscription_;
[2.998s]       |                                                    [01;31m[K^[m[K
[2.998s] [01m[K/home/damoon/ROS2_Learning/ros2_ws_2/src/cpp_pubsub/src/subscriber_member_function.cpp:38:52:[m[K [01;31m[Kerror: [m[Ktemplate argument 3 is invalid
[2.998s] [01m[K/home/damoon/ROS2_Learning/ros2_ws_2/src/cpp_pubsub/src/subscriber_member_function.cpp:38:52:[m[K [01;31m[Kerror: [m[Ktemplate argument 4 is invalid
[2.998s] [01m[K/home/damoon/ROS2_Learning/ros2_ws_2/src/cpp_pubsub/src/subscriber_member_function.cpp:38:52:[m[K [01;31m[Kerror: [m[Ktemplate argument 5 is invalid
[2.998s] [01m[K/home/damoon/ROS2_Learning/ros2_ws_2/src/cpp_pubsub/src/subscriber_member_function.cpp:38:55:[m[K [01;31m[Kerror: [m[Kexpected ‘[01m[K;[m[K’ at end of member declaration
[2.998s]    38 |   rclcpp::Subscription<tutorial_interfaces::msg:Num>::[01;31m[KSharedPtr[m[K subscription_;
[2.998s]       |                                                       [01;31m[K^~~~~~~~~[m[K
[2.998s]       |                                                                [32m[K;[m[K
[2.998s] [01m[K/home/damoon/ROS2_Learning/ros2_ws_2/src/cpp_pubsub/src/subscriber_member_function.cpp:38:65:[m[K [01;31m[Kerror: [m[K‘[01m[Ksubscription_[m[K’ does not name a type; did you mean ‘[01m[Krmw_subscription_t[m[K’?
[2.998s]    38 |   rclcpp::Subscription<tutorial_interfaces::msg:Num>::SharedPtr [01;31m[Ksubscription_[m[K;
[2.998s]       |                                                                 [01;31m[K^~~~~~~~~~~~~[m[K
[2.998s]       |                                                                 [32m[Krmw_subscription_t[m[K
[3.003s] [01m[K/home/damoon/ROS2_Learning/ros2_ws_2/src/cpp_pubsub/src/subscriber_member_function.cpp:[m[K In constructor ‘[01m[KMinimalSubscriber::MinimalSubscriber()[m[K’:
[3.003s] [01m[K/home/damoon/ROS2_Learning/ros2_ws_2/src/cpp_pubsub/src/subscriber_member_function.cpp:29:5:[m[K [01;31m[Kerror: [m[K‘[01m[Ksubscription_[m[K’ was not declared in this scope; did you mean ‘[01m[Krmw_subscription_t[m[K’?
[3.004s]    29 |     [01;31m[Ksubscription_[m[K = this->create_subscription<turorial_interfaces::msg:Num>(
[3.004s]       |     [01;31m[K^~~~~~~~~~~~~[m[K
[3.004s]       |     [32m[Krmw_subscription_t[m[K
[3.008s] [01m[K/home/damoon/ROS2_Learning/ros2_ws_2/src/cpp_pubsub/src/subscriber_member_function.cpp:29:47:[m[K [01;31m[Kerror: [m[K‘[01m[Kturorial_interfaces[m[K’ was not declared in this scope; did you mean ‘[01m[Ktutorial_interfaces[m[K’?
[3.008s]    29 |     subscription_ = this->create_subscription<[01;31m[Kturorial_interfaces[m[K::msg:Num>(
[3.008s]       |                                               [01;31m[K^~~~~~~~~~~~~~~~~~~[m[K
[3.008s]       |                                               [32m[Ktutorial_interfaces[m[K
[3.008s] [01m[K/home/damoon/ROS2_Learning/ros2_ws_2/src/cpp_pubsub/src/subscriber_member_function.cpp:29:27:[m[K [01;31m[Kerror: [m[Kparse error in template argument list
[3.008s]    29 |     subscription_ = this->[01;31m[Kcreate_subscription<turorial_interfaces::msg:Num>[m[K(
[3.008s]       |                           [01;31m[K^~~~~~~~~~~~~~~~~~~~~~~~~~~~~~~~~~~~~~~~~~~~~~~~~[m[K
[3.012s] [01m[K/home/damoon/ROS2_Learning/ros2_ws_2/src/cpp_pubsub/src/subscriber_member_function.cpp:29:76:[m[K [01;31m[Kerror: [m[Kno matching function for call to ‘[01m[KMinimalSubscriber::create_subscription<<expression error> >(const char [6], int, std::_Bind_helper<false, void (MinimalSubscriber::*)(int) const, MinimalSubscriber*, const std::_Placeholder<1>&>::type)[m[K’
[3.012s]    29 |     subscription_ = [01;31m[Kthis->create_subscription<turorial_interfaces::msg:Num>([m[K
[3.012s]       |                     [01;31m[K~~~~~~~~~~~~~~~~~~~~~~~~~~~~~~~~~~~~~~~~~~~~~~~~~~~~~~~^[m[K
[3.012s]    30 | [01;31m[K      "topic", 10, std::bind(&MinimalSubscriber::topic_callback, this, _1))[m[K;
[3.012s]       |       [01;31m[K~~~~~~~~~~~~~~~~~~~~~~~~~~~~~~~~~~~~~~~~~~~~~~~~~~~~~~~~~~~~~~~~~~~~~[m[K 
[3.012s] In file included from [01m[K/opt/ros/iron/include/rclcpp/rclcpp/executors/single_threaded_executor.hpp:28[m[K,
[3.013s]                  from [01m[K/opt/ros/iron/include/rclcpp/rclcpp/executors.hpp:22[m[K,
[3.013s]                  from [01m[K/opt/ros/iron/include/rclcpp/rclcpp/rclcpp.hpp:167[m[K,
[3.013s]                  from [01m[K/home/damoon/ROS2_Learning/ros2_ws_2/src/cpp_pubsub/src/subscriber_member_function.cpp:18[m[K:
[3.013s] [01m[K/opt/ros/iron/include/rclcpp/rclcpp/node.hpp:219:3:[m[K [01;36m[Knote: [m[Kcandidate: ‘[01m[Ktemplate<class MessageT, class CallbackT, class AllocatorT, class SubscriptionT, class MessageMemoryStrategyT> std::shared_ptr<ROSMessageT> rclcpp::Node::create_subscription(const string&, const rclcpp::QoS&, CallbackT&&, const rclcpp::SubscriptionOptionsWithAllocator<AllocatorT>&, typename MessageMemoryStrategyT::SharedPtr)[m[K’
[3.013s]   219 |   [01;36m[Kcreate_subscription[m[K(
[3.013s]       |   [01;36m[K^~~~~~~~~~~~~~~~~~~[m[K
[3.013s] [01m[K/opt/ros/iron/include/rclcpp/rclcpp/node.hpp:219:3:[m[K [01;36m[Knote: [m[K  template argument deduction/substitution failed:
[3.013s] [01m[K/home/damoon/ROS2_Learning/ros2_ws_2/src/cpp_pubsub/src/subscriber_member_function.cpp:29:76:[m[K [01;31m[Kerror: [m[Ktemplate argument 1 is invalid
[3.014s]    29 |     subscription_ = [01;31m[Kthis->create_subscription<turorial_interfaces::msg:Num>([m[K
[3.014s]       |                     [01;31m[K~~~~~~~~~~~~~~~~~~~~~~~~~~~~~~~~~~~~~~~~~~~~~~~~~~~~~~~^[m[K
[3.014s]    30 | [01;31m[K      "topic", 10, std::bind(&MinimalSubscriber::topic_callback, this, _1))[m[K;
[3.014s]       |       [01;31m[K~~~~~~~~~~~~~~~~~~~~~~~~~~~~~~~~~~~~~~~~~~~~~~~~~~~~~~~~~~~~~~~~~~~~~[m[K 
[3.014s] In file included from [01m[K/opt/ros/iron/include/rclcpp/rclcpp/client.hpp:43[m[K,
[3.014s]                  from [01m[K/opt/ros/iron/include/rclcpp/rclcpp/callback_group.hpp:24[m[K,
[3.014s]                  from [01m[K/opt/ros/iron/include/rclcpp/rclcpp/any_executable.hpp:20[m[K,
[3.014s]                  from [01m[K/opt/ros/iron/include/rclcpp/rclcpp/memory_strategy.hpp:25[m[K,
[3.015s]                  from [01m[K/opt/ros/iron/include/rclcpp/rclcpp/memory_strategies.hpp:18[m[K,
[3.015s]                  from [01m[K/opt/ros/iron/include/rclcpp/rclcpp/executor_options.hpp:20[m[K,
[3.015s]                  from [01m[K/opt/ros/iron/include/rclcpp/rclcpp/executor.hpp:37[m[K,
[3.015s]                  from [01m[K/opt/ros/iron/include/rclcpp/rclcpp/executors/multi_threaded_executor.hpp:25[m[K,
[3.015s]                  from [01m[K/opt/ros/iron/include/rclcpp/rclcpp/executors.hpp:21[m[K,
[3.015s]                  from [01m[K/opt/ros/iron/include/rclcpp/rclcpp/rclcpp.hpp:167[m[K,
[3.015s]                  from [01m[K/home/damoon/ROS2_Learning/ros2_ws_2/src/cpp_pubsub/src/subscriber_member_function.cpp:18[m[K:
[3.015s] [01m[K/home/damoon/ROS2_Learning/ros2_ws_2/src/cpp_pubsub/src/subscriber_member_function.cpp:[m[K In member function ‘[01m[Kvoid MinimalSubscriber::topic_callback(int) const[m[K’:
[3.016s] [01m[K/home/damoon/ROS2_Learning/ros2_ws_2/src/cpp_pubsub/src/subscriber_member_function.cpp:36:65:[m[K [01;31m[Kerror: [m[K‘[01m[Kmsg[m[K’ was not declared in this scope
[3.016s]    36 |     RCLCPP_INFO_STREAM(this->get_logger(), "I heard:sdfsd '" << [01;31m[Kmsg[m[K.num() << "'");
[3.016s]       |                                                                 [01;31m[K^~~[m[K
[3.016s] [01m[K/home/damoon/ROS2_Learning/ros2_ws_2/src/cpp_pubsub/src/subscriber_member_function.cpp:36:65:[m[K [01;36m[Knote: [m[Ksuggested alternatives:
[3.016s] In file included from [01m[K/opt/ros/iron/include/builtin_interfaces/builtin_interfaces/msg/time.hpp:7[m[K,
[3.016s]                  from [01m[K/opt/ros/iron/include/rclcpp/rclcpp/time.hpp:18[m[K,
[3.017s]                  from [01m[K/opt/ros/iron/include/rclcpp/rclcpp/clock.hpp:24[m[K,
[3.029s]                  from [01m[K/opt/ros/iron/include/rclcpp/rclcpp/client.hpp:38[m[K,
[3.029s]                  from [01m[K/opt/ros/iron/include/rclcpp/rclcpp/callback_group.hpp:24[m[K,
[3.029s]                  from [01m[K/opt/ros/iron/include/rclcpp/rclcpp/any_executable.hpp:20[m[K,
[3.029s]                  from [01m[K/opt/ros/iron/include/rclcpp/rclcpp/memory_strategy.hpp:25[m[K,
[3.029s]                  from [01m[K/opt/ros/iron/include/rclcpp/rclcpp/memory_strategies.hpp:18[m[K,
[3.029s]                  from [01m[K/opt/ros/iron/include/rclcpp/rclcpp/executor_options.hpp:20[m[K,
[3.029s]                  from [01m[K/opt/ros/iron/include/rclcpp/rclcpp/executor.hpp:37[m[K,
[3.029s]                  from [01m[K/opt/ros/iron/include/rclcpp/rclcpp/executors/multi_threaded_executor.hpp:25[m[K,
[3.029s]                  from [01m[K/opt/ros/iron/include/rclcpp/rclcpp/executors.hpp:21[m[K,
[3.029s]                  from [01m[K/opt/ros/iron/include/rclcpp/rclcpp/rclcpp.hpp:167[m[K,
[3.029s]                  from [01m[K/home/damoon/ROS2_Learning/ros2_ws_2/src/cpp_pubsub/src/subscriber_member_function.cpp:18[m[K:
[3.029s] [01m[K/opt/ros/iron/include/builtin_interfaces/builtin_interfaces/msg/detail/time__struct.hpp:27:11:[m[K [01;36m[Knote: [m[K  ‘[01m[Kbuiltin_interfaces::msg[m[K’
[3.029s]    27 | namespace [01;36m[Kmsg[m[K
[3.030s]       |           [01;36m[K^~~[m[K
[3.030s] In file included from [01m[K/opt/ros/iron/include/rcl_interfaces/rcl_interfaces/msg/set_parameters_result.hpp:7[m[K,
[3.030s]                  from [01m[K/opt/ros/iron/include/rclcpp/rclcpp/qos_overriding_options.hpp:28[m[K,
[3.030s]                  from [01m[K/opt/ros/iron/include/rclcpp/rclcpp/subscription_options.hpp:30[m[K,
[3.030s]                  from [01m[K/opt/ros/iron/include/rclcpp/rclcpp/subscription.hpp:45[m[K,
[3.030s]                  from [01m[K/opt/ros/iron/include/rclcpp/rclcpp/any_executable.hpp:25[m[K,
[3.030s]                  from [01m[K/opt/ros/iron/include/rclcpp/rclcpp/memory_strategy.hpp:25[m[K,
[3.030s]                  from [01m[K/opt/ros/iron/include/rclcpp/rclcpp/memory_strategies.hpp:18[m[K,
[3.030s]                  from [01m[K/opt/ros/iron/include/rclcpp/rclcpp/executor_options.hpp:20[m[K,
[3.030s]                  from [01m[K/opt/ros/iron/include/rclcpp/rclcpp/executor.hpp:37[m[K,
[3.030s]                  from [01m[K/opt/ros/iron/include/rclcpp/rclcpp/executors/multi_threaded_executor.hpp:25[m[K,
[3.030s]                  from [01m[K/opt/ros/iron/include/rclcpp/rclcpp/executors.hpp:21[m[K,
[3.030s]                  from [01m[K/opt/ros/iron/include/rclcpp/rclcpp/rclcpp.hpp:167[m[K,
[3.030s]                  from [01m[K/home/damoon/ROS2_Learning/ros2_ws_2/src/cpp_pubsub/src/subscriber_member_function.cpp:18[m[K:
[3.046s] [01m[K/opt/ros/iron/include/rcl_interfaces/rcl_interfaces/msg/detail/set_parameters_result__struct.hpp:27:11:[m[K [01;36m[Knote: [m[K  ‘[01m[Krcl_interfaces::msg[m[K’
[3.046s]    27 | namespace [01;36m[Kmsg[m[K
[3.048s]       |           [01;36m[K^~~[m[K
[3.052s] In file included from [01m[K/opt/ros/iron/include/statistics_msgs/statistics_msgs/msg/detail/metrics_message__struct.hpp:23[m[K,
[3.058s]                  from [01m[K/opt/ros/iron/include/statistics_msgs/statistics_msgs/msg/metrics_message.hpp:7[m[K,
[3.058s]                  from [01m[K/opt/ros/iron/include/libstatistics_collector/libstatistics_collector/collector/generate_statistics_message.hpp:21[m[K,
[3.058s]                  from [01m[K/opt/ros/iron/include/rclcpp/rclcpp/topic_statistics/subscription_topic_statistics.hpp:23[m[K,
[3.058s]                  from [01m[K/opt/ros/iron/include/rclcpp/rclcpp/subscription.hpp:50[m[K,
[3.058s]                  from [01m[K/opt/ros/iron/include/rclcpp/rclcpp/any_executable.hpp:25[m[K,
[3.058s]                  from [01m[K/opt/ros/iron/include/rclcpp/rclcpp/memory_strategy.hpp:25[m[K,
[3.058s]                  from [01m[K/opt/ros/iron/include/rclcpp/rclcpp/memory_strategies.hpp:18[m[K,
[3.058s]                  from [01m[K/opt/ros/iron/include/rclcpp/rclcpp/executor_options.hpp:20[m[K,
[3.058s]                  from [01m[K/opt/ros/iron/include/rclcpp/rclcpp/executor.hpp:37[m[K,
[3.058s]                  from [01m[K/opt/ros/iron/include/rclcpp/rclcpp/executors/multi_threaded_executor.hpp:25[m[K,
[3.058s]                  from [01m[K/opt/ros/iron/include/rclcpp/rclcpp/executors.hpp:21[m[K,
[3.058s]                  from [01m[K/opt/ros/iron/include/rclcpp/rclcpp/rclcpp.hpp:167[m[K,
[3.058s]                  from [01m[K/home/damoon/ROS2_Learning/ros2_ws_2/src/cpp_pubsub/src/subscriber_member_function.cpp:18[m[K:
[3.058s] [01m[K/opt/ros/iron/include/statistics_msgs/statistics_msgs/msg/detail/statistic_data_point__struct.hpp:27:11:[m[K [01;36m[Knote: [m[K  ‘[01m[Kstatistics_msgs::msg[m[K’
[3.058s]    27 | namespace [01;36m[Kmsg[m[K
[3.058s]       |           [01;36m[K^~~[m[K
[3.059s] In file included from [01m[K/opt/ros/iron/include/rcl_interfaces/rcl_interfaces/srv/detail/describe_parameters__struct.hpp:236[m[K,
[3.059s]                  from [01m[K/opt/ros/iron/include/rcl_interfaces/rcl_interfaces/srv/describe_parameters.hpp:7[m[K,
[3.059s]                  from [01m[K/opt/ros/iron/include/rclcpp/rclcpp/parameter_client.hpp:28[m[K,
[3.059s]                  from [01m[K/opt/ros/iron/include/rclcpp/rclcpp/rclcpp.hpp:171[m[K,
[3.059s]                  from [01m[K/home/damoon/ROS2_Learning/ros2_ws_2/src/cpp_pubsub/src/subscriber_member_function.cpp:18[m[K:
[3.059s] [01m[K/opt/ros/iron/include/service_msgs/service_msgs/msg/detail/service_event_info__struct.hpp:31:11:[m[K [01;36m[Knote: [m[K  ‘[01m[Kservice_msgs::msg[m[K’
[3.059s]    31 | namespace [01;36m[Kmsg[m[K
[3.059s]       |           [01;36m[K^~~[m[K
[3.059s] In file included from [01m[K/home/damoon/ROS2_Learning/ros2_ws_2/install/tutorial_interfaces/include/tutorial_interfaces/tutorial_interfaces/msg/num.hpp:7[m[K,
[3.059s]                  from [01m[K/home/damoon/ROS2_Learning/ros2_ws_2/src/cpp_pubsub/src/subscriber_member_function.cpp:19[m[K:
[3.059s] [01m[K/home/damoon/ROS2_Learning/ros2_ws_2/install/tutorial_interfaces/include/tutorial_interfaces/tutorial_interfaces/msg/detail/num__struct.hpp:27:11:[m[K [01;36m[Knote: [m[K  ‘[01m[Ktutorial_interfaces::msg[m[K’
[3.059s]    27 | namespace [01;36m[Kmsg[m[K
[3.059s]       |           [01;36m[K^~~[m[K
[4.227s] gmake[2]: *** [CMakeFiles/listener.dir/build.make:76: CMakeFiles/listener.dir/src/subscriber_member_function.cpp.o] Error 1
[4.231s] gmake[1]: *** [CMakeFiles/Makefile2:165: CMakeFiles/listener.dir/all] Error 2
[4.232s] gmake[1]: *** Waiting for unfinished jobs....
[5.357s] [ 75%] [32m[1mLinking CXX executable talker[0m
[5.551s] [ 75%] Built target talker
[5.556s] gmake: *** [Makefile:146: all] Error 2
[5.618s] Invoked command in '/home/damoon/ROS2_Learning/ros2_ws_2/build/cpp_pubsub' returned '2': CMAKE_PREFIX_PATH=${CMAKE_PREFIX_PATH}:/home/damoon/ROS2_Learning/ros2_ws_2/install/py_srvcli:/home/damoon/ROS2_Learning/ros2_ws_2/install/py_pubsub:/opt/ros/iron /usr/bin/cmake --build /home/damoon/ROS2_Learning/ros2_ws_2/build/cpp_pubsub -- -j2 -l2
