[0.015s] Invoking command in '/home/damoon/ROS2_Learning/ros2_ws_2/build/my_package': CMAKE_PREFIX_PATH=/opt/ros/iron /usr/bin/cmake /home/damoon/ROS2_Learning/ros2_ws_2/src/my_package -DCMAKE_INSTALL_PREFIX=/home/damoon/ROS2_Learning/ros2_ws_2/install/my_package
[0.150s] -- The C compiler identification is GNU 11.3.0
[0.262s] -- The CXX compiler identification is GNU 11.3.0
[0.281s] -- Detecting C compiler ABI info
[0.372s] -- Detecting C compiler ABI info - done
[0.379s] -- Check for working C compiler: /usr/bin/cc - skipped
[0.379s] -- Detecting C compile features
[0.380s] -- Detecting C compile features - done
[0.394s] -- Detecting CXX compiler ABI info
[0.472s] -- Detecting CXX compiler ABI info - done
[0.480s] -- Check for working CXX compiler: /usr/bin/c++ - skipped
[0.480s] -- Detecting CXX compile features
[0.481s] -- Detecting CXX compile features - done
[0.485s] -- Found ament_cmake: 2.0.2 (/opt/ros/iron/share/ament_cmake/cmake)
[0.626s] -- Found Python3: /usr/bin/python3.10 (found version "3.10.6") found components: Interpreter 
[0.726s] -- Found ament_lint_auto: 0.14.1 (/opt/ros/iron/share/ament_lint_auto/cmake)
[0.789s] -- Added test 'cppcheck' to perform static code analysis on C / C++ code
[0.790s] -- Configured cppcheck include dirs: $<BUILD_INTERFACE:/home/damoon/ROS2_Learning/ros2_ws_2/src/my_package/include>
[0.790s] -- Configured cppcheck exclude dirs and/or files: 
[0.790s] -- Added test 'lint_cmake' to check CMake code style
[0.792s] -- Added test 'uncrustify' to check C / C++ code style
[0.792s] -- Configured uncrustify additional arguments: 
[0.792s] -- Added test 'xmllint' to check XML markup files
[0.794s] -- Configuring done
[0.798s] -- Generating done
[0.799s] -- Build files have been written to: /home/damoon/ROS2_Learning/ros2_ws_2/build/my_package
[0.803s] Invoked command in '/home/damoon/ROS2_Learning/ros2_ws_2/build/my_package' returned '0': CMAKE_PREFIX_PATH=/opt/ros/iron /usr/bin/cmake /home/damoon/ROS2_Learning/ros2_ws_2/src/my_package -DCMAKE_INSTALL_PREFIX=/home/damoon/ROS2_Learning/ros2_ws_2/install/my_package
[0.803s] Invoking command in '/home/damoon/ROS2_Learning/ros2_ws_2/build/my_package': CMAKE_PREFIX_PATH=/opt/ros/iron /usr/bin/cmake --build /home/damoon/ROS2_Learning/ros2_ws_2/build/my_package -- -j2 -l2
[0.859s] [ 50%] [32mBuilding CXX object CMakeFiles/my_node.dir/src/my_node.cpp.o[0m
[0.907s] [100%] [32m[1mLinking CXX executable my_node[0m
[0.948s] [100%] Built target my_node
[0.956s] Invoked command in '/home/damoon/ROS2_Learning/ros2_ws_2/build/my_package' returned '0': CMAKE_PREFIX_PATH=/opt/ros/iron /usr/bin/cmake --build /home/damoon/ROS2_Learning/ros2_ws_2/build/my_package -- -j2 -l2
[0.973s] Invoking command in '/home/damoon/ROS2_Learning/ros2_ws_2/build/my_package': CMAKE_PREFIX_PATH=/opt/ros/iron /usr/bin/cmake --install /home/damoon/ROS2_Learning/ros2_ws_2/build/my_package
[0.981s] -- Install configuration: ""
[0.981s] -- Installing: /home/damoon/ROS2_Learning/ros2_ws_2/install/my_package/lib/my_package/my_node
[0.981s] -- Installing: /home/damoon/ROS2_Learning/ros2_ws_2/install/my_package/share/ament_index/resource_index/package_run_dependencies/my_package
[0.981s] -- Installing: /home/damoon/ROS2_Learning/ros2_ws_2/install/my_package/share/ament_index/resource_index/parent_prefix_path/my_package
[0.982s] -- Installing: /home/damoon/ROS2_Learning/ros2_ws_2/install/my_package/share/my_package/environment/ament_prefix_path.sh
[0.982s] -- Installing: /home/damoon/ROS2_Learning/ros2_ws_2/install/my_package/share/my_package/environment/ament_prefix_path.dsv
[0.982s] -- Installing: /home/damoon/ROS2_Learning/ros2_ws_2/install/my_package/share/my_package/environment/path.sh
[0.982s] -- Installing: /home/damoon/ROS2_Learning/ros2_ws_2/install/my_package/share/my_package/environment/path.dsv
[0.982s] -- Installing: /home/damoon/ROS2_Learning/ros2_ws_2/install/my_package/share/my_package/local_setup.bash
[0.982s] -- Installing: /home/damoon/ROS2_Learning/ros2_ws_2/install/my_package/share/my_package/local_setup.sh
[0.982s] -- Installing: /home/damoon/ROS2_Learning/ros2_ws_2/install/my_package/share/my_package/local_setup.zsh
[0.983s] -- Installing: /home/damoon/ROS2_Learning/ros2_ws_2/install/my_package/share/my_package/local_setup.dsv
[0.983s] -- Installing: /home/damoon/ROS2_Learning/ros2_ws_2/install/my_package/share/my_package/package.dsv
[0.983s] -- Installing: /home/damoon/ROS2_Learning/ros2_ws_2/install/my_package/share/ament_index/resource_index/packages/my_package
[0.983s] -- Installing: /home/damoon/ROS2_Learning/ros2_ws_2/install/my_package/share/my_package/cmake/my_packageConfig.cmake
[0.983s] -- Installing: /home/damoon/ROS2_Learning/ros2_ws_2/install/my_package/share/my_package/cmake/my_packageConfig-version.cmake
[0.983s] -- Installing: /home/damoon/ROS2_Learning/ros2_ws_2/install/my_package/share/my_package/package.xml
[0.987s] Invoked command in '/home/damoon/ROS2_Learning/ros2_ws_2/build/my_package' returned '0': CMAKE_PREFIX_PATH=/opt/ros/iron /usr/bin/cmake --install /home/damoon/ROS2_Learning/ros2_ws_2/build/my_package
