[0.433s] Invoking command in '/home/damoon/ROS2_Learning/ros2_ws/src/examples/rclpy/guard_conditions': PYTHONPATH=/home/damoon/ROS2_Learning/ros2_ws/build/examples_rclpy_guard_conditions/prefix_override:/home/damoon/ROS2_Learning/ros2_ws/install/examples_rclpy_guard_conditions/lib/python3.10/site-packages:${PYTHONPATH} /usr/bin/python3 setup.py egg_info --egg-base ../../../../build/examples_rclpy_guard_conditions build --build-base /home/damoon/ROS2_Learning/ros2_ws/build/examples_rclpy_guard_conditions/build install --record /home/damoon/ROS2_Learning/ros2_ws/build/examples_rclpy_guard_conditions/install.log --single-version-externally-managed
[0.599s] running egg_info
[0.600s] creating ../../../../build/examples_rclpy_guard_conditions/examples_rclpy_guard_conditions.egg-info
[0.600s] writing ../../../../build/examples_rclpy_guard_conditions/examples_rclpy_guard_conditions.egg-info/PKG-INFO
[0.600s] writing dependency_links to ../../../../build/examples_rclpy_guard_conditions/examples_rclpy_guard_conditions.egg-info/dependency_links.txt
[0.601s] writing entry points to ../../../../build/examples_rclpy_guard_conditions/examples_rclpy_guard_conditions.egg-info/entry_points.txt
[0.601s] writing requirements to ../../../../build/examples_rclpy_guard_conditions/examples_rclpy_guard_conditions.egg-info/requires.txt
[0.601s] writing top-level names to ../../../../build/examples_rclpy_guard_conditions/examples_rclpy_guard_conditions.egg-info/top_level.txt
[0.601s] writing manifest file '../../../../build/examples_rclpy_guard_conditions/examples_rclpy_guard_conditions.egg-info/SOURCES.txt'
[0.604s] reading manifest file '../../../../build/examples_rclpy_guard_conditions/examples_rclpy_guard_conditions.egg-info/SOURCES.txt'
[0.605s] writing manifest file '../../../../build/examples_rclpy_guard_conditions/examples_rclpy_guard_conditions.egg-info/SOURCES.txt'
[0.605s] running build
[0.605s] running build_py
[0.606s] creating /home/damoon/ROS2_Learning/ros2_ws/build/examples_rclpy_guard_conditions/build
[0.606s] creating /home/damoon/ROS2_Learning/ros2_ws/build/examples_rclpy_guard_conditions/build/lib
[0.606s] creating /home/damoon/ROS2_Learning/ros2_ws/build/examples_rclpy_guard_conditions/build/lib/examples_rclpy_guard_conditions
[0.606s] copying examples_rclpy_guard_conditions/__init__.py -> /home/damoon/ROS2_Learning/ros2_ws/build/examples_rclpy_guard_conditions/build/lib/examples_rclpy_guard_conditions
[0.606s] copying examples_rclpy_guard_conditions/trigger_guard_condition.py -> /home/damoon/ROS2_Learning/ros2_ws/build/examples_rclpy_guard_conditions/build/lib/examples_rclpy_guard_conditions
[0.607s] running install
[0.607s] /usr/lib/python3/dist-packages/setuptools/command/install.py:34: SetuptoolsDeprecationWarning: setup.py install is deprecated. Use build and pip and other standards-based tools.
[0.607s]   warnings.warn(
[0.607s] running install_lib
[0.608s] creating /home/damoon/ROS2_Learning/ros2_ws/install/examples_rclpy_guard_conditions/lib/python3.10/site-packages/examples_rclpy_guard_conditions
[0.608s] copying /home/damoon/ROS2_Learning/ros2_ws/build/examples_rclpy_guard_conditions/build/lib/examples_rclpy_guard_conditions/__init__.py -> /home/damoon/ROS2_Learning/ros2_ws/install/examples_rclpy_guard_conditions/lib/python3.10/site-packages/examples_rclpy_guard_conditions
[0.608s] copying /home/damoon/ROS2_Learning/ros2_ws/build/examples_rclpy_guard_conditions/build/lib/examples_rclpy_guard_conditions/trigger_guard_condition.py -> /home/damoon/ROS2_Learning/ros2_ws/install/examples_rclpy_guard_conditions/lib/python3.10/site-packages/examples_rclpy_guard_conditions
[0.609s] byte-compiling /home/damoon/ROS2_Learning/ros2_ws/install/examples_rclpy_guard_conditions/lib/python3.10/site-packages/examples_rclpy_guard_conditions/__init__.py to __init__.cpython-310.pyc
[0.609s] byte-compiling /home/damoon/ROS2_Learning/ros2_ws/install/examples_rclpy_guard_conditions/lib/python3.10/site-packages/examples_rclpy_guard_conditions/trigger_guard_condition.py to trigger_guard_condition.cpython-310.pyc
[0.609s] running install_data
[0.610s] creating /home/damoon/ROS2_Learning/ros2_ws/install/examples_rclpy_guard_conditions/share/ament_index
[0.610s] creating /home/damoon/ROS2_Learning/ros2_ws/install/examples_rclpy_guard_conditions/share/ament_index/resource_index
[0.610s] creating /home/damoon/ROS2_Learning/ros2_ws/install/examples_rclpy_guard_conditions/share/ament_index/resource_index/packages
[0.610s] copying resource/examples_rclpy_guard_conditions -> /home/damoon/ROS2_Learning/ros2_ws/install/examples_rclpy_guard_conditions/share/ament_index/resource_index/packages
[0.611s] copying package.xml -> /home/damoon/ROS2_Learning/ros2_ws/install/examples_rclpy_guard_conditions/share/examples_rclpy_guard_conditions
[0.611s] running install_egg_info
[0.612s] Copying ../../../../build/examples_rclpy_guard_conditions/examples_rclpy_guard_conditions.egg-info to /home/damoon/ROS2_Learning/ros2_ws/install/examples_rclpy_guard_conditions/lib/python3.10/site-packages/examples_rclpy_guard_conditions-0.18.0-py3.10.egg-info
[0.613s] running install_scripts
[0.628s] Installing trigger_guard_condition script to /home/damoon/ROS2_Learning/ros2_ws/install/examples_rclpy_guard_conditions/lib/examples_rclpy_guard_conditions
[0.628s] writing list of installed files to '/home/damoon/ROS2_Learning/ros2_ws/build/examples_rclpy_guard_conditions/install.log'
[0.649s] Invoked command in '/home/damoon/ROS2_Learning/ros2_ws/src/examples/rclpy/guard_conditions' returned '0': PYTHONPATH=/home/damoon/ROS2_Learning/ros2_ws/build/examples_rclpy_guard_conditions/prefix_override:/home/damoon/ROS2_Learning/ros2_ws/install/examples_rclpy_guard_conditions/lib/python3.10/site-packages:${PYTHONPATH} /usr/bin/python3 setup.py egg_info --egg-base ../../../../build/examples_rclpy_guard_conditions build --build-base /home/damoon/ROS2_Learning/ros2_ws/build/examples_rclpy_guard_conditions/build install --record /home/damoon/ROS2_Learning/ros2_ws/build/examples_rclpy_guard_conditions/install.log --single-version-externally-managed
