[0.021s] Invoking command in '/home/damoon/ROS2_Learning/ros2_ws_2/build/tutorial_interfaces': CMAKE_PREFIX_PATH=${CMAKE_PREFIX_PATH}:/home/damoon/ROS2_Learning/ros2_ws_2/install/py_srvcli:/home/damoon/ROS2_Learning/ros2_ws_2/install/py_pubsub:/opt/ros/iron /usr/bin/cmake --build /home/damoon/ROS2_Learning/ros2_ws_2/build/tutorial_interfaces -- -j2 -l2
[0.047s] -- Found ament_cmake: 2.0.3 (/opt/ros/iron/share/ament_cmake/cmake)
[0.162s] -- Found geometry_msgs: 5.0.0 (/opt/ros/iron/share/geometry_msgs/cmake)
[0.187s] -- Found rosidl_generator_c: 4.0.0 (/opt/ros/iron/share/rosidl_generator_c/cmake)
[0.195s] -- Found rosidl_generator_cpp: 4.0.0 (/opt/ros/iron/share/rosidl_generator_cpp/cmake)
[0.209s] -- Using all available rosidl_typesupport_c: rosidl_typesupport_fastrtps_c;rosidl_typesupport_introspection_c
[0.224s] -- Using all available rosidl_typesupport_cpp: rosidl_typesupport_fastrtps_cpp;rosidl_typesupport_introspection_cpp
[0.314s] -- Found rosidl_default_generators: 1.5.0 (/opt/ros/iron/share/rosidl_default_generators/cmake)
[0.322s] -- Found rosidl_adapter: 4.0.0 (/opt/ros/iron/share/rosidl_adapter/cmake)
[0.619s] -- Found ament_cmake_ros: 0.11.2 (/opt/ros/iron/share/ament_cmake_ros/cmake)
[0.942s] -- Using all available rosidl_typesupport_c: rosidl_typesupport_fastrtps_c;rosidl_typesupport_introspection_c
[1.070s] -- Using all available rosidl_typesupport_cpp: rosidl_typesupport_fastrtps_cpp;rosidl_typesupport_introspection_cpp
[1.088s] -- Found python_cmake_module: 0.10.2 (/opt/ros/iron/share/python_cmake_module/cmake)
[1.105s] -- Using PYTHON_EXECUTABLE: /usr/bin/python3
[1.105s] -- Using PYTHON_INCLUDE_DIRS: /usr/include/python3.10
[1.105s] -- Using PYTHON_LIBRARIES: /usr/lib/x86_64-linux-gnu/libpython3.10.so
[1.143s] -- Found ament_lint_auto: 0.14.1 (/opt/ros/iron/share/ament_lint_auto/cmake)
[1.182s] -- Added test 'cppcheck' to perform static code analysis on C / C++ code
[1.183s] -- Configured cppcheck include dirs: 
[1.183s] -- Configured cppcheck exclude dirs and/or files: 
[1.186s] -- Added test 'flake8' to check Python code syntax and style conventions
[1.186s] -- Configured 'flake8' exclude dirs and/or files: 
[1.193s] -- Added test 'lint_cmake' to check CMake code style
[1.197s] -- Added test 'pep257' to check Python code against some of the docstring style conventions in PEP 257
[1.224s] -- Added test 'uncrustify' to check C / C++ code style
[1.224s] -- Configured uncrustify additional arguments: 
[1.227s] -- Added test 'xmllint' to check XML markup files
[1.230s] -- Configuring done
[1.270s] -- Generating done
[1.275s] -- Build files have been written to: /home/damoon/ROS2_Learning/ros2_ws_2/build/tutorial_interfaces
[1.300s] [  1%] Built target tutorial_interfaces__rosidl_generator_type_description
[1.306s] [  1%] Built target ament_cmake_python_copy_tutorial_interfaces
[1.315s] [  3%] Built target tutorial_interfaces__cpp
[1.315s] [35m[1mConsolidate compiler generated dependencies of target tutorial_interfaces__rosidl_generator_c[0m
[1.325s] [ 24%] Built target tutorial_interfaces__rosidl_generator_c
[1.332s] [35m[1mConsolidate compiler generated dependencies of target tutorial_interfaces__rosidl_typesupport_cpp[0m
[1.345s] [ 33%] Built target tutorial_interfaces__rosidl_typesupport_cpp
[1.353s] [35m[1mConsolidate compiler generated dependencies of target tutorial_interfaces__rosidl_typesupport_fastrtps_c[0m
[1.366s] [ 42%] Built target tutorial_interfaces__rosidl_typesupport_fastrtps_c
[1.374s] [35m[1mConsolidate compiler generated dependencies of target tutorial_interfaces__rosidl_typesupport_fastrtps_cpp[0m
[1.391s] [ 51%] Built target tutorial_interfaces__rosidl_typesupport_fastrtps_cpp
[1.406s] [35m[1mConsolidate compiler generated dependencies of target tutorial_interfaces__rosidl_typesupport_introspection_c[0m
[1.415s] [ 61%] Built target tutorial_interfaces__rosidl_typesupport_introspection_c
[1.422s] [35m[1mConsolidate compiler generated dependencies of target tutorial_interfaces__rosidl_typesupport_c[0m
[1.430s] [ 70%] Built target tutorial_interfaces__rosidl_typesupport_c
[1.438s] [35m[1mConsolidate compiler generated dependencies of target tutorial_interfaces__rosidl_typesupport_introspection_cpp[0m
[1.448s] [ 79%] Built target tutorial_interfaces__rosidl_typesupport_introspection_cpp
[1.460s] [ 79%] Built target tutorial_interfaces
[1.474s] [ 81%] Built target tutorial_interfaces__py
[1.482s] [35m[1mConsolidate compiler generated dependencies of target tutorial_interfaces__rosidl_generator_py[0m
[1.494s] [ 88%] Built target tutorial_interfaces__rosidl_generator_py
[1.498s] running egg_info
[1.499s] writing tutorial_interfaces.egg-info/PKG-INFO
[1.499s] writing dependency_links to tutorial_interfaces.egg-info/dependency_links.txt
[1.499s] writing top-level names to tutorial_interfaces.egg-info/top_level.txt
[1.502s] reading manifest file 'tutorial_interfaces.egg-info/SOURCES.txt'
[1.502s] writing manifest file 'tutorial_interfaces.egg-info/SOURCES.txt'
[1.503s] [35m[1mConsolidate compiler generated dependencies of target tutorial_interfaces__rosidl_typesupport_fastrtps_c__pyext[0m
[1.512s] [ 92%] Built target tutorial_interfaces__rosidl_typesupport_fastrtps_c__pyext
[1.520s] [ 92%] Built target ament_cmake_python_build_tutorial_interfaces_egg
[1.520s] [35m[1mConsolidate compiler generated dependencies of target tutorial_interfaces__rosidl_typesupport_introspection_c__pyext[0m
[1.526s] [35m[1mConsolidate compiler generated dependencies of target tutorial_interfaces__rosidl_typesupport_c__pyext[0m
[1.529s] [ 96%] Built target tutorial_interfaces__rosidl_typesupport_introspection_c__pyext
[1.535s] [100%] Built target tutorial_interfaces__rosidl_typesupport_c__pyext
[1.544s] Invoked command in '/home/damoon/ROS2_Learning/ros2_ws_2/build/tutorial_interfaces' returned '0': CMAKE_PREFIX_PATH=${CMAKE_PREFIX_PATH}:/home/damoon/ROS2_Learning/ros2_ws_2/install/py_srvcli:/home/damoon/ROS2_Learning/ros2_ws_2/install/py_pubsub:/opt/ros/iron /usr/bin/cmake --build /home/damoon/ROS2_Learning/ros2_ws_2/build/tutorial_interfaces -- -j2 -l2
[1.624s] Invoking command in '/home/damoon/ROS2_Learning/ros2_ws_2/build/tutorial_interfaces': CMAKE_PREFIX_PATH=${CMAKE_PREFIX_PATH}:/home/damoon/ROS2_Learning/ros2_ws_2/install/py_srvcli:/home/damoon/ROS2_Learning/ros2_ws_2/install/py_pubsub:/opt/ros/iron /usr/bin/cmake --install /home/damoon/ROS2_Learning/ros2_ws_2/build/tutorial_interfaces
[1.629s] -- Install configuration: ""
[1.629s] -- Up-to-date: /home/damoon/ROS2_Learning/ros2_ws_2/install/tutorial_interfaces/share/ament_index/resource_index/rosidl_interfaces/tutorial_interfaces
[1.629s] -- Up-to-date: /home/damoon/ROS2_Learning/ros2_ws_2/install/tutorial_interfaces/share/tutorial_interfaces/msg/Num.json
[1.629s] -- Up-to-date: /home/damoon/ROS2_Learning/ros2_ws_2/install/tutorial_interfaces/share/tutorial_interfaces/msg/Sphere.json
[1.630s] -- Up-to-date: /home/damoon/ROS2_Learning/ros2_ws_2/install/tutorial_interfaces/share/tutorial_interfaces/srv/AddThreeInts.json
[1.630s] -- Up-to-date: /home/damoon/ROS2_Learning/ros2_ws_2/install/tutorial_interfaces/include/tutorial_interfaces/tutorial_interfaces
[1.630s] -- Up-to-date: /home/damoon/ROS2_Learning/ros2_ws_2/install/tutorial_interfaces/include/tutorial_interfaces/tutorial_interfaces/msg
[1.630s] -- Up-to-date: /home/damoon/ROS2_Learning/ros2_ws_2/install/tutorial_interfaces/include/tutorial_interfaces/tutorial_interfaces/msg/num.h
[1.630s] -- Up-to-date: /home/damoon/ROS2_Learning/ros2_ws_2/install/tutorial_interfaces/include/tutorial_interfaces/tutorial_interfaces/msg/detail
[1.630s] -- Installing: /home/damoon/ROS2_Learning/ros2_ws_2/install/tutorial_interfaces/include/tutorial_interfaces/tutorial_interfaces/msg/detail/num__type_support.c
[1.631s] -- Up-to-date: /home/damoon/ROS2_Learning/ros2_ws_2/install/tutorial_interfaces/include/tutorial_interfaces/tutorial_interfaces/msg/detail/num__description.c
[1.631s] -- Up-to-date: /home/damoon/ROS2_Learning/ros2_ws_2/install/tutorial_interfaces/include/tutorial_interfaces/tutorial_interfaces/msg/detail/sphere__description.c
[1.631s] -- Up-to-date: /home/damoon/ROS2_Learning/ros2_ws_2/install/tutorial_interfaces/include/tutorial_interfaces/tutorial_interfaces/msg/detail/num__type_support.h
[1.631s] -- Up-to-date: /home/damoon/ROS2_Learning/ros2_ws_2/install/tutorial_interfaces/include/tutorial_interfaces/tutorial_interfaces/msg/detail/sphere__functions.h
[1.631s] -- Installing: /home/damoon/ROS2_Learning/ros2_ws_2/install/tutorial_interfaces/include/tutorial_interfaces/tutorial_interfaces/msg/detail/sphere__type_support.c
[1.631s] -- Up-to-date: /home/damoon/ROS2_Learning/ros2_ws_2/install/tutorial_interfaces/include/tutorial_interfaces/tutorial_interfaces/msg/detail/sphere__type_support.h
[1.631s] -- Up-to-date: /home/damoon/ROS2_Learning/ros2_ws_2/install/tutorial_interfaces/include/tutorial_interfaces/tutorial_interfaces/msg/detail/num__struct.h
[1.631s] -- Up-to-date: /home/damoon/ROS2_Learning/ros2_ws_2/install/tutorial_interfaces/include/tutorial_interfaces/tutorial_interfaces/msg/detail/num__functions.h
[1.632s] -- Up-to-date: /home/damoon/ROS2_Learning/ros2_ws_2/install/tutorial_interfaces/include/tutorial_interfaces/tutorial_interfaces/msg/detail/sphere__struct.h
[1.632s] -- Up-to-date: /home/damoon/ROS2_Learning/ros2_ws_2/install/tutorial_interfaces/include/tutorial_interfaces/tutorial_interfaces/msg/detail/num__functions.c
[1.632s] -- Up-to-date: /home/damoon/ROS2_Learning/ros2_ws_2/install/tutorial_interfaces/include/tutorial_interfaces/tutorial_interfaces/msg/detail/sphere__functions.c
[1.632s] -- Up-to-date: /home/damoon/ROS2_Learning/ros2_ws_2/install/tutorial_interfaces/include/tutorial_interfaces/tutorial_interfaces/msg/sphere.h
[1.632s] -- Up-to-date: /home/damoon/ROS2_Learning/ros2_ws_2/install/tutorial_interfaces/include/tutorial_interfaces/tutorial_interfaces/msg/rosidl_generator_c__visibility_control.h
[1.632s] -- Up-to-date: /home/damoon/ROS2_Learning/ros2_ws_2/install/tutorial_interfaces/include/tutorial_interfaces/tutorial_interfaces/srv
[1.633s] -- Up-to-date: /home/damoon/ROS2_Learning/ros2_ws_2/install/tutorial_interfaces/include/tutorial_interfaces/tutorial_interfaces/srv/detail
[1.633s] -- Up-to-date: /home/damoon/ROS2_Learning/ros2_ws_2/install/tutorial_interfaces/include/tutorial_interfaces/tutorial_interfaces/srv/detail/add_three_ints__type_support.h
[1.633s] -- Up-to-date: /home/damoon/ROS2_Learning/ros2_ws_2/install/tutorial_interfaces/include/tutorial_interfaces/tutorial_interfaces/srv/detail/add_three_ints__functions.c
[1.633s] -- Up-to-date: /home/damoon/ROS2_Learning/ros2_ws_2/install/tutorial_interfaces/include/tutorial_interfaces/tutorial_interfaces/srv/detail/add_three_ints__struct.h
[1.633s] -- Up-to-date: /home/damoon/ROS2_Learning/ros2_ws_2/install/tutorial_interfaces/include/tutorial_interfaces/tutorial_interfaces/srv/detail/add_three_ints__functions.h
[1.633s] -- Installing: /home/damoon/ROS2_Learning/ros2_ws_2/install/tutorial_interfaces/include/tutorial_interfaces/tutorial_interfaces/srv/detail/add_three_ints__type_support.c
[1.633s] -- Up-to-date: /home/damoon/ROS2_Learning/ros2_ws_2/install/tutorial_interfaces/include/tutorial_interfaces/tutorial_interfaces/srv/detail/add_three_ints__description.c
[1.633s] -- Up-to-date: /home/damoon/ROS2_Learning/ros2_ws_2/install/tutorial_interfaces/include/tutorial_interfaces/tutorial_interfaces/srv/add_three_ints.h
[1.633s] -- Up-to-date: /home/damoon/ROS2_Learning/ros2_ws_2/install/tutorial_interfaces/share/tutorial_interfaces/environment/library_path.sh
[1.633s] -- Up-to-date: /home/damoon/ROS2_Learning/ros2_ws_2/install/tutorial_interfaces/share/tutorial_interfaces/environment/library_path.dsv
[1.633s] -- Up-to-date: /home/damoon/ROS2_Learning/ros2_ws_2/install/tutorial_interfaces/lib/libtutorial_interfaces__rosidl_generator_c.so
[1.634s] -- Up-to-date: /home/damoon/ROS2_Learning/ros2_ws_2/install/tutorial_interfaces/include/tutorial_interfaces/tutorial_interfaces
[1.634s] -- Up-to-date: /home/damoon/ROS2_Learning/ros2_ws_2/install/tutorial_interfaces/include/tutorial_interfaces/tutorial_interfaces/msg
[1.634s] -- Up-to-date: /home/damoon/ROS2_Learning/ros2_ws_2/install/tutorial_interfaces/include/tutorial_interfaces/tutorial_interfaces/msg/rosidl_typesupport_fastrtps_c__visibility_control.h
[1.634s] -- Up-to-date: /home/damoon/ROS2_Learning/ros2_ws_2/install/tutorial_interfaces/include/tutorial_interfaces/tutorial_interfaces/msg/detail
[1.634s] -- Up-to-date: /home/damoon/ROS2_Learning/ros2_ws_2/install/tutorial_interfaces/include/tutorial_interfaces/tutorial_interfaces/msg/detail/sphere__rosidl_typesupport_fastrtps_c.h
[1.634s] -- Up-to-date: /home/damoon/ROS2_Learning/ros2_ws_2/install/tutorial_interfaces/include/tutorial_interfaces/tutorial_interfaces/msg/detail/num__rosidl_typesupport_fastrtps_c.h
[1.634s] -- Up-to-date: /home/damoon/ROS2_Learning/ros2_ws_2/install/tutorial_interfaces/include/tutorial_interfaces/tutorial_interfaces/srv
[1.634s] -- Up-to-date: /home/damoon/ROS2_Learning/ros2_ws_2/install/tutorial_interfaces/include/tutorial_interfaces/tutorial_interfaces/srv/detail
[1.634s] -- Up-to-date: /home/damoon/ROS2_Learning/ros2_ws_2/install/tutorial_interfaces/include/tutorial_interfaces/tutorial_interfaces/srv/detail/add_three_ints__rosidl_typesupport_fastrtps_c.h
[1.634s] -- Up-to-date: /home/damoon/ROS2_Learning/ros2_ws_2/install/tutorial_interfaces/lib/libtutorial_interfaces__rosidl_typesupport_fastrtps_c.so
[1.634s] -- Up-to-date: /home/damoon/ROS2_Learning/ros2_ws_2/install/tutorial_interfaces/include/tutorial_interfaces/tutorial_interfaces
[1.634s] -- Up-to-date: /home/damoon/ROS2_Learning/ros2_ws_2/install/tutorial_interfaces/include/tutorial_interfaces/tutorial_interfaces/msg
[1.635s] -- Up-to-date: /home/damoon/ROS2_Learning/ros2_ws_2/install/tutorial_interfaces/include/tutorial_interfaces/tutorial_interfaces/msg/detail
[1.635s] -- Up-to-date: /home/damoon/ROS2_Learning/ros2_ws_2/install/tutorial_interfaces/include/tutorial_interfaces/tutorial_interfaces/msg/detail/sphere__traits.hpp
[1.635s] -- Up-to-date: /home/damoon/ROS2_Learning/ros2_ws_2/install/tutorial_interfaces/include/tutorial_interfaces/tutorial_interfaces/msg/detail/sphere__struct.hpp
[1.635s] -- Up-to-date: /home/damoon/ROS2_Learning/ros2_ws_2/install/tutorial_interfaces/include/tutorial_interfaces/tutorial_interfaces/msg/detail/num__traits.hpp
[1.635s] -- Up-to-date: /home/damoon/ROS2_Learning/ros2_ws_2/install/tutorial_interfaces/include/tutorial_interfaces/tutorial_interfaces/msg/detail/num__struct.hpp
[1.635s] -- Up-to-date: /home/damoon/ROS2_Learning/ros2_ws_2/install/tutorial_interfaces/include/tutorial_interfaces/tutorial_interfaces/msg/detail/num__builder.hpp
[1.635s] -- Up-to-date: /home/damoon/ROS2_Learning/ros2_ws_2/install/tutorial_interfaces/include/tutorial_interfaces/tutorial_interfaces/msg/detail/sphere__builder.hpp
[1.635s] -- Up-to-date: /home/damoon/ROS2_Learning/ros2_ws_2/install/tutorial_interfaces/include/tutorial_interfaces/tutorial_interfaces/msg/num.hpp
[1.635s] -- Up-to-date: /home/damoon/ROS2_Learning/ros2_ws_2/install/tutorial_interfaces/include/tutorial_interfaces/tutorial_interfaces/msg/sphere.hpp
[1.635s] -- Up-to-date: /home/damoon/ROS2_Learning/ros2_ws_2/install/tutorial_interfaces/include/tutorial_interfaces/tutorial_interfaces/srv
[1.635s] -- Up-to-date: /home/damoon/ROS2_Learning/ros2_ws_2/install/tutorial_interfaces/include/tutorial_interfaces/tutorial_interfaces/srv/detail
[1.636s] -- Up-to-date: /home/damoon/ROS2_Learning/ros2_ws_2/install/tutorial_interfaces/include/tutorial_interfaces/tutorial_interfaces/srv/detail/add_three_ints__builder.hpp
[1.636s] -- Up-to-date: /home/damoon/ROS2_Learning/ros2_ws_2/install/tutorial_interfaces/include/tutorial_interfaces/tutorial_interfaces/srv/detail/add_three_ints__struct.hpp
[1.636s] -- Up-to-date: /home/damoon/ROS2_Learning/ros2_ws_2/install/tutorial_interfaces/include/tutorial_interfaces/tutorial_interfaces/srv/detail/add_three_ints__traits.hpp
[1.636s] -- Up-to-date: /home/damoon/ROS2_Learning/ros2_ws_2/install/tutorial_interfaces/include/tutorial_interfaces/tutorial_interfaces/srv/add_three_ints.hpp
[1.636s] -- Up-to-date: /home/damoon/ROS2_Learning/ros2_ws_2/install/tutorial_interfaces/include/tutorial_interfaces/tutorial_interfaces
[1.636s] -- Up-to-date: /home/damoon/ROS2_Learning/ros2_ws_2/install/tutorial_interfaces/include/tutorial_interfaces/tutorial_interfaces/msg
[1.636s] -- Up-to-date: /home/damoon/ROS2_Learning/ros2_ws_2/install/tutorial_interfaces/include/tutorial_interfaces/tutorial_interfaces/msg/detail
[1.636s] -- Up-to-date: /home/damoon/ROS2_Learning/ros2_ws_2/install/tutorial_interfaces/include/tutorial_interfaces/tutorial_interfaces/msg/detail/dds_fastrtps
[1.636s] -- Up-to-date: /home/damoon/ROS2_Learning/ros2_ws_2/install/tutorial_interfaces/include/tutorial_interfaces/tutorial_interfaces/msg/detail/num__rosidl_typesupport_fastrtps_cpp.hpp
[1.636s] -- Up-to-date: /home/damoon/ROS2_Learning/ros2_ws_2/install/tutorial_interfaces/include/tutorial_interfaces/tutorial_interfaces/msg/detail/sphere__rosidl_typesupport_fastrtps_cpp.hpp
[1.636s] -- Up-to-date: /home/damoon/ROS2_Learning/ros2_ws_2/install/tutorial_interfaces/include/tutorial_interfaces/tutorial_interfaces/msg/rosidl_typesupport_fastrtps_cpp__visibility_control.h
[1.636s] -- Up-to-date: /home/damoon/ROS2_Learning/ros2_ws_2/install/tutorial_interfaces/include/tutorial_interfaces/tutorial_interfaces/srv
[1.636s] -- Up-to-date: /home/damoon/ROS2_Learning/ros2_ws_2/install/tutorial_interfaces/include/tutorial_interfaces/tutorial_interfaces/srv/detail
[1.636s] -- Up-to-date: /home/damoon/ROS2_Learning/ros2_ws_2/install/tutorial_interfaces/include/tutorial_interfaces/tutorial_interfaces/srv/detail/dds_fastrtps
[1.636s] -- Up-to-date: /home/damoon/ROS2_Learning/ros2_ws_2/install/tutorial_interfaces/include/tutorial_interfaces/tutorial_interfaces/srv/detail/add_three_ints__rosidl_typesupport_fastrtps_cpp.hpp
[1.636s] -- Up-to-date: /home/damoon/ROS2_Learning/ros2_ws_2/install/tutorial_interfaces/lib/libtutorial_interfaces__rosidl_typesupport_fastrtps_cpp.so
[1.636s] -- Up-to-date: /home/damoon/ROS2_Learning/ros2_ws_2/install/tutorial_interfaces/include/tutorial_interfaces/tutorial_interfaces
[1.636s] -- Up-to-date: /home/damoon/ROS2_Learning/ros2_ws_2/install/tutorial_interfaces/include/tutorial_interfaces/tutorial_interfaces/msg
[1.636s] -- Up-to-date: /home/damoon/ROS2_Learning/ros2_ws_2/install/tutorial_interfaces/include/tutorial_interfaces/tutorial_interfaces/msg/rosidl_typesupport_introspection_c__visibility_control.h
[1.636s] -- Up-to-date: /home/damoon/ROS2_Learning/ros2_ws_2/install/tutorial_interfaces/include/tutorial_interfaces/tutorial_interfaces/msg/detail
[1.636s] -- Installing: /home/damoon/ROS2_Learning/ros2_ws_2/install/tutorial_interfaces/include/tutorial_interfaces/tutorial_interfaces/msg/detail/num__type_support.c
[1.636s] -- Up-to-date: /home/damoon/ROS2_Learning/ros2_ws_2/install/tutorial_interfaces/include/tutorial_interfaces/tutorial_interfaces/msg/detail/num__rosidl_typesupport_introspection_c.h
[1.637s] -- Installing: /home/damoon/ROS2_Learning/ros2_ws_2/install/tutorial_interfaces/include/tutorial_interfaces/tutorial_interfaces/msg/detail/sphere__type_support.c
[1.637s] -- Up-to-date: /home/damoon/ROS2_Learning/ros2_ws_2/install/tutorial_interfaces/include/tutorial_interfaces/tutorial_interfaces/msg/detail/sphere__rosidl_typesupport_introspection_c.h
[1.637s] -- Up-to-date: /home/damoon/ROS2_Learning/ros2_ws_2/install/tutorial_interfaces/include/tutorial_interfaces/tutorial_interfaces/srv
[1.637s] -- Up-to-date: /home/damoon/ROS2_Learning/ros2_ws_2/install/tutorial_interfaces/include/tutorial_interfaces/tutorial_interfaces/srv/detail
[1.637s] -- Up-to-date: /home/damoon/ROS2_Learning/ros2_ws_2/install/tutorial_interfaces/include/tutorial_interfaces/tutorial_interfaces/srv/detail/add_three_ints__rosidl_typesupport_introspection_c.h
[1.637s] -- Installing: /home/damoon/ROS2_Learning/ros2_ws_2/install/tutorial_interfaces/include/tutorial_interfaces/tutorial_interfaces/srv/detail/add_three_ints__type_support.c
[1.637s] -- Up-to-date: /home/damoon/ROS2_Learning/ros2_ws_2/install/tutorial_interfaces/lib/libtutorial_interfaces__rosidl_typesupport_introspection_c.so
[1.637s] -- Up-to-date: /home/damoon/ROS2_Learning/ros2_ws_2/install/tutorial_interfaces/lib/libtutorial_interfaces__rosidl_typesupport_c.so
[1.637s] -- Up-to-date: /home/damoon/ROS2_Learning/ros2_ws_2/install/tutorial_interfaces/include/tutorial_interfaces/tutorial_interfaces
[1.637s] -- Up-to-date: /home/damoon/ROS2_Learning/ros2_ws_2/install/tutorial_interfaces/include/tutorial_interfaces/tutorial_interfaces/msg
[1.637s] -- Up-to-date: /home/damoon/ROS2_Learning/ros2_ws_2/install/tutorial_interfaces/include/tutorial_interfaces/tutorial_interfaces/msg/detail
[1.637s] -- Up-to-date: /home/damoon/ROS2_Learning/ros2_ws_2/install/tutorial_interfaces/include/tutorial_interfaces/tutorial_interfaces/msg/detail/sphere__type_support.cpp
[1.637s] -- Up-to-date: /home/damoon/ROS2_Learning/ros2_ws_2/install/tutorial_interfaces/include/tutorial_interfaces/tutorial_interfaces/msg/detail/num__type_support.cpp
[1.637s] -- Up-to-date: /home/damoon/ROS2_Learning/ros2_ws_2/install/tutorial_interfaces/include/tutorial_interfaces/tutorial_interfaces/msg/detail/sphere__rosidl_typesupport_introspection_cpp.hpp
[1.637s] -- Up-to-date: /home/damoon/ROS2_Learning/ros2_ws_2/install/tutorial_interfaces/include/tutorial_interfaces/tutorial_interfaces/msg/detail/num__rosidl_typesupport_introspection_cpp.hpp
[1.637s] -- Up-to-date: /home/damoon/ROS2_Learning/ros2_ws_2/install/tutorial_interfaces/include/tutorial_interfaces/tutorial_interfaces/srv
[1.637s] -- Up-to-date: /home/damoon/ROS2_Learning/ros2_ws_2/install/tutorial_interfaces/include/tutorial_interfaces/tutorial_interfaces/srv/detail
[1.637s] -- Up-to-date: /home/damoon/ROS2_Learning/ros2_ws_2/install/tutorial_interfaces/include/tutorial_interfaces/tutorial_interfaces/srv/detail/add_three_ints__rosidl_typesupport_introspection_cpp.hpp
[1.637s] -- Up-to-date: /home/damoon/ROS2_Learning/ros2_ws_2/install/tutorial_interfaces/include/tutorial_interfaces/tutorial_interfaces/srv/detail/add_three_ints__type_support.cpp
[1.637s] -- Up-to-date: /home/damoon/ROS2_Learning/ros2_ws_2/install/tutorial_interfaces/lib/libtutorial_interfaces__rosidl_typesupport_introspection_cpp.so
[1.637s] -- Up-to-date: /home/damoon/ROS2_Learning/ros2_ws_2/install/tutorial_interfaces/lib/libtutorial_interfaces__rosidl_typesupport_cpp.so
[1.637s] -- Up-to-date: /home/damoon/ROS2_Learning/ros2_ws_2/install/tutorial_interfaces/share/tutorial_interfaces/environment/pythonpath.sh
[1.637s] -- Up-to-date: /home/damoon/ROS2_Learning/ros2_ws_2/install/tutorial_interfaces/share/tutorial_interfaces/environment/pythonpath.dsv
[1.638s] -- Up-to-date: /home/damoon/ROS2_Learning/ros2_ws_2/install/tutorial_interfaces/lib/python3.10/site-packages/tutorial_interfaces-0.0.0-py3.10.egg-info
[1.638s] -- Installing: /home/damoon/ROS2_Learning/ros2_ws_2/install/tutorial_interfaces/lib/python3.10/site-packages/tutorial_interfaces-0.0.0-py3.10.egg-info/top_level.txt
[1.638s] -- Installing: /home/damoon/ROS2_Learning/ros2_ws_2/install/tutorial_interfaces/lib/python3.10/site-packages/tutorial_interfaces-0.0.0-py3.10.egg-info/PKG-INFO
[1.638s] -- Installing: /home/damoon/ROS2_Learning/ros2_ws_2/install/tutorial_interfaces/lib/python3.10/site-packages/tutorial_interfaces-0.0.0-py3.10.egg-info/dependency_links.txt
[1.638s] -- Installing: /home/damoon/ROS2_Learning/ros2_ws_2/install/tutorial_interfaces/lib/python3.10/site-packages/tutorial_interfaces-0.0.0-py3.10.egg-info/SOURCES.txt
[1.638s] -- Up-to-date: /home/damoon/ROS2_Learning/ros2_ws_2/install/tutorial_interfaces/lib/python3.10/site-packages/tutorial_interfaces
[1.638s] -- Up-to-date: /home/damoon/ROS2_Learning/ros2_ws_2/install/tutorial_interfaces/lib/python3.10/site-packages/tutorial_interfaces/tutorial_interfaces_s__rosidl_typesupport_c.cpython-310-x86_64-linux-gnu.so
[1.638s] -- Up-to-date: /home/damoon/ROS2_Learning/ros2_ws_2/install/tutorial_interfaces/lib/python3.10/site-packages/tutorial_interfaces/tutorial_interfaces_s__rosidl_typesupport_fastrtps_c.cpython-310-x86_64-linux-gnu.so
[1.638s] -- Up-to-date: /home/damoon/ROS2_Learning/ros2_ws_2/install/tutorial_interfaces/lib/python3.10/site-packages/tutorial_interfaces/_tutorial_interfaces_s.ep.rosidl_typesupport_introspection_c.c
[1.638s] -- Up-to-date: /home/damoon/ROS2_Learning/ros2_ws_2/install/tutorial_interfaces/lib/python3.10/site-packages/tutorial_interfaces/tutorial_interfaces_s__rosidl_typesupport_introspection_c.cpython-310-x86_64-linux-gnu.so
[1.638s] -- Up-to-date: /home/damoon/ROS2_Learning/ros2_ws_2/install/tutorial_interfaces/lib/python3.10/site-packages/tutorial_interfaces/msg
[1.638s] -- Up-to-date: /home/damoon/ROS2_Learning/ros2_ws_2/install/tutorial_interfaces/lib/python3.10/site-packages/tutorial_interfaces/msg/_num_s.c
[1.638s] -- Up-to-date: /home/damoon/ROS2_Learning/ros2_ws_2/install/tutorial_interfaces/lib/python3.10/site-packages/tutorial_interfaces/msg/_sphere.py
[1.638s] -- Up-to-date: /home/damoon/ROS2_Learning/ros2_ws_2/install/tutorial_interfaces/lib/python3.10/site-packages/tutorial_interfaces/msg/_num.py
[1.638s] -- Up-to-date: /home/damoon/ROS2_Learning/ros2_ws_2/install/tutorial_interfaces/lib/python3.10/site-packages/tutorial_interfaces/msg/__init__.py
[1.638s] -- Up-to-date: /home/damoon/ROS2_Learning/ros2_ws_2/install/tutorial_interfaces/lib/python3.10/site-packages/tutorial_interfaces/msg/_sphere_s.c
[1.638s] -- Up-to-date: /home/damoon/ROS2_Learning/ros2_ws_2/install/tutorial_interfaces/lib/python3.10/site-packages/tutorial_interfaces/libtutorial_interfaces__rosidl_generator_py.so
[1.638s] -- Installing: /home/damoon/ROS2_Learning/ros2_ws_2/install/tutorial_interfaces/lib/python3.10/site-packages/tutorial_interfaces/__init__.py
[1.638s] -- Up-to-date: /home/damoon/ROS2_Learning/ros2_ws_2/install/tutorial_interfaces/lib/python3.10/site-packages/tutorial_interfaces/_tutorial_interfaces_s.ep.rosidl_typesupport_fastrtps_c.c
[1.638s] -- Up-to-date: /home/damoon/ROS2_Learning/ros2_ws_2/install/tutorial_interfaces/lib/python3.10/site-packages/tutorial_interfaces/_tutorial_interfaces_s.ep.rosidl_typesupport_c.c
[1.638s] -- Up-to-date: /home/damoon/ROS2_Learning/ros2_ws_2/install/tutorial_interfaces/lib/python3.10/site-packages/tutorial_interfaces/srv
[1.639s] -- Up-to-date: /home/damoon/ROS2_Learning/ros2_ws_2/install/tutorial_interfaces/lib/python3.10/site-packages/tutorial_interfaces/srv/__init__.py
[1.639s] -- Up-to-date: /home/damoon/ROS2_Learning/ros2_ws_2/install/tutorial_interfaces/lib/python3.10/site-packages/tutorial_interfaces/srv/_add_three_ints.py
[1.639s] -- Up-to-date: /home/damoon/ROS2_Learning/ros2_ws_2/install/tutorial_interfaces/lib/python3.10/site-packages/tutorial_interfaces/srv/_add_three_ints_s.c
[1.658s] Listing '/home/damoon/ROS2_Learning/ros2_ws_2/install/tutorial_interfaces/lib/python3.10/site-packages/tutorial_interfaces'...
[1.658s] Compiling '/home/damoon/ROS2_Learning/ros2_ws_2/install/tutorial_interfaces/lib/python3.10/site-packages/tutorial_interfaces/__init__.py'...
[1.658s] Listing '/home/damoon/ROS2_Learning/ros2_ws_2/install/tutorial_interfaces/lib/python3.10/site-packages/tutorial_interfaces/msg'...
[1.658s] Listing '/home/damoon/ROS2_Learning/ros2_ws_2/install/tutorial_interfaces/lib/python3.10/site-packages/tutorial_interfaces/srv'...
[1.661s] -- Up-to-date: /home/damoon/ROS2_Learning/ros2_ws_2/install/tutorial_interfaces/lib/python3.10/site-packages/tutorial_interfaces/tutorial_interfaces_s__rosidl_typesupport_fastrtps_c.cpython-310-x86_64-linux-gnu.so
[1.661s] -- Up-to-date: /home/damoon/ROS2_Learning/ros2_ws_2/install/tutorial_interfaces/lib/python3.10/site-packages/tutorial_interfaces/tutorial_interfaces_s__rosidl_typesupport_introspection_c.cpython-310-x86_64-linux-gnu.so
[1.661s] -- Up-to-date: /home/damoon/ROS2_Learning/ros2_ws_2/install/tutorial_interfaces/lib/python3.10/site-packages/tutorial_interfaces/tutorial_interfaces_s__rosidl_typesupport_c.cpython-310-x86_64-linux-gnu.so
[1.662s] -- Up-to-date: /home/damoon/ROS2_Learning/ros2_ws_2/install/tutorial_interfaces/lib/libtutorial_interfaces__rosidl_generator_py.so
[1.662s] -- Up-to-date: /home/damoon/ROS2_Learning/ros2_ws_2/install/tutorial_interfaces/share/tutorial_interfaces/msg/Num.idl
[1.662s] -- Up-to-date: /home/damoon/ROS2_Learning/ros2_ws_2/install/tutorial_interfaces/share/tutorial_interfaces/msg/Sphere.idl
[1.662s] -- Up-to-date: /home/damoon/ROS2_Learning/ros2_ws_2/install/tutorial_interfaces/share/tutorial_interfaces/srv/AddThreeInts.idl
[1.662s] -- Up-to-date: /home/damoon/ROS2_Learning/ros2_ws_2/install/tutorial_interfaces/share/tutorial_interfaces/msg/Num.msg
[1.663s] -- Up-to-date: /home/damoon/ROS2_Learning/ros2_ws_2/install/tutorial_interfaces/share/tutorial_interfaces/msg/Sphere.msg
[1.663s] -- Up-to-date: /home/damoon/ROS2_Learning/ros2_ws_2/install/tutorial_interfaces/share/tutorial_interfaces/srv/AddThreeInts.srv
[1.663s] -- Up-to-date: /home/damoon/ROS2_Learning/ros2_ws_2/install/tutorial_interfaces/share/tutorial_interfaces/srv/AddThreeInts_Request.msg
[1.663s] -- Up-to-date: /home/damoon/ROS2_Learning/ros2_ws_2/install/tutorial_interfaces/share/tutorial_interfaces/srv/AddThreeInts_Response.msg
[1.663s] -- Up-to-date: /home/damoon/ROS2_Learning/ros2_ws_2/install/tutorial_interfaces/share/ament_index/resource_index/package_run_dependencies/tutorial_interfaces
[1.663s] -- Up-to-date: /home/damoon/ROS2_Learning/ros2_ws_2/install/tutorial_interfaces/share/ament_index/resource_index/parent_prefix_path/tutorial_interfaces
[1.663s] -- Up-to-date: /home/damoon/ROS2_Learning/ros2_ws_2/install/tutorial_interfaces/share/tutorial_interfaces/environment/ament_prefix_path.sh
[1.663s] -- Up-to-date: /home/damoon/ROS2_Learning/ros2_ws_2/install/tutorial_interfaces/share/tutorial_interfaces/environment/ament_prefix_path.dsv
[1.663s] -- Up-to-date: /home/damoon/ROS2_Learning/ros2_ws_2/install/tutorial_interfaces/share/tutorial_interfaces/environment/path.sh
[1.663s] -- Up-to-date: /home/damoon/ROS2_Learning/ros2_ws_2/install/tutorial_interfaces/share/tutorial_interfaces/environment/path.dsv
[1.663s] -- Up-to-date: /home/damoon/ROS2_Learning/ros2_ws_2/install/tutorial_interfaces/share/tutorial_interfaces/local_setup.bash
[1.663s] -- Up-to-date: /home/damoon/ROS2_Learning/ros2_ws_2/install/tutorial_interfaces/share/tutorial_interfaces/local_setup.sh
[1.663s] -- Up-to-date: /home/damoon/ROS2_Learning/ros2_ws_2/install/tutorial_interfaces/share/tutorial_interfaces/local_setup.zsh
[1.664s] -- Up-to-date: /home/damoon/ROS2_Learning/ros2_ws_2/install/tutorial_interfaces/share/tutorial_interfaces/local_setup.dsv
[1.664s] -- Installing: /home/damoon/ROS2_Learning/ros2_ws_2/install/tutorial_interfaces/share/tutorial_interfaces/package.dsv
[1.664s] -- Up-to-date: /home/damoon/ROS2_Learning/ros2_ws_2/install/tutorial_interfaces/share/ament_index/resource_index/packages/tutorial_interfaces
[1.664s] -- Up-to-date: /home/damoon/ROS2_Learning/ros2_ws_2/install/tutorial_interfaces/share/tutorial_interfaces/cmake/export_tutorial_interfaces__rosidl_generator_cExport.cmake
[1.664s] -- Up-to-date: /home/damoon/ROS2_Learning/ros2_ws_2/install/tutorial_interfaces/share/tutorial_interfaces/cmake/export_tutorial_interfaces__rosidl_generator_cExport-noconfig.cmake
[1.664s] -- Up-to-date: /home/damoon/ROS2_Learning/ros2_ws_2/install/tutorial_interfaces/share/tutorial_interfaces/cmake/export_tutorial_interfaces__rosidl_typesupport_fastrtps_cExport.cmake
[1.664s] -- Up-to-date: /home/damoon/ROS2_Learning/ros2_ws_2/install/tutorial_interfaces/share/tutorial_interfaces/cmake/export_tutorial_interfaces__rosidl_typesupport_fastrtps_cExport-noconfig.cmake
[1.664s] -- Up-to-date: /home/damoon/ROS2_Learning/ros2_ws_2/install/tutorial_interfaces/share/tutorial_interfaces/cmake/export_tutorial_interfaces__rosidl_generator_cppExport.cmake
[1.664s] -- Up-to-date: /home/damoon/ROS2_Learning/ros2_ws_2/install/tutorial_interfaces/share/tutorial_interfaces/cmake/export_tutorial_interfaces__rosidl_typesupport_fastrtps_cppExport.cmake
[1.664s] -- Up-to-date: /home/damoon/ROS2_Learning/ros2_ws_2/install/tutorial_interfaces/share/tutorial_interfaces/cmake/export_tutorial_interfaces__rosidl_typesupport_fastrtps_cppExport-noconfig.cmake
[1.664s] -- Up-to-date: /home/damoon/ROS2_Learning/ros2_ws_2/install/tutorial_interfaces/share/tutorial_interfaces/cmake/tutorial_interfaces__rosidl_typesupport_introspection_cExport.cmake
[1.665s] -- Up-to-date: /home/damoon/ROS2_Learning/ros2_ws_2/install/tutorial_interfaces/share/tutorial_interfaces/cmake/tutorial_interfaces__rosidl_typesupport_introspection_cExport-noconfig.cmake
[1.665s] -- Up-to-date: /home/damoon/ROS2_Learning/ros2_ws_2/install/tutorial_interfaces/share/tutorial_interfaces/cmake/tutorial_interfaces__rosidl_typesupport_cExport.cmake
[1.665s] -- Up-to-date: /home/damoon/ROS2_Learning/ros2_ws_2/install/tutorial_interfaces/share/tutorial_interfaces/cmake/tutorial_interfaces__rosidl_typesupport_cExport-noconfig.cmake
[1.665s] -- Up-to-date: /home/damoon/ROS2_Learning/ros2_ws_2/install/tutorial_interfaces/share/tutorial_interfaces/cmake/tutorial_interfaces__rosidl_typesupport_introspection_cppExport.cmake
[1.665s] -- Up-to-date: /home/damoon/ROS2_Learning/ros2_ws_2/install/tutorial_interfaces/share/tutorial_interfaces/cmake/tutorial_interfaces__rosidl_typesupport_introspection_cppExport-noconfig.cmake
[1.665s] -- Up-to-date: /home/damoon/ROS2_Learning/ros2_ws_2/install/tutorial_interfaces/share/tutorial_interfaces/cmake/tutorial_interfaces__rosidl_typesupport_cppExport.cmake
[1.665s] -- Up-to-date: /home/damoon/ROS2_Learning/ros2_ws_2/install/tutorial_interfaces/share/tutorial_interfaces/cmake/tutorial_interfaces__rosidl_typesupport_cppExport-noconfig.cmake
[1.665s] -- Up-to-date: /home/damoon/ROS2_Learning/ros2_ws_2/install/tutorial_interfaces/share/tutorial_interfaces/cmake/export_tutorial_interfaces__rosidl_generator_pyExport.cmake
[1.665s] -- Up-to-date: /home/damoon/ROS2_Learning/ros2_ws_2/install/tutorial_interfaces/share/tutorial_interfaces/cmake/export_tutorial_interfaces__rosidl_generator_pyExport-noconfig.cmake
[1.665s] -- Up-to-date: /home/damoon/ROS2_Learning/ros2_ws_2/install/tutorial_interfaces/share/tutorial_interfaces/cmake/rosidl_cmake-extras.cmake
[1.665s] -- Up-to-date: /home/damoon/ROS2_Learning/ros2_ws_2/install/tutorial_interfaces/share/tutorial_interfaces/cmake/ament_cmake_export_dependencies-extras.cmake
[1.665s] -- Up-to-date: /home/damoon/ROS2_Learning/ros2_ws_2/install/tutorial_interfaces/share/tutorial_interfaces/cmake/ament_cmake_export_include_directories-extras.cmake
[1.666s] -- Up-to-date: /home/damoon/ROS2_Learning/ros2_ws_2/install/tutorial_interfaces/share/tutorial_interfaces/cmake/ament_cmake_export_libraries-extras.cmake
[1.666s] -- Up-to-date: /home/damoon/ROS2_Learning/ros2_ws_2/install/tutorial_interfaces/share/tutorial_interfaces/cmake/ament_cmake_export_targets-extras.cmake
[1.666s] -- Up-to-date: /home/damoon/ROS2_Learning/ros2_ws_2/install/tutorial_interfaces/share/tutorial_interfaces/cmake/rosidl_cmake_export_typesupport_targets-extras.cmake
[1.666s] -- Up-to-date: /home/damoon/ROS2_Learning/ros2_ws_2/install/tutorial_interfaces/share/tutorial_interfaces/cmake/rosidl_cmake_export_typesupport_libraries-extras.cmake
[1.666s] -- Up-to-date: /home/damoon/ROS2_Learning/ros2_ws_2/install/tutorial_interfaces/share/tutorial_interfaces/cmake/tutorial_interfacesConfig.cmake
[1.666s] -- Up-to-date: /home/damoon/ROS2_Learning/ros2_ws_2/install/tutorial_interfaces/share/tutorial_interfaces/cmake/tutorial_interfacesConfig-version.cmake
[1.666s] -- Up-to-date: /home/damoon/ROS2_Learning/ros2_ws_2/install/tutorial_interfaces/share/tutorial_interfaces/package.xml
[1.671s] Invoked command in '/home/damoon/ROS2_Learning/ros2_ws_2/build/tutorial_interfaces' returned '0': CMAKE_PREFIX_PATH=${CMAKE_PREFIX_PATH}:/home/damoon/ROS2_Learning/ros2_ws_2/install/py_srvcli:/home/damoon/ROS2_Learning/ros2_ws_2/install/py_pubsub:/opt/ros/iron /usr/bin/cmake --install /home/damoon/ROS2_Learning/ros2_ws_2/build/tutorial_interfaces
