[0.009s] Invoking command in '/home/damoon/ROS2_Learning/ros2_ws_2/src/tutorial_interfaces/build/tutorial_interfaces': CMAKE_PREFIX_PATH=${CMAKE_PREFIX_PATH}:/home/damoon/ROS2_Learning/ros2_ws_2/install/py_srvcli:/home/damoon/ROS2_Learning/ros2_ws_2/install/py_pubsub:/opt/ros/iron /usr/bin/cmake /home/damoon/ROS2_Learning/ros2_ws_2/src/tutorial_interfaces -DCMAKE_INSTALL_PREFIX=/home/damoon/ROS2_Learning/ros2_ws_2/src/tutorial_interfaces/install/tutorial_interfaces
[0.022s] -- Found ament_cmake: 2.0.3 (/opt/ros/iron/share/ament_cmake/cmake)
[0.126s] -- Found geometry_msgs: 5.0.0 (/opt/ros/iron/share/geometry_msgs/cmake)
[0.149s] -- Found rosidl_generator_c: 4.0.0 (/opt/ros/iron/share/rosidl_generator_c/cmake)
[0.156s] -- Found rosidl_generator_cpp: 4.0.0 (/opt/ros/iron/share/rosidl_generator_cpp/cmake)
[0.167s] -- Using all available rosidl_typesupport_c: rosidl_typesupport_fastrtps_c;rosidl_typesupport_introspection_c
[0.180s] -- Using all available rosidl_typesupport_cpp: rosidl_typesupport_fastrtps_cpp;rosidl_typesupport_introspection_cpp
[0.267s] -- Found rosidl_default_generators: 1.5.0 (/opt/ros/iron/share/rosidl_default_generators/cmake)
[0.274s] -- Found rosidl_adapter: 4.0.0 (/opt/ros/iron/share/rosidl_adapter/cmake)
[0.579s] -- Found ament_cmake_ros: 0.11.2 (/opt/ros/iron/share/ament_cmake_ros/cmake)
[0.915s] -- Using all available rosidl_typesupport_c: rosidl_typesupport_fastrtps_c;rosidl_typesupport_introspection_c
[1.043s] -- Using all available rosidl_typesupport_cpp: rosidl_typesupport_fastrtps_cpp;rosidl_typesupport_introspection_cpp
[1.061s] -- Found PythonInterp: /usr/bin/python3 (found suitable version "3.10.6", minimum required is "3.6") 
[1.064s] -- Found python_cmake_module: 0.10.2 (/opt/ros/iron/share/python_cmake_module/cmake)
[1.086s] -- Found PythonLibs: /usr/lib/x86_64-linux-gnu/libpython3.10.so (found suitable version "3.10.6", minimum required is "3.5") 
[1.086s] -- Using PYTHON_EXECUTABLE: /usr/bin/python3
[1.086s] -- Using PYTHON_INCLUDE_DIRS: /usr/include/python3.10
[1.087s] -- Using PYTHON_LIBRARIES: /usr/lib/x86_64-linux-gnu/libpython3.10.so
[1.102s] -- Found PythonExtra: .so  
[1.156s] -- Found ament_lint_auto: 0.14.1 (/opt/ros/iron/share/ament_lint_auto/cmake)
[1.190s] -- Added test 'cppcheck' to perform static code analysis on C / C++ code
[1.191s] -- Configured cppcheck include dirs: $<BUILD_INTERFACE:/home/damoon/ROS2_Learning/ros2_ws_2/src/tutorial_interfaces/build/tutorial_interfaces/rosidl_generator_c>;$<BUILD_INTERFACE:/home/damoon/ROS2_Learning/ros2_ws_2/src/tutorial_interfaces/build/tutorial_interfaces/rosidl_typesupport_fastrtps_c>;$<BUILD_INTERFACE:/home/damoon/ROS2_Learning/ros2_ws_2/src/tutorial_interfaces/build/tutorial_interfaces/rosidl_generator_cpp>;$<BUILD_INTERFACE:/home/damoon/ROS2_Learning/ros2_ws_2/src/tutorial_interfaces/build/tutorial_interfaces/rosidl_typesupport_fastrtps_cpp>;$<BUILD_INTERFACE:/home/damoon/ROS2_Learning/ros2_ws_2/src/tutorial_interfaces/build/tutorial_interfaces/rosidl_typesupport_introspection_c>;$<BUILD_INTERFACE:/home/damoon/ROS2_Learning/ros2_ws_2/src/tutorial_interfaces/build/tutorial_interfaces/rosidl_typesupport_introspection_cpp>;/home/damoon/ROS2_Learning/ros2_ws_2/src/tutorial_interfaces/build/tutorial_interfaces/rosidl_generator_c;/home/damoon/ROS2_Learning/ros2_ws_2/src/tutorial_interfaces/build/tutorial_interfaces/rosidl_generator_py
[1.191s] -- Configured cppcheck exclude dirs and/or files: 
[1.192s] -- Added test 'flake8' to check Python code syntax and style conventions
[1.192s] -- Configured 'flake8' exclude dirs and/or files: 
[1.194s] -- Added test 'lint_cmake' to check CMake code style
[1.196s] -- Added test 'pep257' to check Python code against some of the docstring style conventions in PEP 257
[1.203s] -- Added test 'uncrustify' to check C / C++ code style
[1.203s] -- Configured uncrustify additional arguments: 
[1.204s] -- Added test 'xmllint' to check XML markup files
[1.207s] -- Configuring done
[1.240s] -- Generating done
[1.243s] -- Build files have been written to: /home/damoon/ROS2_Learning/ros2_ws_2/src/tutorial_interfaces/build/tutorial_interfaces
[1.249s] Invoked command in '/home/damoon/ROS2_Learning/ros2_ws_2/src/tutorial_interfaces/build/tutorial_interfaces' returned '0': CMAKE_PREFIX_PATH=${CMAKE_PREFIX_PATH}:/home/damoon/ROS2_Learning/ros2_ws_2/install/py_srvcli:/home/damoon/ROS2_Learning/ros2_ws_2/install/py_pubsub:/opt/ros/iron /usr/bin/cmake /home/damoon/ROS2_Learning/ros2_ws_2/src/tutorial_interfaces -DCMAKE_INSTALL_PREFIX=/home/damoon/ROS2_Learning/ros2_ws_2/src/tutorial_interfaces/install/tutorial_interfaces
[1.249s] Invoking command in '/home/damoon/ROS2_Learning/ros2_ws_2/src/tutorial_interfaces/build/tutorial_interfaces': CMAKE_PREFIX_PATH=${CMAKE_PREFIX_PATH}:/home/damoon/ROS2_Learning/ros2_ws_2/install/py_srvcli:/home/damoon/ROS2_Learning/ros2_ws_2/install/py_pubsub:/opt/ros/iron /usr/bin/cmake --build /home/damoon/ROS2_Learning/ros2_ws_2/src/tutorial_interfaces/build/tutorial_interfaces -- -j2 -l2
[1.284s] [  1%] [34m[1mGenerating type hashes for ROS interfaces[0m
[1.289s] [  1%] Built target ament_cmake_python_copy_tutorial_interfaces
[1.463s] [  1%] Built target tutorial_interfaces__rosidl_generator_type_description
[1.464s] running egg_info
[1.464s] creating tutorial_interfaces.egg-info
[1.464s] writing tutorial_interfaces.egg-info/PKG-INFO
[1.465s] writing dependency_links to tutorial_interfaces.egg-info/dependency_links.txt
[1.465s] writing top-level names to tutorial_interfaces.egg-info/top_level.txt
[1.465s] writing manifest file 'tutorial_interfaces.egg-info/SOURCES.txt'
[1.466s] reading manifest file 'tutorial_interfaces.egg-info/SOURCES.txt'
[1.467s] writing manifest file 'tutorial_interfaces.egg-info/SOURCES.txt'
[1.480s] [  3%] [34m[1mGenerating C++ code for ROS interfaces[0m
[1.486s] [  3%] Built target ament_cmake_python_build_tutorial_interfaces_egg
[1.493s] [  5%] [34m[1mGenerating C code for ROS interfaces[0m
[1.823s] [  5%] Built target tutorial_interfaces__cpp
[1.893s] [  9%] [32mBuilding C object CMakeFiles/tutorial_interfaces__rosidl_generator_c.dir/rosidl_generator_c/tutorial_interfaces/msg/detail/num__description.c.o[0m
[1.893s] [  9%] [32mBuilding C object CMakeFiles/tutorial_interfaces__rosidl_generator_c.dir/rosidl_generator_c/tutorial_interfaces/msg/detail/num__functions.c.o[0m
[1.942s] [ 11%] [32mBuilding C object CMakeFiles/tutorial_interfaces__rosidl_generator_c.dir/rosidl_generator_c/tutorial_interfaces/msg/detail/num__type_support.c.o[0m
[1.951s] [ 12%] [32mBuilding C object CMakeFiles/tutorial_interfaces__rosidl_generator_c.dir/rosidl_generator_c/tutorial_interfaces/msg/detail/sphere__description.c.o[0m
[1.965s] [ 14%] [32mBuilding C object CMakeFiles/tutorial_interfaces__rosidl_generator_c.dir/rosidl_generator_c/tutorial_interfaces/msg/detail/sphere__functions.c.o[0m
[1.982s] [ 16%] [32mBuilding C object CMakeFiles/tutorial_interfaces__rosidl_generator_c.dir/rosidl_generator_c/tutorial_interfaces/msg/detail/sphere__type_support.c.o[0m
[2.001s] [ 18%] [32mBuilding C object CMakeFiles/tutorial_interfaces__rosidl_generator_c.dir/rosidl_generator_c/tutorial_interfaces/srv/detail/add_three_ints__description.c.o[0m
[2.003s] [ 20%] [32mBuilding C object CMakeFiles/tutorial_interfaces__rosidl_generator_c.dir/rosidl_generator_c/tutorial_interfaces/srv/detail/add_three_ints__functions.c.o[0m
[2.051s] [ 22%] [32mBuilding C object CMakeFiles/tutorial_interfaces__rosidl_generator_c.dir/rosidl_generator_c/tutorial_interfaces/srv/detail/add_three_ints__type_support.c.o[0m
[2.080s] [ 24%] [32m[1mLinking C shared library libtutorial_interfaces__rosidl_generator_c.so[0m
[2.111s] [ 24%] Built target tutorial_interfaces__rosidl_generator_c
[2.118s] [ 27%] [34m[1mGenerating C++ type support dispatch for ROS interfaces[0m
[2.118s] [ 27%] [34m[1mGenerating C type support for eProsima Fast-RTPS[0m
[2.344s] [ 29%] [32mBuilding CXX object CMakeFiles/tutorial_interfaces__rosidl_typesupport_cpp.dir/rosidl_typesupport_cpp/tutorial_interfaces/msg/num__type_support.cpp.o[0m
[2.460s] [ 31%] [32mBuilding CXX object CMakeFiles/tutorial_interfaces__rosidl_typesupport_fastrtps_c.dir/rosidl_typesupport_fastrtps_c/tutorial_interfaces/msg/detail/num__type_support_c.cpp.o[0m
[2.777s] [ 33%] [32mBuilding CXX object CMakeFiles/tutorial_interfaces__rosidl_typesupport_cpp.dir/rosidl_typesupport_cpp/tutorial_interfaces/msg/sphere__type_support.cpp.o[0m
[2.827s] [ 35%] [32mBuilding CXX object CMakeFiles/tutorial_interfaces__rosidl_typesupport_fastrtps_c.dir/rosidl_typesupport_fastrtps_c/tutorial_interfaces/msg/detail/sphere__type_support_c.cpp.o[0m
[3.052s] [ 37%] [32mBuilding CXX object CMakeFiles/tutorial_interfaces__rosidl_typesupport_fastrtps_c.dir/rosidl_typesupport_fastrtps_c/tutorial_interfaces/srv/detail/add_three_ints__type_support_c.cpp.o[0m
[3.083s] [ 38%] [32mBuilding CXX object CMakeFiles/tutorial_interfaces__rosidl_typesupport_cpp.dir/rosidl_typesupport_cpp/tutorial_interfaces/srv/add_three_ints__type_support.cpp.o[0m
[3.328s] [ 40%] [32m[1mLinking CXX shared library libtutorial_interfaces__rosidl_typesupport_fastrtps_c.so[0m
[3.382s] [ 40%] Built target tutorial_interfaces__rosidl_typesupport_fastrtps_c
[3.389s] [ 42%] [34m[1mGenerating C++ type support for eProsima Fast-RTPS[0m
[3.482s] [ 44%] [32m[1mLinking CXX shared library libtutorial_interfaces__rosidl_typesupport_cpp.so[0m
[3.536s] [ 44%] Built target tutorial_interfaces__rosidl_typesupport_cpp
[3.549s] [ 46%] [34m[1mGenerating C introspection for ROS interfaces[0m
[3.734s] [ 48%] [32mBuilding CXX object CMakeFiles/tutorial_interfaces__rosidl_typesupport_fastrtps_cpp.dir/rosidl_typesupport_fastrtps_cpp/tutorial_interfaces/msg/detail/dds_fastrtps/num__type_support.cpp.o[0m
[3.817s] [ 50%] [32mBuilding C object CMakeFiles/tutorial_interfaces__rosidl_typesupport_introspection_c.dir/rosidl_typesupport_introspection_c/tutorial_interfaces/msg/detail/num__type_support.c.o[0m
[3.843s] [ 51%] [32mBuilding C object CMakeFiles/tutorial_interfaces__rosidl_typesupport_introspection_c.dir/rosidl_typesupport_introspection_c/tutorial_interfaces/msg/detail/sphere__type_support.c.o[0m
[3.870s] [ 53%] [32mBuilding C object CMakeFiles/tutorial_interfaces__rosidl_typesupport_introspection_c.dir/rosidl_typesupport_introspection_c/tutorial_interfaces/srv/detail/add_three_ints__type_support.c.o[0m
[3.907s] [ 55%] [32m[1mLinking C shared library libtutorial_interfaces__rosidl_typesupport_introspection_c.so[0m
[3.938s] [ 55%] Built target tutorial_interfaces__rosidl_typesupport_introspection_c
[3.947s] [ 57%] [34m[1mGenerating C type support dispatch for ROS interfaces[0m
[4.099s] [ 59%] [32mBuilding CXX object CMakeFiles/tutorial_interfaces__rosidl_typesupport_fastrtps_cpp.dir/rosidl_typesupport_fastrtps_cpp/tutorial_interfaces/msg/detail/dds_fastrtps/sphere__type_support.cpp.o[0m
[4.185s] [ 61%] [32mBuilding CXX object CMakeFiles/tutorial_interfaces__rosidl_typesupport_c.dir/rosidl_typesupport_c/tutorial_interfaces/msg/num__type_support.cpp.o[0m
[4.214s] [ 62%] [32mBuilding CXX object CMakeFiles/tutorial_interfaces__rosidl_typesupport_c.dir/rosidl_typesupport_c/tutorial_interfaces/msg/sphere__type_support.cpp.o[0m
[4.255s] [ 64%] [32mBuilding CXX object CMakeFiles/tutorial_interfaces__rosidl_typesupport_c.dir/rosidl_typesupport_c/tutorial_interfaces/srv/add_three_ints__type_support.cpp.o[0m
[4.288s] [ 66%] [32m[1mLinking CXX shared library libtutorial_interfaces__rosidl_typesupport_c.so[0m
[4.320s] [ 66%] Built target tutorial_interfaces__rosidl_typesupport_c
[4.327s] [ 68%] [34m[1mGenerating C++ introspection for ROS interfaces[0m
[4.441s] [ 70%] [32mBuilding CXX object CMakeFiles/tutorial_interfaces__rosidl_typesupport_fastrtps_cpp.dir/rosidl_typesupport_fastrtps_cpp/tutorial_interfaces/srv/detail/dds_fastrtps/add_three_ints__type_support.cpp.o[0m
[4.601s] [ 72%] [32mBuilding CXX object CMakeFiles/tutorial_interfaces__rosidl_typesupport_introspection_cpp.dir/rosidl_typesupport_introspection_cpp/tutorial_interfaces/msg/detail/num__type_support.cpp.o[0m
[4.914s] [ 74%] [32mBuilding CXX object CMakeFiles/tutorial_interfaces__rosidl_typesupport_introspection_cpp.dir/rosidl_typesupport_introspection_cpp/tutorial_interfaces/msg/detail/sphere__type_support.cpp.o[0m
[4.989s] [ 75%] [32m[1mLinking CXX shared library libtutorial_interfaces__rosidl_typesupport_fastrtps_cpp.so[0m
[5.048s] [ 75%] Built target tutorial_interfaces__rosidl_typesupport_fastrtps_cpp
[5.057s] [ 77%] [32mBuilding CXX object CMakeFiles/tutorial_interfaces__rosidl_typesupport_introspection_cpp.dir/rosidl_typesupport_introspection_cpp/tutorial_interfaces/srv/detail/add_three_ints__type_support.cpp.o[0m
[5.387s] [ 79%] [32m[1mLinking CXX shared library libtutorial_interfaces__rosidl_typesupport_introspection_cpp.so[0m
[5.444s] [ 79%] Built target tutorial_interfaces__rosidl_typesupport_introspection_cpp
[5.458s] [ 79%] Built target tutorial_interfaces
[5.474s] [ 81%] [34m[1mGenerating Python code for ROS interfaces[0m
[5.937s] [ 81%] Built target tutorial_interfaces__py
[5.950s] [ 85%] [32mBuilding C object CMakeFiles/tutorial_interfaces__rosidl_generator_py.dir/rosidl_generator_py/tutorial_interfaces/msg/_sphere_s.c.o[0m
[5.951s] [ 85%] [32mBuilding C object CMakeFiles/tutorial_interfaces__rosidl_generator_py.dir/rosidl_generator_py/tutorial_interfaces/msg/_num_s.c.o[0m
[6.065s] [ 87%] [32mBuilding C object CMakeFiles/tutorial_interfaces__rosidl_generator_py.dir/rosidl_generator_py/tutorial_interfaces/srv/_add_three_ints_s.c.o[0m
[6.152s] [ 88%] [32m[1mLinking C shared library rosidl_generator_py/tutorial_interfaces/libtutorial_interfaces__rosidl_generator_py.so[0m
[6.190s] [ 88%] Built target tutorial_interfaces__rosidl_generator_py
[6.205s] [ 90%] [32mBuilding C object CMakeFiles/tutorial_interfaces__rosidl_typesupport_fastrtps_c__pyext.dir/rosidl_generator_py/tutorial_interfaces/_tutorial_interfaces_s.ep.rosidl_typesupport_fastrtps_c.c.o[0m
[6.207s] [ 92%] [32mBuilding C object CMakeFiles/tutorial_interfaces__rosidl_typesupport_introspection_c__pyext.dir/rosidl_generator_py/tutorial_interfaces/_tutorial_interfaces_s.ep.rosidl_typesupport_introspection_c.c.o[0m
[6.290s] [ 94%] [32m[1mLinking C shared library rosidl_generator_py/tutorial_interfaces/tutorial_interfaces_s__rosidl_typesupport_fastrtps_c.cpython-310-x86_64-linux-gnu.so[0m
[6.304s] [ 96%] [32m[1mLinking C shared library rosidl_generator_py/tutorial_interfaces/tutorial_interfaces_s__rosidl_typesupport_introspection_c.cpython-310-x86_64-linux-gnu.so[0m
[6.324s] [ 96%] Built target tutorial_interfaces__rosidl_typesupport_fastrtps_c__pyext
[6.338s] [ 98%] [32mBuilding C object CMakeFiles/tutorial_interfaces__rosidl_typesupport_c__pyext.dir/rosidl_generator_py/tutorial_interfaces/_tutorial_interfaces_s.ep.rosidl_typesupport_c.c.o[0m
[6.340s] [ 98%] Built target tutorial_interfaces__rosidl_typesupport_introspection_c__pyext
[6.418s] [100%] [32m[1mLinking C shared library rosidl_generator_py/tutorial_interfaces/tutorial_interfaces_s__rosidl_typesupport_c.cpython-310-x86_64-linux-gnu.so[0m
[6.448s] [100%] Built target tutorial_interfaces__rosidl_typesupport_c__pyext
[6.457s] Invoked command in '/home/damoon/ROS2_Learning/ros2_ws_2/src/tutorial_interfaces/build/tutorial_interfaces' returned '0': CMAKE_PREFIX_PATH=${CMAKE_PREFIX_PATH}:/home/damoon/ROS2_Learning/ros2_ws_2/install/py_srvcli:/home/damoon/ROS2_Learning/ros2_ws_2/install/py_pubsub:/opt/ros/iron /usr/bin/cmake --build /home/damoon/ROS2_Learning/ros2_ws_2/src/tutorial_interfaces/build/tutorial_interfaces -- -j2 -l2
[6.540s] Invoking command in '/home/damoon/ROS2_Learning/ros2_ws_2/src/tutorial_interfaces/build/tutorial_interfaces': CMAKE_PREFIX_PATH=${CMAKE_PREFIX_PATH}:/home/damoon/ROS2_Learning/ros2_ws_2/install/py_srvcli:/home/damoon/ROS2_Learning/ros2_ws_2/install/py_pubsub:/opt/ros/iron /usr/bin/cmake --install /home/damoon/ROS2_Learning/ros2_ws_2/src/tutorial_interfaces/build/tutorial_interfaces
[6.545s] -- Install configuration: ""
[6.545s] -- Installing: /home/damoon/ROS2_Learning/ros2_ws_2/src/tutorial_interfaces/install/tutorial_interfaces/share/ament_index/resource_index/rosidl_interfaces/tutorial_interfaces
[6.545s] -- Installing: /home/damoon/ROS2_Learning/ros2_ws_2/src/tutorial_interfaces/install/tutorial_interfaces/share/tutorial_interfaces/msg/Num.json
[6.545s] -- Installing: /home/damoon/ROS2_Learning/ros2_ws_2/src/tutorial_interfaces/install/tutorial_interfaces/share/tutorial_interfaces/msg/Sphere.json
[6.546s] -- Installing: /home/damoon/ROS2_Learning/ros2_ws_2/src/tutorial_interfaces/install/tutorial_interfaces/share/tutorial_interfaces/srv/AddThreeInts.json
[6.546s] -- Installing: /home/damoon/ROS2_Learning/ros2_ws_2/src/tutorial_interfaces/install/tutorial_interfaces/include/tutorial_interfaces/tutorial_interfaces
[6.546s] -- Installing: /home/damoon/ROS2_Learning/ros2_ws_2/src/tutorial_interfaces/install/tutorial_interfaces/include/tutorial_interfaces/tutorial_interfaces/msg
[6.546s] -- Installing: /home/damoon/ROS2_Learning/ros2_ws_2/src/tutorial_interfaces/install/tutorial_interfaces/include/tutorial_interfaces/tutorial_interfaces/msg/num.h
[6.546s] -- Installing: /home/damoon/ROS2_Learning/ros2_ws_2/src/tutorial_interfaces/install/tutorial_interfaces/include/tutorial_interfaces/tutorial_interfaces/msg/detail
[6.546s] -- Installing: /home/damoon/ROS2_Learning/ros2_ws_2/src/tutorial_interfaces/install/tutorial_interfaces/include/tutorial_interfaces/tutorial_interfaces/msg/detail/num__type_support.c
[6.546s] -- Installing: /home/damoon/ROS2_Learning/ros2_ws_2/src/tutorial_interfaces/install/tutorial_interfaces/include/tutorial_interfaces/tutorial_interfaces/msg/detail/num__description.c
[6.546s] -- Installing: /home/damoon/ROS2_Learning/ros2_ws_2/src/tutorial_interfaces/install/tutorial_interfaces/include/tutorial_interfaces/tutorial_interfaces/msg/detail/sphere__description.c
[6.547s] -- Installing: /home/damoon/ROS2_Learning/ros2_ws_2/src/tutorial_interfaces/install/tutorial_interfaces/include/tutorial_interfaces/tutorial_interfaces/msg/detail/num__type_support.h
[6.547s] -- Installing: /home/damoon/ROS2_Learning/ros2_ws_2/src/tutorial_interfaces/install/tutorial_interfaces/include/tutorial_interfaces/tutorial_interfaces/msg/detail/sphere__functions.h
[6.547s] -- Installing: /home/damoon/ROS2_Learning/ros2_ws_2/src/tutorial_interfaces/install/tutorial_interfaces/include/tutorial_interfaces/tutorial_interfaces/msg/detail/sphere__type_support.c
[6.547s] -- Installing: /home/damoon/ROS2_Learning/ros2_ws_2/src/tutorial_interfaces/install/tutorial_interfaces/include/tutorial_interfaces/tutorial_interfaces/msg/detail/sphere__type_support.h
[6.547s] -- Installing: /home/damoon/ROS2_Learning/ros2_ws_2/src/tutorial_interfaces/install/tutorial_interfaces/include/tutorial_interfaces/tutorial_interfaces/msg/detail/num__struct.h
[6.547s] -- Installing: /home/damoon/ROS2_Learning/ros2_ws_2/src/tutorial_interfaces/install/tutorial_interfaces/include/tutorial_interfaces/tutorial_interfaces/msg/detail/num__functions.h
[6.547s] -- Installing: /home/damoon/ROS2_Learning/ros2_ws_2/src/tutorial_interfaces/install/tutorial_interfaces/include/tutorial_interfaces/tutorial_interfaces/msg/detail/sphere__struct.h
[6.547s] -- Installing: /home/damoon/ROS2_Learning/ros2_ws_2/src/tutorial_interfaces/install/tutorial_interfaces/include/tutorial_interfaces/tutorial_interfaces/msg/detail/num__functions.c
[6.547s] -- Installing: /home/damoon/ROS2_Learning/ros2_ws_2/src/tutorial_interfaces/install/tutorial_interfaces/include/tutorial_interfaces/tutorial_interfaces/msg/detail/sphere__functions.c
[6.547s] -- Installing: /home/damoon/ROS2_Learning/ros2_ws_2/src/tutorial_interfaces/install/tutorial_interfaces/include/tutorial_interfaces/tutorial_interfaces/msg/sphere.h
[6.548s] -- Installing: /home/damoon/ROS2_Learning/ros2_ws_2/src/tutorial_interfaces/install/tutorial_interfaces/include/tutorial_interfaces/tutorial_interfaces/msg/rosidl_generator_c__visibility_control.h
[6.548s] -- Installing: /home/damoon/ROS2_Learning/ros2_ws_2/src/tutorial_interfaces/install/tutorial_interfaces/include/tutorial_interfaces/tutorial_interfaces/srv
[6.548s] -- Installing: /home/damoon/ROS2_Learning/ros2_ws_2/src/tutorial_interfaces/install/tutorial_interfaces/include/tutorial_interfaces/tutorial_interfaces/srv/detail
[6.548s] -- Installing: /home/damoon/ROS2_Learning/ros2_ws_2/src/tutorial_interfaces/install/tutorial_interfaces/include/tutorial_interfaces/tutorial_interfaces/srv/detail/add_three_ints__type_support.h
[6.548s] -- Installing: /home/damoon/ROS2_Learning/ros2_ws_2/src/tutorial_interfaces/install/tutorial_interfaces/include/tutorial_interfaces/tutorial_interfaces/srv/detail/add_three_ints__functions.c
[6.548s] -- Installing: /home/damoon/ROS2_Learning/ros2_ws_2/src/tutorial_interfaces/install/tutorial_interfaces/include/tutorial_interfaces/tutorial_interfaces/srv/detail/add_three_ints__struct.h
[6.548s] -- Installing: /home/damoon/ROS2_Learning/ros2_ws_2/src/tutorial_interfaces/install/tutorial_interfaces/include/tutorial_interfaces/tutorial_interfaces/srv/detail/add_three_ints__functions.h
[6.548s] -- Installing: /home/damoon/ROS2_Learning/ros2_ws_2/src/tutorial_interfaces/install/tutorial_interfaces/include/tutorial_interfaces/tutorial_interfaces/srv/detail/add_three_ints__type_support.c
[6.548s] -- Installing: /home/damoon/ROS2_Learning/ros2_ws_2/src/tutorial_interfaces/install/tutorial_interfaces/include/tutorial_interfaces/tutorial_interfaces/srv/detail/add_three_ints__description.c
[6.549s] -- Installing: /home/damoon/ROS2_Learning/ros2_ws_2/src/tutorial_interfaces/install/tutorial_interfaces/include/tutorial_interfaces/tutorial_interfaces/srv/add_three_ints.h
[6.549s] -- Installing: /home/damoon/ROS2_Learning/ros2_ws_2/src/tutorial_interfaces/install/tutorial_interfaces/share/tutorial_interfaces/environment/library_path.sh
[6.549s] -- Installing: /home/damoon/ROS2_Learning/ros2_ws_2/src/tutorial_interfaces/install/tutorial_interfaces/share/tutorial_interfaces/environment/library_path.dsv
[6.549s] -- Installing: /home/damoon/ROS2_Learning/ros2_ws_2/src/tutorial_interfaces/install/tutorial_interfaces/lib/libtutorial_interfaces__rosidl_generator_c.so
[6.549s] -- Set runtime path of "/home/damoon/ROS2_Learning/ros2_ws_2/src/tutorial_interfaces/install/tutorial_interfaces/lib/libtutorial_interfaces__rosidl_generator_c.so" to ""
[6.549s] -- Up-to-date: /home/damoon/ROS2_Learning/ros2_ws_2/src/tutorial_interfaces/install/tutorial_interfaces/include/tutorial_interfaces/tutorial_interfaces
[6.549s] -- Up-to-date: /home/damoon/ROS2_Learning/ros2_ws_2/src/tutorial_interfaces/install/tutorial_interfaces/include/tutorial_interfaces/tutorial_interfaces/msg
[6.550s] -- Installing: /home/damoon/ROS2_Learning/ros2_ws_2/src/tutorial_interfaces/install/tutorial_interfaces/include/tutorial_interfaces/tutorial_interfaces/msg/rosidl_typesupport_fastrtps_c__visibility_control.h
[6.550s] -- Up-to-date: /home/damoon/ROS2_Learning/ros2_ws_2/src/tutorial_interfaces/install/tutorial_interfaces/include/tutorial_interfaces/tutorial_interfaces/msg/detail
[6.550s] -- Installing: /home/damoon/ROS2_Learning/ros2_ws_2/src/tutorial_interfaces/install/tutorial_interfaces/include/tutorial_interfaces/tutorial_interfaces/msg/detail/sphere__rosidl_typesupport_fastrtps_c.h
[6.550s] -- Installing: /home/damoon/ROS2_Learning/ros2_ws_2/src/tutorial_interfaces/install/tutorial_interfaces/include/tutorial_interfaces/tutorial_interfaces/msg/detail/num__rosidl_typesupport_fastrtps_c.h
[6.550s] -- Up-to-date: /home/damoon/ROS2_Learning/ros2_ws_2/src/tutorial_interfaces/install/tutorial_interfaces/include/tutorial_interfaces/tutorial_interfaces/srv
[6.550s] -- Up-to-date: /home/damoon/ROS2_Learning/ros2_ws_2/src/tutorial_interfaces/install/tutorial_interfaces/include/tutorial_interfaces/tutorial_interfaces/srv/detail
[6.550s] -- Installing: /home/damoon/ROS2_Learning/ros2_ws_2/src/tutorial_interfaces/install/tutorial_interfaces/include/tutorial_interfaces/tutorial_interfaces/srv/detail/add_three_ints__rosidl_typesupport_fastrtps_c.h
[6.550s] -- Installing: /home/damoon/ROS2_Learning/ros2_ws_2/src/tutorial_interfaces/install/tutorial_interfaces/lib/libtutorial_interfaces__rosidl_typesupport_fastrtps_c.so
[6.551s] -- Set runtime path of "/home/damoon/ROS2_Learning/ros2_ws_2/src/tutorial_interfaces/install/tutorial_interfaces/lib/libtutorial_interfaces__rosidl_typesupport_fastrtps_c.so" to ""
[6.551s] -- Up-to-date: /home/damoon/ROS2_Learning/ros2_ws_2/src/tutorial_interfaces/install/tutorial_interfaces/include/tutorial_interfaces/tutorial_interfaces
[6.551s] -- Up-to-date: /home/damoon/ROS2_Learning/ros2_ws_2/src/tutorial_interfaces/install/tutorial_interfaces/include/tutorial_interfaces/tutorial_interfaces/msg
[6.551s] -- Up-to-date: /home/damoon/ROS2_Learning/ros2_ws_2/src/tutorial_interfaces/install/tutorial_interfaces/include/tutorial_interfaces/tutorial_interfaces/msg/detail
[6.551s] -- Installing: /home/damoon/ROS2_Learning/ros2_ws_2/src/tutorial_interfaces/install/tutorial_interfaces/include/tutorial_interfaces/tutorial_interfaces/msg/detail/sphere__traits.hpp
[6.551s] -- Installing: /home/damoon/ROS2_Learning/ros2_ws_2/src/tutorial_interfaces/install/tutorial_interfaces/include/tutorial_interfaces/tutorial_interfaces/msg/detail/sphere__struct.hpp
[6.552s] -- Installing: /home/damoon/ROS2_Learning/ros2_ws_2/src/tutorial_interfaces/install/tutorial_interfaces/include/tutorial_interfaces/tutorial_interfaces/msg/detail/num__traits.hpp
[6.552s] -- Installing: /home/damoon/ROS2_Learning/ros2_ws_2/src/tutorial_interfaces/install/tutorial_interfaces/include/tutorial_interfaces/tutorial_interfaces/msg/detail/num__struct.hpp
[6.552s] -- Installing: /home/damoon/ROS2_Learning/ros2_ws_2/src/tutorial_interfaces/install/tutorial_interfaces/include/tutorial_interfaces/tutorial_interfaces/msg/detail/num__builder.hpp
[6.552s] -- Installing: /home/damoon/ROS2_Learning/ros2_ws_2/src/tutorial_interfaces/install/tutorial_interfaces/include/tutorial_interfaces/tutorial_interfaces/msg/detail/sphere__builder.hpp
[6.552s] -- Installing: /home/damoon/ROS2_Learning/ros2_ws_2/src/tutorial_interfaces/install/tutorial_interfaces/include/tutorial_interfaces/tutorial_interfaces/msg/num.hpp
[6.552s] -- Installing: /home/damoon/ROS2_Learning/ros2_ws_2/src/tutorial_interfaces/install/tutorial_interfaces/include/tutorial_interfaces/tutorial_interfaces/msg/sphere.hpp
[6.552s] -- Up-to-date: /home/damoon/ROS2_Learning/ros2_ws_2/src/tutorial_interfaces/install/tutorial_interfaces/include/tutorial_interfaces/tutorial_interfaces/srv
[6.552s] -- Up-to-date: /home/damoon/ROS2_Learning/ros2_ws_2/src/tutorial_interfaces/install/tutorial_interfaces/include/tutorial_interfaces/tutorial_interfaces/srv/detail
[6.552s] -- Installing: /home/damoon/ROS2_Learning/ros2_ws_2/src/tutorial_interfaces/install/tutorial_interfaces/include/tutorial_interfaces/tutorial_interfaces/srv/detail/add_three_ints__builder.hpp
[6.553s] -- Installing: /home/damoon/ROS2_Learning/ros2_ws_2/src/tutorial_interfaces/install/tutorial_interfaces/include/tutorial_interfaces/tutorial_interfaces/srv/detail/add_three_ints__struct.hpp
[6.553s] -- Installing: /home/damoon/ROS2_Learning/ros2_ws_2/src/tutorial_interfaces/install/tutorial_interfaces/include/tutorial_interfaces/tutorial_interfaces/srv/detail/add_three_ints__traits.hpp
[6.553s] -- Installing: /home/damoon/ROS2_Learning/ros2_ws_2/src/tutorial_interfaces/install/tutorial_interfaces/include/tutorial_interfaces/tutorial_interfaces/srv/add_three_ints.hpp
[6.553s] -- Up-to-date: /home/damoon/ROS2_Learning/ros2_ws_2/src/tutorial_interfaces/install/tutorial_interfaces/include/tutorial_interfaces/tutorial_interfaces
[6.553s] -- Up-to-date: /home/damoon/ROS2_Learning/ros2_ws_2/src/tutorial_interfaces/install/tutorial_interfaces/include/tutorial_interfaces/tutorial_interfaces/msg
[6.553s] -- Up-to-date: /home/damoon/ROS2_Learning/ros2_ws_2/src/tutorial_interfaces/install/tutorial_interfaces/include/tutorial_interfaces/tutorial_interfaces/msg/detail
[6.553s] -- Installing: /home/damoon/ROS2_Learning/ros2_ws_2/src/tutorial_interfaces/install/tutorial_interfaces/include/tutorial_interfaces/tutorial_interfaces/msg/detail/dds_fastrtps
[6.553s] -- Installing: /home/damoon/ROS2_Learning/ros2_ws_2/src/tutorial_interfaces/install/tutorial_interfaces/include/tutorial_interfaces/tutorial_interfaces/msg/detail/num__rosidl_typesupport_fastrtps_cpp.hpp
[6.553s] -- Installing: /home/damoon/ROS2_Learning/ros2_ws_2/src/tutorial_interfaces/install/tutorial_interfaces/include/tutorial_interfaces/tutorial_interfaces/msg/detail/sphere__rosidl_typesupport_fastrtps_cpp.hpp
[6.554s] -- Installing: /home/damoon/ROS2_Learning/ros2_ws_2/src/tutorial_interfaces/install/tutorial_interfaces/include/tutorial_interfaces/tutorial_interfaces/msg/rosidl_typesupport_fastrtps_cpp__visibility_control.h
[6.554s] -- Up-to-date: /home/damoon/ROS2_Learning/ros2_ws_2/src/tutorial_interfaces/install/tutorial_interfaces/include/tutorial_interfaces/tutorial_interfaces/srv
[6.554s] -- Up-to-date: /home/damoon/ROS2_Learning/ros2_ws_2/src/tutorial_interfaces/install/tutorial_interfaces/include/tutorial_interfaces/tutorial_interfaces/srv/detail
[6.554s] -- Installing: /home/damoon/ROS2_Learning/ros2_ws_2/src/tutorial_interfaces/install/tutorial_interfaces/include/tutorial_interfaces/tutorial_interfaces/srv/detail/dds_fastrtps
[6.554s] -- Installing: /home/damoon/ROS2_Learning/ros2_ws_2/src/tutorial_interfaces/install/tutorial_interfaces/include/tutorial_interfaces/tutorial_interfaces/srv/detail/add_three_ints__rosidl_typesupport_fastrtps_cpp.hpp
[6.554s] -- Installing: /home/damoon/ROS2_Learning/ros2_ws_2/src/tutorial_interfaces/install/tutorial_interfaces/lib/libtutorial_interfaces__rosidl_typesupport_fastrtps_cpp.so
[6.554s] -- Set runtime path of "/home/damoon/ROS2_Learning/ros2_ws_2/src/tutorial_interfaces/install/tutorial_interfaces/lib/libtutorial_interfaces__rosidl_typesupport_fastrtps_cpp.so" to ""
[6.554s] -- Up-to-date: /home/damoon/ROS2_Learning/ros2_ws_2/src/tutorial_interfaces/install/tutorial_interfaces/include/tutorial_interfaces/tutorial_interfaces
[6.555s] -- Up-to-date: /home/damoon/ROS2_Learning/ros2_ws_2/src/tutorial_interfaces/install/tutorial_interfaces/include/tutorial_interfaces/tutorial_interfaces/msg
[6.555s] -- Installing: /home/damoon/ROS2_Learning/ros2_ws_2/src/tutorial_interfaces/install/tutorial_interfaces/include/tutorial_interfaces/tutorial_interfaces/msg/rosidl_typesupport_introspection_c__visibility_control.h
[6.555s] -- Up-to-date: /home/damoon/ROS2_Learning/ros2_ws_2/src/tutorial_interfaces/install/tutorial_interfaces/include/tutorial_interfaces/tutorial_interfaces/msg/detail
[6.555s] -- Installing: /home/damoon/ROS2_Learning/ros2_ws_2/src/tutorial_interfaces/install/tutorial_interfaces/include/tutorial_interfaces/tutorial_interfaces/msg/detail/num__type_support.c
[6.555s] -- Installing: /home/damoon/ROS2_Learning/ros2_ws_2/src/tutorial_interfaces/install/tutorial_interfaces/include/tutorial_interfaces/tutorial_interfaces/msg/detail/num__rosidl_typesupport_introspection_c.h
[6.555s] -- Installing: /home/damoon/ROS2_Learning/ros2_ws_2/src/tutorial_interfaces/install/tutorial_interfaces/include/tutorial_interfaces/tutorial_interfaces/msg/detail/sphere__type_support.c
[6.555s] -- Installing: /home/damoon/ROS2_Learning/ros2_ws_2/src/tutorial_interfaces/install/tutorial_interfaces/include/tutorial_interfaces/tutorial_interfaces/msg/detail/sphere__rosidl_typesupport_introspection_c.h
[6.555s] -- Up-to-date: /home/damoon/ROS2_Learning/ros2_ws_2/src/tutorial_interfaces/install/tutorial_interfaces/include/tutorial_interfaces/tutorial_interfaces/srv
[6.555s] -- Up-to-date: /home/damoon/ROS2_Learning/ros2_ws_2/src/tutorial_interfaces/install/tutorial_interfaces/include/tutorial_interfaces/tutorial_interfaces/srv/detail
[6.555s] -- Installing: /home/damoon/ROS2_Learning/ros2_ws_2/src/tutorial_interfaces/install/tutorial_interfaces/include/tutorial_interfaces/tutorial_interfaces/srv/detail/add_three_ints__rosidl_typesupport_introspection_c.h
[6.556s] -- Installing: /home/damoon/ROS2_Learning/ros2_ws_2/src/tutorial_interfaces/install/tutorial_interfaces/include/tutorial_interfaces/tutorial_interfaces/srv/detail/add_three_ints__type_support.c
[6.556s] -- Installing: /home/damoon/ROS2_Learning/ros2_ws_2/src/tutorial_interfaces/install/tutorial_interfaces/lib/libtutorial_interfaces__rosidl_typesupport_introspection_c.so
[6.556s] -- Set runtime path of "/home/damoon/ROS2_Learning/ros2_ws_2/src/tutorial_interfaces/install/tutorial_interfaces/lib/libtutorial_interfaces__rosidl_typesupport_introspection_c.so" to ""
[6.556s] -- Installing: /home/damoon/ROS2_Learning/ros2_ws_2/src/tutorial_interfaces/install/tutorial_interfaces/lib/libtutorial_interfaces__rosidl_typesupport_c.so
[6.556s] -- Set runtime path of "/home/damoon/ROS2_Learning/ros2_ws_2/src/tutorial_interfaces/install/tutorial_interfaces/lib/libtutorial_interfaces__rosidl_typesupport_c.so" to ""
[6.556s] -- Up-to-date: /home/damoon/ROS2_Learning/ros2_ws_2/src/tutorial_interfaces/install/tutorial_interfaces/include/tutorial_interfaces/tutorial_interfaces
[6.556s] -- Up-to-date: /home/damoon/ROS2_Learning/ros2_ws_2/src/tutorial_interfaces/install/tutorial_interfaces/include/tutorial_interfaces/tutorial_interfaces/msg
[6.557s] -- Up-to-date: /home/damoon/ROS2_Learning/ros2_ws_2/src/tutorial_interfaces/install/tutorial_interfaces/include/tutorial_interfaces/tutorial_interfaces/msg/detail
[6.557s] -- Installing: /home/damoon/ROS2_Learning/ros2_ws_2/src/tutorial_interfaces/install/tutorial_interfaces/include/tutorial_interfaces/tutorial_interfaces/msg/detail/sphere__type_support.cpp
[6.557s] -- Installing: /home/damoon/ROS2_Learning/ros2_ws_2/src/tutorial_interfaces/install/tutorial_interfaces/include/tutorial_interfaces/tutorial_interfaces/msg/detail/num__type_support.cpp
[6.557s] -- Installing: /home/damoon/ROS2_Learning/ros2_ws_2/src/tutorial_interfaces/install/tutorial_interfaces/include/tutorial_interfaces/tutorial_interfaces/msg/detail/sphere__rosidl_typesupport_introspection_cpp.hpp
[6.557s] -- Installing: /home/damoon/ROS2_Learning/ros2_ws_2/src/tutorial_interfaces/install/tutorial_interfaces/include/tutorial_interfaces/tutorial_interfaces/msg/detail/num__rosidl_typesupport_introspection_cpp.hpp
[6.557s] -- Up-to-date: /home/damoon/ROS2_Learning/ros2_ws_2/src/tutorial_interfaces/install/tutorial_interfaces/include/tutorial_interfaces/tutorial_interfaces/srv
[6.557s] -- Up-to-date: /home/damoon/ROS2_Learning/ros2_ws_2/src/tutorial_interfaces/install/tutorial_interfaces/include/tutorial_interfaces/tutorial_interfaces/srv/detail
[6.557s] -- Installing: /home/damoon/ROS2_Learning/ros2_ws_2/src/tutorial_interfaces/install/tutorial_interfaces/include/tutorial_interfaces/tutorial_interfaces/srv/detail/add_three_ints__rosidl_typesupport_introspection_cpp.hpp
[6.558s] -- Installing: /home/damoon/ROS2_Learning/ros2_ws_2/src/tutorial_interfaces/install/tutorial_interfaces/include/tutorial_interfaces/tutorial_interfaces/srv/detail/add_three_ints__type_support.cpp
[6.558s] -- Installing: /home/damoon/ROS2_Learning/ros2_ws_2/src/tutorial_interfaces/install/tutorial_interfaces/lib/libtutorial_interfaces__rosidl_typesupport_introspection_cpp.so
[6.558s] -- Set runtime path of "/home/damoon/ROS2_Learning/ros2_ws_2/src/tutorial_interfaces/install/tutorial_interfaces/lib/libtutorial_interfaces__rosidl_typesupport_introspection_cpp.so" to ""
[6.558s] -- Installing: /home/damoon/ROS2_Learning/ros2_ws_2/src/tutorial_interfaces/install/tutorial_interfaces/lib/libtutorial_interfaces__rosidl_typesupport_cpp.so
[6.558s] -- Set runtime path of "/home/damoon/ROS2_Learning/ros2_ws_2/src/tutorial_interfaces/install/tutorial_interfaces/lib/libtutorial_interfaces__rosidl_typesupport_cpp.so" to ""
[6.558s] -- Installing: /home/damoon/ROS2_Learning/ros2_ws_2/src/tutorial_interfaces/install/tutorial_interfaces/share/tutorial_interfaces/environment/pythonpath.sh
[6.558s] -- Installing: /home/damoon/ROS2_Learning/ros2_ws_2/src/tutorial_interfaces/install/tutorial_interfaces/share/tutorial_interfaces/environment/pythonpath.dsv
[6.558s] -- Installing: /home/damoon/ROS2_Learning/ros2_ws_2/src/tutorial_interfaces/install/tutorial_interfaces/lib/python3.10/site-packages/tutorial_interfaces-0.0.0-py3.10.egg-info
[6.558s] -- Installing: /home/damoon/ROS2_Learning/ros2_ws_2/src/tutorial_interfaces/install/tutorial_interfaces/lib/python3.10/site-packages/tutorial_interfaces-0.0.0-py3.10.egg-info/top_level.txt
[6.558s] -- Installing: /home/damoon/ROS2_Learning/ros2_ws_2/src/tutorial_interfaces/install/tutorial_interfaces/lib/python3.10/site-packages/tutorial_interfaces-0.0.0-py3.10.egg-info/PKG-INFO
[6.558s] -- Installing: /home/damoon/ROS2_Learning/ros2_ws_2/src/tutorial_interfaces/install/tutorial_interfaces/lib/python3.10/site-packages/tutorial_interfaces-0.0.0-py3.10.egg-info/dependency_links.txt
[6.558s] -- Installing: /home/damoon/ROS2_Learning/ros2_ws_2/src/tutorial_interfaces/install/tutorial_interfaces/lib/python3.10/site-packages/tutorial_interfaces-0.0.0-py3.10.egg-info/SOURCES.txt
[6.558s] -- Installing: /home/damoon/ROS2_Learning/ros2_ws_2/src/tutorial_interfaces/install/tutorial_interfaces/lib/python3.10/site-packages/tutorial_interfaces
[6.558s] -- Installing: /home/damoon/ROS2_Learning/ros2_ws_2/src/tutorial_interfaces/install/tutorial_interfaces/lib/python3.10/site-packages/tutorial_interfaces/tutorial_interfaces_s__rosidl_typesupport_c.cpython-310-x86_64-linux-gnu.so
[6.558s] -- Installing: /home/damoon/ROS2_Learning/ros2_ws_2/src/tutorial_interfaces/install/tutorial_interfaces/lib/python3.10/site-packages/tutorial_interfaces/tutorial_interfaces_s__rosidl_typesupport_fastrtps_c.cpython-310-x86_64-linux-gnu.so
[6.558s] -- Installing: /home/damoon/ROS2_Learning/ros2_ws_2/src/tutorial_interfaces/install/tutorial_interfaces/lib/python3.10/site-packages/tutorial_interfaces/_tutorial_interfaces_s.ep.rosidl_typesupport_introspection_c.c
[6.558s] -- Installing: /home/damoon/ROS2_Learning/ros2_ws_2/src/tutorial_interfaces/install/tutorial_interfaces/lib/python3.10/site-packages/tutorial_interfaces/tutorial_interfaces_s__rosidl_typesupport_introspection_c.cpython-310-x86_64-linux-gnu.so
[6.558s] -- Installing: /home/damoon/ROS2_Learning/ros2_ws_2/src/tutorial_interfaces/install/tutorial_interfaces/lib/python3.10/site-packages/tutorial_interfaces/msg
[6.559s] -- Installing: /home/damoon/ROS2_Learning/ros2_ws_2/src/tutorial_interfaces/install/tutorial_interfaces/lib/python3.10/site-packages/tutorial_interfaces/msg/_num_s.c
[6.559s] -- Installing: /home/damoon/ROS2_Learning/ros2_ws_2/src/tutorial_interfaces/install/tutorial_interfaces/lib/python3.10/site-packages/tutorial_interfaces/msg/_sphere.py
[6.559s] -- Installing: /home/damoon/ROS2_Learning/ros2_ws_2/src/tutorial_interfaces/install/tutorial_interfaces/lib/python3.10/site-packages/tutorial_interfaces/msg/_num.py
[6.559s] -- Installing: /home/damoon/ROS2_Learning/ros2_ws_2/src/tutorial_interfaces/install/tutorial_interfaces/lib/python3.10/site-packages/tutorial_interfaces/msg/__init__.py
[6.559s] -- Installing: /home/damoon/ROS2_Learning/ros2_ws_2/src/tutorial_interfaces/install/tutorial_interfaces/lib/python3.10/site-packages/tutorial_interfaces/msg/_sphere_s.c
[6.559s] -- Installing: /home/damoon/ROS2_Learning/ros2_ws_2/src/tutorial_interfaces/install/tutorial_interfaces/lib/python3.10/site-packages/tutorial_interfaces/libtutorial_interfaces__rosidl_generator_py.so
[6.559s] -- Installing: /home/damoon/ROS2_Learning/ros2_ws_2/src/tutorial_interfaces/install/tutorial_interfaces/lib/python3.10/site-packages/tutorial_interfaces/__init__.py
[6.559s] -- Installing: /home/damoon/ROS2_Learning/ros2_ws_2/src/tutorial_interfaces/install/tutorial_interfaces/lib/python3.10/site-packages/tutorial_interfaces/_tutorial_interfaces_s.ep.rosidl_typesupport_fastrtps_c.c
[6.559s] -- Installing: /home/damoon/ROS2_Learning/ros2_ws_2/src/tutorial_interfaces/install/tutorial_interfaces/lib/python3.10/site-packages/tutorial_interfaces/_tutorial_interfaces_s.ep.rosidl_typesupport_c.c
[6.559s] -- Installing: /home/damoon/ROS2_Learning/ros2_ws_2/src/tutorial_interfaces/install/tutorial_interfaces/lib/python3.10/site-packages/tutorial_interfaces/srv
[6.559s] -- Installing: /home/damoon/ROS2_Learning/ros2_ws_2/src/tutorial_interfaces/install/tutorial_interfaces/lib/python3.10/site-packages/tutorial_interfaces/srv/__init__.py
[6.559s] -- Installing: /home/damoon/ROS2_Learning/ros2_ws_2/src/tutorial_interfaces/install/tutorial_interfaces/lib/python3.10/site-packages/tutorial_interfaces/srv/_add_three_ints.py
[6.559s] -- Installing: /home/damoon/ROS2_Learning/ros2_ws_2/src/tutorial_interfaces/install/tutorial_interfaces/lib/python3.10/site-packages/tutorial_interfaces/srv/_add_three_ints_s.c
[6.586s] Listing '/home/damoon/ROS2_Learning/ros2_ws_2/src/tutorial_interfaces/install/tutorial_interfaces/lib/python3.10/site-packages/tutorial_interfaces'...
[6.587s] Compiling '/home/damoon/ROS2_Learning/ros2_ws_2/src/tutorial_interfaces/install/tutorial_interfaces/lib/python3.10/site-packages/tutorial_interfaces/__init__.py'...
[6.587s] Listing '/home/damoon/ROS2_Learning/ros2_ws_2/src/tutorial_interfaces/install/tutorial_interfaces/lib/python3.10/site-packages/tutorial_interfaces/msg'...
[6.587s] Compiling '/home/damoon/ROS2_Learning/ros2_ws_2/src/tutorial_interfaces/install/tutorial_interfaces/lib/python3.10/site-packages/tutorial_interfaces/msg/__init__.py'...
[6.587s] Compiling '/home/damoon/ROS2_Learning/ros2_ws_2/src/tutorial_interfaces/install/tutorial_interfaces/lib/python3.10/site-packages/tutorial_interfaces/msg/_num.py'...
[6.587s] Compiling '/home/damoon/ROS2_Learning/ros2_ws_2/src/tutorial_interfaces/install/tutorial_interfaces/lib/python3.10/site-packages/tutorial_interfaces/msg/_sphere.py'...
[6.587s] Listing '/home/damoon/ROS2_Learning/ros2_ws_2/src/tutorial_interfaces/install/tutorial_interfaces/lib/python3.10/site-packages/tutorial_interfaces/srv'...
[6.587s] Compiling '/home/damoon/ROS2_Learning/ros2_ws_2/src/tutorial_interfaces/install/tutorial_interfaces/lib/python3.10/site-packages/tutorial_interfaces/srv/__init__.py'...
[6.587s] Compiling '/home/damoon/ROS2_Learning/ros2_ws_2/src/tutorial_interfaces/install/tutorial_interfaces/lib/python3.10/site-packages/tutorial_interfaces/srv/_add_three_ints.py'...
[6.590s] -- Installing: /home/damoon/ROS2_Learning/ros2_ws_2/src/tutorial_interfaces/install/tutorial_interfaces/lib/python3.10/site-packages/tutorial_interfaces/tutorial_interfaces_s__rosidl_typesupport_fastrtps_c.cpython-310-x86_64-linux-gnu.so
[6.591s] -- Set runtime path of "/home/damoon/ROS2_Learning/ros2_ws_2/src/tutorial_interfaces/install/tutorial_interfaces/lib/python3.10/site-packages/tutorial_interfaces/tutorial_interfaces_s__rosidl_typesupport_fastrtps_c.cpython-310-x86_64-linux-gnu.so" to ""
[6.591s] -- Installing: /home/damoon/ROS2_Learning/ros2_ws_2/src/tutorial_interfaces/install/tutorial_interfaces/lib/python3.10/site-packages/tutorial_interfaces/tutorial_interfaces_s__rosidl_typesupport_introspection_c.cpython-310-x86_64-linux-gnu.so
[6.591s] -- Set runtime path of "/home/damoon/ROS2_Learning/ros2_ws_2/src/tutorial_interfaces/install/tutorial_interfaces/lib/python3.10/site-packages/tutorial_interfaces/tutorial_interfaces_s__rosidl_typesupport_introspection_c.cpython-310-x86_64-linux-gnu.so" to ""
[6.591s] -- Installing: /home/damoon/ROS2_Learning/ros2_ws_2/src/tutorial_interfaces/install/tutorial_interfaces/lib/python3.10/site-packages/tutorial_interfaces/tutorial_interfaces_s__rosidl_typesupport_c.cpython-310-x86_64-linux-gnu.so
[6.591s] -- Set runtime path of "/home/damoon/ROS2_Learning/ros2_ws_2/src/tutorial_interfaces/install/tutorial_interfaces/lib/python3.10/site-packages/tutorial_interfaces/tutorial_interfaces_s__rosidl_typesupport_c.cpython-310-x86_64-linux-gnu.so" to ""
[6.592s] -- Installing: /home/damoon/ROS2_Learning/ros2_ws_2/src/tutorial_interfaces/install/tutorial_interfaces/lib/libtutorial_interfaces__rosidl_generator_py.so
[6.592s] -- Set runtime path of "/home/damoon/ROS2_Learning/ros2_ws_2/src/tutorial_interfaces/install/tutorial_interfaces/lib/libtutorial_interfaces__rosidl_generator_py.so" to ""
[6.592s] -- Installing: /home/damoon/ROS2_Learning/ros2_ws_2/src/tutorial_interfaces/install/tutorial_interfaces/share/tutorial_interfaces/msg/Num.idl
[6.592s] -- Installing: /home/damoon/ROS2_Learning/ros2_ws_2/src/tutorial_interfaces/install/tutorial_interfaces/share/tutorial_interfaces/msg/Sphere.idl
[6.592s] -- Installing: /home/damoon/ROS2_Learning/ros2_ws_2/src/tutorial_interfaces/install/tutorial_interfaces/share/tutorial_interfaces/srv/AddThreeInts.idl
[6.592s] -- Installing: /home/damoon/ROS2_Learning/ros2_ws_2/src/tutorial_interfaces/install/tutorial_interfaces/share/tutorial_interfaces/msg/Num.msg
[6.592s] -- Installing: /home/damoon/ROS2_Learning/ros2_ws_2/src/tutorial_interfaces/install/tutorial_interfaces/share/tutorial_interfaces/msg/Sphere.msg
[6.593s] -- Installing: /home/damoon/ROS2_Learning/ros2_ws_2/src/tutorial_interfaces/install/tutorial_interfaces/share/tutorial_interfaces/srv/AddThreeInts.srv
[6.593s] -- Installing: /home/damoon/ROS2_Learning/ros2_ws_2/src/tutorial_interfaces/install/tutorial_interfaces/share/tutorial_interfaces/srv/AddThreeInts_Request.msg
[6.593s] -- Installing: /home/damoon/ROS2_Learning/ros2_ws_2/src/tutorial_interfaces/install/tutorial_interfaces/share/tutorial_interfaces/srv/AddThreeInts_Response.msg
[6.593s] -- Installing: /home/damoon/ROS2_Learning/ros2_ws_2/src/tutorial_interfaces/install/tutorial_interfaces/share/ament_index/resource_index/package_run_dependencies/tutorial_interfaces
[6.593s] -- Installing: /home/damoon/ROS2_Learning/ros2_ws_2/src/tutorial_interfaces/install/tutorial_interfaces/share/ament_index/resource_index/parent_prefix_path/tutorial_interfaces
[6.593s] -- Installing: /home/damoon/ROS2_Learning/ros2_ws_2/src/tutorial_interfaces/install/tutorial_interfaces/share/tutorial_interfaces/environment/ament_prefix_path.sh
[6.594s] -- Installing: /home/damoon/ROS2_Learning/ros2_ws_2/src/tutorial_interfaces/install/tutorial_interfaces/share/tutorial_interfaces/environment/ament_prefix_path.dsv
[6.594s] -- Installing: /home/damoon/ROS2_Learning/ros2_ws_2/src/tutorial_interfaces/install/tutorial_interfaces/share/tutorial_interfaces/environment/path.sh
[6.594s] -- Installing: /home/damoon/ROS2_Learning/ros2_ws_2/src/tutorial_interfaces/install/tutorial_interfaces/share/tutorial_interfaces/environment/path.dsv
[6.594s] -- Installing: /home/damoon/ROS2_Learning/ros2_ws_2/src/tutorial_interfaces/install/tutorial_interfaces/share/tutorial_interfaces/local_setup.bash
[6.594s] -- Installing: /home/damoon/ROS2_Learning/ros2_ws_2/src/tutorial_interfaces/install/tutorial_interfaces/share/tutorial_interfaces/local_setup.sh
[6.594s] -- Installing: /home/damoon/ROS2_Learning/ros2_ws_2/src/tutorial_interfaces/install/tutorial_interfaces/share/tutorial_interfaces/local_setup.zsh
[6.595s] -- Installing: /home/damoon/ROS2_Learning/ros2_ws_2/src/tutorial_interfaces/install/tutorial_interfaces/share/tutorial_interfaces/local_setup.dsv
[6.595s] -- Installing: /home/damoon/ROS2_Learning/ros2_ws_2/src/tutorial_interfaces/install/tutorial_interfaces/share/tutorial_interfaces/package.dsv
[6.595s] -- Installing: /home/damoon/ROS2_Learning/ros2_ws_2/src/tutorial_interfaces/install/tutorial_interfaces/share/ament_index/resource_index/packages/tutorial_interfaces
[6.595s] -- Installing: /home/damoon/ROS2_Learning/ros2_ws_2/src/tutorial_interfaces/install/tutorial_interfaces/share/tutorial_interfaces/cmake/export_tutorial_interfaces__rosidl_generator_cExport.cmake
[6.595s] -- Installing: /home/damoon/ROS2_Learning/ros2_ws_2/src/tutorial_interfaces/install/tutorial_interfaces/share/tutorial_interfaces/cmake/export_tutorial_interfaces__rosidl_generator_cExport-noconfig.cmake
[6.595s] -- Installing: /home/damoon/ROS2_Learning/ros2_ws_2/src/tutorial_interfaces/install/tutorial_interfaces/share/tutorial_interfaces/cmake/export_tutorial_interfaces__rosidl_typesupport_fastrtps_cExport.cmake
[6.595s] -- Installing: /home/damoon/ROS2_Learning/ros2_ws_2/src/tutorial_interfaces/install/tutorial_interfaces/share/tutorial_interfaces/cmake/export_tutorial_interfaces__rosidl_typesupport_fastrtps_cExport-noconfig.cmake
[6.596s] -- Installing: /home/damoon/ROS2_Learning/ros2_ws_2/src/tutorial_interfaces/install/tutorial_interfaces/share/tutorial_interfaces/cmake/export_tutorial_interfaces__rosidl_generator_cppExport.cmake
[6.596s] -- Installing: /home/damoon/ROS2_Learning/ros2_ws_2/src/tutorial_interfaces/install/tutorial_interfaces/share/tutorial_interfaces/cmake/export_tutorial_interfaces__rosidl_typesupport_fastrtps_cppExport.cmake
[6.596s] -- Installing: /home/damoon/ROS2_Learning/ros2_ws_2/src/tutorial_interfaces/install/tutorial_interfaces/share/tutorial_interfaces/cmake/export_tutorial_interfaces__rosidl_typesupport_fastrtps_cppExport-noconfig.cmake
[6.596s] -- Installing: /home/damoon/ROS2_Learning/ros2_ws_2/src/tutorial_interfaces/install/tutorial_interfaces/share/tutorial_interfaces/cmake/tutorial_interfaces__rosidl_typesupport_introspection_cExport.cmake
[6.596s] -- Installing: /home/damoon/ROS2_Learning/ros2_ws_2/src/tutorial_interfaces/install/tutorial_interfaces/share/tutorial_interfaces/cmake/tutorial_interfaces__rosidl_typesupport_introspection_cExport-noconfig.cmake
[6.596s] -- Installing: /home/damoon/ROS2_Learning/ros2_ws_2/src/tutorial_interfaces/install/tutorial_interfaces/share/tutorial_interfaces/cmake/tutorial_interfaces__rosidl_typesupport_cExport.cmake
[6.596s] -- Installing: /home/damoon/ROS2_Learning/ros2_ws_2/src/tutorial_interfaces/install/tutorial_interfaces/share/tutorial_interfaces/cmake/tutorial_interfaces__rosidl_typesupport_cExport-noconfig.cmake
[6.597s] -- Installing: /home/damoon/ROS2_Learning/ros2_ws_2/src/tutorial_interfaces/install/tutorial_interfaces/share/tutorial_interfaces/cmake/tutorial_interfaces__rosidl_typesupport_introspection_cppExport.cmake
[6.597s] -- Installing: /home/damoon/ROS2_Learning/ros2_ws_2/src/tutorial_interfaces/install/tutorial_interfaces/share/tutorial_interfaces/cmake/tutorial_interfaces__rosidl_typesupport_introspection_cppExport-noconfig.cmake
[6.597s] -- Installing: /home/damoon/ROS2_Learning/ros2_ws_2/src/tutorial_interfaces/install/tutorial_interfaces/share/tutorial_interfaces/cmake/tutorial_interfaces__rosidl_typesupport_cppExport.cmake
[6.597s] -- Installing: /home/damoon/ROS2_Learning/ros2_ws_2/src/tutorial_interfaces/install/tutorial_interfaces/share/tutorial_interfaces/cmake/tutorial_interfaces__rosidl_typesupport_cppExport-noconfig.cmake
[6.597s] -- Installing: /home/damoon/ROS2_Learning/ros2_ws_2/src/tutorial_interfaces/install/tutorial_interfaces/share/tutorial_interfaces/cmake/export_tutorial_interfaces__rosidl_generator_pyExport.cmake
[6.597s] -- Installing: /home/damoon/ROS2_Learning/ros2_ws_2/src/tutorial_interfaces/install/tutorial_interfaces/share/tutorial_interfaces/cmake/export_tutorial_interfaces__rosidl_generator_pyExport-noconfig.cmake
[6.598s] -- Installing: /home/damoon/ROS2_Learning/ros2_ws_2/src/tutorial_interfaces/install/tutorial_interfaces/share/tutorial_interfaces/cmake/rosidl_cmake-extras.cmake
[6.598s] -- Installing: /home/damoon/ROS2_Learning/ros2_ws_2/src/tutorial_interfaces/install/tutorial_interfaces/share/tutorial_interfaces/cmake/ament_cmake_export_dependencies-extras.cmake
[6.598s] -- Installing: /home/damoon/ROS2_Learning/ros2_ws_2/src/tutorial_interfaces/install/tutorial_interfaces/share/tutorial_interfaces/cmake/ament_cmake_export_include_directories-extras.cmake
[6.598s] -- Installing: /home/damoon/ROS2_Learning/ros2_ws_2/src/tutorial_interfaces/install/tutorial_interfaces/share/tutorial_interfaces/cmake/ament_cmake_export_libraries-extras.cmake
[6.598s] -- Installing: /home/damoon/ROS2_Learning/ros2_ws_2/src/tutorial_interfaces/install/tutorial_interfaces/share/tutorial_interfaces/cmake/ament_cmake_export_targets-extras.cmake
[6.598s] -- Installing: /home/damoon/ROS2_Learning/ros2_ws_2/src/tutorial_interfaces/install/tutorial_interfaces/share/tutorial_interfaces/cmake/rosidl_cmake_export_typesupport_targets-extras.cmake
[6.598s] -- Installing: /home/damoon/ROS2_Learning/ros2_ws_2/src/tutorial_interfaces/install/tutorial_interfaces/share/tutorial_interfaces/cmake/rosidl_cmake_export_typesupport_libraries-extras.cmake
[6.598s] -- Installing: /home/damoon/ROS2_Learning/ros2_ws_2/src/tutorial_interfaces/install/tutorial_interfaces/share/tutorial_interfaces/cmake/tutorial_interfacesConfig.cmake
[6.599s] -- Installing: /home/damoon/ROS2_Learning/ros2_ws_2/src/tutorial_interfaces/install/tutorial_interfaces/share/tutorial_interfaces/cmake/tutorial_interfacesConfig-version.cmake
[6.599s] -- Installing: /home/damoon/ROS2_Learning/ros2_ws_2/src/tutorial_interfaces/install/tutorial_interfaces/share/tutorial_interfaces/package.xml
[6.602s] Invoked command in '/home/damoon/ROS2_Learning/ros2_ws_2/src/tutorial_interfaces/build/tutorial_interfaces' returned '0': CMAKE_PREFIX_PATH=${CMAKE_PREFIX_PATH}:/home/damoon/ROS2_Learning/ros2_ws_2/install/py_srvcli:/home/damoon/ROS2_Learning/ros2_ws_2/install/py_pubsub:/opt/ros/iron /usr/bin/cmake --install /home/damoon/ROS2_Learning/ros2_ws_2/src/tutorial_interfaces/build/tutorial_interfaces
