[0.712s] Invoking command in '/home/damoon/ROS2_Learning/ros2_ws/src/examples/rclpy/topics/pointcloud_publisher': PYTHONPATH=/home/damoon/ROS2_Learning/ros2_ws/build/examples_rclpy_pointcloud_publisher/prefix_override:/home/damoon/ROS2_Learning/ros2_ws/install/examples_rclpy_pointcloud_publisher/lib/python3.10/site-packages:${PYTHONPATH} /usr/bin/python3 setup.py egg_info --egg-base ../../../../../build/examples_rclpy_pointcloud_publisher build --build-base /home/damoon/ROS2_Learning/ros2_ws/build/examples_rclpy_pointcloud_publisher/build install --record /home/damoon/ROS2_Learning/ros2_ws/build/examples_rclpy_pointcloud_publisher/install.log --single-version-externally-managed
[0.921s] running egg_info
[0.921s] creating ../../../../../build/examples_rclpy_pointcloud_publisher/examples_rclpy_pointcloud_publisher.egg-info
[0.921s] writing ../../../../../build/examples_rclpy_pointcloud_publisher/examples_rclpy_pointcloud_publisher.egg-info/PKG-INFO
[0.921s] writing dependency_links to ../../../../../build/examples_rclpy_pointcloud_publisher/examples_rclpy_pointcloud_publisher.egg-info/dependency_links.txt
[0.922s] writing entry points to ../../../../../build/examples_rclpy_pointcloud_publisher/examples_rclpy_pointcloud_publisher.egg-info/entry_points.txt
[0.922s] writing requirements to ../../../../../build/examples_rclpy_pointcloud_publisher/examples_rclpy_pointcloud_publisher.egg-info/requires.txt
[0.922s] writing top-level names to ../../../../../build/examples_rclpy_pointcloud_publisher/examples_rclpy_pointcloud_publisher.egg-info/top_level.txt
[0.922s] writing manifest file '../../../../../build/examples_rclpy_pointcloud_publisher/examples_rclpy_pointcloud_publisher.egg-info/SOURCES.txt'
[0.924s] reading manifest file '../../../../../build/examples_rclpy_pointcloud_publisher/examples_rclpy_pointcloud_publisher.egg-info/SOURCES.txt'
[0.925s] writing manifest file '../../../../../build/examples_rclpy_pointcloud_publisher/examples_rclpy_pointcloud_publisher.egg-info/SOURCES.txt'
[0.925s] running build
[0.925s] running build_py
[0.925s] creating /home/damoon/ROS2_Learning/ros2_ws/build/examples_rclpy_pointcloud_publisher/build
[0.927s] creating /home/damoon/ROS2_Learning/ros2_ws/build/examples_rclpy_pointcloud_publisher/build/lib
[0.927s] creating /home/damoon/ROS2_Learning/ros2_ws/build/examples_rclpy_pointcloud_publisher/build/lib/examples_rclpy_pointcloud_publisher
[0.927s] copying examples_rclpy_pointcloud_publisher/__init__.py -> /home/damoon/ROS2_Learning/ros2_ws/build/examples_rclpy_pointcloud_publisher/build/lib/examples_rclpy_pointcloud_publisher
[0.927s] copying examples_rclpy_pointcloud_publisher/pointcloud_publisher.py -> /home/damoon/ROS2_Learning/ros2_ws/build/examples_rclpy_pointcloud_publisher/build/lib/examples_rclpy_pointcloud_publisher
[0.928s] running install
[0.928s] /usr/lib/python3/dist-packages/setuptools/command/install.py:34: SetuptoolsDeprecationWarning: setup.py install is deprecated. Use build and pip and other standards-based tools.
[0.928s]   warnings.warn(
[0.928s] running install_lib
[0.929s] creating /home/damoon/ROS2_Learning/ros2_ws/install/examples_rclpy_pointcloud_publisher/lib/python3.10/site-packages/examples_rclpy_pointcloud_publisher
[0.929s] copying /home/damoon/ROS2_Learning/ros2_ws/build/examples_rclpy_pointcloud_publisher/build/lib/examples_rclpy_pointcloud_publisher/__init__.py -> /home/damoon/ROS2_Learning/ros2_ws/install/examples_rclpy_pointcloud_publisher/lib/python3.10/site-packages/examples_rclpy_pointcloud_publisher
[0.929s] copying /home/damoon/ROS2_Learning/ros2_ws/build/examples_rclpy_pointcloud_publisher/build/lib/examples_rclpy_pointcloud_publisher/pointcloud_publisher.py -> /home/damoon/ROS2_Learning/ros2_ws/install/examples_rclpy_pointcloud_publisher/lib/python3.10/site-packages/examples_rclpy_pointcloud_publisher
[0.930s] byte-compiling /home/damoon/ROS2_Learning/ros2_ws/install/examples_rclpy_pointcloud_publisher/lib/python3.10/site-packages/examples_rclpy_pointcloud_publisher/__init__.py to __init__.cpython-310.pyc
[0.930s] byte-compiling /home/damoon/ROS2_Learning/ros2_ws/install/examples_rclpy_pointcloud_publisher/lib/python3.10/site-packages/examples_rclpy_pointcloud_publisher/pointcloud_publisher.py to pointcloud_publisher.cpython-310.pyc
[0.931s] running install_data
[0.931s] creating /home/damoon/ROS2_Learning/ros2_ws/install/examples_rclpy_pointcloud_publisher/share/ament_index
[0.931s] creating /home/damoon/ROS2_Learning/ros2_ws/install/examples_rclpy_pointcloud_publisher/share/ament_index/resource_index
[0.931s] creating /home/damoon/ROS2_Learning/ros2_ws/install/examples_rclpy_pointcloud_publisher/share/ament_index/resource_index/packages
[0.931s] copying resource/examples_rclpy_pointcloud_publisher -> /home/damoon/ROS2_Learning/ros2_ws/install/examples_rclpy_pointcloud_publisher/share/ament_index/resource_index/packages
[0.932s] copying package.xml -> /home/damoon/ROS2_Learning/ros2_ws/install/examples_rclpy_pointcloud_publisher/share/examples_rclpy_pointcloud_publisher
[0.932s] running install_egg_info
[0.933s] Copying ../../../../../build/examples_rclpy_pointcloud_publisher/examples_rclpy_pointcloud_publisher.egg-info to /home/damoon/ROS2_Learning/ros2_ws/install/examples_rclpy_pointcloud_publisher/lib/python3.10/site-packages/examples_rclpy_pointcloud_publisher-0.18.0-py3.10.egg-info
[0.934s] running install_scripts
[0.948s] Installing pointcloud_publisher script to /home/damoon/ROS2_Learning/ros2_ws/install/examples_rclpy_pointcloud_publisher/lib/examples_rclpy_pointcloud_publisher
[0.950s] writing list of installed files to '/home/damoon/ROS2_Learning/ros2_ws/build/examples_rclpy_pointcloud_publisher/install.log'
[0.972s] Invoked command in '/home/damoon/ROS2_Learning/ros2_ws/src/examples/rclpy/topics/pointcloud_publisher' returned '0': PYTHONPATH=/home/damoon/ROS2_Learning/ros2_ws/build/examples_rclpy_pointcloud_publisher/prefix_override:/home/damoon/ROS2_Learning/ros2_ws/install/examples_rclpy_pointcloud_publisher/lib/python3.10/site-packages:${PYTHONPATH} /usr/bin/python3 setup.py egg_info --egg-base ../../../../../build/examples_rclpy_pointcloud_publisher build --build-base /home/damoon/ROS2_Learning/ros2_ws/build/examples_rclpy_pointcloud_publisher/build install --record /home/damoon/ROS2_Learning/ros2_ws/build/examples_rclpy_pointcloud_publisher/install.log --single-version-externally-managed
