[0.517s] Invoking command in '/home/damoon/ROS2_Learning/ros2_ws/src/examples/rclpy/actions/minimal_action_server': PYTHONPATH=/home/damoon/ROS2_Learning/ros2_ws/build/examples_rclpy_minimal_action_server/prefix_override:/home/damoon/ROS2_Learning/ros2_ws/install/examples_rclpy_minimal_action_server/lib/python3.10/site-packages:${PYTHONPATH} /usr/bin/python3 setup.py egg_info --egg-base ../../../../../build/examples_rclpy_minimal_action_server build --build-base /home/damoon/ROS2_Learning/ros2_ws/build/examples_rclpy_minimal_action_server/build install --record /home/damoon/ROS2_Learning/ros2_ws/build/examples_rclpy_minimal_action_server/install.log --single-version-externally-managed
[0.688s] running egg_info
[0.688s] creating ../../../../../build/examples_rclpy_minimal_action_server/examples_rclpy_minimal_action_server.egg-info
[0.689s] writing ../../../../../build/examples_rclpy_minimal_action_server/examples_rclpy_minimal_action_server.egg-info/PKG-INFO
[0.689s] writing dependency_links to ../../../../../build/examples_rclpy_minimal_action_server/examples_rclpy_minimal_action_server.egg-info/dependency_links.txt
[0.689s] writing entry points to ../../../../../build/examples_rclpy_minimal_action_server/examples_rclpy_minimal_action_server.egg-info/entry_points.txt
[0.689s] writing requirements to ../../../../../build/examples_rclpy_minimal_action_server/examples_rclpy_minimal_action_server.egg-info/requires.txt
[0.689s] writing top-level names to ../../../../../build/examples_rclpy_minimal_action_server/examples_rclpy_minimal_action_server.egg-info/top_level.txt
[0.689s] writing manifest file '../../../../../build/examples_rclpy_minimal_action_server/examples_rclpy_minimal_action_server.egg-info/SOURCES.txt'
[0.690s] reading manifest file '../../../../../build/examples_rclpy_minimal_action_server/examples_rclpy_minimal_action_server.egg-info/SOURCES.txt'
[0.690s] writing manifest file '../../../../../build/examples_rclpy_minimal_action_server/examples_rclpy_minimal_action_server.egg-info/SOURCES.txt'
[0.690s] running build
[0.691s] running build_py
[0.691s] creating /home/damoon/ROS2_Learning/ros2_ws/build/examples_rclpy_minimal_action_server/build
[0.691s] creating /home/damoon/ROS2_Learning/ros2_ws/build/examples_rclpy_minimal_action_server/build/lib
[0.691s] creating /home/damoon/ROS2_Learning/ros2_ws/build/examples_rclpy_minimal_action_server/build/lib/examples_rclpy_minimal_action_server
[0.691s] copying examples_rclpy_minimal_action_server/server.py -> /home/damoon/ROS2_Learning/ros2_ws/build/examples_rclpy_minimal_action_server/build/lib/examples_rclpy_minimal_action_server
[0.691s] copying examples_rclpy_minimal_action_server/server_single_goal.py -> /home/damoon/ROS2_Learning/ros2_ws/build/examples_rclpy_minimal_action_server/build/lib/examples_rclpy_minimal_action_server
[0.691s] copying examples_rclpy_minimal_action_server/server_queue_goals.py -> /home/damoon/ROS2_Learning/ros2_ws/build/examples_rclpy_minimal_action_server/build/lib/examples_rclpy_minimal_action_server
[0.691s] copying examples_rclpy_minimal_action_server/__init__.py -> /home/damoon/ROS2_Learning/ros2_ws/build/examples_rclpy_minimal_action_server/build/lib/examples_rclpy_minimal_action_server
[0.692s] copying examples_rclpy_minimal_action_server/server_not_composable.py -> /home/damoon/ROS2_Learning/ros2_ws/build/examples_rclpy_minimal_action_server/build/lib/examples_rclpy_minimal_action_server
[0.692s] copying examples_rclpy_minimal_action_server/server_defer.py -> /home/damoon/ROS2_Learning/ros2_ws/build/examples_rclpy_minimal_action_server/build/lib/examples_rclpy_minimal_action_server
[0.692s] running install
[0.692s] /usr/lib/python3/dist-packages/setuptools/command/install.py:34: SetuptoolsDeprecationWarning: setup.py install is deprecated. Use build and pip and other standards-based tools.
[0.692s]   warnings.warn(
[0.692s] running install_lib
[0.693s] creating /home/damoon/ROS2_Learning/ros2_ws/install/examples_rclpy_minimal_action_server/lib/python3.10/site-packages/examples_rclpy_minimal_action_server
[0.693s] copying /home/damoon/ROS2_Learning/ros2_ws/build/examples_rclpy_minimal_action_server/build/lib/examples_rclpy_minimal_action_server/server.py -> /home/damoon/ROS2_Learning/ros2_ws/install/examples_rclpy_minimal_action_server/lib/python3.10/site-packages/examples_rclpy_minimal_action_server
[0.693s] copying /home/damoon/ROS2_Learning/ros2_ws/build/examples_rclpy_minimal_action_server/build/lib/examples_rclpy_minimal_action_server/server_single_goal.py -> /home/damoon/ROS2_Learning/ros2_ws/install/examples_rclpy_minimal_action_server/lib/python3.10/site-packages/examples_rclpy_minimal_action_server
[0.693s] copying /home/damoon/ROS2_Learning/ros2_ws/build/examples_rclpy_minimal_action_server/build/lib/examples_rclpy_minimal_action_server/server_queue_goals.py -> /home/damoon/ROS2_Learning/ros2_ws/install/examples_rclpy_minimal_action_server/lib/python3.10/site-packages/examples_rclpy_minimal_action_server
[0.694s] copying /home/damoon/ROS2_Learning/ros2_ws/build/examples_rclpy_minimal_action_server/build/lib/examples_rclpy_minimal_action_server/__init__.py -> /home/damoon/ROS2_Learning/ros2_ws/install/examples_rclpy_minimal_action_server/lib/python3.10/site-packages/examples_rclpy_minimal_action_server
[0.694s] copying /home/damoon/ROS2_Learning/ros2_ws/build/examples_rclpy_minimal_action_server/build/lib/examples_rclpy_minimal_action_server/server_not_composable.py -> /home/damoon/ROS2_Learning/ros2_ws/install/examples_rclpy_minimal_action_server/lib/python3.10/site-packages/examples_rclpy_minimal_action_server
[0.694s] copying /home/damoon/ROS2_Learning/ros2_ws/build/examples_rclpy_minimal_action_server/build/lib/examples_rclpy_minimal_action_server/server_defer.py -> /home/damoon/ROS2_Learning/ros2_ws/install/examples_rclpy_minimal_action_server/lib/python3.10/site-packages/examples_rclpy_minimal_action_server
[0.694s] byte-compiling /home/damoon/ROS2_Learning/ros2_ws/install/examples_rclpy_minimal_action_server/lib/python3.10/site-packages/examples_rclpy_minimal_action_server/server.py to server.cpython-310.pyc
[0.694s] byte-compiling /home/damoon/ROS2_Learning/ros2_ws/install/examples_rclpy_minimal_action_server/lib/python3.10/site-packages/examples_rclpy_minimal_action_server/server_single_goal.py to server_single_goal.cpython-310.pyc
[0.695s] byte-compiling /home/damoon/ROS2_Learning/ros2_ws/install/examples_rclpy_minimal_action_server/lib/python3.10/site-packages/examples_rclpy_minimal_action_server/server_queue_goals.py to server_queue_goals.cpython-310.pyc
[0.696s] byte-compiling /home/damoon/ROS2_Learning/ros2_ws/install/examples_rclpy_minimal_action_server/lib/python3.10/site-packages/examples_rclpy_minimal_action_server/__init__.py to __init__.cpython-310.pyc
[0.696s] byte-compiling /home/damoon/ROS2_Learning/ros2_ws/install/examples_rclpy_minimal_action_server/lib/python3.10/site-packages/examples_rclpy_minimal_action_server/server_not_composable.py to server_not_composable.cpython-310.pyc
[0.696s] byte-compiling /home/damoon/ROS2_Learning/ros2_ws/install/examples_rclpy_minimal_action_server/lib/python3.10/site-packages/examples_rclpy_minimal_action_server/server_defer.py to server_defer.cpython-310.pyc
[0.697s] running install_data
[0.697s] creating /home/damoon/ROS2_Learning/ros2_ws/install/examples_rclpy_minimal_action_server/share/ament_index
[0.697s] creating /home/damoon/ROS2_Learning/ros2_ws/install/examples_rclpy_minimal_action_server/share/ament_index/resource_index
[0.697s] creating /home/damoon/ROS2_Learning/ros2_ws/install/examples_rclpy_minimal_action_server/share/ament_index/resource_index/packages
[0.697s] copying resource/examples_rclpy_minimal_action_server -> /home/damoon/ROS2_Learning/ros2_ws/install/examples_rclpy_minimal_action_server/share/ament_index/resource_index/packages
[0.697s] copying package.xml -> /home/damoon/ROS2_Learning/ros2_ws/install/examples_rclpy_minimal_action_server/share/examples_rclpy_minimal_action_server
[0.697s] running install_egg_info
[0.698s] Copying ../../../../../build/examples_rclpy_minimal_action_server/examples_rclpy_minimal_action_server.egg-info to /home/damoon/ROS2_Learning/ros2_ws/install/examples_rclpy_minimal_action_server/lib/python3.10/site-packages/examples_rclpy_minimal_action_server-0.18.0-py3.10.egg-info
[0.699s] running install_scripts
[0.714s] Installing server script to /home/damoon/ROS2_Learning/ros2_ws/install/examples_rclpy_minimal_action_server/lib/examples_rclpy_minimal_action_server
[0.715s] Installing server_defer script to /home/damoon/ROS2_Learning/ros2_ws/install/examples_rclpy_minimal_action_server/lib/examples_rclpy_minimal_action_server
[0.715s] Installing server_not_composable script to /home/damoon/ROS2_Learning/ros2_ws/install/examples_rclpy_minimal_action_server/lib/examples_rclpy_minimal_action_server
[0.715s] Installing server_queue_goals script to /home/damoon/ROS2_Learning/ros2_ws/install/examples_rclpy_minimal_action_server/lib/examples_rclpy_minimal_action_server
[0.715s] Installing server_single_goal script to /home/damoon/ROS2_Learning/ros2_ws/install/examples_rclpy_minimal_action_server/lib/examples_rclpy_minimal_action_server
[0.715s] writing list of installed files to '/home/damoon/ROS2_Learning/ros2_ws/build/examples_rclpy_minimal_action_server/install.log'
[0.736s] Invoked command in '/home/damoon/ROS2_Learning/ros2_ws/src/examples/rclpy/actions/minimal_action_server' returned '0': PYTHONPATH=/home/damoon/ROS2_Learning/ros2_ws/build/examples_rclpy_minimal_action_server/prefix_override:/home/damoon/ROS2_Learning/ros2_ws/install/examples_rclpy_minimal_action_server/lib/python3.10/site-packages:${PYTHONPATH} /usr/bin/python3 setup.py egg_info --egg-base ../../../../../build/examples_rclpy_minimal_action_server build --build-base /home/damoon/ROS2_Learning/ros2_ws/build/examples_rclpy_minimal_action_server/build install --record /home/damoon/ROS2_Learning/ros2_ws/build/examples_rclpy_minimal_action_server/install.log --single-version-externally-managed
