[0.012s] Invoking command in '/home/damoon/ROS2_Learning/ros2_ws_2/build/tutorial_interfaces': CMAKE_PREFIX_PATH=${CMAKE_PREFIX_PATH}:/home/damoon/ROS2_Learning/ros2_ws_2/install/py_srvcli:/home/damoon/ROS2_Learning/ros2_ws_2/install/py_pubsub:/opt/ros/iron /usr/bin/cmake /home/damoon/ROS2_Learning/ros2_ws_2/src/tutorial_interfaces -DCMAKE_INSTALL_PREFIX=/home/damoon/ROS2_Learning/ros2_ws_2/install/tutorial_interfaces
[0.110s] -- The C compiler identification is GNU 11.3.0
[0.185s] -- The CXX compiler identification is GNU 11.3.0
[0.193s] -- Detecting C compiler ABI info
[0.253s] -- Detecting C compiler ABI info - done
[0.253s] -- Check for working C compiler: /usr/bin/cc - skipped
[0.254s] -- Detecting C compile features
[0.254s] -- Detecting C compile features - done
[0.257s] -- Detecting CXX compiler ABI info
[0.316s] -- Detecting CXX compiler ABI info - done
[0.323s] -- Check for working CXX compiler: /usr/bin/c++ - skipped
[0.323s] -- Detecting CXX compile features
[0.323s] -- Detecting CXX compile features - done
[0.330s] -- Found ament_cmake: 2.0.3 (/opt/ros/iron/share/ament_cmake/cmake)
[0.460s] -- Found Python3: /usr/bin/python3.10 (found version "3.10.6") found components: Interpreter 
[0.541s] -- Found geometry_msgs: 5.0.0 (/opt/ros/iron/share/geometry_msgs/cmake)
[0.583s] -- Found rosidl_generator_c: 4.0.0 (/opt/ros/iron/share/rosidl_generator_c/cmake)
[0.595s] -- Found rosidl_generator_cpp: 4.0.0 (/opt/ros/iron/share/rosidl_generator_cpp/cmake)
[0.617s] -- Using all available rosidl_typesupport_c: rosidl_typesupport_fastrtps_c;rosidl_typesupport_introspection_c
[0.642s] -- Using all available rosidl_typesupport_cpp: rosidl_typesupport_fastrtps_cpp;rosidl_typesupport_introspection_cpp
[0.743s] -- Found rosidl_default_generators: 1.5.0 (/opt/ros/iron/share/rosidl_default_generators/cmake)
[0.757s] -- Found rosidl_adapter: 4.0.0 (/opt/ros/iron/share/rosidl_adapter/cmake)
[1.068s] -- Found ament_cmake_ros: 0.11.2 (/opt/ros/iron/share/ament_cmake_ros/cmake)
[1.401s] -- Using all available rosidl_typesupport_c: rosidl_typesupport_fastrtps_c;rosidl_typesupport_introspection_c
[1.530s] -- Using all available rosidl_typesupport_cpp: rosidl_typesupport_fastrtps_cpp;rosidl_typesupport_introspection_cpp
[1.546s] -- Found PythonInterp: /usr/bin/python3 (found suitable version "3.10.6", minimum required is "3.6") 
[1.548s] -- Found python_cmake_module: 0.10.2 (/opt/ros/iron/share/python_cmake_module/cmake)
[1.569s] -- Found PythonLibs: /usr/lib/x86_64-linux-gnu/libpython3.10.so (found suitable version "3.10.6", minimum required is "3.5") 
[1.569s] -- Using PYTHON_EXECUTABLE: /usr/bin/python3
[1.569s] -- Using PYTHON_INCLUDE_DIRS: /usr/include/python3.10
[1.569s] -- Using PYTHON_LIBRARIES: /usr/lib/x86_64-linux-gnu/libpython3.10.so
[1.585s] -- Found PythonExtra: .so  
[1.638s] -- Found ament_lint_auto: 0.14.1 (/opt/ros/iron/share/ament_lint_auto/cmake)
[1.703s] -- Added test 'cppcheck' to perform static code analysis on C / C++ code
[1.703s] -- Configured cppcheck include dirs: 
[1.703s] -- Configured cppcheck exclude dirs and/or files: 
[1.707s] -- Added test 'flake8' to check Python code syntax and style conventions
[1.707s] -- Configured 'flake8' exclude dirs and/or files: 
[1.714s] -- Added test 'lint_cmake' to check CMake code style
[1.718s] -- Added test 'pep257' to check Python code against some of the docstring style conventions in PEP 257
[1.743s] -- Added test 'uncrustify' to check C / C++ code style
[1.743s] -- Configured uncrustify additional arguments: 
[1.747s] -- Added test 'xmllint' to check XML markup files
[1.749s] -- Configuring done
[1.790s] -- Generating done
[1.792s] -- Build files have been written to: /home/damoon/ROS2_Learning/ros2_ws_2/build/tutorial_interfaces
[1.800s] Invoked command in '/home/damoon/ROS2_Learning/ros2_ws_2/build/tutorial_interfaces' returned '0': CMAKE_PREFIX_PATH=${CMAKE_PREFIX_PATH}:/home/damoon/ROS2_Learning/ros2_ws_2/install/py_srvcli:/home/damoon/ROS2_Learning/ros2_ws_2/install/py_pubsub:/opt/ros/iron /usr/bin/cmake /home/damoon/ROS2_Learning/ros2_ws_2/src/tutorial_interfaces -DCMAKE_INSTALL_PREFIX=/home/damoon/ROS2_Learning/ros2_ws_2/install/tutorial_interfaces
[1.800s] Invoking command in '/home/damoon/ROS2_Learning/ros2_ws_2/build/tutorial_interfaces': CMAKE_PREFIX_PATH=${CMAKE_PREFIX_PATH}:/home/damoon/ROS2_Learning/ros2_ws_2/install/py_srvcli:/home/damoon/ROS2_Learning/ros2_ws_2/install/py_pubsub:/opt/ros/iron /usr/bin/cmake --build /home/damoon/ROS2_Learning/ros2_ws_2/build/tutorial_interfaces -- -j2 -l2
[1.835s] [  1%] [34m[1mGenerating type hashes for ROS interfaces[0m
[1.840s] [  1%] Built target ament_cmake_python_copy_tutorial_interfaces
[2.023s] [  1%] Built target tutorial_interfaces__rosidl_generator_type_description
[2.037s] [  3%] [34m[1mGenerating C++ code for ROS interfaces[0m
[2.103s] running egg_info
[2.104s] creating tutorial_interfaces.egg-info
[2.104s] writing tutorial_interfaces.egg-info/PKG-INFO
[2.104s] writing dependency_links to tutorial_interfaces.egg-info/dependency_links.txt
[2.104s] writing top-level names to tutorial_interfaces.egg-info/top_level.txt
[2.104s] writing manifest file 'tutorial_interfaces.egg-info/SOURCES.txt'
[2.106s] reading manifest file 'tutorial_interfaces.egg-info/SOURCES.txt'
[2.107s] writing manifest file 'tutorial_interfaces.egg-info/SOURCES.txt'
[2.124s] [  3%] Built target ament_cmake_python_build_tutorial_interfaces_egg
[2.131s] [  5%] [34m[1mGenerating C code for ROS interfaces[0m
[2.409s] [  5%] Built target tutorial_interfaces__cpp
[2.555s] [  9%] [32mBuilding C object CMakeFiles/tutorial_interfaces__rosidl_generator_c.dir/rosidl_generator_c/tutorial_interfaces/msg/detail/num__description.c.o[0m
[2.555s] [  9%] [32mBuilding C object CMakeFiles/tutorial_interfaces__rosidl_generator_c.dir/rosidl_generator_c/tutorial_interfaces/msg/detail/num__functions.c.o[0m
[2.600s] [ 11%] [32mBuilding C object CMakeFiles/tutorial_interfaces__rosidl_generator_c.dir/rosidl_generator_c/tutorial_interfaces/msg/detail/num__type_support.c.o[0m
[2.603s] [ 12%] [32mBuilding C object CMakeFiles/tutorial_interfaces__rosidl_generator_c.dir/rosidl_generator_c/tutorial_interfaces/msg/detail/sphere__description.c.o[0m
[2.624s] [ 14%] [32mBuilding C object CMakeFiles/tutorial_interfaces__rosidl_generator_c.dir/rosidl_generator_c/tutorial_interfaces/msg/detail/sphere__functions.c.o[0m
[2.634s] [ 16%] [32mBuilding C object CMakeFiles/tutorial_interfaces__rosidl_generator_c.dir/rosidl_generator_c/tutorial_interfaces/msg/detail/sphere__type_support.c.o[0m
[2.658s] [ 18%] [32mBuilding C object CMakeFiles/tutorial_interfaces__rosidl_generator_c.dir/rosidl_generator_c/tutorial_interfaces/srv/detail/add_three_ints__description.c.o[0m
[2.669s] [ 20%] [32mBuilding C object CMakeFiles/tutorial_interfaces__rosidl_generator_c.dir/rosidl_generator_c/tutorial_interfaces/srv/detail/add_three_ints__functions.c.o[0m
[2.696s] [ 22%] [32mBuilding C object CMakeFiles/tutorial_interfaces__rosidl_generator_c.dir/rosidl_generator_c/tutorial_interfaces/srv/detail/add_three_ints__type_support.c.o[0m
[2.727s] [ 24%] [32m[1mLinking C shared library libtutorial_interfaces__rosidl_generator_c.so[0m
[2.760s] [ 24%] Built target tutorial_interfaces__rosidl_generator_c
[2.768s] [ 27%] [34m[1mGenerating C++ type support dispatch for ROS interfaces[0m
[2.768s] [ 27%] [34m[1mGenerating C type support for eProsima Fast-RTPS[0m
[3.020s] [ 29%] [32mBuilding CXX object CMakeFiles/tutorial_interfaces__rosidl_typesupport_cpp.dir/rosidl_typesupport_cpp/tutorial_interfaces/msg/num__type_support.cpp.o[0m
[3.189s] [ 31%] [32mBuilding CXX object CMakeFiles/tutorial_interfaces__rosidl_typesupport_fastrtps_c.dir/rosidl_typesupport_fastrtps_c/tutorial_interfaces/msg/detail/num__type_support_c.cpp.o[0m
[3.587s] [ 33%] [32mBuilding CXX object CMakeFiles/tutorial_interfaces__rosidl_typesupport_cpp.dir/rosidl_typesupport_cpp/tutorial_interfaces/msg/sphere__type_support.cpp.o[0m
[3.606s] [ 35%] [32mBuilding CXX object CMakeFiles/tutorial_interfaces__rosidl_typesupport_fastrtps_c.dir/rosidl_typesupport_fastrtps_c/tutorial_interfaces/msg/detail/sphere__type_support_c.cpp.o[0m
[3.846s] [ 37%] [32mBuilding CXX object CMakeFiles/tutorial_interfaces__rosidl_typesupport_fastrtps_c.dir/rosidl_typesupport_fastrtps_c/tutorial_interfaces/srv/detail/add_three_ints__type_support_c.cpp.o[0m
[3.915s] [ 38%] [32mBuilding CXX object CMakeFiles/tutorial_interfaces__rosidl_typesupport_cpp.dir/rosidl_typesupport_cpp/tutorial_interfaces/srv/add_three_ints__type_support.cpp.o[0m
[4.113s] [ 40%] [32m[1mLinking CXX shared library libtutorial_interfaces__rosidl_typesupport_fastrtps_c.so[0m
[4.184s] [ 40%] Built target tutorial_interfaces__rosidl_typesupport_fastrtps_c
[4.193s] [ 42%] [34m[1mGenerating C++ type support for eProsima Fast-RTPS[0m
[4.276s] [ 44%] [32m[1mLinking CXX shared library libtutorial_interfaces__rosidl_typesupport_cpp.so[0m
[4.331s] [ 44%] Built target tutorial_interfaces__rosidl_typesupport_cpp
[4.339s] [ 46%] [34m[1mGenerating C introspection for ROS interfaces[0m
[4.524s] [ 48%] [32mBuilding CXX object CMakeFiles/tutorial_interfaces__rosidl_typesupport_fastrtps_cpp.dir/rosidl_typesupport_fastrtps_cpp/tutorial_interfaces/msg/detail/dds_fastrtps/num__type_support.cpp.o[0m
[4.630s] [ 50%] [32mBuilding C object CMakeFiles/tutorial_interfaces__rosidl_typesupport_introspection_c.dir/rosidl_typesupport_introspection_c/tutorial_interfaces/msg/detail/num__type_support.c.o[0m
[4.662s] [ 51%] [32mBuilding C object CMakeFiles/tutorial_interfaces__rosidl_typesupport_introspection_c.dir/rosidl_typesupport_introspection_c/tutorial_interfaces/msg/detail/sphere__type_support.c.o[0m
[4.692s] [ 53%] [32mBuilding C object CMakeFiles/tutorial_interfaces__rosidl_typesupport_introspection_c.dir/rosidl_typesupport_introspection_c/tutorial_interfaces/srv/detail/add_three_ints__type_support.c.o[0m
[4.735s] [ 55%] [32m[1mLinking C shared library libtutorial_interfaces__rosidl_typesupport_introspection_c.so[0m
[4.766s] [ 55%] Built target tutorial_interfaces__rosidl_typesupport_introspection_c
[4.773s] [ 57%] [34m[1mGenerating C type support dispatch for ROS interfaces[0m
[4.911s] [ 59%] [32mBuilding CXX object CMakeFiles/tutorial_interfaces__rosidl_typesupport_fastrtps_cpp.dir/rosidl_typesupport_fastrtps_cpp/tutorial_interfaces/msg/detail/dds_fastrtps/sphere__type_support.cpp.o[0m
[4.989s] [ 61%] [32mBuilding CXX object CMakeFiles/tutorial_interfaces__rosidl_typesupport_c.dir/rosidl_typesupport_c/tutorial_interfaces/msg/num__type_support.cpp.o[0m
[5.017s] [ 62%] [32mBuilding CXX object CMakeFiles/tutorial_interfaces__rosidl_typesupport_c.dir/rosidl_typesupport_c/tutorial_interfaces/msg/sphere__type_support.cpp.o[0m
[5.046s] [ 64%] [32mBuilding CXX object CMakeFiles/tutorial_interfaces__rosidl_typesupport_c.dir/rosidl_typesupport_c/tutorial_interfaces/srv/add_three_ints__type_support.cpp.o[0m
[5.077s] [ 66%] [32m[1mLinking CXX shared library libtutorial_interfaces__rosidl_typesupport_c.so[0m
[5.106s] [ 66%] Built target tutorial_interfaces__rosidl_typesupport_c
[5.113s] [ 68%] [34m[1mGenerating C++ introspection for ROS interfaces[0m
[5.273s] [ 70%] [32mBuilding CXX object CMakeFiles/tutorial_interfaces__rosidl_typesupport_fastrtps_cpp.dir/rosidl_typesupport_fastrtps_cpp/tutorial_interfaces/srv/detail/dds_fastrtps/add_three_ints__type_support.cpp.o[0m
[5.385s] [ 72%] [32mBuilding CXX object CMakeFiles/tutorial_interfaces__rosidl_typesupport_introspection_cpp.dir/rosidl_typesupport_introspection_cpp/tutorial_interfaces/msg/detail/num__type_support.cpp.o[0m
[5.805s] [ 74%] [32m[1mLinking CXX shared library libtutorial_interfaces__rosidl_typesupport_fastrtps_cpp.so[0m
[5.806s] [ 75%] [32mBuilding CXX object CMakeFiles/tutorial_interfaces__rosidl_typesupport_introspection_cpp.dir/rosidl_typesupport_introspection_cpp/tutorial_interfaces/msg/detail/sphere__type_support.cpp.o[0m
[5.863s] [ 75%] Built target tutorial_interfaces__rosidl_typesupport_fastrtps_cpp
[5.869s] [ 77%] [32mBuilding CXX object CMakeFiles/tutorial_interfaces__rosidl_typesupport_introspection_cpp.dir/rosidl_typesupport_introspection_cpp/tutorial_interfaces/srv/detail/add_three_ints__type_support.cpp.o[0m
[6.200s] [ 79%] [32m[1mLinking CXX shared library libtutorial_interfaces__rosidl_typesupport_introspection_cpp.so[0m
[6.255s] [ 79%] Built target tutorial_interfaces__rosidl_typesupport_introspection_cpp
[6.272s] [ 79%] Built target tutorial_interfaces
[6.290s] [ 81%] [34m[1mGenerating Python code for ROS interfaces[0m
[6.819s] [ 81%] Built target tutorial_interfaces__py
[6.837s] [ 83%] [32mBuilding C object CMakeFiles/tutorial_interfaces__rosidl_generator_py.dir/rosidl_generator_py/tutorial_interfaces/msg/_sphere_s.c.o[0m
[6.839s] [ 85%] [32mBuilding C object CMakeFiles/tutorial_interfaces__rosidl_generator_py.dir/rosidl_generator_py/tutorial_interfaces/msg/_num_s.c.o[0m
[6.956s] [ 87%] [32mBuilding C object CMakeFiles/tutorial_interfaces__rosidl_generator_py.dir/rosidl_generator_py/tutorial_interfaces/srv/_add_three_ints_s.c.o[0m
[7.055s] [ 88%] [32m[1mLinking C shared library rosidl_generator_py/tutorial_interfaces/libtutorial_interfaces__rosidl_generator_py.so[0m
[7.091s] [ 88%] Built target tutorial_interfaces__rosidl_generator_py
[7.113s] [ 90%] [32mBuilding C object CMakeFiles/tutorial_interfaces__rosidl_typesupport_introspection_c__pyext.dir/rosidl_generator_py/tutorial_interfaces/_tutorial_interfaces_s.ep.rosidl_typesupport_introspection_c.c.o[0m
[7.121s] [ 92%] [32mBuilding C object CMakeFiles/tutorial_interfaces__rosidl_typesupport_fastrtps_c__pyext.dir/rosidl_generator_py/tutorial_interfaces/_tutorial_interfaces_s.ep.rosidl_typesupport_fastrtps_c.c.o[0m
[7.200s] [ 94%] [32m[1mLinking C shared library rosidl_generator_py/tutorial_interfaces/tutorial_interfaces_s__rosidl_typesupport_introspection_c.cpython-310-x86_64-linux-gnu.so[0m
[7.239s] [ 94%] Built target tutorial_interfaces__rosidl_typesupport_introspection_c__pyext
[7.260s] [ 98%] [32m[1mLinking C shared library rosidl_generator_py/tutorial_interfaces/tutorial_interfaces_s__rosidl_typesupport_fastrtps_c.cpython-310-x86_64-linux-gnu.so[0m
[7.261s] [ 98%] [32mBuilding C object CMakeFiles/tutorial_interfaces__rosidl_typesupport_c__pyext.dir/rosidl_generator_py/tutorial_interfaces/_tutorial_interfaces_s.ep.rosidl_typesupport_c.c.o[0m
[7.307s] [ 98%] Built target tutorial_interfaces__rosidl_typesupport_fastrtps_c__pyext
[7.351s] [100%] [32m[1mLinking C shared library rosidl_generator_py/tutorial_interfaces/tutorial_interfaces_s__rosidl_typesupport_c.cpython-310-x86_64-linux-gnu.so[0m
[7.396s] [100%] Built target tutorial_interfaces__rosidl_typesupport_c__pyext
[7.423s] Invoked command in '/home/damoon/ROS2_Learning/ros2_ws_2/build/tutorial_interfaces' returned '0': CMAKE_PREFIX_PATH=${CMAKE_PREFIX_PATH}:/home/damoon/ROS2_Learning/ros2_ws_2/install/py_srvcli:/home/damoon/ROS2_Learning/ros2_ws_2/install/py_pubsub:/opt/ros/iron /usr/bin/cmake --build /home/damoon/ROS2_Learning/ros2_ws_2/build/tutorial_interfaces -- -j2 -l2
[7.576s] Invoking command in '/home/damoon/ROS2_Learning/ros2_ws_2/build/tutorial_interfaces': CMAKE_PREFIX_PATH=${CMAKE_PREFIX_PATH}:/home/damoon/ROS2_Learning/ros2_ws_2/install/py_srvcli:/home/damoon/ROS2_Learning/ros2_ws_2/install/py_pubsub:/opt/ros/iron /usr/bin/cmake --install /home/damoon/ROS2_Learning/ros2_ws_2/build/tutorial_interfaces
[7.590s] -- Install configuration: ""
[7.591s] -- Installing: /home/damoon/ROS2_Learning/ros2_ws_2/install/tutorial_interfaces/share/ament_index/resource_index/rosidl_interfaces/tutorial_interfaces
[7.591s] -- Installing: /home/damoon/ROS2_Learning/ros2_ws_2/install/tutorial_interfaces/share/tutorial_interfaces/msg/Num.json
[7.591s] -- Installing: /home/damoon/ROS2_Learning/ros2_ws_2/install/tutorial_interfaces/share/tutorial_interfaces/msg/Sphere.json
[7.591s] -- Installing: /home/damoon/ROS2_Learning/ros2_ws_2/install/tutorial_interfaces/share/tutorial_interfaces/srv/AddThreeInts.json
[7.592s] -- Installing: /home/damoon/ROS2_Learning/ros2_ws_2/install/tutorial_interfaces/include/tutorial_interfaces/tutorial_interfaces
[7.592s] -- Installing: /home/damoon/ROS2_Learning/ros2_ws_2/install/tutorial_interfaces/include/tutorial_interfaces/tutorial_interfaces/msg
[7.592s] -- Installing: /home/damoon/ROS2_Learning/ros2_ws_2/install/tutorial_interfaces/include/tutorial_interfaces/tutorial_interfaces/msg/num.h
[7.592s] -- Installing: /home/damoon/ROS2_Learning/ros2_ws_2/install/tutorial_interfaces/include/tutorial_interfaces/tutorial_interfaces/msg/detail
[7.592s] -- Installing: /home/damoon/ROS2_Learning/ros2_ws_2/install/tutorial_interfaces/include/tutorial_interfaces/tutorial_interfaces/msg/detail/num__type_support.c
[7.592s] -- Installing: /home/damoon/ROS2_Learning/ros2_ws_2/install/tutorial_interfaces/include/tutorial_interfaces/tutorial_interfaces/msg/detail/num__description.c
[7.593s] -- Installing: /home/damoon/ROS2_Learning/ros2_ws_2/install/tutorial_interfaces/include/tutorial_interfaces/tutorial_interfaces/msg/detail/sphere__description.c
[7.593s] -- Installing: /home/damoon/ROS2_Learning/ros2_ws_2/install/tutorial_interfaces/include/tutorial_interfaces/tutorial_interfaces/msg/detail/num__type_support.h
[7.593s] -- Installing: /home/damoon/ROS2_Learning/ros2_ws_2/install/tutorial_interfaces/include/tutorial_interfaces/tutorial_interfaces/msg/detail/sphere__functions.h
[7.593s] -- Installing: /home/damoon/ROS2_Learning/ros2_ws_2/install/tutorial_interfaces/include/tutorial_interfaces/tutorial_interfaces/msg/detail/sphere__type_support.c
[7.593s] -- Installing: /home/damoon/ROS2_Learning/ros2_ws_2/install/tutorial_interfaces/include/tutorial_interfaces/tutorial_interfaces/msg/detail/sphere__type_support.h
[7.596s] -- Installing: /home/damoon/ROS2_Learning/ros2_ws_2/install/tutorial_interfaces/include/tutorial_interfaces/tutorial_interfaces/msg/detail/num__struct.h
[7.596s] -- Installing: /home/damoon/ROS2_Learning/ros2_ws_2/install/tutorial_interfaces/include/tutorial_interfaces/tutorial_interfaces/msg/detail/num__functions.h
[7.597s] -- Installing: /home/damoon/ROS2_Learning/ros2_ws_2/install/tutorial_interfaces/include/tutorial_interfaces/tutorial_interfaces/msg/detail/sphere__struct.h
[7.597s] -- Installing: /home/damoon/ROS2_Learning/ros2_ws_2/install/tutorial_interfaces/include/tutorial_interfaces/tutorial_interfaces/msg/detail/num__functions.c
[7.597s] -- Installing: /home/damoon/ROS2_Learning/ros2_ws_2/install/tutorial_interfaces/include/tutorial_interfaces/tutorial_interfaces/msg/detail/sphere__functions.c
[7.597s] -- Installing: /home/damoon/ROS2_Learning/ros2_ws_2/install/tutorial_interfaces/include/tutorial_interfaces/tutorial_interfaces/msg/sphere.h
[7.597s] -- Installing: /home/damoon/ROS2_Learning/ros2_ws_2/install/tutorial_interfaces/include/tutorial_interfaces/tutorial_interfaces/msg/rosidl_generator_c__visibility_control.h
[7.598s] -- Installing: /home/damoon/ROS2_Learning/ros2_ws_2/install/tutorial_interfaces/include/tutorial_interfaces/tutorial_interfaces/srv
[7.598s] -- Installing: /home/damoon/ROS2_Learning/ros2_ws_2/install/tutorial_interfaces/include/tutorial_interfaces/tutorial_interfaces/srv/detail
[7.598s] -- Installing: /home/damoon/ROS2_Learning/ros2_ws_2/install/tutorial_interfaces/include/tutorial_interfaces/tutorial_interfaces/srv/detail/add_three_ints__type_support.h
[7.598s] -- Installing: /home/damoon/ROS2_Learning/ros2_ws_2/install/tutorial_interfaces/include/tutorial_interfaces/tutorial_interfaces/srv/detail/add_three_ints__functions.c
[7.598s] -- Installing: /home/damoon/ROS2_Learning/ros2_ws_2/install/tutorial_interfaces/include/tutorial_interfaces/tutorial_interfaces/srv/detail/add_three_ints__struct.h
[7.598s] -- Installing: /home/damoon/ROS2_Learning/ros2_ws_2/install/tutorial_interfaces/include/tutorial_interfaces/tutorial_interfaces/srv/detail/add_three_ints__functions.h
[7.599s] -- Installing: /home/damoon/ROS2_Learning/ros2_ws_2/install/tutorial_interfaces/include/tutorial_interfaces/tutorial_interfaces/srv/detail/add_three_ints__type_support.c
[7.599s] -- Installing: /home/damoon/ROS2_Learning/ros2_ws_2/install/tutorial_interfaces/include/tutorial_interfaces/tutorial_interfaces/srv/detail/add_three_ints__description.c
[7.599s] -- Installing: /home/damoon/ROS2_Learning/ros2_ws_2/install/tutorial_interfaces/include/tutorial_interfaces/tutorial_interfaces/srv/add_three_ints.h
[7.599s] -- Installing: /home/damoon/ROS2_Learning/ros2_ws_2/install/tutorial_interfaces/share/tutorial_interfaces/environment/library_path.sh
[7.599s] -- Installing: /home/damoon/ROS2_Learning/ros2_ws_2/install/tutorial_interfaces/share/tutorial_interfaces/environment/library_path.dsv
[7.600s] -- Installing: /home/damoon/ROS2_Learning/ros2_ws_2/install/tutorial_interfaces/lib/libtutorial_interfaces__rosidl_generator_c.so
[7.600s] -- Set runtime path of "/home/damoon/ROS2_Learning/ros2_ws_2/install/tutorial_interfaces/lib/libtutorial_interfaces__rosidl_generator_c.so" to ""
[7.600s] -- Up-to-date: /home/damoon/ROS2_Learning/ros2_ws_2/install/tutorial_interfaces/include/tutorial_interfaces/tutorial_interfaces
[7.601s] -- Up-to-date: /home/damoon/ROS2_Learning/ros2_ws_2/install/tutorial_interfaces/include/tutorial_interfaces/tutorial_interfaces/msg
[7.601s] -- Installing: /home/damoon/ROS2_Learning/ros2_ws_2/install/tutorial_interfaces/include/tutorial_interfaces/tutorial_interfaces/msg/rosidl_typesupport_fastrtps_c__visibility_control.h
[7.601s] -- Up-to-date: /home/damoon/ROS2_Learning/ros2_ws_2/install/tutorial_interfaces/include/tutorial_interfaces/tutorial_interfaces/msg/detail
[7.601s] -- Installing: /home/damoon/ROS2_Learning/ros2_ws_2/install/tutorial_interfaces/include/tutorial_interfaces/tutorial_interfaces/msg/detail/sphere__rosidl_typesupport_fastrtps_c.h
[7.601s] -- Installing: /home/damoon/ROS2_Learning/ros2_ws_2/install/tutorial_interfaces/include/tutorial_interfaces/tutorial_interfaces/msg/detail/num__rosidl_typesupport_fastrtps_c.h
[7.601s] -- Up-to-date: /home/damoon/ROS2_Learning/ros2_ws_2/install/tutorial_interfaces/include/tutorial_interfaces/tutorial_interfaces/srv
[7.601s] -- Up-to-date: /home/damoon/ROS2_Learning/ros2_ws_2/install/tutorial_interfaces/include/tutorial_interfaces/tutorial_interfaces/srv/detail
[7.602s] -- Installing: /home/damoon/ROS2_Learning/ros2_ws_2/install/tutorial_interfaces/include/tutorial_interfaces/tutorial_interfaces/srv/detail/add_three_ints__rosidl_typesupport_fastrtps_c.h
[7.602s] -- Installing: /home/damoon/ROS2_Learning/ros2_ws_2/install/tutorial_interfaces/lib/libtutorial_interfaces__rosidl_typesupport_fastrtps_c.so
[7.602s] -- Set runtime path of "/home/damoon/ROS2_Learning/ros2_ws_2/install/tutorial_interfaces/lib/libtutorial_interfaces__rosidl_typesupport_fastrtps_c.so" to ""
[7.602s] -- Up-to-date: /home/damoon/ROS2_Learning/ros2_ws_2/install/tutorial_interfaces/include/tutorial_interfaces/tutorial_interfaces
[7.602s] -- Up-to-date: /home/damoon/ROS2_Learning/ros2_ws_2/install/tutorial_interfaces/include/tutorial_interfaces/tutorial_interfaces/msg
[7.602s] -- Up-to-date: /home/damoon/ROS2_Learning/ros2_ws_2/install/tutorial_interfaces/include/tutorial_interfaces/tutorial_interfaces/msg/detail
[7.603s] -- Installing: /home/damoon/ROS2_Learning/ros2_ws_2/install/tutorial_interfaces/include/tutorial_interfaces/tutorial_interfaces/msg/detail/sphere__traits.hpp
[7.603s] -- Installing: /home/damoon/ROS2_Learning/ros2_ws_2/install/tutorial_interfaces/include/tutorial_interfaces/tutorial_interfaces/msg/detail/sphere__struct.hpp
[7.603s] -- Installing: /home/damoon/ROS2_Learning/ros2_ws_2/install/tutorial_interfaces/include/tutorial_interfaces/tutorial_interfaces/msg/detail/num__traits.hpp
[7.603s] -- Installing: /home/damoon/ROS2_Learning/ros2_ws_2/install/tutorial_interfaces/include/tutorial_interfaces/tutorial_interfaces/msg/detail/num__struct.hpp
[7.607s] -- Installing: /home/damoon/ROS2_Learning/ros2_ws_2/install/tutorial_interfaces/include/tutorial_interfaces/tutorial_interfaces/msg/detail/num__builder.hpp
[7.607s] -- Installing: /home/damoon/ROS2_Learning/ros2_ws_2/install/tutorial_interfaces/include/tutorial_interfaces/tutorial_interfaces/msg/detail/sphere__builder.hpp
[7.607s] -- Installing: /home/damoon/ROS2_Learning/ros2_ws_2/install/tutorial_interfaces/include/tutorial_interfaces/tutorial_interfaces/msg/num.hpp
[7.607s] -- Installing: /home/damoon/ROS2_Learning/ros2_ws_2/install/tutorial_interfaces/include/tutorial_interfaces/tutorial_interfaces/msg/sphere.hpp
[7.607s] -- Up-to-date: /home/damoon/ROS2_Learning/ros2_ws_2/install/tutorial_interfaces/include/tutorial_interfaces/tutorial_interfaces/srv
[7.608s] -- Up-to-date: /home/damoon/ROS2_Learning/ros2_ws_2/install/tutorial_interfaces/include/tutorial_interfaces/tutorial_interfaces/srv/detail
[7.608s] -- Installing: /home/damoon/ROS2_Learning/ros2_ws_2/install/tutorial_interfaces/include/tutorial_interfaces/tutorial_interfaces/srv/detail/add_three_ints__builder.hpp
[7.608s] -- Installing: /home/damoon/ROS2_Learning/ros2_ws_2/install/tutorial_interfaces/include/tutorial_interfaces/tutorial_interfaces/srv/detail/add_three_ints__struct.hpp
[7.608s] -- Installing: /home/damoon/ROS2_Learning/ros2_ws_2/install/tutorial_interfaces/include/tutorial_interfaces/tutorial_interfaces/srv/detail/add_three_ints__traits.hpp
[7.608s] -- Installing: /home/damoon/ROS2_Learning/ros2_ws_2/install/tutorial_interfaces/include/tutorial_interfaces/tutorial_interfaces/srv/add_three_ints.hpp
[7.609s] -- Up-to-date: /home/damoon/ROS2_Learning/ros2_ws_2/install/tutorial_interfaces/include/tutorial_interfaces/tutorial_interfaces
[7.609s] -- Up-to-date: /home/damoon/ROS2_Learning/ros2_ws_2/install/tutorial_interfaces/include/tutorial_interfaces/tutorial_interfaces/msg
[7.609s] -- Up-to-date: /home/damoon/ROS2_Learning/ros2_ws_2/install/tutorial_interfaces/include/tutorial_interfaces/tutorial_interfaces/msg/detail
[7.609s] -- Installing: /home/damoon/ROS2_Learning/ros2_ws_2/install/tutorial_interfaces/include/tutorial_interfaces/tutorial_interfaces/msg/detail/dds_fastrtps
[7.609s] -- Installing: /home/damoon/ROS2_Learning/ros2_ws_2/install/tutorial_interfaces/include/tutorial_interfaces/tutorial_interfaces/msg/detail/num__rosidl_typesupport_fastrtps_cpp.hpp
[7.609s] -- Installing: /home/damoon/ROS2_Learning/ros2_ws_2/install/tutorial_interfaces/include/tutorial_interfaces/tutorial_interfaces/msg/detail/sphere__rosidl_typesupport_fastrtps_cpp.hpp
[7.609s] -- Installing: /home/damoon/ROS2_Learning/ros2_ws_2/install/tutorial_interfaces/include/tutorial_interfaces/tutorial_interfaces/msg/rosidl_typesupport_fastrtps_cpp__visibility_control.h
[7.610s] -- Up-to-date: /home/damoon/ROS2_Learning/ros2_ws_2/install/tutorial_interfaces/include/tutorial_interfaces/tutorial_interfaces/srv
[7.610s] -- Up-to-date: /home/damoon/ROS2_Learning/ros2_ws_2/install/tutorial_interfaces/include/tutorial_interfaces/tutorial_interfaces/srv/detail
[7.610s] -- Installing: /home/damoon/ROS2_Learning/ros2_ws_2/install/tutorial_interfaces/include/tutorial_interfaces/tutorial_interfaces/srv/detail/dds_fastrtps
[7.610s] -- Installing: /home/damoon/ROS2_Learning/ros2_ws_2/install/tutorial_interfaces/include/tutorial_interfaces/tutorial_interfaces/srv/detail/add_three_ints__rosidl_typesupport_fastrtps_cpp.hpp
[7.610s] -- Installing: /home/damoon/ROS2_Learning/ros2_ws_2/install/tutorial_interfaces/lib/libtutorial_interfaces__rosidl_typesupport_fastrtps_cpp.so
[7.611s] -- Set runtime path of "/home/damoon/ROS2_Learning/ros2_ws_2/install/tutorial_interfaces/lib/libtutorial_interfaces__rosidl_typesupport_fastrtps_cpp.so" to ""
[7.611s] -- Up-to-date: /home/damoon/ROS2_Learning/ros2_ws_2/install/tutorial_interfaces/include/tutorial_interfaces/tutorial_interfaces
[7.611s] -- Up-to-date: /home/damoon/ROS2_Learning/ros2_ws_2/install/tutorial_interfaces/include/tutorial_interfaces/tutorial_interfaces/msg
[7.611s] -- Installing: /home/damoon/ROS2_Learning/ros2_ws_2/install/tutorial_interfaces/include/tutorial_interfaces/tutorial_interfaces/msg/rosidl_typesupport_introspection_c__visibility_control.h
[7.611s] -- Up-to-date: /home/damoon/ROS2_Learning/ros2_ws_2/install/tutorial_interfaces/include/tutorial_interfaces/tutorial_interfaces/msg/detail
[7.611s] -- Installing: /home/damoon/ROS2_Learning/ros2_ws_2/install/tutorial_interfaces/include/tutorial_interfaces/tutorial_interfaces/msg/detail/num__type_support.c
[7.611s] -- Installing: /home/damoon/ROS2_Learning/ros2_ws_2/install/tutorial_interfaces/include/tutorial_interfaces/tutorial_interfaces/msg/detail/num__rosidl_typesupport_introspection_c.h
[7.612s] -- Installing: /home/damoon/ROS2_Learning/ros2_ws_2/install/tutorial_interfaces/include/tutorial_interfaces/tutorial_interfaces/msg/detail/sphere__type_support.c
[7.612s] -- Installing: /home/damoon/ROS2_Learning/ros2_ws_2/install/tutorial_interfaces/include/tutorial_interfaces/tutorial_interfaces/msg/detail/sphere__rosidl_typesupport_introspection_c.h
[7.612s] -- Up-to-date: /home/damoon/ROS2_Learning/ros2_ws_2/install/tutorial_interfaces/include/tutorial_interfaces/tutorial_interfaces/srv
[7.612s] -- Up-to-date: /home/damoon/ROS2_Learning/ros2_ws_2/install/tutorial_interfaces/include/tutorial_interfaces/tutorial_interfaces/srv/detail
[7.612s] -- Installing: /home/damoon/ROS2_Learning/ros2_ws_2/install/tutorial_interfaces/include/tutorial_interfaces/tutorial_interfaces/srv/detail/add_three_ints__rosidl_typesupport_introspection_c.h
[7.612s] -- Installing: /home/damoon/ROS2_Learning/ros2_ws_2/install/tutorial_interfaces/include/tutorial_interfaces/tutorial_interfaces/srv/detail/add_three_ints__type_support.c
[7.613s] -- Installing: /home/damoon/ROS2_Learning/ros2_ws_2/install/tutorial_interfaces/lib/libtutorial_interfaces__rosidl_typesupport_introspection_c.so
[7.613s] -- Set runtime path of "/home/damoon/ROS2_Learning/ros2_ws_2/install/tutorial_interfaces/lib/libtutorial_interfaces__rosidl_typesupport_introspection_c.so" to ""
[7.613s] -- Installing: /home/damoon/ROS2_Learning/ros2_ws_2/install/tutorial_interfaces/lib/libtutorial_interfaces__rosidl_typesupport_c.so
[7.613s] -- Set runtime path of "/home/damoon/ROS2_Learning/ros2_ws_2/install/tutorial_interfaces/lib/libtutorial_interfaces__rosidl_typesupport_c.so" to ""
[7.613s] -- Up-to-date: /home/damoon/ROS2_Learning/ros2_ws_2/install/tutorial_interfaces/include/tutorial_interfaces/tutorial_interfaces
[7.614s] -- Up-to-date: /home/damoon/ROS2_Learning/ros2_ws_2/install/tutorial_interfaces/include/tutorial_interfaces/tutorial_interfaces/msg
[7.614s] -- Up-to-date: /home/damoon/ROS2_Learning/ros2_ws_2/install/tutorial_interfaces/include/tutorial_interfaces/tutorial_interfaces/msg/detail
[7.614s] -- Installing: /home/damoon/ROS2_Learning/ros2_ws_2/install/tutorial_interfaces/include/tutorial_interfaces/tutorial_interfaces/msg/detail/sphere__type_support.cpp
[7.614s] -- Installing: /home/damoon/ROS2_Learning/ros2_ws_2/install/tutorial_interfaces/include/tutorial_interfaces/tutorial_interfaces/msg/detail/num__type_support.cpp
[7.614s] -- Installing: /home/damoon/ROS2_Learning/ros2_ws_2/install/tutorial_interfaces/include/tutorial_interfaces/tutorial_interfaces/msg/detail/sphere__rosidl_typesupport_introspection_cpp.hpp
[7.614s] -- Installing: /home/damoon/ROS2_Learning/ros2_ws_2/install/tutorial_interfaces/include/tutorial_interfaces/tutorial_interfaces/msg/detail/num__rosidl_typesupport_introspection_cpp.hpp
[7.614s] -- Up-to-date: /home/damoon/ROS2_Learning/ros2_ws_2/install/tutorial_interfaces/include/tutorial_interfaces/tutorial_interfaces/srv
[7.615s] -- Up-to-date: /home/damoon/ROS2_Learning/ros2_ws_2/install/tutorial_interfaces/include/tutorial_interfaces/tutorial_interfaces/srv/detail
[7.615s] -- Installing: /home/damoon/ROS2_Learning/ros2_ws_2/install/tutorial_interfaces/include/tutorial_interfaces/tutorial_interfaces/srv/detail/add_three_ints__rosidl_typesupport_introspection_cpp.hpp
[7.615s] -- Installing: /home/damoon/ROS2_Learning/ros2_ws_2/install/tutorial_interfaces/include/tutorial_interfaces/tutorial_interfaces/srv/detail/add_three_ints__type_support.cpp
[7.615s] -- Installing: /home/damoon/ROS2_Learning/ros2_ws_2/install/tutorial_interfaces/lib/libtutorial_interfaces__rosidl_typesupport_introspection_cpp.so
[7.616s] -- Set runtime path of "/home/damoon/ROS2_Learning/ros2_ws_2/install/tutorial_interfaces/lib/libtutorial_interfaces__rosidl_typesupport_introspection_cpp.so" to ""
[7.616s] -- Installing: /home/damoon/ROS2_Learning/ros2_ws_2/install/tutorial_interfaces/lib/libtutorial_interfaces__rosidl_typesupport_cpp.so
[7.616s] -- Set runtime path of "/home/damoon/ROS2_Learning/ros2_ws_2/install/tutorial_interfaces/lib/libtutorial_interfaces__rosidl_typesupport_cpp.so" to ""
[7.616s] -- Installing: /home/damoon/ROS2_Learning/ros2_ws_2/install/tutorial_interfaces/share/tutorial_interfaces/environment/pythonpath.sh
[7.617s] -- Installing: /home/damoon/ROS2_Learning/ros2_ws_2/install/tutorial_interfaces/share/tutorial_interfaces/environment/pythonpath.dsv
[7.617s] -- Installing: /home/damoon/ROS2_Learning/ros2_ws_2/install/tutorial_interfaces/lib/python3.10/site-packages/tutorial_interfaces-0.0.0-py3.10.egg-info
[7.617s] -- Installing: /home/damoon/ROS2_Learning/ros2_ws_2/install/tutorial_interfaces/lib/python3.10/site-packages/tutorial_interfaces-0.0.0-py3.10.egg-info/top_level.txt
[7.617s] -- Installing: /home/damoon/ROS2_Learning/ros2_ws_2/install/tutorial_interfaces/lib/python3.10/site-packages/tutorial_interfaces-0.0.0-py3.10.egg-info/PKG-INFO
[7.618s] -- Installing: /home/damoon/ROS2_Learning/ros2_ws_2/install/tutorial_interfaces/lib/python3.10/site-packages/tutorial_interfaces-0.0.0-py3.10.egg-info/dependency_links.txt
[7.618s] -- Installing: /home/damoon/ROS2_Learning/ros2_ws_2/install/tutorial_interfaces/lib/python3.10/site-packages/tutorial_interfaces-0.0.0-py3.10.egg-info/SOURCES.txt
[7.618s] -- Installing: /home/damoon/ROS2_Learning/ros2_ws_2/install/tutorial_interfaces/lib/python3.10/site-packages/tutorial_interfaces
[7.618s] -- Installing: /home/damoon/ROS2_Learning/ros2_ws_2/install/tutorial_interfaces/lib/python3.10/site-packages/tutorial_interfaces/tutorial_interfaces_s__rosidl_typesupport_c.cpython-310-x86_64-linux-gnu.so
[7.618s] -- Installing: /home/damoon/ROS2_Learning/ros2_ws_2/install/tutorial_interfaces/lib/python3.10/site-packages/tutorial_interfaces/tutorial_interfaces_s__rosidl_typesupport_fastrtps_c.cpython-310-x86_64-linux-gnu.so
[7.619s] -- Installing: /home/damoon/ROS2_Learning/ros2_ws_2/install/tutorial_interfaces/lib/python3.10/site-packages/tutorial_interfaces/_tutorial_interfaces_s.ep.rosidl_typesupport_introspection_c.c
[7.619s] -- Installing: /home/damoon/ROS2_Learning/ros2_ws_2/install/tutorial_interfaces/lib/python3.10/site-packages/tutorial_interfaces/tutorial_interfaces_s__rosidl_typesupport_introspection_c.cpython-310-x86_64-linux-gnu.so
[7.619s] -- Installing: /home/damoon/ROS2_Learning/ros2_ws_2/install/tutorial_interfaces/lib/python3.10/site-packages/tutorial_interfaces/msg
[7.619s] -- Installing: /home/damoon/ROS2_Learning/ros2_ws_2/install/tutorial_interfaces/lib/python3.10/site-packages/tutorial_interfaces/msg/_num_s.c
[7.619s] -- Installing: /home/damoon/ROS2_Learning/ros2_ws_2/install/tutorial_interfaces/lib/python3.10/site-packages/tutorial_interfaces/msg/_sphere.py
[7.620s] -- Installing: /home/damoon/ROS2_Learning/ros2_ws_2/install/tutorial_interfaces/lib/python3.10/site-packages/tutorial_interfaces/msg/_num.py
[7.624s] -- Installing: /home/damoon/ROS2_Learning/ros2_ws_2/install/tutorial_interfaces/lib/python3.10/site-packages/tutorial_interfaces/msg/__init__.py
[7.624s] -- Installing: /home/damoon/ROS2_Learning/ros2_ws_2/install/tutorial_interfaces/lib/python3.10/site-packages/tutorial_interfaces/msg/_sphere_s.c
[7.624s] -- Installing: /home/damoon/ROS2_Learning/ros2_ws_2/install/tutorial_interfaces/lib/python3.10/site-packages/tutorial_interfaces/libtutorial_interfaces__rosidl_generator_py.so
[7.624s] -- Installing: /home/damoon/ROS2_Learning/ros2_ws_2/install/tutorial_interfaces/lib/python3.10/site-packages/tutorial_interfaces/__init__.py
[7.625s] -- Installing: /home/damoon/ROS2_Learning/ros2_ws_2/install/tutorial_interfaces/lib/python3.10/site-packages/tutorial_interfaces/_tutorial_interfaces_s.ep.rosidl_typesupport_fastrtps_c.c
[7.625s] -- Installing: /home/damoon/ROS2_Learning/ros2_ws_2/install/tutorial_interfaces/lib/python3.10/site-packages/tutorial_interfaces/_tutorial_interfaces_s.ep.rosidl_typesupport_c.c
[7.625s] -- Installing: /home/damoon/ROS2_Learning/ros2_ws_2/install/tutorial_interfaces/lib/python3.10/site-packages/tutorial_interfaces/srv
[7.625s] -- Installing: /home/damoon/ROS2_Learning/ros2_ws_2/install/tutorial_interfaces/lib/python3.10/site-packages/tutorial_interfaces/srv/__init__.py
[7.625s] -- Installing: /home/damoon/ROS2_Learning/ros2_ws_2/install/tutorial_interfaces/lib/python3.10/site-packages/tutorial_interfaces/srv/_add_three_ints.py
[7.626s] -- Installing: /home/damoon/ROS2_Learning/ros2_ws_2/install/tutorial_interfaces/lib/python3.10/site-packages/tutorial_interfaces/srv/_add_three_ints_s.c
[7.661s] Listing '/home/damoon/ROS2_Learning/ros2_ws_2/install/tutorial_interfaces/lib/python3.10/site-packages/tutorial_interfaces'...
[7.661s] Compiling '/home/damoon/ROS2_Learning/ros2_ws_2/install/tutorial_interfaces/lib/python3.10/site-packages/tutorial_interfaces/__init__.py'...
[7.661s] Listing '/home/damoon/ROS2_Learning/ros2_ws_2/install/tutorial_interfaces/lib/python3.10/site-packages/tutorial_interfaces/msg'...
[7.661s] Compiling '/home/damoon/ROS2_Learning/ros2_ws_2/install/tutorial_interfaces/lib/python3.10/site-packages/tutorial_interfaces/msg/__init__.py'...
[7.661s] Compiling '/home/damoon/ROS2_Learning/ros2_ws_2/install/tutorial_interfaces/lib/python3.10/site-packages/tutorial_interfaces/msg/_num.py'...
[7.661s] Compiling '/home/damoon/ROS2_Learning/ros2_ws_2/install/tutorial_interfaces/lib/python3.10/site-packages/tutorial_interfaces/msg/_sphere.py'...
[7.661s] Listing '/home/damoon/ROS2_Learning/ros2_ws_2/install/tutorial_interfaces/lib/python3.10/site-packages/tutorial_interfaces/srv'...
[7.661s] Compiling '/home/damoon/ROS2_Learning/ros2_ws_2/install/tutorial_interfaces/lib/python3.10/site-packages/tutorial_interfaces/srv/__init__.py'...
[7.661s] Compiling '/home/damoon/ROS2_Learning/ros2_ws_2/install/tutorial_interfaces/lib/python3.10/site-packages/tutorial_interfaces/srv/_add_three_ints.py'...
[7.673s] -- Installing: /home/damoon/ROS2_Learning/ros2_ws_2/install/tutorial_interfaces/lib/python3.10/site-packages/tutorial_interfaces/tutorial_interfaces_s__rosidl_typesupport_fastrtps_c.cpython-310-x86_64-linux-gnu.so
[7.673s] -- Set runtime path of "/home/damoon/ROS2_Learning/ros2_ws_2/install/tutorial_interfaces/lib/python3.10/site-packages/tutorial_interfaces/tutorial_interfaces_s__rosidl_typesupport_fastrtps_c.cpython-310-x86_64-linux-gnu.so" to ""
[7.674s] -- Installing: /home/damoon/ROS2_Learning/ros2_ws_2/install/tutorial_interfaces/lib/python3.10/site-packages/tutorial_interfaces/tutorial_interfaces_s__rosidl_typesupport_introspection_c.cpython-310-x86_64-linux-gnu.so
[7.674s] -- Set runtime path of "/home/damoon/ROS2_Learning/ros2_ws_2/install/tutorial_interfaces/lib/python3.10/site-packages/tutorial_interfaces/tutorial_interfaces_s__rosidl_typesupport_introspection_c.cpython-310-x86_64-linux-gnu.so" to ""
[7.674s] -- Installing: /home/damoon/ROS2_Learning/ros2_ws_2/install/tutorial_interfaces/lib/python3.10/site-packages/tutorial_interfaces/tutorial_interfaces_s__rosidl_typesupport_c.cpython-310-x86_64-linux-gnu.so
[7.675s] -- Set runtime path of "/home/damoon/ROS2_Learning/ros2_ws_2/install/tutorial_interfaces/lib/python3.10/site-packages/tutorial_interfaces/tutorial_interfaces_s__rosidl_typesupport_c.cpython-310-x86_64-linux-gnu.so" to ""
[7.675s] -- Installing: /home/damoon/ROS2_Learning/ros2_ws_2/install/tutorial_interfaces/lib/libtutorial_interfaces__rosidl_generator_py.so
[7.675s] -- Set runtime path of "/home/damoon/ROS2_Learning/ros2_ws_2/install/tutorial_interfaces/lib/libtutorial_interfaces__rosidl_generator_py.so" to ""
[7.675s] -- Installing: /home/damoon/ROS2_Learning/ros2_ws_2/install/tutorial_interfaces/share/tutorial_interfaces/msg/Num.idl
[7.675s] -- Installing: /home/damoon/ROS2_Learning/ros2_ws_2/install/tutorial_interfaces/share/tutorial_interfaces/msg/Sphere.idl
[7.676s] -- Installing: /home/damoon/ROS2_Learning/ros2_ws_2/install/tutorial_interfaces/share/tutorial_interfaces/srv/AddThreeInts.idl
[7.676s] -- Installing: /home/damoon/ROS2_Learning/ros2_ws_2/install/tutorial_interfaces/share/tutorial_interfaces/msg/Num.msg
[7.676s] -- Installing: /home/damoon/ROS2_Learning/ros2_ws_2/install/tutorial_interfaces/share/tutorial_interfaces/msg/Sphere.msg
[7.676s] -- Installing: /home/damoon/ROS2_Learning/ros2_ws_2/install/tutorial_interfaces/share/tutorial_interfaces/srv/AddThreeInts.srv
[7.677s] -- Installing: /home/damoon/ROS2_Learning/ros2_ws_2/install/tutorial_interfaces/share/tutorial_interfaces/srv/AddThreeInts_Request.msg
[7.677s] -- Installing: /home/damoon/ROS2_Learning/ros2_ws_2/install/tutorial_interfaces/share/tutorial_interfaces/srv/AddThreeInts_Response.msg
[7.677s] -- Installing: /home/damoon/ROS2_Learning/ros2_ws_2/install/tutorial_interfaces/share/ament_index/resource_index/package_run_dependencies/tutorial_interfaces
[7.677s] -- Installing: /home/damoon/ROS2_Learning/ros2_ws_2/install/tutorial_interfaces/share/ament_index/resource_index/parent_prefix_path/tutorial_interfaces
[7.678s] -- Installing: /home/damoon/ROS2_Learning/ros2_ws_2/install/tutorial_interfaces/share/tutorial_interfaces/environment/ament_prefix_path.sh
[7.681s] -- Installing: /home/damoon/ROS2_Learning/ros2_ws_2/install/tutorial_interfaces/share/tutorial_interfaces/environment/ament_prefix_path.dsv
[7.681s] -- Installing: /home/damoon/ROS2_Learning/ros2_ws_2/install/tutorial_interfaces/share/tutorial_interfaces/environment/path.sh
[7.681s] -- Installing: /home/damoon/ROS2_Learning/ros2_ws_2/install/tutorial_interfaces/share/tutorial_interfaces/environment/path.dsv
[7.682s] -- Installing: /home/damoon/ROS2_Learning/ros2_ws_2/install/tutorial_interfaces/share/tutorial_interfaces/local_setup.bash
[7.682s] -- Installing: /home/damoon/ROS2_Learning/ros2_ws_2/install/tutorial_interfaces/share/tutorial_interfaces/local_setup.sh
[7.682s] -- Installing: /home/damoon/ROS2_Learning/ros2_ws_2/install/tutorial_interfaces/share/tutorial_interfaces/local_setup.zsh
[7.682s] -- Installing: /home/damoon/ROS2_Learning/ros2_ws_2/install/tutorial_interfaces/share/tutorial_interfaces/local_setup.dsv
[7.683s] -- Installing: /home/damoon/ROS2_Learning/ros2_ws_2/install/tutorial_interfaces/share/tutorial_interfaces/package.dsv
[7.683s] -- Installing: /home/damoon/ROS2_Learning/ros2_ws_2/install/tutorial_interfaces/share/ament_index/resource_index/packages/tutorial_interfaces
[7.683s] -- Installing: /home/damoon/ROS2_Learning/ros2_ws_2/install/tutorial_interfaces/share/tutorial_interfaces/cmake/export_tutorial_interfaces__rosidl_generator_cExport.cmake
[7.684s] -- Installing: /home/damoon/ROS2_Learning/ros2_ws_2/install/tutorial_interfaces/share/tutorial_interfaces/cmake/export_tutorial_interfaces__rosidl_generator_cExport-noconfig.cmake
[7.684s] -- Installing: /home/damoon/ROS2_Learning/ros2_ws_2/install/tutorial_interfaces/share/tutorial_interfaces/cmake/export_tutorial_interfaces__rosidl_typesupport_fastrtps_cExport.cmake
[7.684s] -- Installing: /home/damoon/ROS2_Learning/ros2_ws_2/install/tutorial_interfaces/share/tutorial_interfaces/cmake/export_tutorial_interfaces__rosidl_typesupport_fastrtps_cExport-noconfig.cmake
[7.684s] -- Installing: /home/damoon/ROS2_Learning/ros2_ws_2/install/tutorial_interfaces/share/tutorial_interfaces/cmake/export_tutorial_interfaces__rosidl_generator_cppExport.cmake
[7.685s] -- Installing: /home/damoon/ROS2_Learning/ros2_ws_2/install/tutorial_interfaces/share/tutorial_interfaces/cmake/export_tutorial_interfaces__rosidl_typesupport_fastrtps_cppExport.cmake
[7.686s] -- Installing: /home/damoon/ROS2_Learning/ros2_ws_2/install/tutorial_interfaces/share/tutorial_interfaces/cmake/export_tutorial_interfaces__rosidl_typesupport_fastrtps_cppExport-noconfig.cmake
[7.686s] -- Installing: /home/damoon/ROS2_Learning/ros2_ws_2/install/tutorial_interfaces/share/tutorial_interfaces/cmake/tutorial_interfaces__rosidl_typesupport_introspection_cExport.cmake
[7.686s] -- Installing: /home/damoon/ROS2_Learning/ros2_ws_2/install/tutorial_interfaces/share/tutorial_interfaces/cmake/tutorial_interfaces__rosidl_typesupport_introspection_cExport-noconfig.cmake
[7.686s] -- Installing: /home/damoon/ROS2_Learning/ros2_ws_2/install/tutorial_interfaces/share/tutorial_interfaces/cmake/tutorial_interfaces__rosidl_typesupport_cExport.cmake
[7.686s] -- Installing: /home/damoon/ROS2_Learning/ros2_ws_2/install/tutorial_interfaces/share/tutorial_interfaces/cmake/tutorial_interfaces__rosidl_typesupport_cExport-noconfig.cmake
[7.686s] -- Installing: /home/damoon/ROS2_Learning/ros2_ws_2/install/tutorial_interfaces/share/tutorial_interfaces/cmake/tutorial_interfaces__rosidl_typesupport_introspection_cppExport.cmake
[7.686s] -- Installing: /home/damoon/ROS2_Learning/ros2_ws_2/install/tutorial_interfaces/share/tutorial_interfaces/cmake/tutorial_interfaces__rosidl_typesupport_introspection_cppExport-noconfig.cmake
[7.686s] -- Installing: /home/damoon/ROS2_Learning/ros2_ws_2/install/tutorial_interfaces/share/tutorial_interfaces/cmake/tutorial_interfaces__rosidl_typesupport_cppExport.cmake
[7.686s] -- Installing: /home/damoon/ROS2_Learning/ros2_ws_2/install/tutorial_interfaces/share/tutorial_interfaces/cmake/tutorial_interfaces__rosidl_typesupport_cppExport-noconfig.cmake
[7.686s] -- Installing: /home/damoon/ROS2_Learning/ros2_ws_2/install/tutorial_interfaces/share/tutorial_interfaces/cmake/export_tutorial_interfaces__rosidl_generator_pyExport.cmake
[7.687s] -- Installing: /home/damoon/ROS2_Learning/ros2_ws_2/install/tutorial_interfaces/share/tutorial_interfaces/cmake/export_tutorial_interfaces__rosidl_generator_pyExport-noconfig.cmake
[7.687s] -- Installing: /home/damoon/ROS2_Learning/ros2_ws_2/install/tutorial_interfaces/share/tutorial_interfaces/cmake/rosidl_cmake-extras.cmake
[7.687s] -- Installing: /home/damoon/ROS2_Learning/ros2_ws_2/install/tutorial_interfaces/share/tutorial_interfaces/cmake/ament_cmake_export_dependencies-extras.cmake
[7.688s] -- Installing: /home/damoon/ROS2_Learning/ros2_ws_2/install/tutorial_interfaces/share/tutorial_interfaces/cmake/ament_cmake_export_include_directories-extras.cmake
[7.688s] -- Installing: /home/damoon/ROS2_Learning/ros2_ws_2/install/tutorial_interfaces/share/tutorial_interfaces/cmake/ament_cmake_export_libraries-extras.cmake
[7.688s] -- Installing: /home/damoon/ROS2_Learning/ros2_ws_2/install/tutorial_interfaces/share/tutorial_interfaces/cmake/ament_cmake_export_targets-extras.cmake
[7.688s] -- Installing: /home/damoon/ROS2_Learning/ros2_ws_2/install/tutorial_interfaces/share/tutorial_interfaces/cmake/rosidl_cmake_export_typesupport_targets-extras.cmake
[7.689s] -- Installing: /home/damoon/ROS2_Learning/ros2_ws_2/install/tutorial_interfaces/share/tutorial_interfaces/cmake/rosidl_cmake_export_typesupport_libraries-extras.cmake
[7.692s] -- Installing: /home/damoon/ROS2_Learning/ros2_ws_2/install/tutorial_interfaces/share/tutorial_interfaces/cmake/tutorial_interfacesConfig.cmake
[7.692s] -- Installing: /home/damoon/ROS2_Learning/ros2_ws_2/install/tutorial_interfaces/share/tutorial_interfaces/cmake/tutorial_interfacesConfig-version.cmake
[7.692s] -- Installing: /home/damoon/ROS2_Learning/ros2_ws_2/install/tutorial_interfaces/share/tutorial_interfaces/package.xml
[7.703s] Invoked command in '/home/damoon/ROS2_Learning/ros2_ws_2/build/tutorial_interfaces' returned '0': CMAKE_PREFIX_PATH=${CMAKE_PREFIX_PATH}:/home/damoon/ROS2_Learning/ros2_ws_2/install/py_srvcli:/home/damoon/ROS2_Learning/ros2_ws_2/install/py_pubsub:/opt/ros/iron /usr/bin/cmake --install /home/damoon/ROS2_Learning/ros2_ws_2/build/tutorial_interfaces
