[0.015s] Invoking command in '/home/damoon/ROS2_Learning/ros2_ws_2/build/cpp_pubsub': CMAKE_PREFIX_PATH=${CMAKE_PREFIX_PATH}:/home/damoon/ROS2_Learning/ros2_ws_2/install/py_srvcli:/home/damoon/ROS2_Learning/ros2_ws_2/install/py_pubsub:/opt/ros/iron /usr/bin/cmake --build /home/damoon/ROS2_Learning/ros2_ws_2/build/cpp_pubsub -- -j2 -l2
[0.055s] [35m[1mConsolidate compiler generated dependencies of target listener[0m
[0.066s] [ 50%] Built target talker
[0.072s] [ 75%] [32mBuilding CXX object CMakeFiles/listener.dir/src/subscriber_member_function.cpp.o[0m
[1.986s] In file included from [01m[K/opt/ros/iron/include/rclcpp/rclcpp/client.hpp:43[m[K,
[1.986s]                  from [01m[K/opt/ros/iron/include/rclcpp/rclcpp/callback_group.hpp:24[m[K,
[1.986s]                  from [01m[K/opt/ros/iron/include/rclcpp/rclcpp/any_executable.hpp:20[m[K,
[1.986s]                  from [01m[K/opt/ros/iron/include/rclcpp/rclcpp/memory_strategy.hpp:25[m[K,
[1.986s]                  from [01m[K/opt/ros/iron/include/rclcpp/rclcpp/memory_strategies.hpp:18[m[K,
[1.986s]                  from [01m[K/opt/ros/iron/include/rclcpp/rclcpp/executor_options.hpp:20[m[K,
[1.986s]                  from [01m[K/opt/ros/iron/include/rclcpp/rclcpp/executor.hpp:37[m[K,
[1.986s]                  from [01m[K/opt/ros/iron/include/rclcpp/rclcpp/executors/multi_threaded_executor.hpp:25[m[K,
[1.986s]                  from [01m[K/opt/ros/iron/include/rclcpp/rclcpp/executors.hpp:21[m[K,
[1.986s]                  from [01m[K/opt/ros/iron/include/rclcpp/rclcpp/rclcpp.hpp:167[m[K,
[1.986s]                  from [01m[K/home/damoon/ROS2_Learning/ros2_ws_2/src/cpp_pubsub/src/subscriber_member_function.cpp:18[m[K:
[1.986s] [01m[K/home/damoon/ROS2_Learning/ros2_ws_2/src/cpp_pubsub/src/subscriber_member_function.cpp:[m[K In member function ‘[01m[Kvoid MinimalSubscriber::topic_callback(const Num&) const[m[K’:
[1.986s] [01m[K/home/damoon/ROS2_Learning/ros2_ws_2/src/cpp_pubsub/src/subscriber_member_function.cpp:36:72:[m[K [01;31m[Kerror: [m[Kexpression cannot be used as a function
[1.987s]    36 |     RCLCPP_INFO_STREAM(this->get_logger(), "I heard:sdfsd '" << [01;31m[Kmsg.num()[m[K << "'");
[1.987s]       |                                                                 [01;31m[K~~~~~~~^~[m[K
[3.572s] gmake[2]: *** [CMakeFiles/listener.dir/build.make:76: CMakeFiles/listener.dir/src/subscriber_member_function.cpp.o] Error 1
[3.572s] gmake[1]: *** [CMakeFiles/Makefile2:165: CMakeFiles/listener.dir/all] Error 2
[3.572s] gmake: *** [Makefile:146: all] Error 2
[3.574s] Invoked command in '/home/damoon/ROS2_Learning/ros2_ws_2/build/cpp_pubsub' returned '2': CMAKE_PREFIX_PATH=${CMAKE_PREFIX_PATH}:/home/damoon/ROS2_Learning/ros2_ws_2/install/py_srvcli:/home/damoon/ROS2_Learning/ros2_ws_2/install/py_pubsub:/opt/ros/iron /usr/bin/cmake --build /home/damoon/ROS2_Learning/ros2_ws_2/build/cpp_pubsub -- -j2 -l2
