[0.510s] Invoking command in '/home/damoon/ROS2_Learning/launch_ws/src/py_launch_example': PYTHONPATH=/home/damoon/ROS2_Learning/launch_ws/build/py_launch_example/prefix_override:/home/damoon/ROS2_Learning/launch_ws/install/py_launch_example/lib/python3.10/site-packages:${PYTHONPATH} /usr/bin/python3 setup.py egg_info --egg-base ../../build/py_launch_example build --build-base /home/damoon/ROS2_Learning/launch_ws/build/py_launch_example/build install --record /home/damoon/ROS2_Learning/launch_ws/build/py_launch_example/install.log --single-version-externally-managed
[0.696s] running egg_info
[0.696s] creating ../../build/py_launch_example/py_launch_example.egg-info
[0.696s] writing ../../build/py_launch_example/py_launch_example.egg-info/PKG-INFO
[0.697s] writing dependency_links to ../../build/py_launch_example/py_launch_example.egg-info/dependency_links.txt
[0.697s] writing entry points to ../../build/py_launch_example/py_launch_example.egg-info/entry_points.txt
[0.697s] writing requirements to ../../build/py_launch_example/py_launch_example.egg-info/requires.txt
[0.697s] writing top-level names to ../../build/py_launch_example/py_launch_example.egg-info/top_level.txt
[0.697s] writing manifest file '../../build/py_launch_example/py_launch_example.egg-info/SOURCES.txt'
[0.698s] reading manifest file '../../build/py_launch_example/py_launch_example.egg-info/SOURCES.txt'
[0.699s] writing manifest file '../../build/py_launch_example/py_launch_example.egg-info/SOURCES.txt'
[0.699s] running build
[0.699s] running build_py
[0.699s] creating /home/damoon/ROS2_Learning/launch_ws/build/py_launch_example/build
[0.699s] creating /home/damoon/ROS2_Learning/launch_ws/build/py_launch_example/build/lib
[0.699s] creating /home/damoon/ROS2_Learning/launch_ws/build/py_launch_example/build/lib/py_launch_example
[0.699s] copying py_launch_example/__init__.py -> /home/damoon/ROS2_Learning/launch_ws/build/py_launch_example/build/lib/py_launch_example
[0.699s] running install
[0.701s] /usr/lib/python3/dist-packages/setuptools/command/install.py:34: SetuptoolsDeprecationWarning: setup.py install is deprecated. Use build and pip and other standards-based tools.
[0.701s]   warnings.warn(
[0.701s] running install_lib
[0.702s] creating /home/damoon/ROS2_Learning/launch_ws/install/py_launch_example/lib/python3.10/site-packages/py_launch_example
[0.702s] copying /home/damoon/ROS2_Learning/launch_ws/build/py_launch_example/build/lib/py_launch_example/__init__.py -> /home/damoon/ROS2_Learning/launch_ws/install/py_launch_example/lib/python3.10/site-packages/py_launch_example
[0.702s] byte-compiling /home/damoon/ROS2_Learning/launch_ws/install/py_launch_example/lib/python3.10/site-packages/py_launch_example/__init__.py to __init__.cpython-310.pyc
[0.703s] running install_data
[0.703s] creating /home/damoon/ROS2_Learning/launch_ws/install/py_launch_example/share/ament_index
[0.703s] creating /home/damoon/ROS2_Learning/launch_ws/install/py_launch_example/share/ament_index/resource_index
[0.703s] creating /home/damoon/ROS2_Learning/launch_ws/install/py_launch_example/share/ament_index/resource_index/packages
[0.703s] copying resource/py_launch_example -> /home/damoon/ROS2_Learning/launch_ws/install/py_launch_example/share/ament_index/resource_index/packages
[0.703s] copying package.xml -> /home/damoon/ROS2_Learning/launch_ws/install/py_launch_example/share/py_launch_example
[0.703s] creating /home/damoon/ROS2_Learning/launch_ws/install/py_launch_example/share/py_launch_example/launch
[0.703s] copying launch/my_script_launch.py -> /home/damoon/ROS2_Learning/launch_ws/install/py_launch_example/share/py_launch_example/launch
[0.704s] running install_egg_info
[0.705s] Copying ../../build/py_launch_example/py_launch_example.egg-info to /home/damoon/ROS2_Learning/launch_ws/install/py_launch_example/lib/python3.10/site-packages/py_launch_example-0.0.0-py3.10.egg-info
[0.705s] running install_scripts
[0.723s] writing list of installed files to '/home/damoon/ROS2_Learning/launch_ws/build/py_launch_example/install.log'
[0.743s] Invoked command in '/home/damoon/ROS2_Learning/launch_ws/src/py_launch_example' returned '0': PYTHONPATH=/home/damoon/ROS2_Learning/launch_ws/build/py_launch_example/prefix_override:/home/damoon/ROS2_Learning/launch_ws/install/py_launch_example/lib/python3.10/site-packages:${PYTHONPATH} /usr/bin/python3 setup.py egg_info --egg-base ../../build/py_launch_example build --build-base /home/damoon/ROS2_Learning/launch_ws/build/py_launch_example/build install --record /home/damoon/ROS2_Learning/launch_ws/build/py_launch_example/install.log --single-version-externally-managed
