[0.005s] Invoking command in '/home/damoon/ROS2_Learning/ros2_ws/build/examples_rclcpp_minimal_composition': CMAKE_PREFIX_PATH=/opt/ros/iron /usr/bin/cmake /home/damoon/ROS2_Learning/ros2_ws/src/examples/rclcpp/composition/minimal_composition -DCMAKE_INSTALL_PREFIX=/home/damoon/ROS2_Learning/ros2_ws/install/examples_rclcpp_minimal_composition
[0.047s] -- The C compiler identification is GNU 11.3.0
[0.086s] -- The CXX compiler identification is GNU 11.3.0
[0.092s] -- Detecting C compiler ABI info
[0.144s] -- Detecting C compiler ABI info - done
[0.150s] -- Check for working C compiler: /usr/bin/cc - skipped
[0.150s] -- Detecting C compile features
[0.150s] -- Detecting C compile features - done
[0.153s] -- Detecting CXX compiler ABI info
[0.209s] -- Detecting CXX compiler ABI info - done
[0.216s] -- Check for working CXX compiler: /usr/bin/c++ - skipped
[0.216s] -- Detecting CXX compile features
[0.216s] -- Detecting CXX compile features - done
[0.218s] -- Found ament_cmake: 2.0.2 (/opt/ros/iron/share/ament_cmake/cmake)
[0.344s] -- Found Python3: /usr/bin/python3.10 (found version "3.10.6") found components: Interpreter 
[0.403s] -- Found rclcpp: 21.0.1 (/opt/ros/iron/share/rclcpp/cmake)
[0.435s] -- Found rosidl_generator_c: 4.0.0 (/opt/ros/iron/share/rosidl_generator_c/cmake)
[0.447s] -- Found rosidl_generator_cpp: 4.0.0 (/opt/ros/iron/share/rosidl_generator_cpp/cmake)
[0.461s] -- Using all available rosidl_typesupport_c: rosidl_typesupport_fastrtps_c;rosidl_typesupport_introspection_c
[0.477s] -- Using all available rosidl_typesupport_cpp: rosidl_typesupport_fastrtps_cpp;rosidl_typesupport_introspection_cpp
[0.629s] -- Found rmw_implementation_cmake: 7.1.0 (/opt/ros/iron/share/rmw_implementation_cmake/cmake)
[0.631s] -- Found rmw_fastrtps_cpp: 7.1.1 (/opt/ros/iron/share/rmw_fastrtps_cpp/cmake)
[0.714s] -- Found OpenSSL: /usr/lib/x86_64-linux-gnu/libcrypto.so (found version "3.0.2")  
[0.735s] -- Found FastRTPS: /opt/ros/iron/include  
[0.773s] -- Using RMW implementation 'rmw_fastrtps_cpp' as default
[0.973s] -- Found rclcpp_components: 21.0.1 (/opt/ros/iron/share/rclcpp_components/cmake)
[1.080s] -- Found std_msgs: 5.0.0 (/opt/ros/iron/share/std_msgs/cmake)
[1.117s] -- Found ament_lint_auto: 0.14.1 (/opt/ros/iron/share/ament_lint_auto/cmake)
[1.175s] -- Added test 'copyright' to check source files copyright and LICENSE
[1.176s] -- Added test 'cppcheck' to perform static code analysis on C / C++ code
[1.177s] -- Configured cppcheck include dirs: /home/damoon/ROS2_Learning/ros2_ws/src/examples/rclcpp/composition/minimal_composition/include
[1.177s] -- Configured cppcheck exclude dirs and/or files: 
[1.178s] -- Added test 'cpplint' to check C / C++ code against the Google style
[1.178s] -- Configured cpplint exclude dirs and/or files: 
[1.179s] -- Added test 'lint_cmake' to check CMake code style
[1.180s] -- Added test 'uncrustify' to check C / C++ code style
[1.180s] -- Configured uncrustify additional arguments: 
[1.180s] -- Added test 'xmllint' to check XML markup files
[1.182s] -- Configuring done
[1.199s] -- Generating done
[1.202s] -- Build files have been written to: /home/damoon/ROS2_Learning/ros2_ws/build/examples_rclcpp_minimal_composition
[1.209s] Invoked command in '/home/damoon/ROS2_Learning/ros2_ws/build/examples_rclcpp_minimal_composition' returned '0': CMAKE_PREFIX_PATH=/opt/ros/iron /usr/bin/cmake /home/damoon/ROS2_Learning/ros2_ws/src/examples/rclcpp/composition/minimal_composition -DCMAKE_INSTALL_PREFIX=/home/damoon/ROS2_Learning/ros2_ws/install/examples_rclcpp_minimal_composition
[1.210s] Invoking command in '/home/damoon/ROS2_Learning/ros2_ws/build/examples_rclcpp_minimal_composition': CMAKE_PREFIX_PATH=/opt/ros/iron /usr/bin/cmake --build /home/damoon/ROS2_Learning/ros2_ws/build/examples_rclcpp_minimal_composition -- -j2 -l2
[1.253s] [ 11%] [32mBuilding CXX object CMakeFiles/composition_nodes.dir/src/publisher_node.cpp.o[0m
[5.925s] [ 22%] [32mBuilding CXX object CMakeFiles/composition_nodes.dir/src/subscriber_node.cpp.o[0m
[12.915s] [ 33%] [32m[1mLinking CXX shared library libcomposition_nodes.so[0m
[13.314s] [ 33%] Built target composition_nodes
[13.328s] [ 44%] [32mBuilding CXX object CMakeFiles/composition_publisher.dir/src/standalone_publisher.cpp.o[0m
[16.552s] [ 55%] [32m[1mLinking CXX executable composition_publisher[0m
[16.702s] [ 55%] Built target composition_publisher
[16.718s] [ 66%] [32mBuilding CXX object CMakeFiles/composition_subscriber.dir/src/standalone_subscriber.cpp.o[0m
[19.965s] [ 77%] [32m[1mLinking CXX executable composition_subscriber[0m
[20.105s] [ 77%] Built target composition_subscriber
[20.122s] [ 88%] [32mBuilding CXX object CMakeFiles/composition_composed.dir/src/composed.cpp.o[0m
[23.173s] [100%] [32m[1mLinking CXX executable composition_composed[0m
[23.310s] [100%] Built target composition_composed
[23.319s] Invoked command in '/home/damoon/ROS2_Learning/ros2_ws/build/examples_rclcpp_minimal_composition' returned '0': CMAKE_PREFIX_PATH=/opt/ros/iron /usr/bin/cmake --build /home/damoon/ROS2_Learning/ros2_ws/build/examples_rclcpp_minimal_composition -- -j2 -l2
[23.348s] Invoking command in '/home/damoon/ROS2_Learning/ros2_ws/build/examples_rclcpp_minimal_composition': CMAKE_PREFIX_PATH=/opt/ros/iron /usr/bin/cmake --install /home/damoon/ROS2_Learning/ros2_ws/build/examples_rclcpp_minimal_composition
[23.358s] -- Install configuration: ""
[23.358s] -- Installing: /home/damoon/ROS2_Learning/ros2_ws/install/examples_rclcpp_minimal_composition/share/examples_rclcpp_minimal_composition/environment/library_path.sh
[23.358s] -- Installing: /home/damoon/ROS2_Learning/ros2_ws/install/examples_rclcpp_minimal_composition/share/examples_rclcpp_minimal_composition/environment/library_path.dsv
[23.358s] -- Installing: /home/damoon/ROS2_Learning/ros2_ws/install/examples_rclcpp_minimal_composition/lib/libcomposition_nodes.so
[23.361s] -- Set runtime path of "/home/damoon/ROS2_Learning/ros2_ws/install/examples_rclcpp_minimal_composition/lib/libcomposition_nodes.so" to ""
[23.361s] -- Installing: /home/damoon/ROS2_Learning/ros2_ws/install/examples_rclcpp_minimal_composition/lib/examples_rclcpp_minimal_composition/composition_publisher
[23.361s] -- Set runtime path of "/home/damoon/ROS2_Learning/ros2_ws/install/examples_rclcpp_minimal_composition/lib/examples_rclcpp_minimal_composition/composition_publisher" to ""
[23.362s] -- Installing: /home/damoon/ROS2_Learning/ros2_ws/install/examples_rclcpp_minimal_composition/lib/examples_rclcpp_minimal_composition/composition_subscriber
[23.362s] -- Set runtime path of "/home/damoon/ROS2_Learning/ros2_ws/install/examples_rclcpp_minimal_composition/lib/examples_rclcpp_minimal_composition/composition_subscriber" to ""
[23.362s] -- Installing: /home/damoon/ROS2_Learning/ros2_ws/install/examples_rclcpp_minimal_composition/lib/examples_rclcpp_minimal_composition/composition_composed
[23.363s] -- Set runtime path of "/home/damoon/ROS2_Learning/ros2_ws/install/examples_rclcpp_minimal_composition/lib/examples_rclcpp_minimal_composition/composition_composed" to ""
[23.363s] -- Installing: /home/damoon/ROS2_Learning/ros2_ws/install/examples_rclcpp_minimal_composition/share/ament_index/resource_index/package_run_dependencies/examples_rclcpp_minimal_composition
[23.363s] -- Installing: /home/damoon/ROS2_Learning/ros2_ws/install/examples_rclcpp_minimal_composition/share/ament_index/resource_index/parent_prefix_path/examples_rclcpp_minimal_composition
[23.363s] -- Installing: /home/damoon/ROS2_Learning/ros2_ws/install/examples_rclcpp_minimal_composition/share/examples_rclcpp_minimal_composition/environment/ament_prefix_path.sh
[23.363s] -- Installing: /home/damoon/ROS2_Learning/ros2_ws/install/examples_rclcpp_minimal_composition/share/examples_rclcpp_minimal_composition/environment/ament_prefix_path.dsv
[23.363s] -- Installing: /home/damoon/ROS2_Learning/ros2_ws/install/examples_rclcpp_minimal_composition/share/examples_rclcpp_minimal_composition/environment/path.sh
[23.364s] -- Installing: /home/damoon/ROS2_Learning/ros2_ws/install/examples_rclcpp_minimal_composition/share/examples_rclcpp_minimal_composition/environment/path.dsv
[23.364s] -- Installing: /home/damoon/ROS2_Learning/ros2_ws/install/examples_rclcpp_minimal_composition/share/examples_rclcpp_minimal_composition/local_setup.bash
[23.364s] -- Installing: /home/damoon/ROS2_Learning/ros2_ws/install/examples_rclcpp_minimal_composition/share/examples_rclcpp_minimal_composition/local_setup.sh
[23.364s] -- Installing: /home/damoon/ROS2_Learning/ros2_ws/install/examples_rclcpp_minimal_composition/share/examples_rclcpp_minimal_composition/local_setup.zsh
[23.364s] -- Installing: /home/damoon/ROS2_Learning/ros2_ws/install/examples_rclcpp_minimal_composition/share/examples_rclcpp_minimal_composition/local_setup.dsv
[23.364s] -- Installing: /home/damoon/ROS2_Learning/ros2_ws/install/examples_rclcpp_minimal_composition/share/examples_rclcpp_minimal_composition/package.dsv
[23.365s] -- Installing: /home/damoon/ROS2_Learning/ros2_ws/install/examples_rclcpp_minimal_composition/share/ament_index/resource_index/packages/examples_rclcpp_minimal_composition
[23.365s] -- Installing: /home/damoon/ROS2_Learning/ros2_ws/install/examples_rclcpp_minimal_composition/share/examples_rclcpp_minimal_composition/cmake/examples_rclcpp_minimal_compositionConfig.cmake
[23.365s] -- Installing: /home/damoon/ROS2_Learning/ros2_ws/install/examples_rclcpp_minimal_composition/share/examples_rclcpp_minimal_composition/cmake/examples_rclcpp_minimal_compositionConfig-version.cmake
[23.365s] -- Installing: /home/damoon/ROS2_Learning/ros2_ws/install/examples_rclcpp_minimal_composition/share/examples_rclcpp_minimal_composition/package.xml
[23.371s] Invoked command in '/home/damoon/ROS2_Learning/ros2_ws/build/examples_rclcpp_minimal_composition' returned '0': CMAKE_PREFIX_PATH=/opt/ros/iron /usr/bin/cmake --install /home/damoon/ROS2_Learning/ros2_ws/build/examples_rclcpp_minimal_composition
