[0.483s] Invoking command in '/home/damoon/ROS2_Learning/ros2_ws_2/src/py_srvcli': PYTHONPATH=/home/damoon/ROS2_Learning/ros2_ws_2/build/py_srvcli/prefix_override:/home/damoon/ROS2_Learning/ros2_ws_2/install/py_srvcli/lib/python3.10/site-packages:${PYTHONPATH} /usr/bin/python3 setup.py egg_info --egg-base ../../build/py_srvcli build --build-base /home/damoon/ROS2_Learning/ros2_ws_2/build/py_srvcli/build install --record /home/damoon/ROS2_Learning/ros2_ws_2/build/py_srvcli/install.log --single-version-externally-managed
[0.662s] running egg_info
[0.662s] creating ../../build/py_srvcli/py_srvcli.egg-info
[0.663s] writing ../../build/py_srvcli/py_srvcli.egg-info/PKG-INFO
[0.663s] writing dependency_links to ../../build/py_srvcli/py_srvcli.egg-info/dependency_links.txt
[0.663s] writing entry points to ../../build/py_srvcli/py_srvcli.egg-info/entry_points.txt
[0.663s] writing requirements to ../../build/py_srvcli/py_srvcli.egg-info/requires.txt
[0.663s] writing top-level names to ../../build/py_srvcli/py_srvcli.egg-info/top_level.txt
[0.663s] writing manifest file '../../build/py_srvcli/py_srvcli.egg-info/SOURCES.txt'
[0.664s] reading manifest file '../../build/py_srvcli/py_srvcli.egg-info/SOURCES.txt'
[0.665s] writing manifest file '../../build/py_srvcli/py_srvcli.egg-info/SOURCES.txt'
[0.665s] running build
[0.665s] running build_py
[0.665s] creating /home/damoon/ROS2_Learning/ros2_ws_2/build/py_srvcli/build
[0.665s] creating /home/damoon/ROS2_Learning/ros2_ws_2/build/py_srvcli/build/lib
[0.665s] creating /home/damoon/ROS2_Learning/ros2_ws_2/build/py_srvcli/build/lib/py_srvcli
[0.665s] copying py_srvcli/client_member_function.py -> /home/damoon/ROS2_Learning/ros2_ws_2/build/py_srvcli/build/lib/py_srvcli
[0.665s] copying py_srvcli/service_member_function.py -> /home/damoon/ROS2_Learning/ros2_ws_2/build/py_srvcli/build/lib/py_srvcli
[0.665s] copying py_srvcli/__init__.py -> /home/damoon/ROS2_Learning/ros2_ws_2/build/py_srvcli/build/lib/py_srvcli
[0.665s] running install
[0.666s] /usr/lib/python3/dist-packages/setuptools/command/install.py:34: SetuptoolsDeprecationWarning: setup.py install is deprecated. Use build and pip and other standards-based tools.
[0.666s]   warnings.warn(
[0.666s] running install_lib
[0.667s] creating /home/damoon/ROS2_Learning/ros2_ws_2/install/py_srvcli/lib/python3.10/site-packages/py_srvcli
[0.667s] copying /home/damoon/ROS2_Learning/ros2_ws_2/build/py_srvcli/build/lib/py_srvcli/client_member_function.py -> /home/damoon/ROS2_Learning/ros2_ws_2/install/py_srvcli/lib/python3.10/site-packages/py_srvcli
[0.667s] copying /home/damoon/ROS2_Learning/ros2_ws_2/build/py_srvcli/build/lib/py_srvcli/service_member_function.py -> /home/damoon/ROS2_Learning/ros2_ws_2/install/py_srvcli/lib/python3.10/site-packages/py_srvcli
[0.667s] copying /home/damoon/ROS2_Learning/ros2_ws_2/build/py_srvcli/build/lib/py_srvcli/__init__.py -> /home/damoon/ROS2_Learning/ros2_ws_2/install/py_srvcli/lib/python3.10/site-packages/py_srvcli
[0.667s] byte-compiling /home/damoon/ROS2_Learning/ros2_ws_2/install/py_srvcli/lib/python3.10/site-packages/py_srvcli/client_member_function.py to client_member_function.cpython-310.pyc
[0.667s]   File "/home/damoon/ROS2_Learning/ros2_ws_2/install/py_srvcli/lib/python3.10/site-packages/py_srvcli/client_member_function.py", line 10
[0.667s]     def __init_(self);
[0.667s]                      ^
[0.668s] SyntaxError: expected ':'
[0.668s] 
[0.668s] byte-compiling /home/damoon/ROS2_Learning/ros2_ws_2/install/py_srvcli/lib/python3.10/site-packages/py_srvcli/service_member_function.py to service_member_function.cpython-310.pyc
[0.668s] byte-compiling /home/damoon/ROS2_Learning/ros2_ws_2/install/py_srvcli/lib/python3.10/site-packages/py_srvcli/__init__.py to __init__.cpython-310.pyc
[0.668s] running install_data
[0.668s] Sorry: IndentationError: unindent does not match any outer indentation level (service_member_function.py, line 28)
[0.668s] creating /home/damoon/ROS2_Learning/ros2_ws_2/install/py_srvcli/share/ament_index
[0.668s] creating /home/damoon/ROS2_Learning/ros2_ws_2/install/py_srvcli/share/ament_index/resource_index
[0.668s] creating /home/damoon/ROS2_Learning/ros2_ws_2/install/py_srvcli/share/ament_index/resource_index/packages
[0.668s] copying resource/py_srvcli -> /home/damoon/ROS2_Learning/ros2_ws_2/install/py_srvcli/share/ament_index/resource_index/packages
[0.668s] copying package.xml -> /home/damoon/ROS2_Learning/ros2_ws_2/install/py_srvcli/share/py_srvcli
[0.668s] running install_egg_info
[0.670s] Copying ../../build/py_srvcli/py_srvcli.egg-info to /home/damoon/ROS2_Learning/ros2_ws_2/install/py_srvcli/lib/python3.10/site-packages/py_srvcli-0.0.0-py3.10.egg-info
[0.670s] running install_scripts
[0.686s] Installing client script to /home/damoon/ROS2_Learning/ros2_ws_2/install/py_srvcli/lib/py_srvcli
[0.686s] Installing service script to /home/damoon/ROS2_Learning/ros2_ws_2/install/py_srvcli/lib/py_srvcli
[0.686s] writing list of installed files to '/home/damoon/ROS2_Learning/ros2_ws_2/build/py_srvcli/install.log'
[0.702s] Invoked command in '/home/damoon/ROS2_Learning/ros2_ws_2/src/py_srvcli' returned '0': PYTHONPATH=/home/damoon/ROS2_Learning/ros2_ws_2/build/py_srvcli/prefix_override:/home/damoon/ROS2_Learning/ros2_ws_2/install/py_srvcli/lib/python3.10/site-packages:${PYTHONPATH} /usr/bin/python3 setup.py egg_info --egg-base ../../build/py_srvcli build --build-base /home/damoon/ROS2_Learning/ros2_ws_2/build/py_srvcli/build install --record /home/damoon/ROS2_Learning/ros2_ws_2/build/py_srvcli/install.log --single-version-externally-managed
