[0.444s] Invoking command in '/home/damoon/ROS2_Learning/ros2_ws_2/src/py_srvcli': AMENT_PREFIX_PATH=/home/damoon/ROS2_Learning/ros2_ws_2/install/tutorial_interfaces:${AMENT_PREFIX_PATH} CMAKE_PREFIX_PATH=/home/damoon/ROS2_Learning/ros2_ws_2/install/tutorial_interfaces LD_LIBRARY_PATH=/home/damoon/ROS2_Learning/ros2_ws_2/install/tutorial_interfaces/lib:${LD_LIBRARY_PATH} PYTHONPATH=/home/damoon/ROS2_Learning/ros2_ws_2/build/py_srvcli/prefix_override:/home/damoon/ROS2_Learning/ros2_ws_2/install/py_srvcli/lib/python3.10/site-packages:/home/damoon/ROS2_Learning/ros2_ws_2/install/tutorial_interfaces/lib/python3.10/site-packages:${PYTHONPATH} /usr/bin/python3 setup.py egg_info --egg-base ../../build/py_srvcli build --build-base /home/damoon/ROS2_Learning/ros2_ws_2/build/py_srvcli/build install --record /home/damoon/ROS2_Learning/ros2_ws_2/build/py_srvcli/install.log --single-version-externally-managed
[0.618s] running egg_info
[0.618s] writing ../../build/py_srvcli/py_srvcli.egg-info/PKG-INFO
[0.619s] writing dependency_links to ../../build/py_srvcli/py_srvcli.egg-info/dependency_links.txt
[0.619s] writing entry points to ../../build/py_srvcli/py_srvcli.egg-info/entry_points.txt
[0.619s] writing requirements to ../../build/py_srvcli/py_srvcli.egg-info/requires.txt
[0.620s] writing top-level names to ../../build/py_srvcli/py_srvcli.egg-info/top_level.txt
[0.621s] reading manifest file '../../build/py_srvcli/py_srvcli.egg-info/SOURCES.txt'
[0.622s] writing manifest file '../../build/py_srvcli/py_srvcli.egg-info/SOURCES.txt'
[0.622s] running build
[0.622s] running build_py
[0.622s] copying py_srvcli/client_member_function.py -> /home/damoon/ROS2_Learning/ros2_ws_2/build/py_srvcli/build/lib/py_srvcli
[0.622s] running install
[0.622s] /usr/lib/python3/dist-packages/setuptools/command/install.py:34: SetuptoolsDeprecationWarning: setup.py install is deprecated. Use build and pip and other standards-based tools.
[0.622s]   warnings.warn(
[0.623s] running install_lib
[0.623s] copying /home/damoon/ROS2_Learning/ros2_ws_2/build/py_srvcli/build/lib/py_srvcli/client_member_function.py -> /home/damoon/ROS2_Learning/ros2_ws_2/install/py_srvcli/lib/python3.10/site-packages/py_srvcli
[0.623s] byte-compiling /home/damoon/ROS2_Learning/ros2_ws_2/install/py_srvcli/lib/python3.10/site-packages/py_srvcli/client_member_function.py to client_member_function.cpython-310.pyc
[0.624s] running install_data
[0.624s] running install_egg_info
[0.625s] removing '/home/damoon/ROS2_Learning/ros2_ws_2/install/py_srvcli/lib/python3.10/site-packages/py_srvcli-0.0.0-py3.10.egg-info' (and everything under it)
[0.626s] Copying ../../build/py_srvcli/py_srvcli.egg-info to /home/damoon/ROS2_Learning/ros2_ws_2/install/py_srvcli/lib/python3.10/site-packages/py_srvcli-0.0.0-py3.10.egg-info
[0.626s] running install_scripts
[0.641s] Installing client script to /home/damoon/ROS2_Learning/ros2_ws_2/install/py_srvcli/lib/py_srvcli
[0.641s] Installing service script to /home/damoon/ROS2_Learning/ros2_ws_2/install/py_srvcli/lib/py_srvcli
[0.641s] writing list of installed files to '/home/damoon/ROS2_Learning/ros2_ws_2/build/py_srvcli/install.log'
[0.663s] Invoked command in '/home/damoon/ROS2_Learning/ros2_ws_2/src/py_srvcli' returned '0': AMENT_PREFIX_PATH=/home/damoon/ROS2_Learning/ros2_ws_2/install/tutorial_interfaces:${AMENT_PREFIX_PATH} CMAKE_PREFIX_PATH=/home/damoon/ROS2_Learning/ros2_ws_2/install/tutorial_interfaces LD_LIBRARY_PATH=/home/damoon/ROS2_Learning/ros2_ws_2/install/tutorial_interfaces/lib:${LD_LIBRARY_PATH} PYTHONPATH=/home/damoon/ROS2_Learning/ros2_ws_2/build/py_srvcli/prefix_override:/home/damoon/ROS2_Learning/ros2_ws_2/install/py_srvcli/lib/python3.10/site-packages:/home/damoon/ROS2_Learning/ros2_ws_2/install/tutorial_interfaces/lib/python3.10/site-packages:${PYTHONPATH} /usr/bin/python3 setup.py egg_info --egg-base ../../build/py_srvcli build --build-base /home/damoon/ROS2_Learning/ros2_ws_2/build/py_srvcli/build install --record /home/damoon/ROS2_Learning/ros2_ws_2/build/py_srvcli/install.log --single-version-externally-managed
