[0.230s] DEBUG:colcon:Command line arguments: ['/usr/bin/colcon', 'build', '--packages-select', 'cpp_pubsub']
[0.230s] DEBUG:colcon:Parsed command line arguments: Namespace(log_base=None, log_level=None, verb_name='build', build_base='build', install_base='install', merge_install=False, symlink_install=False, test_result_base=None, continue_on_error=False, executor='parallel', parallel_workers=2, event_handlers=None, ignore_user_meta=False, metas=['./colcon.meta'], base_paths=['.'], packages_ignore=None, packages_ignore_regex=None, paths=None, packages_up_to=None, packages_up_to_regex=None, packages_above=None, packages_above_and_dependencies=None, packages_above_depth=None, packages_select_by_dep=None, packages_skip_by_dep=None, packages_skip_up_to=None, packages_select_build_failed=False, packages_skip_build_finished=False, packages_select_test_failures=False, packages_skip_test_passed=False, packages_select=['cpp_pubsub'], packages_skip=None, packages_select_regex=None, packages_skip_regex=None, packages_start=None, packages_end=None, allow_overriding=[], cmake_args=None, cmake_target=None, cmake_target_skip_unavailable=False, cmake_clean_cache=False, cmake_clean_first=False, cmake_force_configure=False, ament_cmake_args=None, catkin_cmake_args=None, catkin_skip_building_tests=False, verb_parser=<colcon_defaults.argument_parser.defaults.DefaultArgumentsDecorator object at 0x7fed416ddf30>, verb_extension=<colcon_core.verb.build.BuildVerb object at 0x7fed41e83700>, main=<bound method BuildVerb.main of <colcon_core.verb.build.BuildVerb object at 0x7fed41e83700>>)
[0.253s] Level 1:colcon.colcon_core.package_discovery:discover_packages(colcon_meta) check parameters
[0.253s] Level 1:colcon.colcon_core.package_discovery:discover_packages(recursive) check parameters
[0.253s] Level 1:colcon.colcon_core.package_discovery:discover_packages(ignore) check parameters
[0.253s] Level 1:colcon.colcon_core.package_discovery:discover_packages(path) check parameters
[0.253s] Level 1:colcon.colcon_core.package_discovery:discover_packages(colcon_meta) discover
[0.253s] Level 1:colcon.colcon_core.package_discovery:discover_packages(recursive) discover
[0.253s] INFO:colcon.colcon_core.package_discovery:Crawling recursively for packages in '/home/damoon/ROS2_Learning/ros2_ws_2'
[0.253s] Level 1:colcon.colcon_core.package_identification:_identify(.) by extensions ['ignore', 'ignore_ament_install']
[0.254s] Level 1:colcon.colcon_core.package_identification:_identify(.) by extension 'ignore'
[0.254s] Level 1:colcon.colcon_core.package_identification:_identify(.) by extension 'ignore_ament_install'
[0.254s] Level 1:colcon.colcon_core.package_identification:_identify(.) by extensions ['colcon_pkg']
[0.254s] Level 1:colcon.colcon_core.package_identification:_identify(.) by extension 'colcon_pkg'
[0.254s] Level 1:colcon.colcon_core.package_identification:_identify(.) by extensions ['colcon_meta']
[0.254s] Level 1:colcon.colcon_core.package_identification:_identify(.) by extension 'colcon_meta'
[0.254s] Level 1:colcon.colcon_core.package_identification:_identify(.) by extensions ['ros']
[0.254s] Level 1:colcon.colcon_core.package_identification:_identify(.) by extension 'ros'
[0.262s] Level 1:colcon.colcon_core.package_identification:_identify(.) by extensions ['cmake', 'python']
[0.262s] Level 1:colcon.colcon_core.package_identification:_identify(.) by extension 'cmake'
[0.262s] Level 1:colcon.colcon_core.package_identification:_identify(.) by extension 'python'
[0.262s] Level 1:colcon.colcon_core.package_identification:_identify(.) by extensions ['python_setup_py']
[0.262s] Level 1:colcon.colcon_core.package_identification:_identify(.) by extension 'python_setup_py'
[0.262s] Level 1:colcon.colcon_core.package_identification:_identify(build) by extensions ['ignore', 'ignore_ament_install']
[0.262s] Level 1:colcon.colcon_core.package_identification:_identify(build) by extension 'ignore'
[0.262s] Level 1:colcon.colcon_core.package_identification:_identify(build) ignored
[0.262s] Level 1:colcon.colcon_core.package_identification:_identify(install) by extensions ['ignore', 'ignore_ament_install']
[0.262s] Level 1:colcon.colcon_core.package_identification:_identify(install) by extension 'ignore'
[0.262s] Level 1:colcon.colcon_core.package_identification:_identify(install) ignored
[0.262s] Level 1:colcon.colcon_core.package_identification:_identify(log) by extensions ['ignore', 'ignore_ament_install']
[0.262s] Level 1:colcon.colcon_core.package_identification:_identify(log) by extension 'ignore'
[0.262s] Level 1:colcon.colcon_core.package_identification:_identify(log) ignored
[0.262s] Level 1:colcon.colcon_core.package_identification:_identify(src) by extensions ['ignore', 'ignore_ament_install']
[0.262s] Level 1:colcon.colcon_core.package_identification:_identify(src) by extension 'ignore'
[0.262s] Level 1:colcon.colcon_core.package_identification:_identify(src) by extension 'ignore_ament_install'
[0.262s] Level 1:colcon.colcon_core.package_identification:_identify(src) by extensions ['colcon_pkg']
[0.263s] Level 1:colcon.colcon_core.package_identification:_identify(src) by extension 'colcon_pkg'
[0.263s] Level 1:colcon.colcon_core.package_identification:_identify(src) by extensions ['colcon_meta']
[0.263s] Level 1:colcon.colcon_core.package_identification:_identify(src) by extension 'colcon_meta'
[0.263s] Level 1:colcon.colcon_core.package_identification:_identify(src) by extensions ['ros']
[0.263s] Level 1:colcon.colcon_core.package_identification:_identify(src) by extension 'ros'
[0.263s] Level 1:colcon.colcon_core.package_identification:_identify(src) by extensions ['cmake', 'python']
[0.263s] Level 1:colcon.colcon_core.package_identification:_identify(src) by extension 'cmake'
[0.263s] Level 1:colcon.colcon_core.package_identification:_identify(src) by extension 'python'
[0.263s] Level 1:colcon.colcon_core.package_identification:_identify(src) by extensions ['python_setup_py']
[0.263s] Level 1:colcon.colcon_core.package_identification:_identify(src) by extension 'python_setup_py'
[0.263s] Level 1:colcon.colcon_core.package_identification:_identify(src/cpp_pubsub) by extensions ['ignore', 'ignore_ament_install']
[0.263s] Level 1:colcon.colcon_core.package_identification:_identify(src/cpp_pubsub) by extension 'ignore'
[0.263s] Level 1:colcon.colcon_core.package_identification:_identify(src/cpp_pubsub) by extension 'ignore_ament_install'
[0.263s] Level 1:colcon.colcon_core.package_identification:_identify(src/cpp_pubsub) by extensions ['colcon_pkg']
[0.263s] Level 1:colcon.colcon_core.package_identification:_identify(src/cpp_pubsub) by extension 'colcon_pkg'
[0.263s] Level 1:colcon.colcon_core.package_identification:_identify(src/cpp_pubsub) by extensions ['colcon_meta']
[0.263s] Level 1:colcon.colcon_core.package_identification:_identify(src/cpp_pubsub) by extension 'colcon_meta'
[0.263s] Level 1:colcon.colcon_core.package_identification:_identify(src/cpp_pubsub) by extensions ['ros']
[0.263s] Level 1:colcon.colcon_core.package_identification:_identify(src/cpp_pubsub) by extension 'ros'
[0.265s] DEBUG:colcon.colcon_core.package_identification:Package 'src/cpp_pubsub' with type 'ros.ament_cmake' and name 'cpp_pubsub'
[0.265s] Level 1:colcon.colcon_core.package_identification:_identify(src/my_package) by extensions ['ignore', 'ignore_ament_install']
[0.265s] Level 1:colcon.colcon_core.package_identification:_identify(src/my_package) by extension 'ignore'
[0.265s] Level 1:colcon.colcon_core.package_identification:_identify(src/my_package) by extension 'ignore_ament_install'
[0.265s] Level 1:colcon.colcon_core.package_identification:_identify(src/my_package) by extensions ['colcon_pkg']
[0.265s] Level 1:colcon.colcon_core.package_identification:_identify(src/my_package) by extension 'colcon_pkg'
[0.265s] Level 1:colcon.colcon_core.package_identification:_identify(src/my_package) by extensions ['colcon_meta']
[0.265s] Level 1:colcon.colcon_core.package_identification:_identify(src/my_package) by extension 'colcon_meta'
[0.265s] Level 1:colcon.colcon_core.package_identification:_identify(src/my_package) by extensions ['ros']
[0.265s] Level 1:colcon.colcon_core.package_identification:_identify(src/my_package) by extension 'ros'
[0.265s] DEBUG:colcon.colcon_core.package_identification:Package 'src/my_package' with type 'ros.ament_cmake' and name 'my_package'
[0.265s] Level 1:colcon.colcon_core.package_identification:_identify(src/ros_tutorials) by extensions ['ignore', 'ignore_ament_install']
[0.266s] Level 1:colcon.colcon_core.package_identification:_identify(src/ros_tutorials) by extension 'ignore'
[0.266s] Level 1:colcon.colcon_core.package_identification:_identify(src/ros_tutorials) by extension 'ignore_ament_install'
[0.266s] Level 1:colcon.colcon_core.package_identification:_identify(src/ros_tutorials) by extensions ['colcon_pkg']
[0.266s] Level 1:colcon.colcon_core.package_identification:_identify(src/ros_tutorials) by extension 'colcon_pkg'
[0.266s] Level 1:colcon.colcon_core.package_identification:_identify(src/ros_tutorials) by extensions ['colcon_meta']
[0.266s] Level 1:colcon.colcon_core.package_identification:_identify(src/ros_tutorials) by extension 'colcon_meta'
[0.266s] Level 1:colcon.colcon_core.package_identification:_identify(src/ros_tutorials) by extensions ['ros']
[0.266s] Level 1:colcon.colcon_core.package_identification:_identify(src/ros_tutorials) by extension 'ros'
[0.266s] Level 1:colcon.colcon_core.package_identification:_identify(src/ros_tutorials) by extensions ['cmake', 'python']
[0.266s] Level 1:colcon.colcon_core.package_identification:_identify(src/ros_tutorials) by extension 'cmake'
[0.266s] Level 1:colcon.colcon_core.package_identification:_identify(src/ros_tutorials) by extension 'python'
[0.266s] Level 1:colcon.colcon_core.package_identification:_identify(src/ros_tutorials) by extensions ['python_setup_py']
[0.266s] Level 1:colcon.colcon_core.package_identification:_identify(src/ros_tutorials) by extension 'python_setup_py'
[0.266s] Level 1:colcon.colcon_core.package_identification:_identify(src/ros_tutorials/ros_tutorials) by extensions ['ignore', 'ignore_ament_install']
[0.266s] Level 1:colcon.colcon_core.package_identification:_identify(src/ros_tutorials/ros_tutorials) by extension 'ignore'
[0.266s] Level 1:colcon.colcon_core.package_identification:_identify(src/ros_tutorials/ros_tutorials) ignored
[0.266s] Level 1:colcon.colcon_core.package_identification:_identify(src/ros_tutorials/roscpp_tutorials) by extensions ['ignore', 'ignore_ament_install']
[0.266s] Level 1:colcon.colcon_core.package_identification:_identify(src/ros_tutorials/roscpp_tutorials) by extension 'ignore'
[0.266s] Level 1:colcon.colcon_core.package_identification:_identify(src/ros_tutorials/roscpp_tutorials) ignored
[0.266s] Level 1:colcon.colcon_core.package_identification:_identify(src/ros_tutorials/rospy_tutorials) by extensions ['ignore', 'ignore_ament_install']
[0.266s] Level 1:colcon.colcon_core.package_identification:_identify(src/ros_tutorials/rospy_tutorials) by extension 'ignore'
[0.266s] Level 1:colcon.colcon_core.package_identification:_identify(src/ros_tutorials/rospy_tutorials) ignored
[0.266s] Level 1:colcon.colcon_core.package_identification:_identify(src/ros_tutorials/turtlesim) by extensions ['ignore', 'ignore_ament_install']
[0.267s] Level 1:colcon.colcon_core.package_identification:_identify(src/ros_tutorials/turtlesim) by extension 'ignore'
[0.267s] Level 1:colcon.colcon_core.package_identification:_identify(src/ros_tutorials/turtlesim) by extension 'ignore_ament_install'
[0.267s] Level 1:colcon.colcon_core.package_identification:_identify(src/ros_tutorials/turtlesim) by extensions ['colcon_pkg']
[0.267s] Level 1:colcon.colcon_core.package_identification:_identify(src/ros_tutorials/turtlesim) by extension 'colcon_pkg'
[0.267s] Level 1:colcon.colcon_core.package_identification:_identify(src/ros_tutorials/turtlesim) by extensions ['colcon_meta']
[0.267s] Level 1:colcon.colcon_core.package_identification:_identify(src/ros_tutorials/turtlesim) by extension 'colcon_meta'
[0.267s] Level 1:colcon.colcon_core.package_identification:_identify(src/ros_tutorials/turtlesim) by extensions ['ros']
[0.267s] Level 1:colcon.colcon_core.package_identification:_identify(src/ros_tutorials/turtlesim) by extension 'ros'
[0.268s] DEBUG:colcon.colcon_core.package_identification:Package 'src/ros_tutorials/turtlesim' with type 'ros.ament_cmake' and name 'turtlesim'
[0.268s] Level 1:colcon.colcon_core.package_discovery:discover_packages(recursive) using defaults
[0.268s] Level 1:colcon.colcon_core.package_discovery:discover_packages(ignore) discover
[0.268s] Level 1:colcon.colcon_core.package_discovery:discover_packages(ignore) using defaults
[0.268s] Level 1:colcon.colcon_core.package_discovery:discover_packages(path) discover
[0.268s] Level 1:colcon.colcon_core.package_discovery:discover_packages(path) using defaults
[0.284s] INFO:colcon.colcon_core.package_selection:Skipping not selected package 'my_package' in 'src/my_package'
[0.284s] INFO:colcon.colcon_core.package_selection:Skipping not selected package 'turtlesim' in 'src/ros_tutorials/turtlesim'
[0.285s] Level 1:colcon.colcon_core.package_discovery:discover_packages(prefix_path) check parameters
[0.285s] Level 1:colcon.colcon_core.package_discovery:discover_packages(prefix_path) discover
[0.286s] DEBUG:colcon.colcon_installed_package_information.package_discovery:Found 3 installed packages in /home/damoon/ROS2_Learning/ros2_ws_2/install
[0.288s] DEBUG:colcon.colcon_installed_package_information.package_discovery:Found 295 installed packages in /opt/ros/iron
[0.289s] Level 1:colcon.colcon_core.package_discovery:discover_packages(prefix_path) using defaults
[0.327s] Level 5:colcon.colcon_core.verb:set package 'cpp_pubsub' build argument 'cmake_args' from command line to 'None'
[0.328s] Level 5:colcon.colcon_core.verb:set package 'cpp_pubsub' build argument 'cmake_target' from command line to 'None'
[0.328s] Level 5:colcon.colcon_core.verb:set package 'cpp_pubsub' build argument 'cmake_target_skip_unavailable' from command line to 'False'
[0.328s] Level 5:colcon.colcon_core.verb:set package 'cpp_pubsub' build argument 'cmake_clean_cache' from command line to 'False'
[0.328s] Level 5:colcon.colcon_core.verb:set package 'cpp_pubsub' build argument 'cmake_clean_first' from command line to 'False'
[0.328s] Level 5:colcon.colcon_core.verb:set package 'cpp_pubsub' build argument 'cmake_force_configure' from command line to 'False'
[0.328s] Level 5:colcon.colcon_core.verb:set package 'cpp_pubsub' build argument 'ament_cmake_args' from command line to 'None'
[0.328s] Level 5:colcon.colcon_core.verb:set package 'cpp_pubsub' build argument 'catkin_cmake_args' from command line to 'None'
[0.328s] Level 5:colcon.colcon_core.verb:set package 'cpp_pubsub' build argument 'catkin_skip_building_tests' from command line to 'False'
[0.328s] DEBUG:colcon.colcon_core.verb:Building package 'cpp_pubsub' with the following arguments: {'ament_cmake_args': None, 'build_base': '/home/damoon/ROS2_Learning/ros2_ws_2/build/cpp_pubsub', 'catkin_cmake_args': None, 'catkin_skip_building_tests': False, 'cmake_args': None, 'cmake_clean_cache': False, 'cmake_clean_first': False, 'cmake_force_configure': False, 'cmake_target': None, 'cmake_target_skip_unavailable': False, 'install_base': '/home/damoon/ROS2_Learning/ros2_ws_2/install/cpp_pubsub', 'merge_install': False, 'path': '/home/damoon/ROS2_Learning/ros2_ws_2/src/cpp_pubsub', 'symlink_install': False, 'test_result_base': None}
[0.328s] INFO:colcon.colcon_core.executor:Executing jobs using 'parallel' executor
[0.331s] DEBUG:colcon.colcon_parallel_executor.executor.parallel:run_until_complete
[0.331s] INFO:colcon.colcon_ros.task.ament_cmake.build:Building ROS package in '/home/damoon/ROS2_Learning/ros2_ws_2/src/cpp_pubsub' with build type 'ament_cmake'
[0.331s] INFO:colcon.colcon_cmake.task.cmake.build:Building CMake package in '/home/damoon/ROS2_Learning/ros2_ws_2/src/cpp_pubsub'
[0.334s] INFO:colcon.colcon_core.plugin_system:Skipping extension 'colcon_core.shell.bat': Not used on non-Windows systems
[0.334s] INFO:colcon.colcon_core.shell:Skip shell extension 'powershell' for command environment: Not usable outside of PowerShell
[0.334s] DEBUG:colcon.colcon_core.shell:Skip shell extension 'dsv' for command environment
[0.342s] DEBUG:colcon.colcon_core.event_handler.log_command:Invoking command in '/home/damoon/ROS2_Learning/ros2_ws_2/build/cpp_pubsub': CMAKE_PREFIX_PATH=${CMAKE_PREFIX_PATH}:/opt/ros/iron /usr/bin/cmake /home/damoon/ROS2_Learning/ros2_ws_2/src/cpp_pubsub -DCMAKE_INSTALL_PREFIX=/home/damoon/ROS2_Learning/ros2_ws_2/install/cpp_pubsub
[1.197s] DEBUG:colcon.colcon_core.event_handler.log_command:Invoked command in '/home/damoon/ROS2_Learning/ros2_ws_2/build/cpp_pubsub' returned '0': CMAKE_PREFIX_PATH=${CMAKE_PREFIX_PATH}:/opt/ros/iron /usr/bin/cmake /home/damoon/ROS2_Learning/ros2_ws_2/src/cpp_pubsub -DCMAKE_INSTALL_PREFIX=/home/damoon/ROS2_Learning/ros2_ws_2/install/cpp_pubsub
[1.199s] DEBUG:colcon.colcon_core.event_handler.log_command:Invoking command in '/home/damoon/ROS2_Learning/ros2_ws_2/build/cpp_pubsub': CMAKE_PREFIX_PATH=${CMAKE_PREFIX_PATH}:/opt/ros/iron /usr/bin/cmake --build /home/damoon/ROS2_Learning/ros2_ws_2/build/cpp_pubsub -- -j2 -l2
[12.086s] DEBUG:colcon.colcon_core.event_handler.log_command:Invoked command in '/home/damoon/ROS2_Learning/ros2_ws_2/build/cpp_pubsub' returned '0': CMAKE_PREFIX_PATH=${CMAKE_PREFIX_PATH}:/opt/ros/iron /usr/bin/cmake --build /home/damoon/ROS2_Learning/ros2_ws_2/build/cpp_pubsub -- -j2 -l2
[12.156s] DEBUG:colcon.colcon_core.event_handler.log_command:Invoking command in '/home/damoon/ROS2_Learning/ros2_ws_2/build/cpp_pubsub': CMAKE_PREFIX_PATH=${CMAKE_PREFIX_PATH}:/opt/ros/iron /usr/bin/cmake --install /home/damoon/ROS2_Learning/ros2_ws_2/build/cpp_pubsub
[12.180s] Level 1:colcon.colcon_core.environment:create_environment_scripts_only(cpp_pubsub)
[12.192s] DEBUG:colcon.colcon_core.event_handler.log_command:Invoked command in '/home/damoon/ROS2_Learning/ros2_ws_2/build/cpp_pubsub' returned '0': CMAKE_PREFIX_PATH=${CMAKE_PREFIX_PATH}:/opt/ros/iron /usr/bin/cmake --install /home/damoon/ROS2_Learning/ros2_ws_2/build/cpp_pubsub
[12.256s] Level 1:colcon.colcon_core.environment:checking '/home/damoon/ROS2_Learning/ros2_ws_2/install/cpp_pubsub' for CMake module files
[12.264s] Level 1:colcon.colcon_core.environment:checking '/home/damoon/ROS2_Learning/ros2_ws_2/install/cpp_pubsub' for CMake config files
[12.267s] Level 1:colcon.colcon_core.shell:create_environment_hook('cpp_pubsub', 'cmake_prefix_path')
[12.277s] INFO:colcon.colcon_core.shell:Creating environment hook '/home/damoon/ROS2_Learning/ros2_ws_2/install/cpp_pubsub/share/cpp_pubsub/hook/cmake_prefix_path.ps1'
[12.294s] INFO:colcon.colcon_core.shell:Creating environment descriptor '/home/damoon/ROS2_Learning/ros2_ws_2/install/cpp_pubsub/share/cpp_pubsub/hook/cmake_prefix_path.dsv'
[12.295s] INFO:colcon.colcon_core.shell:Creating environment hook '/home/damoon/ROS2_Learning/ros2_ws_2/install/cpp_pubsub/share/cpp_pubsub/hook/cmake_prefix_path.sh'
[12.298s] Level 1:colcon.colcon_core.environment:checking '/home/damoon/ROS2_Learning/ros2_ws_2/install/cpp_pubsub/lib'
[12.299s] Level 1:colcon.colcon_core.environment:checking '/home/damoon/ROS2_Learning/ros2_ws_2/install/cpp_pubsub/bin'
[12.299s] Level 1:colcon.colcon_core.environment:checking '/home/damoon/ROS2_Learning/ros2_ws_2/install/cpp_pubsub/lib/pkgconfig/cpp_pubsub.pc'
[12.303s] Level 1:colcon.colcon_core.environment:checking '/home/damoon/ROS2_Learning/ros2_ws_2/install/cpp_pubsub/lib/python3.10/site-packages'
[12.304s] Level 1:colcon.colcon_core.environment:checking '/home/damoon/ROS2_Learning/ros2_ws_2/install/cpp_pubsub/bin'
[12.306s] INFO:colcon.colcon_core.shell:Creating package script '/home/damoon/ROS2_Learning/ros2_ws_2/install/cpp_pubsub/share/cpp_pubsub/package.ps1'
[12.308s] INFO:colcon.colcon_core.shell:Creating package descriptor '/home/damoon/ROS2_Learning/ros2_ws_2/install/cpp_pubsub/share/cpp_pubsub/package.dsv'
[12.310s] INFO:colcon.colcon_core.shell:Creating package script '/home/damoon/ROS2_Learning/ros2_ws_2/install/cpp_pubsub/share/cpp_pubsub/package.sh'
[12.312s] INFO:colcon.colcon_core.shell:Creating package script '/home/damoon/ROS2_Learning/ros2_ws_2/install/cpp_pubsub/share/cpp_pubsub/package.bash'
[12.315s] INFO:colcon.colcon_core.shell:Creating package script '/home/damoon/ROS2_Learning/ros2_ws_2/install/cpp_pubsub/share/cpp_pubsub/package.zsh'
[12.316s] Level 1:colcon.colcon_core.environment:create_file_with_runtime_dependencies(/home/damoon/ROS2_Learning/ros2_ws_2/install/cpp_pubsub/share/colcon-core/packages/cpp_pubsub)
[12.349s] Level 1:colcon.colcon_core.environment:create_environment_scripts_only(cpp_pubsub)
[12.350s] Level 1:colcon.colcon_core.environment:checking '/home/damoon/ROS2_Learning/ros2_ws_2/install/cpp_pubsub' for CMake module files
[12.351s] Level 1:colcon.colcon_core.environment:checking '/home/damoon/ROS2_Learning/ros2_ws_2/install/cpp_pubsub' for CMake config files
[12.351s] Level 1:colcon.colcon_core.shell:create_environment_hook('cpp_pubsub', 'cmake_prefix_path')
[12.352s] INFO:colcon.colcon_core.shell:Creating environment hook '/home/damoon/ROS2_Learning/ros2_ws_2/install/cpp_pubsub/share/cpp_pubsub/hook/cmake_prefix_path.ps1'
[12.352s] INFO:colcon.colcon_core.shell:Creating environment descriptor '/home/damoon/ROS2_Learning/ros2_ws_2/install/cpp_pubsub/share/cpp_pubsub/hook/cmake_prefix_path.dsv'
[12.352s] INFO:colcon.colcon_core.shell:Creating environment hook '/home/damoon/ROS2_Learning/ros2_ws_2/install/cpp_pubsub/share/cpp_pubsub/hook/cmake_prefix_path.sh'
[12.353s] Level 1:colcon.colcon_core.environment:checking '/home/damoon/ROS2_Learning/ros2_ws_2/install/cpp_pubsub/lib'
[12.353s] Level 1:colcon.colcon_core.environment:checking '/home/damoon/ROS2_Learning/ros2_ws_2/install/cpp_pubsub/bin'
[12.353s] Level 1:colcon.colcon_core.environment:checking '/home/damoon/ROS2_Learning/ros2_ws_2/install/cpp_pubsub/lib/pkgconfig/cpp_pubsub.pc'
[12.353s] Level 1:colcon.colcon_core.environment:checking '/home/damoon/ROS2_Learning/ros2_ws_2/install/cpp_pubsub/lib/python3.10/site-packages'
[12.354s] Level 1:colcon.colcon_core.environment:checking '/home/damoon/ROS2_Learning/ros2_ws_2/install/cpp_pubsub/bin'
[12.354s] INFO:colcon.colcon_core.shell:Creating package script '/home/damoon/ROS2_Learning/ros2_ws_2/install/cpp_pubsub/share/cpp_pubsub/package.ps1'
[12.355s] INFO:colcon.colcon_core.shell:Creating package descriptor '/home/damoon/ROS2_Learning/ros2_ws_2/install/cpp_pubsub/share/cpp_pubsub/package.dsv'
[12.355s] INFO:colcon.colcon_core.shell:Creating package script '/home/damoon/ROS2_Learning/ros2_ws_2/install/cpp_pubsub/share/cpp_pubsub/package.sh'
[12.356s] INFO:colcon.colcon_core.shell:Creating package script '/home/damoon/ROS2_Learning/ros2_ws_2/install/cpp_pubsub/share/cpp_pubsub/package.bash'
[12.356s] INFO:colcon.colcon_core.shell:Creating package script '/home/damoon/ROS2_Learning/ros2_ws_2/install/cpp_pubsub/share/cpp_pubsub/package.zsh'
[12.357s] Level 1:colcon.colcon_core.environment:create_file_with_runtime_dependencies(/home/damoon/ROS2_Learning/ros2_ws_2/install/cpp_pubsub/share/colcon-core/packages/cpp_pubsub)
[12.361s] DEBUG:colcon.colcon_parallel_executor.executor.parallel:closing loop
[12.364s] DEBUG:colcon.colcon_parallel_executor.executor.parallel:loop closed
[12.364s] DEBUG:colcon.colcon_parallel_executor.executor.parallel:run_until_complete finished with '0'
[12.365s] DEBUG:colcon.colcon_core.event_reactor:joining thread
[12.420s] INFO:colcon.colcon_core.plugin_system:Skipping extension 'colcon_notification.desktop_notification.terminal_notifier': Not used on non-Darwin systems
[12.420s] INFO:colcon.colcon_core.plugin_system:Skipping extension 'colcon_notification.desktop_notification.win32': Not used on non-Windows systems
[12.420s] INFO:colcon.colcon_notification.desktop_notification:Sending desktop notification using 'notify2'
[12.478s] DEBUG:colcon.colcon_core.event_reactor:joined thread
[12.481s] INFO:colcon.colcon_core.shell:Creating prefix script '/home/damoon/ROS2_Learning/ros2_ws_2/install/local_setup.ps1'
[12.485s] INFO:colcon.colcon_core.shell:Creating prefix util module '/home/damoon/ROS2_Learning/ros2_ws_2/install/_local_setup_util_ps1.py'
[12.486s] INFO:colcon.colcon_core.shell:Creating prefix chain script '/home/damoon/ROS2_Learning/ros2_ws_2/install/setup.ps1'
[12.491s] INFO:colcon.colcon_core.shell:Creating prefix script '/home/damoon/ROS2_Learning/ros2_ws_2/install/local_setup.sh'
[12.492s] INFO:colcon.colcon_core.shell:Creating prefix util module '/home/damoon/ROS2_Learning/ros2_ws_2/install/_local_setup_util_sh.py'
[12.492s] INFO:colcon.colcon_core.shell:Creating prefix chain script '/home/damoon/ROS2_Learning/ros2_ws_2/install/setup.sh'
[12.494s] INFO:colcon.colcon_core.shell:Creating prefix script '/home/damoon/ROS2_Learning/ros2_ws_2/install/local_setup.bash'
[12.495s] INFO:colcon.colcon_core.shell:Creating prefix chain script '/home/damoon/ROS2_Learning/ros2_ws_2/install/setup.bash'
[12.497s] INFO:colcon.colcon_core.shell:Creating prefix script '/home/damoon/ROS2_Learning/ros2_ws_2/install/local_setup.zsh'
[12.497s] INFO:colcon.colcon_core.shell:Creating prefix chain script '/home/damoon/ROS2_Learning/ros2_ws_2/install/setup.zsh'
