[0.010s] Invoking command in '/home/damoon/ROS2_Learning/ros2_ws_2/src/tutorial_interfaces/build/tutorial_interfaces': /usr/bin/cmake /home/damoon/ROS2_Learning/ros2_ws_2/src/tutorial_interfaces -DCMAKE_INSTALL_PREFIX=/home/damoon/ROS2_Learning/ros2_ws_2/src/tutorial_interfaces/install/tutorial_interfaces
[0.159s] -- The C compiler identification is GNU 11.3.0
[0.252s] -- The CXX compiler identification is GNU 11.3.0
[0.263s] -- Detecting C compiler ABI info
[0.320s] -- Detecting C compiler ABI info - done
[0.326s] -- Check for working C compiler: /usr/bin/cc - skipped
[0.326s] -- Detecting C compile features
[0.327s] -- Detecting C compile features - done
[0.331s] -- Detecting CXX compiler ABI info
[0.392s] -- Detecting CXX compiler ABI info - done
[0.399s] -- Check for working CXX compiler: /usr/bin/c++ - skipped
[0.399s] -- Detecting CXX compile features
[0.399s] -- Detecting CXX compile features - done
[0.410s] -- Found ament_cmake: 2.0.3 (/opt/ros/iron/share/ament_cmake/cmake)
[0.547s] -- Found Python3: /usr/bin/python3.10 (found version "3.10.6") found components: Interpreter 
[0.644s] -- Found geometry_msgs: 5.0.0 (/opt/ros/iron/share/geometry_msgs/cmake)
[0.699s] -- Found rosidl_generator_c: 4.0.0 (/opt/ros/iron/share/rosidl_generator_c/cmake)
[0.715s] -- Found rosidl_generator_cpp: 4.0.0 (/opt/ros/iron/share/rosidl_generator_cpp/cmake)
[0.742s] -- Using all available rosidl_typesupport_c: rosidl_typesupport_fastrtps_c;rosidl_typesupport_introspection_c
[0.768s] -- Using all available rosidl_typesupport_cpp: rosidl_typesupport_fastrtps_cpp;rosidl_typesupport_introspection_cpp
[0.880s] -- Found rosidl_default_generators: 1.5.0 (/opt/ros/iron/share/rosidl_default_generators/cmake)
[0.896s] -- Found rosidl_adapter: 4.0.0 (/opt/ros/iron/share/rosidl_adapter/cmake)
[0.903s] [31mCMake Error at /opt/ros/iron/share/rosidl_cmake/cmake/rosidl_generate_interfaces.cmake:95 (message):
[0.903s]   rosidl_generate_interfaces() the passed file 'Dependencies' doesn't exist
[0.903s]   relative to the CMAKE_CURRENT_SOURCE_DIR
[0.903s]   '/home/damoon/ROS2_Learning/ros2_ws_2/src/tutorial_interfaces'
[0.903s] Call Stack (most recent call first):
[0.903s]   CMakeLists.txt:13 (rosidl_generate_interfaces)
[0.903s] 
[0.903s] [0m
[0.903s] -- Configuring incomplete, errors occurred!
[0.903s] See also "/home/damoon/ROS2_Learning/ros2_ws_2/src/tutorial_interfaces/build/tutorial_interfaces/CMakeFiles/CMakeOutput.log".
[0.909s] Invoked command in '/home/damoon/ROS2_Learning/ros2_ws_2/src/tutorial_interfaces/build/tutorial_interfaces' returned '1': /usr/bin/cmake /home/damoon/ROS2_Learning/ros2_ws_2/src/tutorial_interfaces -DCMAKE_INSTALL_PREFIX=/home/damoon/ROS2_Learning/ros2_ws_2/src/tutorial_interfaces/install/tutorial_interfaces
